[0.030s] Invoking command in '/workspaces/shared/build/moveit_task_constructor_visualization': AMENT_PREFIX_PATH=/workspaces/shared/install/moveit_task_constructor_core:/workspaces/shared/install/moveit_task_constructor_msgs:/workspaces/shared/install/moveit_resources_fanuc_moveit_config:/workspaces/shared/install/rviz_marker_tools:/workspaces/shared/install/moveit_resources_fanuc_description:/workspaces/shared/install/moveit_msgs:${AMENT_PREFIX_PATH} CMAKE_MODULE_PATH=/workspaces/shared/install/moveit_task_constructor_core/share/moveit_task_constructor_core/cmake CMAKE_PREFIX_PATH=/workspaces/shared/install/moveit_task_constructor_core:/workspaces/shared/install/moveit_task_constructor_msgs:/workspaces/shared/install/moveit_resources_fanuc_moveit_config:/workspaces/shared/install/rviz_marker_tools:/workspaces/shared/install/moveit_resources_fanuc_description:/workspaces/shared/install/moveit_msgs:/workspaces/moveit2_ws/install/pilz_industrial_motion_planner_testutils:/workspaces/moveit2_ws/install/moveit_runtime:/workspaces/moveit2_ws/install/moveit:/workspaces/moveit2_ws/install/moveit_planners:/workspaces/moveit2_ws/install/pilz_industrial_motion_planner:/workspaces/moveit2_ws/install/moveit_ros_control_interface:/workspaces/moveit2_ws/install/moveit_plugins:/workspaces/moveit2_ws/install/moveit_simple_controller_manager:/workspaces/moveit2_ws/install/moveit_setup_assistant:/workspaces/moveit2_ws/install/moveit_setup_srdf_plugins:/workspaces/moveit2_ws/install/moveit_setup_core_plugins:/workspaces/moveit2_ws/install/moveit_setup_controllers:/workspaces/moveit2_ws/install/moveit_setup_app_plugins:/workspaces/moveit2_ws/install/moveit_setup_framework:/workspaces/moveit2_ws/install/moveit_servo:/workspaces/moveit2_ws/install/moveit_ros_trajectory_cache:/workspaces/moveit2_ws/install/moveit_ros:/workspaces/moveit2_ws/install/moveit_ros_visualization:/workspaces/moveit2_ws/install/moveit_py:/workspaces/moveit2_ws/install/moveit_hybrid_planning:/workspaces/moveit2_ws/install/moveit_ros_planning_interface:/workspaces/moveit2_ws/install/moveit_ros_benchmarks:/workspaces/moveit2_ws/install/moveit_ros_warehouse:/workspaces/moveit2_ws/install/moveit_ros_robot_interaction:/workspaces/moveit2_ws/install/moveit_ros_perception:/workspaces/moveit2_ws/install/moveit_resources_prbt_pg70_support:/workspaces/moveit2_ws/install/moveit_resources_prbt_moveit_config:/workspaces/moveit2_ws/install/moveit_ros_move_group:/workspaces/moveit2_ws/install/moveit_planners_ompl:/workspaces/moveit2_ws/install/moveit_kinematics:/workspaces/moveit2_ws/install/moveit_ros_planning:/workspaces/moveit2_ws/install/moveit_ros_occupancy_map_monitor:/workspaces/moveit2_ws/install/moveit_resources_prbt_support:/workspaces/moveit2_ws/install/moveit_resources_prbt_ikfast_manipulator_plugin:/workspaces/moveit2_ws/install/moveit_resources:/workspaces/moveit2_ws/install/moveit_resources_pr2_description:/workspaces/moveit2_ws/install/moveit_resources_panda_moveit_config:/workspaces/moveit2_ws/install/dual_arm_panda_moveit_config:/workspaces/moveit2_ws/install/moveit_resources_panda_description:/workspaces/moveit2_ws/install/moveit_resources_fanuc_moveit_config:/workspaces/moveit2_ws/install/moveit_resources_fanuc_description:/workspaces/moveit2_ws/install/moveit_planners_stomp:/workspaces/moveit2_ws/install/moveit_planners_chomp:/workspaces/moveit2_ws/install/chomp_motion_planner:/workspaces/moveit2_ws/install/moveit_core:/workspaces/moveit2_ws/install/moveit_msgs:/workspaces/moveit2_ws/install/moveit_common:/workspaces/moveit2_ws/install/moveit_configs_utils:/opt/ros/humble LD_LIBRARY_PATH=/workspaces/shared/install/moveit_task_constructor_core/lib:/workspaces/shared/install/moveit_task_constructor_msgs/lib:/workspaces/shared/install/rviz_marker_tools/lib:/workspaces/shared/install/moveit_msgs/lib:${LD_LIBRARY_PATH} PYTHONPATH=/workspaces/shared/install/moveit_task_constructor_core/local/lib/python3.10/dist-packages:/workspaces/shared/install/moveit_task_constructor_msgs/local/lib/python3.10/dist-packages:/workspaces/shared/install/moveit_msgs/local/lib/python3.10/dist-packages:${PYTHONPATH} /usr/bin/cmake /workspaces/shared/src/moveit_task_constructor/visualization -DCMAKE_BUILD_TYPE=Release -DCMAKE_INSTALL_PREFIX=/workspaces/shared/install/moveit_task_constructor_visualization
[0.094s] -- The C compiler identification is GNU 11.4.0
[0.145s] -- The CXX compiler identification is GNU 11.4.0
[0.153s] -- Detecting C compiler ABI info
[0.237s] -- Detecting C compiler ABI info - done
[0.243s] -- Check for working C compiler: /usr/bin/cc - skipped
[0.243s] -- Detecting C compile features
[0.243s] -- Detecting C compile features - done
[0.245s] -- Detecting CXX compiler ABI info
[0.336s] -- Detecting CXX compiler ABI info - done
[0.342s] -- Check for working CXX compiler: /usr/bin/c++ - skipped
[0.342s] -- Detecting CXX compile features
[0.343s] -- Detecting CXX compile features - done
[0.354s] -- Found ament_cmake: 1.3.11 (/opt/ros/humble/share/ament_cmake/cmake)
[0.504s] -- Found Python3: /usr/bin/python3 (found version "3.10.12") found components: Interpreter 
[0.731s] -- Found Boost: /usr/lib/x86_64-linux-gnu/cmake/Boost-1.74.0/BoostConfig.cmake (found version "1.74.0")  
[0.739s] -- Found moveit_common: 2.14.0 (/workspaces/moveit2_ws/install/moveit_common/share/moveit_common/cmake)
[0.806s] -- Found moveit_core: 2.14.0 (/workspaces/moveit2_ws/install/moveit_core/share/moveit_core/cmake)
[1.135s] -- Found Boost: /usr/lib/x86_64-linux-gnu/cmake/Boost-1.74.0/BoostConfig.cmake (found version "1.74.0") found components: chrono date_time filesystem iostreams program_options regex serialization system thread 
[1.267s] -- Found parameter_traits: 0.5.0 (/opt/ros/humble/share/parameter_traits/cmake)
[1.400s] -- Found rosidl_generator_c: 3.1.6 (/opt/ros/humble/share/rosidl_generator_c/cmake)
[1.421s] -- Found rosidl_adapter: 3.1.6 (/opt/ros/humble/share/rosidl_adapter/cmake)
[1.446s] -- Found rosidl_generator_cpp: 3.1.6 (/opt/ros/humble/share/rosidl_generator_cpp/cmake)
[1.474s] -- Using all available rosidl_typesupport_c: rosidl_typesupport_fastrtps_c;rosidl_typesupport_introspection_c
[1.513s] -- Using all available rosidl_typesupport_cpp: rosidl_typesupport_fastrtps_cpp;rosidl_typesupport_introspection_cpp
[1.633s] -- Found rmw_implementation_cmake: 6.1.2 (/opt/ros/humble/share/rmw_implementation_cmake/cmake)
[1.645s] -- Found rmw_fastrtps_cpp: 6.2.7 (/opt/ros/humble/share/rmw_fastrtps_cpp/cmake)
[1.822s] -- Found OpenSSL: /usr/lib/x86_64-linux-gnu/libcrypto.so (found version "3.0.2")  
[1.860s] -- Found FastRTPS: /opt/ros/humble/include  
[1.927s] -- Using RMW implementation 'rmw_fastrtps_cpp' as default
[1.961s] -- Found Threads: TRUE  
[2.064s] -- Found rclcpp_lifecycle: 16.0.12 (/opt/ros/humble/share/rclcpp_lifecycle/cmake)
[2.108s] -- Found Boost: /usr/lib/x86_64-linux-gnu/cmake/Boost-1.74.0/BoostConfig.cmake (found version "1.74.0") found components: filesystem 
[2.303s] -- library: /usr/lib/x86_64-linux-gnu/libcurl.so
[2.404s] -- Found Eigen3: TRUE (found version "3.4.0") 
[2.404s] -- Ensuring Eigen3 include directory is part of orocos-kdl CMake target
[2.823s] -- Found moveit_ros_visualization: 2.14.0 (/workspaces/moveit2_ws/install/moveit_ros_visualization/share/moveit_ros_visualization/cmake)
[2.827s] -- Found Boost: /usr/lib/x86_64-linux-gnu/cmake/Boost-1.74.0/BoostConfig.cmake (found version "1.74.0") found components: thread date_time system filesystem 
[2.851s] -- Found Boost: /usr/lib/x86_64-linux-gnu/cmake/Boost-1.74.0/BoostConfig.cmake (found version "1.74.0") found components: system filesystem date_time program_options thread chrono 
[2.886s] -- Found Boost: /usr/lib/x86_64-linux-gnu/cmake/Boost-1.74.0/BoostConfig.cmake (found version "1.74.0") found components: date_time filesystem program_options system thread 
[2.901s] -- Found Boost: /usr/lib/x86_64-linux-gnu/cmake/Boost-1.74.0/BoostConfig.cmake (found version "1.74.0") found components: thread system filesystem regex date_time program_options 
[2.929s] -- Found Boost: /usr/lib/x86_64-linux-gnu/cmake/Boost-1.74.0/BoostConfig.cmake (found version "1.74.0") found components: system filesystem date_time program_options thread 
[3.005s] -- Setting OGRE_DIR to: '/opt/ros/humble/share/rviz_ogre_vendor/cmake/../../../opt/rviz_ogre_vendor/lib/OGRE/cmake'
[3.006s] -- Found OGRE
[3.007s] --   static     : OFF
[3.007s] --   components : HLMS;MeshLodGenerator;Overlay;Paging;Property;RTShaderSystem;Terrain;Volume
[3.007s] --   plugins    : Plugin_BSPSceneManager;Plugin_OctreeSceneManager;Plugin_PCZSceneManager;Plugin_ParticleFX;RenderSystem_GL;RenderSystem_GL3Plus;Codec_STBI
[3.007s] --   media      : /opt/ros/humble/opt/rviz_ogre_vendor/share/OGRE/Media
[3.007s] -- OGRE_LIBRARIES: OgreHLMS;OgreMeshLodGenerator;OgreOverlay;OgrePaging;OgreProperty;OgreRTShaderSystem;OgreTerrain;OgreVolume;OgreMain
[3.007s] -- OGRE_LIBRARY_DIRS: /opt/ros/humble/opt/rviz_ogre_vendor/lib
[3.007s] -- OGRE_PLUGINS: Plugin_BSPSceneManager;Plugin_OctreeSceneManager;Plugin_PCZSceneManager;Plugin_ParticleFX;RenderSystem_GL;RenderSystem_GL3Plus;Codec_STBI
[3.007s] -- OGRE_PLUGIN_DIR: /opt/ros/humble/opt/rviz_ogre_vendor/lib/OGRE
[3.007s] -- rviz_ogre_vendor::OgreOverlay for IMPORTED_LOCATION_RELEASE: /opt/ros/humble/opt/rviz_ogre_vendor/lib/libOgreOverlay.so
[3.007s] -- rviz_ogre_vendor::OgreOverlay for IMPORTED_LOCATION_DEBUG: /opt/ros/humble/opt/rviz_ogre_vendor/lib/libOgreOverlay.so
[3.007s] -- rviz_ogre_vendor::OgreMain for IMPORTED_LOCATION_RELEASE: /opt/ros/humble/opt/rviz_ogre_vendor/lib/libOgreMain.so
[3.007s] -- rviz_ogre_vendor::OgreMain for IMPORTED_LOCATION_DEBUG: /opt/ros/humble/opt/rviz_ogre_vendor/lib/libOgreMain.so
[3.008s] -- Could not find freeimage library
[3.034s] -- Found ZLIB: /usr/lib/x86_64-linux-gnu/libz.so (found version "1.2.11") 
[3.041s] -- Found OpenGL: /usr/lib/x86_64-linux-gnu/libOpenGL.so   
[3.188s] -- Found X11: /usr/include   
[3.188s] -- Looking for XOpenDisplay in /usr/lib/x86_64-linux-gnu/libX11.so;/usr/lib/x86_64-linux-gnu/libXext.so
[3.299s] -- Looking for XOpenDisplay in /usr/lib/x86_64-linux-gnu/libX11.so;/usr/lib/x86_64-linux-gnu/libXext.so - found
[3.299s] -- Looking for gethostbyname
[3.401s] -- Looking for gethostbyname - found
[3.401s] -- Looking for connect
[3.508s] -- Looking for connect - found
[3.508s] -- Looking for remove
[3.618s] -- Looking for remove - found
[3.618s] -- Looking for shmat
[3.735s] -- Looking for shmat - found
[3.735s] -- Looking for IceConnectionNumber in ICE
[3.856s] -- Looking for IceConnectionNumber in ICE - found
[3.917s] -- Setting assimp_DIR to: '/opt/ros/humble/share/rviz_assimp_vendor/cmake/../../../opt/rviz_assimp_vendor/lib/cmake/assimp-4.1'
[4.081s] -- Found moveit_task_constructor_core: 0.1.3 (/workspaces/shared/install/moveit_task_constructor_core/share/moveit_task_constructor_core/cmake)
[4.165s] -- Found PkgConfig: /usr/bin/pkg-config (found version "0.29.2") 
[4.165s] -- Checking for module 'yaml-0.1'
[4.194s] --   Found yaml-0.1, version 0.2.2
[4.275s] -- Found ament_cmake_gtest: 1.3.11 (/opt/ros/humble/share/ament_cmake_gtest/cmake)
[4.287s] -- Found ament_cmake_gmock: 1.3.11 (/opt/ros/humble/share/ament_cmake_gmock/cmake)
[4.300s] -- Found launch_testing_ament_cmake: 1.0.9 (/opt/ros/humble/share/launch_testing_ament_cmake/cmake)
[4.312s] -- Found python_cmake_module: 0.10.0 (/opt/ros/humble/share/python_cmake_module/cmake)
[4.337s] -- Found PythonInterp: /usr/bin/python3 (found suitable version "3.10.12", minimum required is "3.6") 
[4.345s] -- Found PythonLibs: /usr/lib/x86_64-linux-gnu/libpython3.10.so (found suitable version "3.10.12", minimum required is "3.5") 
[4.345s] -- Using PYTHON_EXECUTABLE: /usr/bin/python3
[4.345s] -- Using PYTHON_INCLUDE_DIRS: /usr/include/python3.10
[4.345s] -- Using PYTHON_LIBRARIES: /usr/lib/x86_64-linux-gnu/libpython3.10.so
[4.368s] -- Found PythonExtra: .so  
[4.381s] -- Found gtest sources under '/opt/ros/humble/src/gtest_vendor': C++ tests using 'Google Test' will be built
[4.397s] -- Found gmock sources under '/opt/ros/humble/src/gmock_vendor': C++ tests using 'Google Mock' will be built
[4.408s] -- Configuring done
[4.677s] -- Generating done
[4.708s] -- Build files have been written to: /workspaces/shared/build/moveit_task_constructor_visualization
