[0.073s] Invoking command in '/workspaces/shared/build/kortex_description': AMENT_PREFIX_PATH=/workspaces/shared/install/robotiq_description:${AMENT_PREFIX_PATH} CMAKE_PREFIX_PATH=/workspaces/shared/install/robotiq_description:/workspaces/moveit2_ws/install/pilz_industrial_motion_planner_testutils:/workspaces/moveit2_ws/install/moveit_runtime:/workspaces/moveit2_ws/install/moveit:/workspaces/moveit2_ws/install/moveit_planners:/workspaces/moveit2_ws/install/pilz_industrial_motion_planner:/workspaces/moveit2_ws/install/moveit_ros_control_interface:/workspaces/moveit2_ws/install/moveit_plugins:/workspaces/moveit2_ws/install/moveit_simple_controller_manager:/workspaces/moveit2_ws/install/moveit_setup_assistant:/workspaces/moveit2_ws/install/moveit_setup_srdf_plugins:/workspaces/moveit2_ws/install/moveit_setup_core_plugins:/workspaces/moveit2_ws/install/moveit_setup_controllers:/workspaces/moveit2_ws/install/moveit_setup_app_plugins:/workspaces/moveit2_ws/install/moveit_setup_framework:/workspaces/moveit2_ws/install/moveit_servo:/workspaces/moveit2_ws/install/moveit_ros_trajectory_cache:/workspaces/moveit2_ws/install/moveit_ros:/workspaces/moveit2_ws/install/moveit_ros_visualization:/workspaces/moveit2_ws/install/moveit_py:/workspaces/moveit2_ws/install/moveit_hybrid_planning:/workspaces/moveit2_ws/install/moveit_ros_planning_interface:/workspaces/moveit2_ws/install/moveit_ros_benchmarks:/workspaces/moveit2_ws/install/moveit_ros_warehouse:/workspaces/moveit2_ws/install/moveit_ros_robot_interaction:/workspaces/moveit2_ws/install/moveit_ros_perception:/workspaces/moveit2_ws/install/moveit_resources_prbt_pg70_support:/workspaces/moveit2_ws/install/moveit_resources_prbt_moveit_config:/workspaces/moveit2_ws/install/moveit_ros_move_group:/workspaces/moveit2_ws/install/moveit_planners_ompl:/workspaces/moveit2_ws/install/moveit_kinematics:/workspaces/moveit2_ws/install/moveit_ros_planning:/workspaces/moveit2_ws/install/moveit_ros_occupancy_map_monitor:/workspaces/moveit2_ws/install/moveit_resources_prbt_support:/workspaces/moveit2_ws/install/moveit_resources_prbt_ikfast_manipulator_plugin:/workspaces/moveit2_ws/install/moveit_resources:/workspaces/moveit2_ws/install/moveit_resources_pr2_description:/workspaces/moveit2_ws/install/moveit_resources_panda_moveit_config:/workspaces/moveit2_ws/install/dual_arm_panda_moveit_config:/workspaces/moveit2_ws/install/moveit_resources_panda_description:/workspaces/moveit2_ws/install/moveit_resources_fanuc_moveit_config:/workspaces/moveit2_ws/install/moveit_resources_fanuc_description:/workspaces/moveit2_ws/install/moveit_planners_stomp:/workspaces/moveit2_ws/install/moveit_planners_chomp:/workspaces/moveit2_ws/install/chomp_motion_planner:/workspaces/moveit2_ws/install/moveit_core:/workspaces/moveit2_ws/install/moveit_msgs:/workspaces/moveit2_ws/install/moveit_common:/workspaces/moveit2_ws/install/moveit_configs_utils:/opt/ros/humble /usr/bin/cmake --build /workspaces/shared/build/kortex_description -- -j24 -l24
[0.125s] Invoked command in '/workspaces/shared/build/kortex_description' returned '0': AMENT_PREFIX_PATH=/workspaces/shared/install/robotiq_description:${AMENT_PREFIX_PATH} CMAKE_PREFIX_PATH=/workspaces/shared/install/robotiq_description:/workspaces/moveit2_ws/install/pilz_industrial_motion_planner_testutils:/workspaces/moveit2_ws/install/moveit_runtime:/workspaces/moveit2_ws/install/moveit:/workspaces/moveit2_ws/install/moveit_planners:/workspaces/moveit2_ws/install/pilz_industrial_motion_planner:/workspaces/moveit2_ws/install/moveit_ros_control_interface:/workspaces/moveit2_ws/install/moveit_plugins:/workspaces/moveit2_ws/install/moveit_simple_controller_manager:/workspaces/moveit2_ws/install/moveit_setup_assistant:/workspaces/moveit2_ws/install/moveit_setup_srdf_plugins:/workspaces/moveit2_ws/install/moveit_setup_core_plugins:/workspaces/moveit2_ws/install/moveit_setup_controllers:/workspaces/moveit2_ws/install/moveit_setup_app_plugins:/workspaces/moveit2_ws/install/moveit_setup_framework:/workspaces/moveit2_ws/install/moveit_servo:/workspaces/moveit2_ws/install/moveit_ros_trajectory_cache:/workspaces/moveit2_ws/install/moveit_ros:/workspaces/moveit2_ws/install/moveit_ros_visualization:/workspaces/moveit2_ws/install/moveit_py:/workspaces/moveit2_ws/install/moveit_hybrid_planning:/workspaces/moveit2_ws/install/moveit_ros_planning_interface:/workspaces/moveit2_ws/install/moveit_ros_benchmarks:/workspaces/moveit2_ws/install/moveit_ros_warehouse:/workspaces/moveit2_ws/install/moveit_ros_robot_interaction:/workspaces/moveit2_ws/install/moveit_ros_perception:/workspaces/moveit2_ws/install/moveit_resources_prbt_pg70_support:/workspaces/moveit2_ws/install/moveit_resources_prbt_moveit_config:/workspaces/moveit2_ws/install/moveit_ros_move_group:/workspaces/moveit2_ws/install/moveit_planners_ompl:/workspaces/moveit2_ws/install/moveit_kinematics:/workspaces/moveit2_ws/install/moveit_ros_planning:/workspaces/moveit2_ws/install/moveit_ros_occupancy_map_monitor:/workspaces/moveit2_ws/install/moveit_resources_prbt_support:/workspaces/moveit2_ws/install/moveit_resources_prbt_ikfast_manipulator_plugin:/workspaces/moveit2_ws/install/moveit_resources:/workspaces/moveit2_ws/install/moveit_resources_pr2_description:/workspaces/moveit2_ws/install/moveit_resources_panda_moveit_config:/workspaces/moveit2_ws/install/dual_arm_panda_moveit_config:/workspaces/moveit2_ws/install/moveit_resources_panda_description:/workspaces/moveit2_ws/install/moveit_resources_fanuc_moveit_config:/workspaces/moveit2_ws/install/moveit_resources_fanuc_description:/workspaces/moveit2_ws/install/moveit_planners_stomp:/workspaces/moveit2_ws/install/moveit_planners_chomp:/workspaces/moveit2_ws/install/chomp_motion_planner:/workspaces/moveit2_ws/install/moveit_core:/workspaces/moveit2_ws/install/moveit_msgs:/workspaces/moveit2_ws/install/moveit_common:/workspaces/moveit2_ws/install/moveit_configs_utils:/opt/ros/humble /usr/bin/cmake --build /workspaces/shared/build/kortex_description -- -j24 -l24
[0.126s] Invoking command in '/workspaces/shared/build/kortex_description': AMENT_PREFIX_PATH=/workspaces/shared/install/robotiq_description:${AMENT_PREFIX_PATH} CMAKE_PREFIX_PATH=/workspaces/shared/install/robotiq_description:/workspaces/moveit2_ws/install/pilz_industrial_motion_planner_testutils:/workspaces/moveit2_ws/install/moveit_runtime:/workspaces/moveit2_ws/install/moveit:/workspaces/moveit2_ws/install/moveit_planners:/workspaces/moveit2_ws/install/pilz_industrial_motion_planner:/workspaces/moveit2_ws/install/moveit_ros_control_interface:/workspaces/moveit2_ws/install/moveit_plugins:/workspaces/moveit2_ws/install/moveit_simple_controller_manager:/workspaces/moveit2_ws/install/moveit_setup_assistant:/workspaces/moveit2_ws/install/moveit_setup_srdf_plugins:/workspaces/moveit2_ws/install/moveit_setup_core_plugins:/workspaces/moveit2_ws/install/moveit_setup_controllers:/workspaces/moveit2_ws/install/moveit_setup_app_plugins:/workspaces/moveit2_ws/install/moveit_setup_framework:/workspaces/moveit2_ws/install/moveit_servo:/workspaces/moveit2_ws/install/moveit_ros_trajectory_cache:/workspaces/moveit2_ws/install/moveit_ros:/workspaces/moveit2_ws/install/moveit_ros_visualization:/workspaces/moveit2_ws/install/moveit_py:/workspaces/moveit2_ws/install/moveit_hybrid_planning:/workspaces/moveit2_ws/install/moveit_ros_planning_interface:/workspaces/moveit2_ws/install/moveit_ros_benchmarks:/workspaces/moveit2_ws/install/moveit_ros_warehouse:/workspaces/moveit2_ws/install/moveit_ros_robot_interaction:/workspaces/moveit2_ws/install/moveit_ros_perception:/workspaces/moveit2_ws/install/moveit_resources_prbt_pg70_support:/workspaces/moveit2_ws/install/moveit_resources_prbt_moveit_config:/workspaces/moveit2_ws/install/moveit_ros_move_group:/workspaces/moveit2_ws/install/moveit_planners_ompl:/workspaces/moveit2_ws/install/moveit_kinematics:/workspaces/moveit2_ws/install/moveit_ros_planning:/workspaces/moveit2_ws/install/moveit_ros_occupancy_map_monitor:/workspaces/moveit2_ws/install/moveit_resources_prbt_support:/workspaces/moveit2_ws/install/moveit_resources_prbt_ikfast_manipulator_plugin:/workspaces/moveit2_ws/install/moveit_resources:/workspaces/moveit2_ws/install/moveit_resources_pr2_description:/workspaces/moveit2_ws/install/moveit_resources_panda_moveit_config:/workspaces/moveit2_ws/install/dual_arm_panda_moveit_config:/workspaces/moveit2_ws/install/moveit_resources_panda_description:/workspaces/moveit2_ws/install/moveit_resources_fanuc_moveit_config:/workspaces/moveit2_ws/install/moveit_resources_fanuc_description:/workspaces/moveit2_ws/install/moveit_planners_stomp:/workspaces/moveit2_ws/install/moveit_planners_chomp:/workspaces/moveit2_ws/install/chomp_motion_planner:/workspaces/moveit2_ws/install/moveit_core:/workspaces/moveit2_ws/install/moveit_msgs:/workspaces/moveit2_ws/install/moveit_common:/workspaces/moveit2_ws/install/moveit_configs_utils:/opt/ros/humble /usr/bin/cmake --install /workspaces/shared/build/kortex_description
[0.136s] -- Install configuration: "Release"
[0.136s] -- Up-to-date: /workspaces/shared/install/kortex_description/share/kortex_description/arms
[0.137s] -- Up-to-date: /workspaces/shared/install/kortex_description/share/kortex_description/arms/gen3
[0.137s] -- Up-to-date: /workspaces/shared/install/kortex_description/share/kortex_description/arms/gen3/6dof
[0.137s] -- Up-to-date: /workspaces/shared/install/kortex_description/share/kortex_description/arms/gen3/6dof/urdf
[0.137s] -- Up-to-date: /workspaces/shared/install/kortex_description/share/kortex_description/arms/gen3/6dof/urdf/gen3_transmission_macro.xacro
[0.137s] -- Up-to-date: /workspaces/shared/install/kortex_description/share/kortex_description/arms/gen3/6dof/urdf/kortex.ros2_control.xacro
[0.137s] -- Up-to-date: /workspaces/shared/install/kortex_description/share/kortex_description/arms/gen3/6dof/urdf/gen3_macro.xacro
[0.137s] -- Up-to-date: /workspaces/shared/install/kortex_description/share/kortex_description/arms/gen3/6dof/config
[0.137s] -- Up-to-date: /workspaces/shared/install/kortex_description/share/kortex_description/arms/gen3/6dof/config/gazebo_initial_joint_positions.yaml
[0.137s] -- Up-to-date: /workspaces/shared/install/kortex_description/share/kortex_description/arms/gen3/6dof/config/joint_limits.yaml
[0.137s] -- Up-to-date: /workspaces/shared/install/kortex_description/share/kortex_description/arms/gen3/6dof/config/ros2_controllers.yaml
[0.137s] -- Up-to-date: /workspaces/shared/install/kortex_description/share/kortex_description/arms/gen3/6dof/config/twist_limits.yaml
[0.137s] -- Up-to-date: /workspaces/shared/install/kortex_description/share/kortex_description/arms/gen3/6dof/meshes
[0.137s] -- Up-to-date: /workspaces/shared/install/kortex_description/share/kortex_description/arms/gen3/6dof/meshes/base_link.STL
[0.137s] -- Up-to-date: /workspaces/shared/install/kortex_description/share/kortex_description/arms/gen3/6dof/meshes/shoulder_link.STL
[0.137s] -- Up-to-date: /workspaces/shared/install/kortex_description/share/kortex_description/arms/gen3/6dof/meshes/spherical_wrist_2_link.STL
[0.137s] -- Up-to-date: /workspaces/shared/install/kortex_description/share/kortex_description/arms/gen3/6dof/meshes/bicep_link.STL
[0.138s] -- Up-to-date: /workspaces/shared/install/kortex_description/share/kortex_description/arms/gen3/6dof/meshes/spherical_wrist_1_link.STL
[0.138s] -- Up-to-date: /workspaces/shared/install/kortex_description/share/kortex_description/arms/gen3/6dof/meshes/forearm_link.STL
[0.138s] -- Up-to-date: /workspaces/shared/install/kortex_description/share/kortex_description/arms/gen3/6dof/meshes/bracelet_with_vision_link.STL
[0.138s] -- Up-to-date: /workspaces/shared/install/kortex_description/share/kortex_description/arms/gen3/6dof/meshes/bracelet_no_vision_link.STL
[0.138s] -- Up-to-date: /workspaces/shared/install/kortex_description/share/kortex_description/arms/gen3/7dof
[0.138s] -- Up-to-date: /workspaces/shared/install/kortex_description/share/kortex_description/arms/gen3/7dof/urdf
[0.138s] -- Up-to-date: /workspaces/shared/install/kortex_description/share/kortex_description/arms/gen3/7dof/urdf/gen3_transmission_macro.xacro
[0.138s] -- Up-to-date: /workspaces/shared/install/kortex_description/share/kortex_description/arms/gen3/7dof/urdf/kortex.ros2_control.xacro
[0.138s] -- Up-to-date: /workspaces/shared/install/kortex_description/share/kortex_description/arms/gen3/7dof/urdf/gen3_macro.xacro
[0.138s] -- Up-to-date: /workspaces/shared/install/kortex_description/share/kortex_description/arms/gen3/7dof/config
[0.138s] -- Up-to-date: /workspaces/shared/install/kortex_description/share/kortex_description/arms/gen3/7dof/config/gazebo_initial_joint_positions.yaml
[0.138s] -- Up-to-date: /workspaces/shared/install/kortex_description/share/kortex_description/arms/gen3/7dof/config/joint_limits.yaml
[0.138s] -- Up-to-date: /workspaces/shared/install/kortex_description/share/kortex_description/arms/gen3/7dof/config/ros2_controllers.yaml
[0.138s] -- Up-to-date: /workspaces/shared/install/kortex_description/share/kortex_description/arms/gen3/7dof/config/twist_limits.yaml
[0.138s] -- Up-to-date: /workspaces/shared/install/kortex_description/share/kortex_description/arms/gen3/7dof/meshes
[0.138s] -- Up-to-date: /workspaces/shared/install/kortex_description/share/kortex_description/arms/gen3/7dof/meshes/base_link.STL
[0.138s] -- Up-to-date: /workspaces/shared/install/kortex_description/share/kortex_description/arms/gen3/7dof/meshes/shoulder_link.dae
[0.138s] -- Up-to-date: /workspaces/shared/install/kortex_description/share/kortex_description/arms/gen3/7dof/meshes/shoulder_link.STL
[0.138s] -- Up-to-date: /workspaces/shared/install/kortex_description/share/kortex_description/arms/gen3/7dof/meshes/spherical_wrist_2_link.STL
[0.139s] -- Up-to-date: /workspaces/shared/install/kortex_description/share/kortex_description/arms/gen3/7dof/meshes/half_arm_2_link.dae
[0.139s] -- Up-to-date: /workspaces/shared/install/kortex_description/share/kortex_description/arms/gen3/7dof/meshes/base_link.dae
[0.139s] -- Up-to-date: /workspaces/shared/install/kortex_description/share/kortex_description/arms/gen3/7dof/meshes/spherical_wrist_1_link.dae
[0.139s] -- Up-to-date: /workspaces/shared/install/kortex_description/share/kortex_description/arms/gen3/7dof/meshes/spherical_wrist_1_link.STL
[0.139s] -- Up-to-date: /workspaces/shared/install/kortex_description/share/kortex_description/arms/gen3/7dof/meshes/spherical_wrist_2_link.dae
[0.139s] -- Up-to-date: /workspaces/shared/install/kortex_description/share/kortex_description/arms/gen3/7dof/meshes/half_arm_1_link.dae
[0.139s] -- Up-to-date: /workspaces/shared/install/kortex_description/share/kortex_description/arms/gen3/7dof/meshes/end_effector_link.STL
[0.139s] -- Up-to-date: /workspaces/shared/install/kortex_description/share/kortex_description/arms/gen3/7dof/meshes/forearm_link.STL
[0.139s] -- Up-to-date: /workspaces/shared/install/kortex_description/share/kortex_description/arms/gen3/7dof/meshes/half_arm_1_link.STL
[0.139s] -- Up-to-date: /workspaces/shared/install/kortex_description/share/kortex_description/arms/gen3/7dof/meshes/bracelet_with_vision_link.STL
[0.139s] -- Up-to-date: /workspaces/shared/install/kortex_description/share/kortex_description/arms/gen3/7dof/meshes/bracelet_no_vision_link.STL
[0.139s] -- Up-to-date: /workspaces/shared/install/kortex_description/share/kortex_description/arms/gen3/7dof/meshes/bracelet_no_vision_link.dae
[0.140s] -- Up-to-date: /workspaces/shared/install/kortex_description/share/kortex_description/arms/gen3/7dof/meshes/forearm_link.dae
[0.140s] -- Up-to-date: /workspaces/shared/install/kortex_description/share/kortex_description/arms/gen3/7dof/meshes/half_arm_2_link.STL
[0.140s] -- Up-to-date: /workspaces/shared/install/kortex_description/share/kortex_description/arms/gen3/7dof/meshes/bracelet_with_vision_link.dae
[0.140s] -- Up-to-date: /workspaces/shared/install/kortex_description/share/kortex_description/arms/gen3_lite
[0.140s] -- Up-to-date: /workspaces/shared/install/kortex_description/share/kortex_description/arms/gen3_lite/6dof
[0.140s] -- Up-to-date: /workspaces/shared/install/kortex_description/share/kortex_description/arms/gen3_lite/6dof/urdf
[0.140s] -- Up-to-date: /workspaces/shared/install/kortex_description/share/kortex_description/arms/gen3_lite/6dof/urdf/kortex.ros2_control.xacro
[0.140s] -- Up-to-date: /workspaces/shared/install/kortex_description/share/kortex_description/arms/gen3_lite/6dof/urdf/gen3_lite_transmission_macro.xacro
[0.141s] -- Up-to-date: /workspaces/shared/install/kortex_description/share/kortex_description/arms/gen3_lite/6dof/urdf/gen3_lite_macro.xacro
[0.141s] -- Up-to-date: /workspaces/shared/install/kortex_description/share/kortex_description/arms/gen3_lite/6dof/config
[0.141s] -- Up-to-date: /workspaces/shared/install/kortex_description/share/kortex_description/arms/gen3_lite/6dof/config/joint_limits.yaml
[0.141s] -- Up-to-date: /workspaces/shared/install/kortex_description/share/kortex_description/arms/gen3_lite/6dof/config/ros2_controllers.yaml
[0.142s] -- Up-to-date: /workspaces/shared/install/kortex_description/share/kortex_description/arms/gen3_lite/6dof/config/twist_limits.yaml
[0.142s] -- Up-to-date: /workspaces/shared/install/kortex_description/share/kortex_description/arms/gen3_lite/6dof/meshes
[0.142s] -- Up-to-date: /workspaces/shared/install/kortex_description/share/kortex_description/arms/gen3_lite/6dof/meshes/base_link.STL
[0.142s] -- Up-to-date: /workspaces/shared/install/kortex_description/share/kortex_description/arms/gen3_lite/6dof/meshes/shoulder_link.STL
[0.142s] -- Up-to-date: /workspaces/shared/install/kortex_description/share/kortex_description/arms/gen3_lite/6dof/meshes/upper_wrist_link.STL
[0.142s] -- Up-to-date: /workspaces/shared/install/kortex_description/share/kortex_description/arms/gen3_lite/6dof/meshes/lower_wrist_link.STL
[0.142s] -- Up-to-date: /workspaces/shared/install/kortex_description/share/kortex_description/arms/gen3_lite/6dof/meshes/arm_link.STL
[0.142s] -- Up-to-date: /workspaces/shared/install/kortex_description/share/kortex_description/arms/gen3_lite/6dof/meshes/forearm_link.STL
[0.142s] -- Up-to-date: /workspaces/shared/install/kortex_description/share/kortex_description/grippers
[0.142s] -- Up-to-date: /workspaces/shared/install/kortex_description/share/kortex_description/grippers/robotiq_2f_85
[0.142s] -- Up-to-date: /workspaces/shared/install/kortex_description/share/kortex_description/grippers/robotiq_2f_85/README.md
[0.143s] -- Up-to-date: /workspaces/shared/install/kortex_description/share/kortex_description/grippers/robotiq_2f_85/urdf
[0.143s] -- Up-to-date: /workspaces/shared/install/kortex_description/share/kortex_description/grippers/robotiq_2f_85/urdf/robotiq_2f_85_macro.xacro
[0.143s] -- Up-to-date: /workspaces/shared/install/kortex_description/share/kortex_description/grippers/robotiq_2f_85/LICENSE
[0.143s] -- Up-to-date: /workspaces/shared/install/kortex_description/share/kortex_description/grippers/robotiq_2f_140
[0.144s] -- Up-to-date: /workspaces/shared/install/kortex_description/share/kortex_description/grippers/robotiq_2f_140/README.md
[0.144s] -- Up-to-date: /workspaces/shared/install/kortex_description/share/kortex_description/grippers/robotiq_2f_140/urdf
[0.144s] -- Up-to-date: /workspaces/shared/install/kortex_description/share/kortex_description/grippers/robotiq_2f_140/urdf/robotiq_2f_140_macro.xacro
[0.144s] -- Up-to-date: /workspaces/shared/install/kortex_description/share/kortex_description/grippers/robotiq_2f_140/LICENSE
[0.144s] -- Up-to-date: /workspaces/shared/install/kortex_description/share/kortex_description/grippers/gen3_lite_2f
[0.144s] -- Up-to-date: /workspaces/shared/install/kortex_description/share/kortex_description/grippers/gen3_lite_2f/urdf
[0.144s] -- Up-to-date: /workspaces/shared/install/kortex_description/share/kortex_description/grippers/gen3_lite_2f/urdf/GEN3-LITE-GRIPPER_URDF_SIMPLIFIED_V2.urdf
[0.144s] -- Up-to-date: /workspaces/shared/install/kortex_description/share/kortex_description/grippers/gen3_lite_2f/urdf/gen3_lite_2f_transmission_macro.xacro
[0.144s] -- Up-to-date: /workspaces/shared/install/kortex_description/share/kortex_description/grippers/gen3_lite_2f/urdf/gen3_lite_2f_macro.xacro
[0.144s] -- Up-to-date: /workspaces/shared/install/kortex_description/share/kortex_description/grippers/gen3_lite_2f/urdf/gen3_lite_2f.ros2_control.xacro
[0.144s] -- Up-to-date: /workspaces/shared/install/kortex_description/share/kortex_description/grippers/gen3_lite_2f/config
[0.145s] -- Up-to-date: /workspaces/shared/install/kortex_description/share/kortex_description/grippers/gen3_lite_2f/config/joint_limits.yaml
[0.145s] -- Up-to-date: /workspaces/shared/install/kortex_description/share/kortex_description/grippers/gen3_lite_2f/meshes
[0.146s] -- Up-to-date: /workspaces/shared/install/kortex_description/share/kortex_description/grippers/gen3_lite_2f/meshes/right_finger_prox_link.STL
[0.146s] -- Up-to-date: /workspaces/shared/install/kortex_description/share/kortex_description/grippers/gen3_lite_2f/meshes/right_finger_dist_link.STL
[0.146s] -- Up-to-date: /workspaces/shared/install/kortex_description/share/kortex_description/grippers/gen3_lite_2f/meshes/left_finger_prox_link.STL
[0.146s] -- Up-to-date: /workspaces/shared/install/kortex_description/share/kortex_description/grippers/gen3_lite_2f/meshes/left_finger_dist_link.STL
[0.147s] -- Up-to-date: /workspaces/shared/install/kortex_description/share/kortex_description/grippers/gen3_lite_2f/meshes/gripper_base_link.STL
[0.147s] -- Up-to-date: /workspaces/shared/install/kortex_description/share/kortex_description/launch
[0.147s] -- Up-to-date: /workspaces/shared/install/kortex_description/share/kortex_description/launch/view_robot.launch.py
[0.147s] -- Up-to-date: /workspaces/shared/install/kortex_description/share/kortex_description/multiple_robots
[0.147s] -- Up-to-date: /workspaces/shared/install/kortex_description/share/kortex_description/multiple_robots/kortex_dual_robots.xacro
[0.147s] -- Up-to-date: /workspaces/shared/install/kortex_description/share/kortex_description/robots
[0.147s] -- Up-to-date: /workspaces/shared/install/kortex_description/share/kortex_description/robots/kinova.urdf.xacro
[0.147s] -- Up-to-date: /workspaces/shared/install/kortex_description/share/kortex_description/robots/gen3_robotiq_2f_85.xacro
[0.147s] -- Up-to-date: /workspaces/shared/install/kortex_description/share/kortex_description/robots/gen3.xacro
[0.147s] -- Up-to-date: /workspaces/shared/install/kortex_description/share/kortex_description/robots/gen3_2f85.urdf
[0.148s] -- Up-to-date: /workspaces/shared/install/kortex_description/share/kortex_description/robots/gen3_lite.urdf
[0.149s] -- Up-to-date: /workspaces/shared/install/kortex_description/share/kortex_description/robots/kortex_robot.xacro
[0.149s] -- Up-to-date: /workspaces/shared/install/kortex_description/share/kortex_description/robots/gen3_robotiq_2f_140.xacro
[0.149s] -- Up-to-date: /workspaces/shared/install/kortex_description/share/kortex_description/robots/gen3_lite_gen3_lite_2f.xacro
[0.149s] -- Up-to-date: /workspaces/shared/install/kortex_description/share/kortex_description/rviz
[0.149s] -- Up-to-date: /workspaces/shared/install/kortex_description/share/kortex_description/rviz/view_robot.rviz
[0.149s] -- Up-to-date: /workspaces/shared/install/kortex_description/share/kortex_description/config
[0.149s] -- Up-to-date: /workspaces/shared/install/kortex_description/share/kortex_description/config/initial_positions.yaml
[0.149s] -- Up-to-date: /workspaces/shared/install/kortex_description/share/ament_index/resource_index/package_run_dependencies/kortex_description
[0.149s] -- Up-to-date: /workspaces/shared/install/kortex_description/share/ament_index/resource_index/parent_prefix_path/kortex_description
[0.149s] -- Up-to-date: /workspaces/shared/install/kortex_description/share/kortex_description/environment/ament_prefix_path.sh
[0.149s] -- Up-to-date: /workspaces/shared/install/kortex_description/share/kortex_description/environment/ament_prefix_path.dsv
[0.149s] -- Up-to-date: /workspaces/shared/install/kortex_description/share/kortex_description/environment/path.sh
[0.149s] -- Up-to-date: /workspaces/shared/install/kortex_description/share/kortex_description/environment/path.dsv
[0.149s] -- Up-to-date: /workspaces/shared/install/kortex_description/share/kortex_description/local_setup.bash
[0.149s] -- Up-to-date: /workspaces/shared/install/kortex_description/share/kortex_description/local_setup.sh
[0.149s] -- Up-to-date: /workspaces/shared/install/kortex_description/share/kortex_description/local_setup.zsh
[0.149s] -- Up-to-date: /workspaces/shared/install/kortex_description/share/kortex_description/local_setup.dsv
[0.149s] -- Installing: /workspaces/shared/install/kortex_description/share/kortex_description/package.dsv
[0.150s] -- Up-to-date: /workspaces/shared/install/kortex_description/share/ament_index/resource_index/packages/kortex_description
[0.150s] -- Up-to-date: /workspaces/shared/install/kortex_description/share/kortex_description/cmake/kortex_descriptionConfig.cmake
[0.150s] -- Up-to-date: /workspaces/shared/install/kortex_description/share/kortex_description/cmake/kortex_descriptionConfig-version.cmake
[0.150s] -- Up-to-date: /workspaces/shared/install/kortex_description/share/kortex_description/package.xml
[0.172s] Invoked command in '/workspaces/shared/build/kortex_description' returned '0': AMENT_PREFIX_PATH=/workspaces/shared/install/robotiq_description:${AMENT_PREFIX_PATH} CMAKE_PREFIX_PATH=/workspaces/shared/install/robotiq_description:/workspaces/moveit2_ws/install/pilz_industrial_motion_planner_testutils:/workspaces/moveit2_ws/install/moveit_runtime:/workspaces/moveit2_ws/install/moveit:/workspaces/moveit2_ws/install/moveit_planners:/workspaces/moveit2_ws/install/pilz_industrial_motion_planner:/workspaces/moveit2_ws/install/moveit_ros_control_interface:/workspaces/moveit2_ws/install/moveit_plugins:/workspaces/moveit2_ws/install/moveit_simple_controller_manager:/workspaces/moveit2_ws/install/moveit_setup_assistant:/workspaces/moveit2_ws/install/moveit_setup_srdf_plugins:/workspaces/moveit2_ws/install/moveit_setup_core_plugins:/workspaces/moveit2_ws/install/moveit_setup_controllers:/workspaces/moveit2_ws/install/moveit_setup_app_plugins:/workspaces/moveit2_ws/install/moveit_setup_framework:/workspaces/moveit2_ws/install/moveit_servo:/workspaces/moveit2_ws/install/moveit_ros_trajectory_cache:/workspaces/moveit2_ws/install/moveit_ros:/workspaces/moveit2_ws/install/moveit_ros_visualization:/workspaces/moveit2_ws/install/moveit_py:/workspaces/moveit2_ws/install/moveit_hybrid_planning:/workspaces/moveit2_ws/install/moveit_ros_planning_interface:/workspaces/moveit2_ws/install/moveit_ros_benchmarks:/workspaces/moveit2_ws/install/moveit_ros_warehouse:/workspaces/moveit2_ws/install/moveit_ros_robot_interaction:/workspaces/moveit2_ws/install/moveit_ros_perception:/workspaces/moveit2_ws/install/moveit_resources_prbt_pg70_support:/workspaces/moveit2_ws/install/moveit_resources_prbt_moveit_config:/workspaces/moveit2_ws/install/moveit_ros_move_group:/workspaces/moveit2_ws/install/moveit_planners_ompl:/workspaces/moveit2_ws/install/moveit_kinematics:/workspaces/moveit2_ws/install/moveit_ros_planning:/workspaces/moveit2_ws/install/moveit_ros_occupancy_map_monitor:/workspaces/moveit2_ws/install/moveit_resources_prbt_support:/workspaces/moveit2_ws/install/moveit_resources_prbt_ikfast_manipulator_plugin:/workspaces/moveit2_ws/install/moveit_resources:/workspaces/moveit2_ws/install/moveit_resources_pr2_description:/workspaces/moveit2_ws/install/moveit_resources_panda_moveit_config:/workspaces/moveit2_ws/install/dual_arm_panda_moveit_config:/workspaces/moveit2_ws/install/moveit_resources_panda_description:/workspaces/moveit2_ws/install/moveit_resources_fanuc_moveit_config:/workspaces/moveit2_ws/install/moveit_resources_fanuc_description:/workspaces/moveit2_ws/install/moveit_planners_stomp:/workspaces/moveit2_ws/install/moveit_planners_chomp:/workspaces/moveit2_ws/install/chomp_motion_planner:/workspaces/moveit2_ws/install/moveit_core:/workspaces/moveit2_ws/install/moveit_msgs:/workspaces/moveit2_ws/install/moveit_common:/workspaces/moveit2_ws/install/moveit_configs_utils:/opt/ros/humble /usr/bin/cmake --install /workspaces/shared/build/kortex_description
