[0.043s] Invoking command in '/workspaces/shared/build/moveit2_tutorials': AMENT_PREFIX_PATH=/workspaces/shared/install/moveit_task_constructor_core:/workspaces/shared/install/kinova_gen3_7dof_robotiq_2f_85_moveit_config:/workspaces/shared/install/moveit_visual_tools:/workspaces/shared/install/moveit_task_constructor_msgs:/workspaces/shared/install/moveit_resources_panda_moveit_config:/workspaces/shared/install/moveit_resources_fanuc_moveit_config:/workspaces/shared/install/kortex_description:/workspaces/shared/install/rviz_visual_tools:/workspaces/shared/install/rviz_marker_tools:/workspaces/shared/install/robotiq_description:/workspaces/shared/install/moveit_resources_panda_description:/workspaces/shared/install/moveit_resources_fanuc_description:/workspaces/shared/install/moveit_msgs:${AMENT_PREFIX_PATH} CMAKE_MODULE_PATH=/workspaces/shared/install/moveit_task_constructor_core/share/moveit_task_constructor_core/cmake CMAKE_PREFIX_PATH=/workspaces/shared/install/moveit_task_constructor_core:/workspaces/shared/install/kinova_gen3_7dof_robotiq_2f_85_moveit_config:/workspaces/shared/install/moveit_visual_tools:/workspaces/shared/install/moveit_task_constructor_msgs:/workspaces/shared/install/moveit_resources_panda_moveit_config:/workspaces/shared/install/moveit_resources_fanuc_moveit_config:/workspaces/shared/install/kortex_description:/workspaces/shared/install/rviz_visual_tools:/workspaces/shared/install/rviz_marker_tools:/workspaces/shared/install/robotiq_description:/workspaces/shared/install/moveit_resources_panda_description:/workspaces/shared/install/moveit_resources_fanuc_description:/workspaces/shared/install/moveit_msgs:/workspaces/moveit2_ws/install/pilz_industrial_motion_planner_testutils:/workspaces/moveit2_ws/install/moveit_runtime:/workspaces/moveit2_ws/install/moveit:/workspaces/moveit2_ws/install/moveit_planners:/workspaces/moveit2_ws/install/pilz_industrial_motion_planner:/workspaces/moveit2_ws/install/moveit_ros_control_interface:/workspaces/moveit2_ws/install/moveit_plugins:/workspaces/moveit2_ws/install/moveit_simple_controller_manager:/workspaces/moveit2_ws/install/moveit_setup_assistant:/workspaces/moveit2_ws/install/moveit_setup_srdf_plugins:/workspaces/moveit2_ws/install/moveit_setup_core_plugins:/workspaces/moveit2_ws/install/moveit_setup_controllers:/workspaces/moveit2_ws/install/moveit_setup_app_plugins:/workspaces/moveit2_ws/install/moveit_setup_framework:/workspaces/moveit2_ws/install/moveit_servo:/workspaces/moveit2_ws/install/moveit_ros_trajectory_cache:/workspaces/moveit2_ws/install/moveit_ros:/workspaces/moveit2_ws/install/moveit_ros_visualization:/workspaces/moveit2_ws/install/moveit_py:/workspaces/moveit2_ws/install/moveit_hybrid_planning:/workspaces/moveit2_ws/install/moveit_ros_planning_interface:/workspaces/moveit2_ws/install/moveit_ros_benchmarks:/workspaces/moveit2_ws/install/moveit_ros_warehouse:/workspaces/moveit2_ws/install/moveit_ros_robot_interaction:/workspaces/moveit2_ws/install/moveit_ros_perception:/workspaces/moveit2_ws/install/moveit_resources_prbt_pg70_support:/workspaces/moveit2_ws/install/moveit_resources_prbt_moveit_config:/workspaces/moveit2_ws/install/moveit_ros_move_group:/workspaces/moveit2_ws/install/moveit_planners_ompl:/workspaces/moveit2_ws/install/moveit_kinematics:/workspaces/moveit2_ws/install/moveit_ros_planning:/workspaces/moveit2_ws/install/moveit_ros_occupancy_map_monitor:/workspaces/moveit2_ws/install/moveit_resources_prbt_support:/workspaces/moveit2_ws/install/moveit_resources_prbt_ikfast_manipulator_plugin:/workspaces/moveit2_ws/install/moveit_resources:/workspaces/moveit2_ws/install/moveit_resources_pr2_description:/workspaces/moveit2_ws/install/moveit_resources_panda_moveit_config:/workspaces/moveit2_ws/install/dual_arm_panda_moveit_config:/workspaces/moveit2_ws/install/moveit_resources_panda_description:/workspaces/moveit2_ws/install/moveit_resources_fanuc_moveit_config:/workspaces/moveit2_ws/install/moveit_resources_fanuc_description:/workspaces/moveit2_ws/install/moveit_planners_stomp:/workspaces/moveit2_ws/install/moveit_planners_chomp:/workspaces/moveit2_ws/install/chomp_motion_planner:/workspaces/moveit2_ws/install/moveit_core:/workspaces/moveit2_ws/install/moveit_msgs:/workspaces/moveit2_ws/install/moveit_common:/workspaces/moveit2_ws/install/moveit_configs_utils:/opt/ros/humble LD_LIBRARY_PATH=/workspaces/shared/install/moveit_task_constructor_core/lib:/workspaces/shared/install/moveit_visual_tools/lib:/workspaces/shared/install/moveit_task_constructor_msgs/lib:/workspaces/shared/install/rviz_visual_tools/lib:/workspaces/shared/install/rviz_marker_tools/lib:/workspaces/shared/install/moveit_msgs/lib:${LD_LIBRARY_PATH} PYTHONPATH=/workspaces/shared/install/moveit_task_constructor_core/local/lib/python3.10/dist-packages:/workspaces/shared/install/moveit_task_constructor_msgs/local/lib/python3.10/dist-packages:/workspaces/shared/install/moveit_msgs/local/lib/python3.10/dist-packages:${PYTHONPATH} /usr/bin/cmake /workspaces/shared/src/moveit2_tutorials -DCMAKE_BUILD_TYPE=Release -DCMAKE_INSTALL_PREFIX=/workspaces/shared/install/moveit2_tutorials
[0.058s] -- Found moveit_common: 2.14.0 (/workspaces/moveit2_ws/install/moveit_common/share/moveit_common/cmake)
[0.059s] -- Found ament_cmake: 1.3.11 (/opt/ros/humble/share/ament_cmake/cmake)
[0.237s] -- Found Boost: /usr/lib/x86_64-linux-gnu/cmake/Boost-1.74.0/BoostConfig.cmake (found version "1.74.0")  
[0.237s] -- Found control_msgs: 4.8.0 (/opt/ros/humble/share/control_msgs/cmake)
[0.265s] -- Found rosidl_generator_c: 3.1.6 (/opt/ros/humble/share/rosidl_generator_c/cmake)
[0.267s] -- Found rosidl_adapter: 3.1.6 (/opt/ros/humble/share/rosidl_adapter/cmake)
[0.272s] -- Found rosidl_generator_cpp: 3.1.6 (/opt/ros/humble/share/rosidl_generator_cpp/cmake)
[0.282s] -- Using all available rosidl_typesupport_c: rosidl_typesupport_fastrtps_c;rosidl_typesupport_introspection_c
[0.295s] -- Using all available rosidl_typesupport_cpp: rosidl_typesupport_fastrtps_cpp;rosidl_typesupport_introspection_cpp
[0.392s] -- Found interactive_markers: 2.3.2 (/opt/ros/humble/share/interactive_markers/cmake)
[0.412s] -- Found rmw_implementation_cmake: 6.1.2 (/opt/ros/humble/share/rmw_implementation_cmake/cmake)
[0.415s] -- Found rmw_fastrtps_cpp: 6.2.7 (/opt/ros/humble/share/rmw_fastrtps_cpp/cmake)
[0.572s] -- Using RMW implementation 'rmw_fastrtps_cpp' as default
[0.621s] -- Found moveit_core: 2.14.0 (/workspaces/moveit2_ws/install/moveit_core/share/moveit_core/cmake)
[0.633s] -- Found Boost: /usr/lib/x86_64-linux-gnu/cmake/Boost-1.74.0/BoostConfig.cmake (found version "1.74.0") found components: chrono date_time filesystem iostreams program_options regex serialization system thread 
[0.659s] -- Found parameter_traits: 0.5.0 (/opt/ros/humble/share/parameter_traits/cmake)
[0.665s] -- Found rclcpp_lifecycle: 16.0.12 (/opt/ros/humble/share/rclcpp_lifecycle/cmake)
[0.684s] -- Found Boost: /usr/lib/x86_64-linux-gnu/cmake/Boost-1.74.0/BoostConfig.cmake (found version "1.74.0") found components: filesystem 
[0.738s] -- library: /usr/lib/x86_64-linux-gnu/libcurl.so
[0.755s] -- Ensuring Eigen3 include directory is part of orocos-kdl CMake target
[0.895s] -- Found moveit_ros_planning: 2.14.0 (/workspaces/moveit2_ws/install/moveit_ros_planning/share/moveit_ros_planning/cmake)
[0.900s] -- Found Boost: /usr/lib/x86_64-linux-gnu/cmake/Boost-1.74.0/BoostConfig.cmake (found version "1.74.0") found components: system filesystem date_time program_options thread chrono 
[0.920s] -- Found moveit_ros_planning_interface: 2.14.0 (/workspaces/moveit2_ws/install/moveit_ros_planning_interface/share/moveit_ros_planning_interface/cmake)
[0.924s] -- Found Boost: /usr/lib/x86_64-linux-gnu/cmake/Boost-1.74.0/BoostConfig.cmake (found version "1.74.0") found components: date_time filesystem program_options system thread 
[0.934s] -- Found Boost: /usr/lib/x86_64-linux-gnu/cmake/Boost-1.74.0/BoostConfig.cmake (found version "1.74.0") found components: thread system filesystem regex date_time program_options 
[0.950s] -- Found Boost: /usr/lib/x86_64-linux-gnu/cmake/Boost-1.74.0/BoostConfig.cmake (found version "1.74.0") found components: system filesystem date_time program_options thread 
[0.969s] -- Found moveit_ros_trajectory_cache: 2.14.0 (/workspaces/moveit2_ws/install/moveit_ros_trajectory_cache/share/moveit_ros_trajectory_cache/cmake)
[0.973s] -- Found moveit_servo: 2.14.0 (/workspaces/moveit2_ws/install/moveit_servo/share/moveit_servo/cmake)
[0.991s] -- Found moveit_task_constructor_core: 0.1.3 (/workspaces/shared/install/moveit_task_constructor_core/share/moveit_task_constructor_core/cmake)
[1.023s] -- Found moveit_visual_tools: 4.1.2 (/workspaces/shared/install/moveit_visual_tools/share/moveit_visual_tools/cmake)
[1.056s] -- Setting assimp_DIR to: '/opt/ros/humble/share/rviz_assimp_vendor/cmake/../../../opt/rviz_assimp_vendor/lib/cmake/assimp-4.1'
[1.070s] -- Setting OGRE_DIR to: '/opt/ros/humble/share/rviz_ogre_vendor/cmake/../../../opt/rviz_ogre_vendor/lib/OGRE/cmake'
[1.071s] -- Found OGRE
[1.071s] --   static     : OFF
[1.071s] --   components : HLMS;MeshLodGenerator;Overlay;Paging;Property;RTShaderSystem;Terrain;Volume
[1.071s] --   plugins    : Plugin_BSPSceneManager;Plugin_OctreeSceneManager;Plugin_PCZSceneManager;Plugin_ParticleFX;RenderSystem_GL;RenderSystem_GL3Plus;Codec_STBI
[1.071s] --   media      : /opt/ros/humble/opt/rviz_ogre_vendor/share/OGRE/Media
[1.071s] -- OGRE_LIBRARIES: OgreHLMS;OgreMeshLodGenerator;OgreOverlay;OgrePaging;OgreProperty;OgreRTShaderSystem;OgreTerrain;OgreVolume;OgreMain
[1.071s] -- OGRE_LIBRARY_DIRS: /opt/ros/humble/opt/rviz_ogre_vendor/lib
[1.071s] -- OGRE_PLUGINS: Plugin_BSPSceneManager;Plugin_OctreeSceneManager;Plugin_PCZSceneManager;Plugin_ParticleFX;RenderSystem_GL;RenderSystem_GL3Plus;Codec_STBI
[1.071s] -- OGRE_PLUGIN_DIR: /opt/ros/humble/opt/rviz_ogre_vendor/lib/OGRE
[1.071s] -- rviz_ogre_vendor::OgreOverlay for IMPORTED_LOCATION_RELEASE: /opt/ros/humble/opt/rviz_ogre_vendor/lib/libOgreOverlay.so
[1.072s] -- rviz_ogre_vendor::OgreOverlay for IMPORTED_LOCATION_DEBUG: /opt/ros/humble/opt/rviz_ogre_vendor/lib/libOgreOverlay.so
[1.072s] -- rviz_ogre_vendor::OgreMain for IMPORTED_LOCATION_RELEASE: /opt/ros/humble/opt/rviz_ogre_vendor/lib/libOgreMain.so
[1.072s] -- rviz_ogre_vendor::OgreMain for IMPORTED_LOCATION_DEBUG: /opt/ros/humble/opt/rviz_ogre_vendor/lib/libOgreMain.so
[1.073s] -- Could not find freeimage library
[1.195s] -- Found warehouse_ros_sqlite: 1.0.5 (/opt/ros/humble/share/warehouse_ros_sqlite/cmake)
[1.833s] -- Found ament_lint_auto: 0.12.12 (/opt/ros/humble/share/ament_lint_auto/cmake)
[1.834s] -- Found ament_cmake_gtest: 1.3.11 (/opt/ros/humble/share/ament_cmake_gtest/cmake)
[1.847s] -- Found ros_testing: 0.4.0 (/opt/ros/humble/share/ros_testing/cmake)
[1.860s] -- Found launch_testing_ament_cmake: 1.0.9 (/opt/ros/humble/share/launch_testing_ament_cmake/cmake)
[1.871s] -- Found python_cmake_module: 0.10.0 (/opt/ros/humble/share/python_cmake_module/cmake)
[1.894s] -- Found PythonInterp: /usr/bin/python3 (found suitable version "3.10.12", minimum required is "3.6") 
[1.903s] -- Found PythonLibs: /usr/lib/x86_64-linux-gnu/libpython3.10.so (found suitable version "3.10.12", minimum required is "3.5") 
[1.903s] -- Using PYTHON_EXECUTABLE: /usr/bin/python3
[1.903s] -- Using PYTHON_INCLUDE_DIRS: /usr/include/python3.10
[1.903s] -- Using PYTHON_LIBRARIES: /usr/lib/x86_64-linux-gnu/libpython3.10.so
[1.928s] -- Found PythonExtra: .so  
[1.933s] -- Found Boost: /usr/lib/x86_64-linux-gnu/cmake/Boost-1.74.0/BoostConfig.cmake (found version "1.74.0") found components: filesystem 
[1.946s] -- Found gtest sources under '/opt/ros/humble/src/gtest_vendor': C++ tests using 'Google Test' will be built
[1.990s] -- Configuring done
[2.809s] -- Generating done
[2.927s] -- Build files have been written to: /workspaces/shared/build/moveit2_tutorials
[2.963s] Invoked command in '/workspaces/shared/build/moveit2_tutorials' returned '0': AMENT_PREFIX_PATH=/workspaces/shared/install/moveit_task_constructor_core:/workspaces/shared/install/kinova_gen3_7dof_robotiq_2f_85_moveit_config:/workspaces/shared/install/moveit_visual_tools:/workspaces/shared/install/moveit_task_constructor_msgs:/workspaces/shared/install/moveit_resources_panda_moveit_config:/workspaces/shared/install/moveit_resources_fanuc_moveit_config:/workspaces/shared/install/kortex_description:/workspaces/shared/install/rviz_visual_tools:/workspaces/shared/install/rviz_marker_tools:/workspaces/shared/install/robotiq_description:/workspaces/shared/install/moveit_resources_panda_description:/workspaces/shared/install/moveit_resources_fanuc_description:/workspaces/shared/install/moveit_msgs:${AMENT_PREFIX_PATH} CMAKE_MODULE_PATH=/workspaces/shared/install/moveit_task_constructor_core/share/moveit_task_constructor_core/cmake CMAKE_PREFIX_PATH=/workspaces/shared/install/moveit_task_constructor_core:/workspaces/shared/install/kinova_gen3_7dof_robotiq_2f_85_moveit_config:/workspaces/shared/install/moveit_visual_tools:/workspaces/shared/install/moveit_task_constructor_msgs:/workspaces/shared/install/moveit_resources_panda_moveit_config:/workspaces/shared/install/moveit_resources_fanuc_moveit_config:/workspaces/shared/install/kortex_description:/workspaces/shared/install/rviz_visual_tools:/workspaces/shared/install/rviz_marker_tools:/workspaces/shared/install/robotiq_description:/workspaces/shared/install/moveit_resources_panda_description:/workspaces/shared/install/moveit_resources_fanuc_description:/workspaces/shared/install/moveit_msgs:/workspaces/moveit2_ws/install/pilz_industrial_motion_planner_testutils:/workspaces/moveit2_ws/install/moveit_runtime:/workspaces/moveit2_ws/install/moveit:/workspaces/moveit2_ws/install/moveit_planners:/workspaces/moveit2_ws/install/pilz_industrial_motion_planner:/workspaces/moveit2_ws/install/moveit_ros_control_interface:/workspaces/moveit2_ws/install/moveit_plugins:/workspaces/moveit2_ws/install/moveit_simple_controller_manager:/workspaces/moveit2_ws/install/moveit_setup_assistant:/workspaces/moveit2_ws/install/moveit_setup_srdf_plugins:/workspaces/moveit2_ws/install/moveit_setup_core_plugins:/workspaces/moveit2_ws/install/moveit_setup_controllers:/workspaces/moveit2_ws/install/moveit_setup_app_plugins:/workspaces/moveit2_ws/install/moveit_setup_framework:/workspaces/moveit2_ws/install/moveit_servo:/workspaces/moveit2_ws/install/moveit_ros_trajectory_cache:/workspaces/moveit2_ws/install/moveit_ros:/workspaces/moveit2_ws/install/moveit_ros_visualization:/workspaces/moveit2_ws/install/moveit_py:/workspaces/moveit2_ws/install/moveit_hybrid_planning:/workspaces/moveit2_ws/install/moveit_ros_planning_interface:/workspaces/moveit2_ws/install/moveit_ros_benchmarks:/workspaces/moveit2_ws/install/moveit_ros_warehouse:/workspaces/moveit2_ws/install/moveit_ros_robot_interaction:/workspaces/moveit2_ws/install/moveit_ros_perception:/workspaces/moveit2_ws/install/moveit_resources_prbt_pg70_support:/workspaces/moveit2_ws/install/moveit_resources_prbt_moveit_config:/workspaces/moveit2_ws/install/moveit_ros_move_group:/workspaces/moveit2_ws/install/moveit_planners_ompl:/workspaces/moveit2_ws/install/moveit_kinematics:/workspaces/moveit2_ws/install/moveit_ros_planning:/workspaces/moveit2_ws/install/moveit_ros_occupancy_map_monitor:/workspaces/moveit2_ws/install/moveit_resources_prbt_support:/workspaces/moveit2_ws/install/moveit_resources_prbt_ikfast_manipulator_plugin:/workspaces/moveit2_ws/install/moveit_resources:/workspaces/moveit2_ws/install/moveit_resources_pr2_description:/workspaces/moveit2_ws/install/moveit_resources_panda_moveit_config:/workspaces/moveit2_ws/install/dual_arm_panda_moveit_config:/workspaces/moveit2_ws/install/moveit_resources_panda_description:/workspaces/moveit2_ws/install/moveit_resources_fanuc_moveit_config:/workspaces/moveit2_ws/install/moveit_resources_fanuc_description:/workspaces/moveit2_ws/install/moveit_planners_stomp:/workspaces/moveit2_ws/install/moveit_planners_chomp:/workspaces/moveit2_ws/install/chomp_motion_planner:/workspaces/moveit2_ws/install/moveit_core:/workspaces/moveit2_ws/install/moveit_msgs:/workspaces/moveit2_ws/install/moveit_common:/workspaces/moveit2_ws/install/moveit_configs_utils:/opt/ros/humble LD_LIBRARY_PATH=/workspaces/shared/install/moveit_task_constructor_core/lib:/workspaces/shared/install/moveit_visual_tools/lib:/workspaces/shared/install/moveit_task_constructor_msgs/lib:/workspaces/shared/install/rviz_visual_tools/lib:/workspaces/shared/install/rviz_marker_tools/lib:/workspaces/shared/install/moveit_msgs/lib:${LD_LIBRARY_PATH} PYTHONPATH=/workspaces/shared/install/moveit_task_constructor_core/local/lib/python3.10/dist-packages:/workspaces/shared/install/moveit_task_constructor_msgs/local/lib/python3.10/dist-packages:/workspaces/shared/install/moveit_msgs/local/lib/python3.10/dist-packages:${PYTHONPATH} /usr/bin/cmake /workspaces/shared/src/moveit2_tutorials -DCMAKE_BUILD_TYPE=Release -DCMAKE_INSTALL_PREFIX=/workspaces/shared/install/moveit2_tutorials
[2.965s] Invoking command in '/workspaces/shared/build/moveit2_tutorials': AMENT_PREFIX_PATH=/workspaces/shared/install/moveit_task_constructor_core:/workspaces/shared/install/kinova_gen3_7dof_robotiq_2f_85_moveit_config:/workspaces/shared/install/moveit_visual_tools:/workspaces/shared/install/moveit_task_constructor_msgs:/workspaces/shared/install/moveit_resources_panda_moveit_config:/workspaces/shared/install/moveit_resources_fanuc_moveit_config:/workspaces/shared/install/kortex_description:/workspaces/shared/install/rviz_visual_tools:/workspaces/shared/install/rviz_marker_tools:/workspaces/shared/install/robotiq_description:/workspaces/shared/install/moveit_resources_panda_description:/workspaces/shared/install/moveit_resources_fanuc_description:/workspaces/shared/install/moveit_msgs:${AMENT_PREFIX_PATH} CMAKE_MODULE_PATH=/workspaces/shared/install/moveit_task_constructor_core/share/moveit_task_constructor_core/cmake CMAKE_PREFIX_PATH=/workspaces/shared/install/moveit_task_constructor_core:/workspaces/shared/install/kinova_gen3_7dof_robotiq_2f_85_moveit_config:/workspaces/shared/install/moveit_visual_tools:/workspaces/shared/install/moveit_task_constructor_msgs:/workspaces/shared/install/moveit_resources_panda_moveit_config:/workspaces/shared/install/moveit_resources_fanuc_moveit_config:/workspaces/shared/install/kortex_description:/workspaces/shared/install/rviz_visual_tools:/workspaces/shared/install/rviz_marker_tools:/workspaces/shared/install/robotiq_description:/workspaces/shared/install/moveit_resources_panda_description:/workspaces/shared/install/moveit_resources_fanuc_description:/workspaces/shared/install/moveit_msgs:/workspaces/moveit2_ws/install/pilz_industrial_motion_planner_testutils:/workspaces/moveit2_ws/install/moveit_runtime:/workspaces/moveit2_ws/install/moveit:/workspaces/moveit2_ws/install/moveit_planners:/workspaces/moveit2_ws/install/pilz_industrial_motion_planner:/workspaces/moveit2_ws/install/moveit_ros_control_interface:/workspaces/moveit2_ws/install/moveit_plugins:/workspaces/moveit2_ws/install/moveit_simple_controller_manager:/workspaces/moveit2_ws/install/moveit_setup_assistant:/workspaces/moveit2_ws/install/moveit_setup_srdf_plugins:/workspaces/moveit2_ws/install/moveit_setup_core_plugins:/workspaces/moveit2_ws/install/moveit_setup_controllers:/workspaces/moveit2_ws/install/moveit_setup_app_plugins:/workspaces/moveit2_ws/install/moveit_setup_framework:/workspaces/moveit2_ws/install/moveit_servo:/workspaces/moveit2_ws/install/moveit_ros_trajectory_cache:/workspaces/moveit2_ws/install/moveit_ros:/workspaces/moveit2_ws/install/moveit_ros_visualization:/workspaces/moveit2_ws/install/moveit_py:/workspaces/moveit2_ws/install/moveit_hybrid_planning:/workspaces/moveit2_ws/install/moveit_ros_planning_interface:/workspaces/moveit2_ws/install/moveit_ros_benchmarks:/workspaces/moveit2_ws/install/moveit_ros_warehouse:/workspaces/moveit2_ws/install/moveit_ros_robot_interaction:/workspaces/moveit2_ws/install/moveit_ros_perception:/workspaces/moveit2_ws/install/moveit_resources_prbt_pg70_support:/workspaces/moveit2_ws/install/moveit_resources_prbt_moveit_config:/workspaces/moveit2_ws/install/moveit_ros_move_group:/workspaces/moveit2_ws/install/moveit_planners_ompl:/workspaces/moveit2_ws/install/moveit_kinematics:/workspaces/moveit2_ws/install/moveit_ros_planning:/workspaces/moveit2_ws/install/moveit_ros_occupancy_map_monitor:/workspaces/moveit2_ws/install/moveit_resources_prbt_support:/workspaces/moveit2_ws/install/moveit_resources_prbt_ikfast_manipulator_plugin:/workspaces/moveit2_ws/install/moveit_resources:/workspaces/moveit2_ws/install/moveit_resources_pr2_description:/workspaces/moveit2_ws/install/moveit_resources_panda_moveit_config:/workspaces/moveit2_ws/install/dual_arm_panda_moveit_config:/workspaces/moveit2_ws/install/moveit_resources_panda_description:/workspaces/moveit2_ws/install/moveit_resources_fanuc_moveit_config:/workspaces/moveit2_ws/install/moveit_resources_fanuc_description:/workspaces/moveit2_ws/install/moveit_planners_stomp:/workspaces/moveit2_ws/install/moveit_planners_chomp:/workspaces/moveit2_ws/install/chomp_motion_planner:/workspaces/moveit2_ws/install/moveit_core:/workspaces/moveit2_ws/install/moveit_msgs:/workspaces/moveit2_ws/install/moveit_common:/workspaces/moveit2_ws/install/moveit_configs_utils:/opt/ros/humble LD_LIBRARY_PATH=/workspaces/shared/install/moveit_task_constructor_core/lib:/workspaces/shared/install/moveit_visual_tools/lib:/workspaces/shared/install/moveit_task_constructor_msgs/lib:/workspaces/shared/install/rviz_visual_tools/lib:/workspaces/shared/install/rviz_marker_tools/lib:/workspaces/shared/install/moveit_msgs/lib:${LD_LIBRARY_PATH} PYTHONPATH=/workspaces/shared/install/moveit_task_constructor_core/local/lib/python3.10/dist-packages:/workspaces/shared/install/moveit_task_constructor_msgs/local/lib/python3.10/dist-packages:/workspaces/shared/install/moveit_msgs/local/lib/python3.10/dist-packages:${PYTHONPATH} /usr/bin/cmake --build /workspaces/shared/build/moveit2_tutorials -- -j24 -l24
[3.085s] [  2%] [32mBuilding CXX object doc/examples/collision_environments/CMakeFiles/collision_scene_example.dir/src/collision_scene_example.cpp.o[0m
[3.088s] [  4%] [32mBuilding CXX object doc/how_to_guides/pilz_industrial_motion_planner/CMakeFiles/pilz_sequence.dir/src/pilz_sequence.cpp.o[0m
[3.089s] [  7%] [32mBuilding CXX object doc/examples/motion_planning_api/CMakeFiles/motion_planning_api_tutorial.dir/src/motion_planning_api_tutorial.cpp.o[0m
[3.091s] [  9%] [32mBuilding CXX object doc/examples/move_group_interface/CMakeFiles/move_group_interface_tutorial.dir/src/move_group_interface_tutorial.cpp.o[0m
[3.094s] [ 11%] [32mBuilding CXX object doc/examples/motion_planning_pipeline/CMakeFiles/motion_planning_pipeline_tutorial.dir/src/motion_planning_pipeline_tutorial.cpp.o[0m
[3.095s] [ 14%] [32mBuilding CXX object doc/how_to_guides/parallel_planning/CMakeFiles/parallel_planning_example.dir/src/parallel_planning_main.cpp.o[0m
[3.096s] [ 16%] [32mBuilding CXX object doc/examples/realtime_servo/CMakeFiles/pose_tracking_tutorial.dir/src/pose_tracking_tutorial.cpp.o[0m
[3.100s] [ 19%] [32mBuilding CXX object doc/how_to_guides/kinematics_cost_function/CMakeFiles/kinematics_cost_function_tutorial.dir/src/kinematics_cost_function_tutorial.cpp.o[0m
[3.104s] [ 21%] [32mBuilding CXX object doc/how_to_guides/pilz_industrial_motion_planner/CMakeFiles/pilz_mtc.dir/src/pilz_mtc.cpp.o[0m
[3.106s] [ 23%] [32mBuilding CXX object doc/how_to_guides/pilz_industrial_motion_planner/CMakeFiles/pilz_move_group.dir/src/pilz_move_group.cpp.o[0m
[3.107s] [ 26%] [32mBuilding CXX object doc/tutorials/pick_and_place_with_moveit_task_constructor/CMakeFiles/mtc_tutorial.dir/src/mtc_node.cpp.o[0m
[3.112s] [ 28%] [32mBuilding CXX object doc/examples/moveit_cpp/CMakeFiles/moveit_cpp_tutorial.dir/src/moveit_cpp_tutorial.cpp.o[0m
[3.112s] [ 30%] [32mBuilding CXX object doc/tutorials/pick_and_place_with_moveit_task_constructor/CMakeFiles/minimal_mtc_tutorial.dir/src/minimal.cpp.o[0m
[3.113s] [ 33%] [32mBuilding CXX object doc/how_to_guides/trajectory_cache/CMakeFiles/trajectory_cache_demo.dir/src/trajectory_cache_demo.cpp.o[0m
[3.114s] [ 35%] [32mBuilding CXX object doc/how_to_guides/using_ompl_constrained_planning/CMakeFiles/ompl_constrained_planning.dir/src/ompl_constrained_planning_tutorial.cpp.o[0m
[3.114s] [ 38%] [32mBuilding CXX object doc/examples/planning_scene/CMakeFiles/planning_scene_tutorial.dir/src/planning_scene_tutorial.cpp.o[0m
[3.115s] [ 40%] [32mBuilding CXX object doc/examples/robot_model_and_robot_state/CMakeFiles/robot_model_and_robot_state_tutorial.dir/src/robot_model_and_robot_state_tutorial.cpp.o[0m
[3.118s] [ 42%] [32mBuilding CXX object doc/examples/planning_scene_ros_api/CMakeFiles/planning_scene_ros_api_tutorial.dir/src/planning_scene_ros_api_tutorial.cpp.o[0m
[3.120s] [ 45%] [32mBuilding CXX object gtest/CMakeFiles/gtest.dir/src/gtest-all.cc.o[0m
[3.128s] [ 47%] [32mBuilding CXX object gtest/CMakeFiles/gtest_main.dir/src/gtest_main.cc.o[0m
[4.647s] [ 50%] [32m[1mLinking CXX static library libgtest_main.a[0m
[4.830s] [ 50%] Built target gtest_main
[7.354s] In file included from [01m[K/workspaces/shared/src/moveit2_tutorials/doc/how_to_guides/trajectory_cache/src/trajectory_cache_demo.cpp:97[m[K:
[7.358s] [01m[K/workspaces/moveit2_ws/install/moveit_ros_planning_interface/include/moveit_ros_planning_interface/moveit/move_group_interface/move_group_interface.h:51:77:[m[K [01;36m[Knote: [m[K‘[01m[K#pragma message: .h header is obsolete. Please use the .hpp header instead.[m[K’
[7.360s]    51 | #pragma message(".h header is obsolete. Please use the .hpp header instead."[01;36m[K)[m[K
[7.361s]       |                                                                             [01;36m[K^[m[K
[11.324s] [ 52%] [32m[1mLinking CXX static library libgtest.a[0m
[11.414s] [ 52%] Built target gtest
[11.472s] [ 54%] [32mBuilding CXX object doc/tutorials/quickstart_in_rviz/CMakeFiles/bringup_test.dir/test/bringup_test.cpp.o[0m
[12.687s] [ 57%] [32m[1mLinking CXX executable robot_model_and_robot_state_tutorial[0m
[13.368s] [ 57%] Built target robot_model_and_robot_state_tutorial
[14.347s] [ 59%] [32m[1mLinking CXX executable planning_scene_tutorial[0m
[14.520s] [01m[K/workspaces/shared/src/moveit2_tutorials/doc/how_to_guides/trajectory_cache/src/trajectory_cache_demo.cpp:[m[K In function ‘[01m[Kint main(int, char**)[m[K’:
[14.521s] [01m[K/workspaces/shared/src/moveit2_tutorials/doc/how_to_guides/trajectory_cache/src/trajectory_cache_demo.cpp:981:44:[m[K [01;35m[Kwarning: [m[K‘[01m[Kdouble moveit::planning_interface::MoveGroupInterface::computeCartesianPath(const std::vector<geometry_msgs::msg::Pose_<std::allocator<void> > >&, double, double, moveit_msgs::msg::RobotTrajectory&, bool, moveit_msgs::msg::MoveItErrorCodes*)[m[K’ is deprecated: Drop jump_threshold [[01;35m[K-Wdeprecated-declarations[m[K]
[14.522s]   981 |             [01;35m[Kmove_group.computeCartesianPath(cartesian_path_request.waypoints, cartesian_max_step,[m[K
[14.522s]       |             [01;35m[K~~~~~~~~~~~~~~~~~~~~~~~~~~~~~~~^~~~~~~~~~~~~~~~~~~~~~~~~~~~~~~~~~~~~~~~~~~~~~~~~~~~~~[m[K
[14.523s]   982 | [01;35m[K                                            cartesian_jump_threshold, cartesian_path_response.solution)[m[K;
[14.524s]       |                                             [01;35m[K~~~~~~~~~~~~~~~~~~~~~~~~~~~~~~~~~~~~~~~~~~~~~~~~~~~~~~~~~~~[m[K
[14.524s] In file included from [01m[K/workspaces/moveit2_ws/install/moveit_ros_planning_interface/include/moveit_ros_planning_interface/moveit/move_group_interface/move_group_interface.h:52[m[K,
[14.525s]                  from [01m[K/workspaces/shared/src/moveit2_tutorials/doc/how_to_guides/trajectory_cache/src/trajectory_cache_demo.cpp:97[m[K:
[14.525s] [01m[K/workspaces/moveit2_ws/install/moveit_ros_planning_interface/include/moveit_ros_planning_interface/moveit/move_group_interface/move_group_interface.hpp:765:3:[m[K [01;36m[Knote: [m[Kdeclared here
[14.526s]   765 |   [01;36m[KcomputeCartesianPath[m[K(const std::vector<geometry_msgs::msg::Pose>& waypoints, double eef_step,
[14.526s]       |   [01;36m[K^~~~~~~~~~~~~~~~~~~~[m[K
[15.079s] [ 59%] Built target planning_scene_tutorial
[17.546s] [ 61%] [32m[1mLinking CXX executable collision_scene_example[0m
[18.053s] [ 61%] Built target collision_scene_example
[18.081s] [ 64%] [32m[1mLinking CXX executable planning_scene_ros_api_tutorial[0m
[18.137s] [ 66%] [32m[1mLinking CXX executable pilz_mtc[0m
[18.581s] [ 66%] Built target pilz_mtc
[18.755s] [ 66%] Built target planning_scene_ros_api_tutorial
[18.981s] [ 69%] [32m[1mLinking CXX executable minimal_mtc_tutorial[0m
[19.191s] [ 71%] [32m[1mLinking CXX executable moveit_cpp_tutorial[0m
[19.307s] [ 73%] [32m[1mLinking CXX executable ompl_constrained_planning[0m
[19.522s] [ 73%] Built target minimal_mtc_tutorial
[19.576s] [ 76%] [32m[1mLinking CXX executable pilz_move_group[0m
[19.614s] [ 78%] [32m[1mLinking CXX executable kinematics_cost_function_tutorial[0m
[19.630s] [ 80%] [32m[1mLinking CXX executable mtc_tutorial[0m
[19.695s] [ 80%] Built target moveit_cpp_tutorial
[19.760s] [ 80%] Built target ompl_constrained_planning
[19.819s] [ 83%] [32m[1mLinking CXX executable bringup_test[0m
[20.047s] [ 83%] Built target mtc_tutorial
[20.059s] [ 83%] Built target kinematics_cost_function_tutorial
[20.071s] [ 83%] Built target pilz_move_group
[20.146s] [ 85%] [32m[1mLinking CXX executable move_group_interface_tutorial[0m
[20.223s] [ 88%] [32m[1mLinking CXX executable trajectory_cache_demo[0m
[20.271s] [ 88%] Built target bringup_test
[20.553s] [ 88%] Built target move_group_interface_tutorial
[20.619s] [ 88%] Built target trajectory_cache_demo
[22.518s] [ 90%] [32m[1mLinking CXX executable pilz_sequence[0m
[22.805s] [ 92%] [32m[1mLinking CXX executable pose_tracking_tutorial[0m
[22.968s] [ 92%] Built target pilz_sequence
[23.417s] [ 92%] Built target pose_tracking_tutorial
[24.111s] [ 95%] [32m[1mLinking CXX executable parallel_planning_example[0m
[24.754s] [ 95%] Built target parallel_planning_example
[25.168s] [ 97%] [32m[1mLinking CXX executable motion_planning_api_tutorial[0m
[25.780s] [ 97%] Built target motion_planning_api_tutorial
[27.363s] [100%] [32m[1mLinking CXX executable motion_planning_pipeline_tutorial[0m
[28.005s] [100%] Built target motion_planning_pipeline_tutorial
[28.026s] Invoked command in '/workspaces/shared/build/moveit2_tutorials' returned '0': AMENT_PREFIX_PATH=/workspaces/shared/install/moveit_task_constructor_core:/workspaces/shared/install/kinova_gen3_7dof_robotiq_2f_85_moveit_config:/workspaces/shared/install/moveit_visual_tools:/workspaces/shared/install/moveit_task_constructor_msgs:/workspaces/shared/install/moveit_resources_panda_moveit_config:/workspaces/shared/install/moveit_resources_fanuc_moveit_config:/workspaces/shared/install/kortex_description:/workspaces/shared/install/rviz_visual_tools:/workspaces/shared/install/rviz_marker_tools:/workspaces/shared/install/robotiq_description:/workspaces/shared/install/moveit_resources_panda_description:/workspaces/shared/install/moveit_resources_fanuc_description:/workspaces/shared/install/moveit_msgs:${AMENT_PREFIX_PATH} CMAKE_MODULE_PATH=/workspaces/shared/install/moveit_task_constructor_core/share/moveit_task_constructor_core/cmake CMAKE_PREFIX_PATH=/workspaces/shared/install/moveit_task_constructor_core:/workspaces/shared/install/kinova_gen3_7dof_robotiq_2f_85_moveit_config:/workspaces/shared/install/moveit_visual_tools:/workspaces/shared/install/moveit_task_constructor_msgs:/workspaces/shared/install/moveit_resources_panda_moveit_config:/workspaces/shared/install/moveit_resources_fanuc_moveit_config:/workspaces/shared/install/kortex_description:/workspaces/shared/install/rviz_visual_tools:/workspaces/shared/install/rviz_marker_tools:/workspaces/shared/install/robotiq_description:/workspaces/shared/install/moveit_resources_panda_description:/workspaces/shared/install/moveit_resources_fanuc_description:/workspaces/shared/install/moveit_msgs:/workspaces/moveit2_ws/install/pilz_industrial_motion_planner_testutils:/workspaces/moveit2_ws/install/moveit_runtime:/workspaces/moveit2_ws/install/moveit:/workspaces/moveit2_ws/install/moveit_planners:/workspaces/moveit2_ws/install/pilz_industrial_motion_planner:/workspaces/moveit2_ws/install/moveit_ros_control_interface:/workspaces/moveit2_ws/install/moveit_plugins:/workspaces/moveit2_ws/install/moveit_simple_controller_manager:/workspaces/moveit2_ws/install/moveit_setup_assistant:/workspaces/moveit2_ws/install/moveit_setup_srdf_plugins:/workspaces/moveit2_ws/install/moveit_setup_core_plugins:/workspaces/moveit2_ws/install/moveit_setup_controllers:/workspaces/moveit2_ws/install/moveit_setup_app_plugins:/workspaces/moveit2_ws/install/moveit_setup_framework:/workspaces/moveit2_ws/install/moveit_servo:/workspaces/moveit2_ws/install/moveit_ros_trajectory_cache:/workspaces/moveit2_ws/install/moveit_ros:/workspaces/moveit2_ws/install/moveit_ros_visualization:/workspaces/moveit2_ws/install/moveit_py:/workspaces/moveit2_ws/install/moveit_hybrid_planning:/workspaces/moveit2_ws/install/moveit_ros_planning_interface:/workspaces/moveit2_ws/install/moveit_ros_benchmarks:/workspaces/moveit2_ws/install/moveit_ros_warehouse:/workspaces/moveit2_ws/install/moveit_ros_robot_interaction:/workspaces/moveit2_ws/install/moveit_ros_perception:/workspaces/moveit2_ws/install/moveit_resources_prbt_pg70_support:/workspaces/moveit2_ws/install/moveit_resources_prbt_moveit_config:/workspaces/moveit2_ws/install/moveit_ros_move_group:/workspaces/moveit2_ws/install/moveit_planners_ompl:/workspaces/moveit2_ws/install/moveit_kinematics:/workspaces/moveit2_ws/install/moveit_ros_planning:/workspaces/moveit2_ws/install/moveit_ros_occupancy_map_monitor:/workspaces/moveit2_ws/install/moveit_resources_prbt_support:/workspaces/moveit2_ws/install/moveit_resources_prbt_ikfast_manipulator_plugin:/workspaces/moveit2_ws/install/moveit_resources:/workspaces/moveit2_ws/install/moveit_resources_pr2_description:/workspaces/moveit2_ws/install/moveit_resources_panda_moveit_config:/workspaces/moveit2_ws/install/dual_arm_panda_moveit_config:/workspaces/moveit2_ws/install/moveit_resources_panda_description:/workspaces/moveit2_ws/install/moveit_resources_fanuc_moveit_config:/workspaces/moveit2_ws/install/moveit_resources_fanuc_description:/workspaces/moveit2_ws/install/moveit_planners_stomp:/workspaces/moveit2_ws/install/moveit_planners_chomp:/workspaces/moveit2_ws/install/chomp_motion_planner:/workspaces/moveit2_ws/install/moveit_core:/workspaces/moveit2_ws/install/moveit_msgs:/workspaces/moveit2_ws/install/moveit_common:/workspaces/moveit2_ws/install/moveit_configs_utils:/opt/ros/humble LD_LIBRARY_PATH=/workspaces/shared/install/moveit_task_constructor_core/lib:/workspaces/shared/install/moveit_visual_tools/lib:/workspaces/shared/install/moveit_task_constructor_msgs/lib:/workspaces/shared/install/rviz_visual_tools/lib:/workspaces/shared/install/rviz_marker_tools/lib:/workspaces/shared/install/moveit_msgs/lib:${LD_LIBRARY_PATH} PYTHONPATH=/workspaces/shared/install/moveit_task_constructor_core/local/lib/python3.10/dist-packages:/workspaces/shared/install/moveit_task_constructor_msgs/local/lib/python3.10/dist-packages:/workspaces/shared/install/moveit_msgs/local/lib/python3.10/dist-packages:${PYTHONPATH} /usr/bin/cmake --build /workspaces/shared/build/moveit2_tutorials -- -j24 -l24
[28.028s] Invoking command in '/workspaces/shared/build/moveit2_tutorials': AMENT_PREFIX_PATH=/workspaces/shared/install/moveit_task_constructor_core:/workspaces/shared/install/kinova_gen3_7dof_robotiq_2f_85_moveit_config:/workspaces/shared/install/moveit_visual_tools:/workspaces/shared/install/moveit_task_constructor_msgs:/workspaces/shared/install/moveit_resources_panda_moveit_config:/workspaces/shared/install/moveit_resources_fanuc_moveit_config:/workspaces/shared/install/kortex_description:/workspaces/shared/install/rviz_visual_tools:/workspaces/shared/install/rviz_marker_tools:/workspaces/shared/install/robotiq_description:/workspaces/shared/install/moveit_resources_panda_description:/workspaces/shared/install/moveit_resources_fanuc_description:/workspaces/shared/install/moveit_msgs:${AMENT_PREFIX_PATH} CMAKE_MODULE_PATH=/workspaces/shared/install/moveit_task_constructor_core/share/moveit_task_constructor_core/cmake CMAKE_PREFIX_PATH=/workspaces/shared/install/moveit_task_constructor_core:/workspaces/shared/install/kinova_gen3_7dof_robotiq_2f_85_moveit_config:/workspaces/shared/install/moveit_visual_tools:/workspaces/shared/install/moveit_task_constructor_msgs:/workspaces/shared/install/moveit_resources_panda_moveit_config:/workspaces/shared/install/moveit_resources_fanuc_moveit_config:/workspaces/shared/install/kortex_description:/workspaces/shared/install/rviz_visual_tools:/workspaces/shared/install/rviz_marker_tools:/workspaces/shared/install/robotiq_description:/workspaces/shared/install/moveit_resources_panda_description:/workspaces/shared/install/moveit_resources_fanuc_description:/workspaces/shared/install/moveit_msgs:/workspaces/moveit2_ws/install/pilz_industrial_motion_planner_testutils:/workspaces/moveit2_ws/install/moveit_runtime:/workspaces/moveit2_ws/install/moveit:/workspaces/moveit2_ws/install/moveit_planners:/workspaces/moveit2_ws/install/pilz_industrial_motion_planner:/workspaces/moveit2_ws/install/moveit_ros_control_interface:/workspaces/moveit2_ws/install/moveit_plugins:/workspaces/moveit2_ws/install/moveit_simple_controller_manager:/workspaces/moveit2_ws/install/moveit_setup_assistant:/workspaces/moveit2_ws/install/moveit_setup_srdf_plugins:/workspaces/moveit2_ws/install/moveit_setup_core_plugins:/workspaces/moveit2_ws/install/moveit_setup_controllers:/workspaces/moveit2_ws/install/moveit_setup_app_plugins:/workspaces/moveit2_ws/install/moveit_setup_framework:/workspaces/moveit2_ws/install/moveit_servo:/workspaces/moveit2_ws/install/moveit_ros_trajectory_cache:/workspaces/moveit2_ws/install/moveit_ros:/workspaces/moveit2_ws/install/moveit_ros_visualization:/workspaces/moveit2_ws/install/moveit_py:/workspaces/moveit2_ws/install/moveit_hybrid_planning:/workspaces/moveit2_ws/install/moveit_ros_planning_interface:/workspaces/moveit2_ws/install/moveit_ros_benchmarks:/workspaces/moveit2_ws/install/moveit_ros_warehouse:/workspaces/moveit2_ws/install/moveit_ros_robot_interaction:/workspaces/moveit2_ws/install/moveit_ros_perception:/workspaces/moveit2_ws/install/moveit_resources_prbt_pg70_support:/workspaces/moveit2_ws/install/moveit_resources_prbt_moveit_config:/workspaces/moveit2_ws/install/moveit_ros_move_group:/workspaces/moveit2_ws/install/moveit_planners_ompl:/workspaces/moveit2_ws/install/moveit_kinematics:/workspaces/moveit2_ws/install/moveit_ros_planning:/workspaces/moveit2_ws/install/moveit_ros_occupancy_map_monitor:/workspaces/moveit2_ws/install/moveit_resources_prbt_support:/workspaces/moveit2_ws/install/moveit_resources_prbt_ikfast_manipulator_plugin:/workspaces/moveit2_ws/install/moveit_resources:/workspaces/moveit2_ws/install/moveit_resources_pr2_description:/workspaces/moveit2_ws/install/moveit_resources_panda_moveit_config:/workspaces/moveit2_ws/install/dual_arm_panda_moveit_config:/workspaces/moveit2_ws/install/moveit_resources_panda_description:/workspaces/moveit2_ws/install/moveit_resources_fanuc_moveit_config:/workspaces/moveit2_ws/install/moveit_resources_fanuc_description:/workspaces/moveit2_ws/install/moveit_planners_stomp:/workspaces/moveit2_ws/install/moveit_planners_chomp:/workspaces/moveit2_ws/install/chomp_motion_planner:/workspaces/moveit2_ws/install/moveit_core:/workspaces/moveit2_ws/install/moveit_msgs:/workspaces/moveit2_ws/install/moveit_common:/workspaces/moveit2_ws/install/moveit_configs_utils:/opt/ros/humble LD_LIBRARY_PATH=/workspaces/shared/install/moveit_task_constructor_core/lib:/workspaces/shared/install/moveit_visual_tools/lib:/workspaces/shared/install/moveit_task_constructor_msgs/lib:/workspaces/shared/install/rviz_visual_tools/lib:/workspaces/shared/install/rviz_marker_tools/lib:/workspaces/shared/install/moveit_msgs/lib:${LD_LIBRARY_PATH} PYTHONPATH=/workspaces/shared/install/moveit_task_constructor_core/local/lib/python3.10/dist-packages:/workspaces/shared/install/moveit_task_constructor_msgs/local/lib/python3.10/dist-packages:/workspaces/shared/install/moveit_msgs/local/lib/python3.10/dist-packages:${PYTHONPATH} /usr/bin/cmake --install /workspaces/shared/build/moveit2_tutorials
[28.042s] -- Install configuration: "Release"
[28.043s] -- Installing: /workspaces/shared/install/moveit2_tutorials/lib/moveit2_tutorials/collision_scene_example
[28.043s] -- Set runtime path of "/workspaces/shared/install/moveit2_tutorials/lib/moveit2_tutorials/collision_scene_example" to ""
[28.043s] -- Installing: /workspaces/shared/install/moveit2_tutorials/share/moveit2_tutorials/urdf
[28.043s] -- Installing: /workspaces/shared/install/moveit2_tutorials/share/moveit2_tutorials/urdf/realsense_d435
[28.044s] -- Installing: /workspaces/shared/install/moveit2_tutorials/share/moveit2_tutorials/urdf/realsense_d435/camera.urdf.xacro
[28.044s] -- Installing: /workspaces/shared/install/moveit2_tutorials/share/moveit2_tutorials/urdf/realsense_d435/macros.xacro
[28.044s] -- Installing: /workspaces/shared/install/moveit2_tutorials/share/moveit2_tutorials/launch
[28.044s] -- Installing: /workspaces/shared/install/moveit2_tutorials/share/moveit2_tutorials/launch/perception_pipeline_demo.launch.py
[28.044s] -- Installing: /workspaces/shared/install/moveit2_tutorials/share/moveit2_tutorials/launch/depth_camera_environment.launch.py
[28.045s] -- Installing: /workspaces/shared/install/moveit2_tutorials/share/moveit2_tutorials/meshes
[28.045s] -- Installing: /workspaces/shared/install/moveit2_tutorials/share/moveit2_tutorials/meshes/d435.dae
[28.069s] -- Installing: /workspaces/shared/install/moveit2_tutorials/share/moveit2_tutorials/config
[28.070s] -- Installing: /workspaces/shared/install/moveit2_tutorials/share/moveit2_tutorials/config/sensors_3d.yaml
[28.070s] -- Installing: /workspaces/shared/install/moveit2_tutorials/share/moveit2_tutorials/worlds
[28.070s] -- Installing: /workspaces/shared/install/moveit2_tutorials/share/moveit2_tutorials/worlds/perception_pipeline_demo.world
[28.070s] -- Installing: /workspaces/shared/install/moveit2_tutorials/share/moveit2_tutorials/rviz2
[28.070s] -- Installing: /workspaces/shared/install/moveit2_tutorials/share/moveit2_tutorials/rviz2/depth_camera_environment.rviz
[28.071s] -- Up-to-date: /workspaces/shared/install/moveit2_tutorials/share/moveit2_tutorials/config
[28.071s] -- Installing: /workspaces/shared/install/moveit2_tutorials/share/moveit2_tutorials/config/jupyter_notebook_prototyping.rviz
[28.071s] -- Installing: /workspaces/shared/install/moveit2_tutorials/share/moveit2_tutorials/config/jupyter_notebook_prototyping.yaml
[28.071s] -- Up-to-date: /workspaces/shared/install/moveit2_tutorials/share/moveit2_tutorials/launch
[28.071s] -- Installing: /workspaces/shared/install/moveit2_tutorials/share/moveit2_tutorials/launch/jupyter_notebook_prototyping.launch.py
[28.071s] -- Installing: /workspaces/shared/install/moveit2_tutorials/share/moveit2_tutorials/src
[28.071s] -- Installing: /workspaces/shared/install/moveit2_tutorials/share/moveit2_tutorials/src/moveit_notebook_tutorial.ipynb
[28.072s] -- Installing: /workspaces/shared/install/moveit2_tutorials/lib/moveit2_tutorials/motion_planning_api_tutorial
[28.073s] -- Set runtime path of "/workspaces/shared/install/moveit2_tutorials/lib/moveit2_tutorials/motion_planning_api_tutorial" to ""
[28.073s] -- Up-to-date: /workspaces/shared/install/moveit2_tutorials/share/moveit2_tutorials/launch
[28.073s] -- Installing: /workspaces/shared/install/moveit2_tutorials/share/moveit2_tutorials/launch/motion_planning_api_tutorial.launch.py
[28.074s] -- Installing: /workspaces/shared/install/moveit2_tutorials/lib/moveit2_tutorials/motion_planning_pipeline_tutorial
[28.075s] -- Set runtime path of "/workspaces/shared/install/moveit2_tutorials/lib/moveit2_tutorials/motion_planning_pipeline_tutorial" to ""
[28.075s] -- Up-to-date: /workspaces/shared/install/moveit2_tutorials/share/moveit2_tutorials/launch
[28.075s] -- Installing: /workspaces/shared/install/moveit2_tutorials/share/moveit2_tutorials/launch/motion_planning_pipeline_tutorial.launch.py
[28.075s] -- Installing: /workspaces/shared/install/moveit2_tutorials/lib/moveit2_tutorials/motion_planning_python_api_tutorial.py
[28.076s] -- Installing: /workspaces/shared/install/moveit2_tutorials/lib/moveit2_tutorials/motion_planning_python_api_planning_scene.py
[28.076s] -- Up-to-date: /workspaces/shared/install/moveit2_tutorials/share/moveit2_tutorials/config
[28.076s] -- Installing: /workspaces/shared/install/moveit2_tutorials/share/moveit2_tutorials/config/motion_planning_python_api_tutorial.rviz
[28.076s] -- Installing: /workspaces/shared/install/moveit2_tutorials/share/moveit2_tutorials/config/motion_planning_python_api_tutorial.yaml
[28.076s] -- Up-to-date: /workspaces/shared/install/moveit2_tutorials/share/moveit2_tutorials/launch
[28.077s] -- Installing: /workspaces/shared/install/moveit2_tutorials/share/moveit2_tutorials/launch/motion_planning_python_api_tutorial.launch.py
[28.077s] -- Installing: /workspaces/shared/install/moveit2_tutorials/lib/moveit2_tutorials/move_group_interface_tutorial
[28.078s] -- Set runtime path of "/workspaces/shared/install/moveit2_tutorials/lib/moveit2_tutorials/move_group_interface_tutorial" to ""
[28.078s] -- Up-to-date: /workspaces/shared/install/moveit2_tutorials/share/moveit2_tutorials/launch
[28.078s] -- Installing: /workspaces/shared/install/moveit2_tutorials/share/moveit2_tutorials/launch/move_group.rviz
[28.078s] -- Installing: /workspaces/shared/install/moveit2_tutorials/share/moveit2_tutorials/launch/move_group_interface_tutorial.launch.py
[28.078s] -- Installing: /workspaces/shared/install/moveit2_tutorials/share/moveit2_tutorials/launch/move_group.launch.py
[28.079s] -- Installing: /workspaces/shared/install/moveit2_tutorials/lib/moveit2_tutorials/moveit_cpp_tutorial
[28.079s] -- Set runtime path of "/workspaces/shared/install/moveit2_tutorials/lib/moveit2_tutorials/moveit_cpp_tutorial" to ""
[28.079s] -- Up-to-date: /workspaces/shared/install/moveit2_tutorials/share/moveit2_tutorials/launch
[28.079s] -- Installing: /workspaces/shared/install/moveit2_tutorials/share/moveit2_tutorials/launch/moveit_cpp_tutorial.rviz
[28.079s] -- Installing: /workspaces/shared/install/moveit2_tutorials/share/moveit2_tutorials/launch/moveit_cpp_tutorial.launch.py
[28.080s] -- Up-to-date: /workspaces/shared/install/moveit2_tutorials/share/moveit2_tutorials/config
[28.080s] -- Installing: /workspaces/shared/install/moveit2_tutorials/share/moveit2_tutorials/config/moveit_cpp.yaml
[28.080s] -- Installing: /workspaces/shared/install/moveit2_tutorials/lib/moveit2_tutorials/planning_scene_tutorial
[28.081s] -- Set runtime path of "/workspaces/shared/install/moveit2_tutorials/lib/moveit2_tutorials/planning_scene_tutorial" to ""
[28.081s] -- Up-to-date: /workspaces/shared/install/moveit2_tutorials/share/moveit2_tutorials/launch
[28.081s] -- Installing: /workspaces/shared/install/moveit2_tutorials/share/moveit2_tutorials/launch/planning_scene_tutorial.launch.py
[28.081s] -- Installing: /workspaces/shared/install/moveit2_tutorials/lib/moveit2_tutorials/planning_scene_ros_api_tutorial
[28.082s] -- Set runtime path of "/workspaces/shared/install/moveit2_tutorials/lib/moveit2_tutorials/planning_scene_ros_api_tutorial" to ""
[28.082s] -- Up-to-date: /workspaces/shared/install/moveit2_tutorials/share/moveit2_tutorials/launch
[28.082s] -- Installing: /workspaces/shared/install/moveit2_tutorials/share/moveit2_tutorials/launch/planning_scene_ros_api_tutorial.launch.py
[28.083s] -- Installing: /workspaces/shared/install/moveit2_tutorials/lib/moveit2_tutorials/pose_tracking_tutorial
[28.083s] -- Set runtime path of "/workspaces/shared/install/moveit2_tutorials/lib/moveit2_tutorials/pose_tracking_tutorial" to ""
[28.084s] -- Up-to-date: /workspaces/shared/install/moveit2_tutorials/share/moveit2_tutorials/launch
[28.084s] -- Installing: /workspaces/shared/install/moveit2_tutorials/share/moveit2_tutorials/launch/pose_tracking_tutorial.launch.py
[28.084s] -- Up-to-date: /workspaces/shared/install/moveit2_tutorials/share/moveit2_tutorials/config
[28.084s] -- Installing: /workspaces/shared/install/moveit2_tutorials/share/moveit2_tutorials/config/panda_simulated_config.yaml
[28.084s] -- Installing: /workspaces/shared/install/moveit2_tutorials/share/moveit2_tutorials/config/demo_rviz_config.rviz
[28.084s] -- Installing: /workspaces/shared/install/moveit2_tutorials/lib/moveit2_tutorials/robot_model_and_robot_state_tutorial
[28.085s] -- Set runtime path of "/workspaces/shared/install/moveit2_tutorials/lib/moveit2_tutorials/robot_model_and_robot_state_tutorial" to ""
[28.085s] -- Up-to-date: /workspaces/shared/install/moveit2_tutorials/share/moveit2_tutorials/launch
[28.085s] -- Installing: /workspaces/shared/install/moveit2_tutorials/share/moveit2_tutorials/launch/robot_model_and_robot_state_tutorial.launch.py
[28.085s] -- Up-to-date: /workspaces/shared/install/moveit2_tutorials/share/moveit2_tutorials/launch
[28.086s] -- Installing: /workspaces/shared/install/moveit2_tutorials/share/moveit2_tutorials/launch/run_benchmarks.launch.py
[28.086s] -- Up-to-date: /workspaces/shared/install/moveit2_tutorials/share/moveit2_tutorials/config
[28.086s] -- Installing: /workspaces/shared/install/moveit2_tutorials/share/moveit2_tutorials/config/benchmarks.yaml
[28.086s] -- Installing: /workspaces/shared/install/moveit2_tutorials/share/moveit2_tutorials/config/benchmarking_moveit_cpp.yaml
[28.086s] -- Up-to-date: /workspaces/shared/install/moveit2_tutorials/share/moveit2_tutorials/launch
[28.086s] -- Installing: /workspaces/shared/install/moveit2_tutorials/share/moveit2_tutorials/launch/isaac_moveit.py
[28.087s] -- Installing: /workspaces/shared/install/moveit2_tutorials/share/moveit2_tutorials/launch/isaac_demo.launch.py
[28.087s] -- Installing: /workspaces/shared/install/moveit2_tutorials/share/moveit2_tutorials/launch/python.sh
[28.087s] -- Up-to-date: /workspaces/shared/install/moveit2_tutorials/share/moveit2_tutorials/config
[28.087s] -- Installing: /workspaces/shared/install/moveit2_tutorials/share/moveit2_tutorials/config/panda_moveit_config.rviz
[28.088s] -- Installing: /workspaces/shared/install/moveit2_tutorials/lib/moveit2_tutorials/kinematics_cost_function_tutorial
[28.088s] -- Set runtime path of "/workspaces/shared/install/moveit2_tutorials/lib/moveit2_tutorials/kinematics_cost_function_tutorial" to ""
[28.088s] -- Up-to-date: /workspaces/shared/install/moveit2_tutorials/share/moveit2_tutorials/launch
[28.088s] -- Installing: /workspaces/shared/install/moveit2_tutorials/share/moveit2_tutorials/launch/kinematics_cost_function_tutorial.launch.py
[28.089s] -- Installing: /workspaces/shared/install/moveit2_tutorials/lib/moveit2_tutorials/parallel_planning_example
[28.090s] -- Set runtime path of "/workspaces/shared/install/moveit2_tutorials/lib/moveit2_tutorials/parallel_planning_example" to ""
[28.090s] -- Up-to-date: /workspaces/shared/install/moveit2_tutorials/share/moveit2_tutorials/launch
[28.090s] -- Installing: /workspaces/shared/install/moveit2_tutorials/share/moveit2_tutorials/launch/parallel_planning_example.launch.py
[28.090s] -- Up-to-date: /workspaces/shared/install/moveit2_tutorials/share/moveit2_tutorials/config
[28.090s] -- Installing: /workspaces/shared/install/moveit2_tutorials/share/moveit2_tutorials/config/parallel_planning_moveit_cpp.yaml
[28.090s] -- Installing: /workspaces/shared/install/moveit2_tutorials/share/moveit2_tutorials/config/parallel_planning_config.rviz
[28.091s] -- Installing: /workspaces/shared/install/moveit2_tutorials/share/moveit2_tutorials/config/panda_test_db.sqlite
[28.121s] -- Up-to-date: /workspaces/shared/install/moveit2_tutorials/share/moveit2_tutorials/launch
[28.121s] -- Installing: /workspaces/shared/install/moveit2_tutorials/share/moveit2_tutorials/launch/chomp_demo.launch.py
[28.122s] -- Up-to-date: /workspaces/shared/install/moveit2_tutorials/share/moveit2_tutorials/config
[28.122s] -- Installing: /workspaces/shared/install/moveit2_tutorials/share/moveit2_tutorials/config/moveit_chomp.rviz
[28.122s] -- Up-to-date: /workspaces/shared/install/moveit2_tutorials/share/moveit2_tutorials/launch
[28.122s] -- Installing: /workspaces/shared/install/moveit2_tutorials/share/moveit2_tutorials/launch/persistent_scenes_demo.launch.py
[28.123s] -- Installing: /workspaces/shared/install/moveit2_tutorials/lib/moveit2_tutorials/pilz_move_group
[28.123s] -- Set runtime path of "/workspaces/shared/install/moveit2_tutorials/lib/moveit2_tutorials/pilz_move_group" to ""
[28.123s] -- Installing: /workspaces/shared/install/moveit2_tutorials/lib/moveit2_tutorials/pilz_mtc
[28.124s] -- Set runtime path of "/workspaces/shared/install/moveit2_tutorials/lib/moveit2_tutorials/pilz_mtc" to ""
[28.124s] -- Installing: /workspaces/shared/install/moveit2_tutorials/lib/moveit2_tutorials/pilz_sequence
[28.125s] -- Set runtime path of "/workspaces/shared/install/moveit2_tutorials/lib/moveit2_tutorials/pilz_sequence" to ""
[28.125s] -- Up-to-date: /workspaces/shared/install/moveit2_tutorials/share/moveit2_tutorials/launch
[28.125s] -- Installing: /workspaces/shared/install/moveit2_tutorials/share/moveit2_tutorials/launch/pilz_moveit.launch.py
[28.125s] -- Installing: /workspaces/shared/install/moveit2_tutorials/share/moveit2_tutorials/launch/pilz_mtc.launch.py
[28.125s] -- Installing: /workspaces/shared/install/moveit2_tutorials/lib/moveit2_tutorials/trajectory_cache_demo
[28.126s] -- Set runtime path of "/workspaces/shared/install/moveit2_tutorials/lib/moveit2_tutorials/trajectory_cache_demo" to ""
[28.126s] -- Up-to-date: /workspaces/shared/install/moveit2_tutorials/share/moveit2_tutorials/launch
[28.126s] -- Installing: /workspaces/shared/install/moveit2_tutorials/share/moveit2_tutorials/launch/trajectory_cache_demo.launch.py
[28.126s] -- Installing: /workspaces/shared/install/moveit2_tutorials/share/moveit2_tutorials/launch/trajectory_cache_move_group.launch.py
[28.127s] -- Installing: /workspaces/shared/install/moveit2_tutorials/share/moveit2_tutorials/launch/trajectory_cache.rviz
[28.127s] -- Up-to-date: /workspaces/shared/install/moveit2_tutorials/share/moveit2_tutorials/config
[28.127s] -- Installing: /workspaces/shared/install/moveit2_tutorials/share/moveit2_tutorials/config/trajectory_cache_joint_limits.yaml
[28.127s] -- Installing: /workspaces/shared/install/moveit2_tutorials/lib/moveit2_tutorials/ompl_constrained_planning
[28.128s] -- Set runtime path of "/workspaces/shared/install/moveit2_tutorials/lib/moveit2_tutorials/ompl_constrained_planning" to ""
[28.128s] -- Up-to-date: /workspaces/shared/install/moveit2_tutorials/share/moveit2_tutorials/launch
[28.128s] -- Installing: /workspaces/shared/install/moveit2_tutorials/share/moveit2_tutorials/launch/ompl_constrained_planning.launch.py
[28.128s] -- Installing: /workspaces/shared/install/moveit2_tutorials/share/moveit2_tutorials/launch/ompl_constrained_planning.rviz
[28.129s] -- Installing: /workspaces/shared/install/moveit2_tutorials/lib/moveit2_tutorials/mtc_tutorial
[28.129s] -- Set runtime path of "/workspaces/shared/install/moveit2_tutorials/lib/moveit2_tutorials/mtc_tutorial" to ""
[28.129s] -- Installing: /workspaces/shared/install/moveit2_tutorials/lib/moveit2_tutorials/minimal_mtc_tutorial
[28.130s] -- Set runtime path of "/workspaces/shared/install/moveit2_tutorials/lib/moveit2_tutorials/minimal_mtc_tutorial" to ""
[28.130s] -- Up-to-date: /workspaces/shared/install/moveit2_tutorials/share/moveit2_tutorials/launch
[28.130s] -- Installing: /workspaces/shared/install/moveit2_tutorials/share/moveit2_tutorials/launch/mtc_demo_minimal.launch.py
[28.130s] -- Installing: /workspaces/shared/install/moveit2_tutorials/share/moveit2_tutorials/launch/mtc_demo.launch.py
[28.131s] -- Installing: /workspaces/shared/install/moveit2_tutorials/share/moveit2_tutorials/launch/mtc.rviz
[28.131s] -- Installing: /workspaces/shared/install/moveit2_tutorials/share/moveit2_tutorials/launch/pick_place_demo.launch.py
[28.131s] -- Up-to-date: /workspaces/shared/install/moveit2_tutorials/share/moveit2_tutorials/launch
[28.131s] -- Installing: /workspaces/shared/install/moveit2_tutorials/share/moveit2_tutorials/launch/kinova_moveit_config_demo_empty.rviz
[28.131s] -- Installing: /workspaces/shared/install/moveit2_tutorials/share/moveit2_tutorials/launch/demo.launch.py
[28.132s] -- Installing: /workspaces/shared/install/moveit2_tutorials/share/moveit2_tutorials/launch/kinova_moveit_config_demo.rviz
[28.132s] -- Installing: /workspaces/shared/install/moveit2_tutorials/share/moveit2_tutorials/launch/kinova_hello_moveit.rviz
[28.133s] -- Up-to-date: /workspaces/shared/install/moveit2_tutorials/share/moveit2_tutorials/launch
[28.133s] -- Installing: /workspaces/shared/install/moveit2_tutorials/share/moveit2_tutorials/launch/demo_pick_ik.launch.py
[28.133s] -- Up-to-date: /workspaces/shared/install/moveit2_tutorials/share/moveit2_tutorials/config
[28.133s] -- Installing: /workspaces/shared/install/moveit2_tutorials/share/moveit2_tutorials/config/kinematics_pick_ik.yaml
[28.133s] -- Installing: /workspaces/shared/install/moveit2_tutorials/share/ament_index/resource_index/package_run_dependencies/moveit2_tutorials
[28.133s] -- Installing: /workspaces/shared/install/moveit2_tutorials/share/ament_index/resource_index/parent_prefix_path/moveit2_tutorials
[28.134s] -- Installing: /workspaces/shared/install/moveit2_tutorials/share/moveit2_tutorials/environment/ament_prefix_path.sh
[28.134s] -- Installing: /workspaces/shared/install/moveit2_tutorials/share/moveit2_tutorials/environment/ament_prefix_path.dsv
[28.134s] -- Installing: /workspaces/shared/install/moveit2_tutorials/share/moveit2_tutorials/environment/path.sh
[28.134s] -- Installing: /workspaces/shared/install/moveit2_tutorials/share/moveit2_tutorials/environment/path.dsv
[28.134s] -- Installing: /workspaces/shared/install/moveit2_tutorials/share/moveit2_tutorials/local_setup.bash
[28.135s] -- Installing: /workspaces/shared/install/moveit2_tutorials/share/moveit2_tutorials/local_setup.sh
[28.135s] -- Installing: /workspaces/shared/install/moveit2_tutorials/share/moveit2_tutorials/local_setup.zsh
[28.135s] -- Installing: /workspaces/shared/install/moveit2_tutorials/share/moveit2_tutorials/local_setup.dsv
[28.135s] -- Installing: /workspaces/shared/install/moveit2_tutorials/share/moveit2_tutorials/package.dsv
[28.135s] -- Installing: /workspaces/shared/install/moveit2_tutorials/share/ament_index/resource_index/packages/moveit2_tutorials
[28.136s] -- Installing: /workspaces/shared/install/moveit2_tutorials/share/moveit2_tutorials/cmake/ament_cmake_export_dependencies-extras.cmake
[28.136s] -- Installing: /workspaces/shared/install/moveit2_tutorials/share/moveit2_tutorials/cmake/ament_cmake_export_include_directories-extras.cmake
[28.136s] -- Installing: /workspaces/shared/install/moveit2_tutorials/share/moveit2_tutorials/cmake/moveit2_tutorialsConfig.cmake
[28.136s] -- Installing: /workspaces/shared/install/moveit2_tutorials/share/moveit2_tutorials/cmake/moveit2_tutorialsConfig-version.cmake
[28.136s] -- Installing: /workspaces/shared/install/moveit2_tutorials/share/moveit2_tutorials/package.xml
[28.139s] Invoked command in '/workspaces/shared/build/moveit2_tutorials' returned '0': AMENT_PREFIX_PATH=/workspaces/shared/install/moveit_task_constructor_core:/workspaces/shared/install/kinova_gen3_7dof_robotiq_2f_85_moveit_config:/workspaces/shared/install/moveit_visual_tools:/workspaces/shared/install/moveit_task_constructor_msgs:/workspaces/shared/install/moveit_resources_panda_moveit_config:/workspaces/shared/install/moveit_resources_fanuc_moveit_config:/workspaces/shared/install/kortex_description:/workspaces/shared/install/rviz_visual_tools:/workspaces/shared/install/rviz_marker_tools:/workspaces/shared/install/robotiq_description:/workspaces/shared/install/moveit_resources_panda_description:/workspaces/shared/install/moveit_resources_fanuc_description:/workspaces/shared/install/moveit_msgs:${AMENT_PREFIX_PATH} CMAKE_MODULE_PATH=/workspaces/shared/install/moveit_task_constructor_core/share/moveit_task_constructor_core/cmake CMAKE_PREFIX_PATH=/workspaces/shared/install/moveit_task_constructor_core:/workspaces/shared/install/kinova_gen3_7dof_robotiq_2f_85_moveit_config:/workspaces/shared/install/moveit_visual_tools:/workspaces/shared/install/moveit_task_constructor_msgs:/workspaces/shared/install/moveit_resources_panda_moveit_config:/workspaces/shared/install/moveit_resources_fanuc_moveit_config:/workspaces/shared/install/kortex_description:/workspaces/shared/install/rviz_visual_tools:/workspaces/shared/install/rviz_marker_tools:/workspaces/shared/install/robotiq_description:/workspaces/shared/install/moveit_resources_panda_description:/workspaces/shared/install/moveit_resources_fanuc_description:/workspaces/shared/install/moveit_msgs:/workspaces/moveit2_ws/install/pilz_industrial_motion_planner_testutils:/workspaces/moveit2_ws/install/moveit_runtime:/workspaces/moveit2_ws/install/moveit:/workspaces/moveit2_ws/install/moveit_planners:/workspaces/moveit2_ws/install/pilz_industrial_motion_planner:/workspaces/moveit2_ws/install/moveit_ros_control_interface:/workspaces/moveit2_ws/install/moveit_plugins:/workspaces/moveit2_ws/install/moveit_simple_controller_manager:/workspaces/moveit2_ws/install/moveit_setup_assistant:/workspaces/moveit2_ws/install/moveit_setup_srdf_plugins:/workspaces/moveit2_ws/install/moveit_setup_core_plugins:/workspaces/moveit2_ws/install/moveit_setup_controllers:/workspaces/moveit2_ws/install/moveit_setup_app_plugins:/workspaces/moveit2_ws/install/moveit_setup_framework:/workspaces/moveit2_ws/install/moveit_servo:/workspaces/moveit2_ws/install/moveit_ros_trajectory_cache:/workspaces/moveit2_ws/install/moveit_ros:/workspaces/moveit2_ws/install/moveit_ros_visualization:/workspaces/moveit2_ws/install/moveit_py:/workspaces/moveit2_ws/install/moveit_hybrid_planning:/workspaces/moveit2_ws/install/moveit_ros_planning_interface:/workspaces/moveit2_ws/install/moveit_ros_benchmarks:/workspaces/moveit2_ws/install/moveit_ros_warehouse:/workspaces/moveit2_ws/install/moveit_ros_robot_interaction:/workspaces/moveit2_ws/install/moveit_ros_perception:/workspaces/moveit2_ws/install/moveit_resources_prbt_pg70_support:/workspaces/moveit2_ws/install/moveit_resources_prbt_moveit_config:/workspaces/moveit2_ws/install/moveit_ros_move_group:/workspaces/moveit2_ws/install/moveit_planners_ompl:/workspaces/moveit2_ws/install/moveit_kinematics:/workspaces/moveit2_ws/install/moveit_ros_planning:/workspaces/moveit2_ws/install/moveit_ros_occupancy_map_monitor:/workspaces/moveit2_ws/install/moveit_resources_prbt_support:/workspaces/moveit2_ws/install/moveit_resources_prbt_ikfast_manipulator_plugin:/workspaces/moveit2_ws/install/moveit_resources:/workspaces/moveit2_ws/install/moveit_resources_pr2_description:/workspaces/moveit2_ws/install/moveit_resources_panda_moveit_config:/workspaces/moveit2_ws/install/dual_arm_panda_moveit_config:/workspaces/moveit2_ws/install/moveit_resources_panda_description:/workspaces/moveit2_ws/install/moveit_resources_fanuc_moveit_config:/workspaces/moveit2_ws/install/moveit_resources_fanuc_description:/workspaces/moveit2_ws/install/moveit_planners_stomp:/workspaces/moveit2_ws/install/moveit_planners_chomp:/workspaces/moveit2_ws/install/chomp_motion_planner:/workspaces/moveit2_ws/install/moveit_core:/workspaces/moveit2_ws/install/moveit_msgs:/workspaces/moveit2_ws/install/moveit_common:/workspaces/moveit2_ws/install/moveit_configs_utils:/opt/ros/humble LD_LIBRARY_PATH=/workspaces/shared/install/moveit_task_constructor_core/lib:/workspaces/shared/install/moveit_visual_tools/lib:/workspaces/shared/install/moveit_task_constructor_msgs/lib:/workspaces/shared/install/rviz_visual_tools/lib:/workspaces/shared/install/rviz_marker_tools/lib:/workspaces/shared/install/moveit_msgs/lib:${LD_LIBRARY_PATH} PYTHONPATH=/workspaces/shared/install/moveit_task_constructor_core/local/lib/python3.10/dist-packages:/workspaces/shared/install/moveit_task_constructor_msgs/local/lib/python3.10/dist-packages:/workspaces/shared/install/moveit_msgs/local/lib/python3.10/dist-packages:${PYTHONPATH} /usr/bin/cmake --install /workspaces/shared/build/moveit2_tutorials
