[0.078s] Invoking command in '/workspaces/shared/build/moveit_common': CMAKE_PREFIX_PATH=${CMAKE_PREFIX_PATH}:/workspaces/moveit2_ws/install/moveit_configs_utils:/opt/ros/humble /usr/bin/cmake /workspaces/shared/src/moveit2/moveit_common -DCMAKE_BUILD_TYPE=Release -DCMAKE_INSTALL_PREFIX=/workspaces/shared/install/moveit_common
[0.294s] -- Found ament_cmake: 1.3.11 (/opt/ros/humble/share/ament_cmake/cmake)
[0.295s] -- Found Python3: /usr/bin/python3 (found version "3.10.12") found components: Interpreter 
[0.501s] -- Configuring done
[0.503s] -- Generating done
[0.504s] -- Build files have been written to: /workspaces/shared/build/moveit_common
[0.507s] Invoked command in '/workspaces/shared/build/moveit_common' returned '0': CMAKE_PREFIX_PATH=${CMAKE_PREFIX_PATH}:/workspaces/moveit2_ws/install/moveit_configs_utils:/opt/ros/humble /usr/bin/cmake /workspaces/shared/src/moveit2/moveit_common -DCMAKE_BUILD_TYPE=Release -DCMAKE_INSTALL_PREFIX=/workspaces/shared/install/moveit_common
[0.509s] Invoking command in '/workspaces/shared/build/moveit_common': CMAKE_PREFIX_PATH=${CMAKE_PREFIX_PATH}:/workspaces/moveit2_ws/install/moveit_configs_utils:/opt/ros/humble /usr/bin/cmake --build /workspaces/shared/build/moveit_common -- -j24 -l24
[0.566s] Invoked command in '/workspaces/shared/build/moveit_common' returned '0': CMAKE_PREFIX_PATH=${CMAKE_PREFIX_PATH}:/workspaces/moveit2_ws/install/moveit_configs_utils:/opt/ros/humble /usr/bin/cmake --build /workspaces/shared/build/moveit_common -- -j24 -l24
[0.580s] Invoking command in '/workspaces/shared/build/moveit_common': CMAKE_PREFIX_PATH=${CMAKE_PREFIX_PATH}:/workspaces/moveit2_ws/install/moveit_configs_utils:/opt/ros/humble /usr/bin/cmake --install /workspaces/shared/build/moveit_common
[0.590s] -- Install configuration: "Release"
[0.590s] -- Installing: /workspaces/shared/install/moveit_common/share/ament_index/resource_index/package_run_dependencies/moveit_common
[0.591s] -- Installing: /workspaces/shared/install/moveit_common/share/ament_index/resource_index/parent_prefix_path/moveit_common
[0.591s] -- Installing: /workspaces/shared/install/moveit_common/share/moveit_common/environment/ament_prefix_path.sh
[0.591s] -- Installing: /workspaces/shared/install/moveit_common/share/moveit_common/environment/ament_prefix_path.dsv
[0.591s] -- Installing: /workspaces/shared/install/moveit_common/share/moveit_common/environment/path.sh
[0.591s] -- Installing: /workspaces/shared/install/moveit_common/share/moveit_common/environment/path.dsv
[0.592s] -- Installing: /workspaces/shared/install/moveit_common/share/moveit_common/local_setup.bash
[0.592s] -- Installing: /workspaces/shared/install/moveit_common/share/moveit_common/local_setup.sh
[0.592s] -- Installing: /workspaces/shared/install/moveit_common/share/moveit_common/local_setup.zsh
[0.592s] -- Installing: /workspaces/shared/install/moveit_common/share/moveit_common/local_setup.dsv
[0.592s] -- Installing: /workspaces/shared/install/moveit_common/share/moveit_common/package.dsv
[0.595s] -- Installing: /workspaces/shared/install/moveit_common/share/ament_index/resource_index/packages/moveit_common
[0.595s] -- Installing: /workspaces/shared/install/moveit_common/share/moveit_common/cmake/moveit_common-extras.cmake
[0.595s] -- Installing: /workspaces/shared/install/moveit_common/share/moveit_common/cmake/moveit_commonConfig.cmake
[0.595s] -- Installing: /workspaces/shared/install/moveit_common/share/moveit_common/cmake/moveit_commonConfig-version.cmake
[0.595s] -- Installing: /workspaces/shared/install/moveit_common/share/moveit_common/package.xml
[0.595s] -- Up-to-date: /workspaces/shared/install/moveit_common/share/moveit_common/cmake
[0.595s] -- Installing: /workspaces/shared/install/moveit_common/share/moveit_common/cmake/moveit_package.cmake
[0.597s] Invoked command in '/workspaces/shared/build/moveit_common' returned '0': CMAKE_PREFIX_PATH=${CMAKE_PREFIX_PATH}:/workspaces/moveit2_ws/install/moveit_configs_utils:/opt/ros/humble /usr/bin/cmake --install /workspaces/shared/build/moveit_common
