[0.237s] Invoking command in '/workspaces/shared/build/rviz_visual_tools': CMAKE_PREFIX_PATH=${CMAKE_PREFIX_PATH}:/workspaces/moveit2_ws/install/moveit_configs_utils:/opt/ros/humble /usr/bin/cmake /workspaces/shared/src/rviz_visual_tools -DCMAKE_BUILD_TYPE=Release -DCMAKE_INSTALL_PREFIX=/workspaces/shared/install/rviz_visual_tools
[0.305s] -- The C compiler identification is GNU 11.4.0
[0.359s] -- The CXX compiler identification is GNU 11.4.0
[0.368s] -- Detecting C compiler ABI info
[0.453s] -- Detecting C compiler ABI info - done
[0.459s] -- Check for working C compiler: /usr/bin/cc - skipped
[0.459s] -- Detecting C compile features
[0.459s] -- Detecting C compile features - done
[0.462s] -- Detecting CXX compiler ABI info
[0.559s] -- Detecting CXX compiler ABI info - done
[0.565s] -- Check for working CXX compiler: /usr/bin/c++ - skipped
[0.565s] -- Detecting CXX compile features
[0.565s] -- Detecting CXX compile features - done
[0.578s] -- Found ament_cmake: 1.3.11 (/opt/ros/humble/share/ament_cmake/cmake)
[0.729s] -- Found Python3: /usr/bin/python3 (found version "3.10.12") found components: Interpreter 
[0.954s] -- Found rclcpp: 16.0.12 (/opt/ros/humble/share/rclcpp/cmake)
[1.088s] -- Found rosidl_generator_c: 3.1.6 (/opt/ros/humble/share/rosidl_generator_c/cmake)
[1.109s] -- Found rosidl_adapter: 3.1.6 (/opt/ros/humble/share/rosidl_adapter/cmake)
[1.133s] -- Found rosidl_generator_cpp: 3.1.6 (/opt/ros/humble/share/rosidl_generator_cpp/cmake)
[1.162s] -- Using all available rosidl_typesupport_c: rosidl_typesupport_fastrtps_c;rosidl_typesupport_introspection_c
[1.203s] -- Using all available rosidl_typesupport_cpp: rosidl_typesupport_fastrtps_cpp;rosidl_typesupport_introspection_cpp
[1.329s] -- Found rmw_implementation_cmake: 6.1.2 (/opt/ros/humble/share/rmw_implementation_cmake/cmake)
[1.342s] -- Found rmw_fastrtps_cpp: 6.2.7 (/opt/ros/humble/share/rmw_fastrtps_cpp/cmake)
[1.524s] -- Found OpenSSL: /usr/lib/x86_64-linux-gnu/libcrypto.so (found version "3.0.2")  
[1.567s] -- Found FastRTPS: /opt/ros/humble/include  
[1.634s] -- Using RMW implementation 'rmw_fastrtps_cpp' as default
[1.665s] -- Looking for pthread.h
[1.757s] -- Looking for pthread.h - found
[1.757s] -- Performing Test CMAKE_HAVE_LIBC_PTHREAD
[1.848s] -- Performing Test CMAKE_HAVE_LIBC_PTHREAD - Success
[1.849s] -- Found Threads: TRUE  
[1.931s] -- Found rclcpp_components: 16.0.12 (/opt/ros/humble/share/rclcpp_components/cmake)
[1.988s] -- Found rviz_ogre_vendor: 11.2.17 (/opt/ros/humble/share/rviz_ogre_vendor/cmake)
[1.988s] -- Setting OGRE_DIR to: '/opt/ros/humble/share/rviz_ogre_vendor/cmake/../../../opt/rviz_ogre_vendor/lib/OGRE/cmake'
[1.989s] -- Found OGRE
[1.990s] --   static     : OFF
[1.990s] --   components : HLMS;MeshLodGenerator;Overlay;Paging;Property;RTShaderSystem;Terrain;Volume
[1.990s] --   plugins    : Plugin_BSPSceneManager;Plugin_OctreeSceneManager;Plugin_PCZSceneManager;Plugin_ParticleFX;RenderSystem_GL;RenderSystem_GL3Plus;Codec_STBI
[1.990s] --   media      : /opt/ros/humble/opt/rviz_ogre_vendor/share/OGRE/Media
[1.990s] -- OGRE_LIBRARIES: OgreHLMS;OgreMeshLodGenerator;OgreOverlay;OgrePaging;OgreProperty;OgreRTShaderSystem;OgreTerrain;OgreVolume;OgreMain
[1.990s] -- OGRE_LIBRARY_DIRS: /opt/ros/humble/opt/rviz_ogre_vendor/lib
[1.990s] -- OGRE_PLUGINS: Plugin_BSPSceneManager;Plugin_OctreeSceneManager;Plugin_PCZSceneManager;Plugin_ParticleFX;RenderSystem_GL;RenderSystem_GL3Plus;Codec_STBI
[1.990s] -- OGRE_PLUGIN_DIR: /opt/ros/humble/opt/rviz_ogre_vendor/lib/OGRE
[1.990s] -- rviz_ogre_vendor::OgreOverlay for IMPORTED_LOCATION_RELEASE: /opt/ros/humble/opt/rviz_ogre_vendor/lib/libOgreOverlay.so
[1.990s] -- rviz_ogre_vendor::OgreOverlay for IMPORTED_LOCATION_DEBUG: /opt/ros/humble/opt/rviz_ogre_vendor/lib/libOgreOverlay.so
[1.991s] -- rviz_ogre_vendor::OgreMain for IMPORTED_LOCATION_RELEASE: /opt/ros/humble/opt/rviz_ogre_vendor/lib/libOgreMain.so
[1.991s] -- rviz_ogre_vendor::OgreMain for IMPORTED_LOCATION_DEBUG: /opt/ros/humble/opt/rviz_ogre_vendor/lib/libOgreMain.so
[1.992s] -- Could not find freeimage library
[2.017s] -- Found ZLIB: /usr/lib/x86_64-linux-gnu/libz.so (found version "1.2.11") 
[2.025s] -- Found OpenGL: /usr/lib/x86_64-linux-gnu/libOpenGL.so   
[2.178s] -- Found X11: /usr/include   
[2.178s] -- Looking for XOpenDisplay in /usr/lib/x86_64-linux-gnu/libX11.so;/usr/lib/x86_64-linux-gnu/libXext.so
[2.271s] -- Looking for XOpenDisplay in /usr/lib/x86_64-linux-gnu/libX11.so;/usr/lib/x86_64-linux-gnu/libXext.so - found
[2.271s] -- Looking for gethostbyname
[2.359s] -- Looking for gethostbyname - found
[2.359s] -- Looking for connect
[2.451s] -- Looking for connect - found
[2.451s] -- Looking for remove
[2.536s] -- Looking for remove - found
[2.537s] -- Looking for shmat
[2.620s] -- Looking for shmat - found
[2.620s] -- Looking for IceConnectionNumber in ICE
[2.706s] -- Looking for IceConnectionNumber in ICE - found
[2.718s] -- Found sensor_msgs: 4.9.0 (/opt/ros/humble/share/sensor_msgs/cmake)
[2.759s] -- Found shape_msgs: 4.9.0 (/opt/ros/humble/share/shape_msgs/cmake)
[2.778s] -- Found visualization_msgs: 4.9.0 (/opt/ros/humble/share/visualization_msgs/cmake)
[2.802s] -- Found trajectory_msgs: 4.9.0 (/opt/ros/humble/share/trajectory_msgs/cmake)
[2.821s] -- Found eigen3_cmake_module: 0.1.1 (/opt/ros/humble/share/eigen3_cmake_module/cmake)
[2.830s] -- Found eigen_stl_containers: 1.1.0 (/opt/ros/humble/share/eigen_stl_containers/cmake)
[2.846s] -- Found Eigen3: TRUE (found version "3.4.0") 
[2.853s] -- Found PkgConfig: /usr/bin/pkg-config (found version "0.29.2") 
[2.863s] -- Found tf2: 0.25.13 (/opt/ros/humble/share/tf2/cmake)
[2.877s] -- Found tf2_eigen: 0.25.13 (/opt/ros/humble/share/tf2_eigen/cmake)
[3.010s] -- Found tf2_geometry_msgs: 0.25.13 (/opt/ros/humble/share/tf2_geometry_msgs/cmake)
[3.032s] -- Ensuring Eigen3 include directory is part of orocos-kdl CMake target
[3.041s] -- Found pluginlib: 5.1.0 (/opt/ros/humble/share/pluginlib/cmake)
[3.082s] -- Found interactive_markers: 2.3.2 (/opt/ros/humble/share/interactive_markers/cmake)
[3.092s] -- Found rviz_common: 11.2.17 (/opt/ros/humble/share/rviz_common/cmake)
[3.129s] -- Setting assimp_DIR to: '/opt/ros/humble/share/rviz_assimp_vendor/cmake/../../../opt/rviz_assimp_vendor/lib/cmake/assimp-4.1'
[3.295s] -- library: /usr/lib/x86_64-linux-gnu/libcurl.so
[3.370s] -- Found rviz_default_plugins: 11.2.17 (/opt/ros/humble/share/rviz_default_plugins/cmake)
[3.511s] -- Found ament_cmake_gtest: 1.3.11 (/opt/ros/humble/share/ament_cmake_gtest/cmake)
[3.532s] -- Found gtest sources under '/opt/ros/humble/src/gtest_vendor': C++ tests using 'Google Test' will be built
[3.590s] -- Configuring done
[3.683s] -- Generating done
[3.701s] -- Build files have been written to: /workspaces/shared/build/rviz_visual_tools
[3.714s] Invoked command in '/workspaces/shared/build/rviz_visual_tools' returned '0': CMAKE_PREFIX_PATH=${CMAKE_PREFIX_PATH}:/workspaces/moveit2_ws/install/moveit_configs_utils:/opt/ros/humble /usr/bin/cmake /workspaces/shared/src/rviz_visual_tools -DCMAKE_BUILD_TYPE=Release -DCMAKE_INSTALL_PREFIX=/workspaces/shared/install/rviz_visual_tools
[3.716s] Invoking command in '/workspaces/shared/build/rviz_visual_tools': CMAKE_PREFIX_PATH=${CMAKE_PREFIX_PATH}:/workspaces/moveit2_ws/install/moveit_configs_utils:/opt/ros/humble /usr/bin/cmake --build /workspaces/shared/build/rviz_visual_tools -- -j24 -l24
[3.799s] [  5%] [34m[1mAutomatic MOC for target gtest_main[0m
[3.799s] [  5%] [34m[1mAutomatic MOC for target rviz_visual_tools_gui[0m
[3.802s] [  7%] [34m[1mAutomatic MOC for target rviz_visual_tools_remote_control[0m
[3.802s] [ 10%] [34m[1mAutomatic MOC for target gtest[0m
[3.827s] [ 10%] Built target gtest_main_autogen
[3.831s] [ 10%] Built target rviz_visual_tools_remote_control_autogen
[3.833s] [ 10%] Built target gtest_autogen
[3.874s] [ 12%] [32mBuilding CXX object gtest/CMakeFiles/gtest_main.dir/gtest_main_autogen/mocs_compilation.cpp.o[0m
[3.875s] [ 15%] [32mBuilding CXX object gtest/CMakeFiles/gtest_main.dir/src/gtest_main.cc.o[0m
[3.875s] [ 17%] [32mBuilding CXX object CMakeFiles/rviz_visual_tools_remote_control.dir/rviz_visual_tools_remote_control_autogen/mocs_compilation.cpp.o[0m
[3.876s] [ 20%] [32mBuilding CXX object CMakeFiles/rviz_visual_tools_remote_control.dir/src/remote_control.cpp.o[0m
[3.882s] [ 23%] [32mBuilding CXX object gtest/CMakeFiles/gtest.dir/src/gtest-all.cc.o[0m
[3.882s] [ 25%] [32mBuilding CXX object gtest/CMakeFiles/gtest.dir/gtest_autogen/mocs_compilation.cpp.o[0m
[4.041s] [ 25%] Built target rviz_visual_tools_gui_autogen
[4.079s] [ 30%] [32mBuilding CXX object CMakeFiles/rviz_visual_tools_gui.dir/rviz_visual_tools_gui_autogen/mocs_compilation.cpp.o[0m
[4.079s] [ 30%] [32mBuilding CXX object CMakeFiles/rviz_visual_tools_gui.dir/src/rviz_visual_tools_gui.cpp.o[0m
[4.080s] [ 33%] [32mBuilding CXX object CMakeFiles/rviz_visual_tools_gui.dir/src/key_tool.cpp.o[0m
[4.083s] [ 35%] [32mBuilding CXX object CMakeFiles/rviz_visual_tools_gui.dir/src/remote_control.cpp.o[0m
[4.346s] [ 38%] [32m[1mLinking CXX static library libgtest_main.a[0m
[4.466s] [ 38%] Built target gtest_main
[8.878s] [ 41%] [32m[1mLinking CXX static library libgtest.a[0m
[8.939s] [ 41%] Built target gtest
[12.087s] [ 43%] [32m[1mLinking CXX shared library librviz_visual_tools_gui.so[0m
[12.171s] [ 46%] [32m[1mLinking CXX shared library librviz_visual_tools_remote_control.so[0m
[12.313s] [ 46%] Built target rviz_visual_tools_remote_control
[12.344s] [ 48%] [34m[1mAutomatic MOC for target rviz_visual_tools[0m
[12.374s] [ 48%] Built target rviz_visual_tools_autogen
[12.410s] [ 53%] [32mBuilding CXX object CMakeFiles/rviz_visual_tools.dir/src/rviz_visual_tools.cpp.o[0m
[12.410s] [ 53%] [32mBuilding CXX object CMakeFiles/rviz_visual_tools.dir/rviz_visual_tools_autogen/mocs_compilation.cpp.o[0m
[12.413s] [ 56%] [32mBuilding CXX object CMakeFiles/rviz_visual_tools.dir/src/tf_visual_tools.cpp.o[0m
[12.978s] [ 56%] Built target rviz_visual_tools_gui
[27.836s] [ 58%] [32m[1mLinking CXX shared library librviz_visual_tools.so[0m
[27.958s] [ 58%] Built target rviz_visual_tools
[27.990s] [ 64%] [34m[1mAutomatic MOC for target rviz_visual_tools_imarker_simple[0m
[27.990s] [ 64%] [34m[1mAutomatic MOC for target rviz_visual_tools_demo[0m
[27.991s] [ 66%] [34m[1mAutomatic MOC for target rviz_visual_tools_rvt_test[0m
[28.017s] [ 66%] Built target rviz_visual_tools_demo_autogen
[28.018s] [ 66%] Built target rviz_visual_tools_rvt_test_autogen
[28.018s] [ 66%] Built target rviz_visual_tools_imarker_simple_autogen
[28.049s] [ 69%] [32mBuilding CXX object CMakeFiles/rviz_visual_tools_imarker_simple.dir/src/imarker_simple.cpp.o[0m
[28.050s] [ 71%] [32mBuilding CXX object CMakeFiles/rviz_visual_tools_rvt_test.dir/rviz_visual_tools_rvt_test_autogen/mocs_compilation.cpp.o[0m
[28.050s] [ 76%] [32mBuilding CXX object CMakeFiles/rviz_visual_tools_demo.dir/rviz_visual_tools_demo_autogen/mocs_compilation.cpp.o[0m
[28.050s] [ 76%] [32mBuilding CXX object CMakeFiles/rviz_visual_tools_rvt_test.dir/tests/rvt_test.cpp.o[0m
[28.050s] [ 79%] [32mBuilding CXX object CMakeFiles/rviz_visual_tools_demo.dir/src/rviz_visual_tools_demo.cpp.o[0m
[28.051s] [ 82%] [32mBuilding CXX object CMakeFiles/rviz_visual_tools_imarker_simple.dir/rviz_visual_tools_imarker_simple_autogen/mocs_compilation.cpp.o[0m
[31.199s] [ 84%] [32m[1mLinking CXX shared library librviz_visual_tools_imarker_simple.so[0m
[31.296s] [ 84%] Built target rviz_visual_tools_imarker_simple
[31.329s] [ 87%] [34m[1mAutomatic MOC for target rviz_visual_tools_imarker_simple_demo[0m
[31.357s] [ 87%] Built target rviz_visual_tools_imarker_simple_demo_autogen
[31.392s] [ 92%] [32mBuilding CXX object CMakeFiles/rviz_visual_tools_imarker_simple_demo.dir/rviz_visual_tools_imarker_simple_demo_autogen/mocs_compilation.cpp.o[0m
[31.392s] [ 92%] [32mBuilding CXX object CMakeFiles/rviz_visual_tools_imarker_simple_demo.dir/src/imarker_simple_demo.cpp.o[0m
[31.856s] [ 94%] [32m[1mLinking CXX executable rviz_visual_tools_demo[0m
[31.976s] [ 94%] Built target rviz_visual_tools_demo
[32.319s] [ 97%] [32m[1mLinking CXX executable rviz_visual_tools_rvt_test[0m
[32.443s] [ 97%] Built target rviz_visual_tools_rvt_test
[34.351s] [100%] [32m[1mLinking CXX executable rviz_visual_tools_imarker_simple_demo[0m
[34.460s] [100%] Built target rviz_visual_tools_imarker_simple_demo
[34.475s] Invoked command in '/workspaces/shared/build/rviz_visual_tools' returned '0': CMAKE_PREFIX_PATH=${CMAKE_PREFIX_PATH}:/workspaces/moveit2_ws/install/moveit_configs_utils:/opt/ros/humble /usr/bin/cmake --build /workspaces/shared/build/rviz_visual_tools -- -j24 -l24
[34.476s] Invoking command in '/workspaces/shared/build/rviz_visual_tools': CMAKE_PREFIX_PATH=${CMAKE_PREFIX_PATH}:/workspaces/moveit2_ws/install/moveit_configs_utils:/opt/ros/humble /usr/bin/cmake --install /workspaces/shared/build/rviz_visual_tools
[34.485s] -- Install configuration: "Release"
[34.486s] -- Installing: /workspaces/shared/install/rviz_visual_tools/share/rviz_visual_tools/plugin_description.xml
[34.486s] -- Installing: /workspaces/shared/install/rviz_visual_tools/lib/librviz_visual_tools.so
[34.487s] -- Set runtime path of "/workspaces/shared/install/rviz_visual_tools/lib/librviz_visual_tools.so" to ""
[34.487s] -- Installing: /workspaces/shared/install/rviz_visual_tools/lib/librviz_visual_tools_remote_control.so
[34.488s] -- Set runtime path of "/workspaces/shared/install/rviz_visual_tools/lib/librviz_visual_tools_remote_control.so" to ""
[34.488s] -- Installing: /workspaces/shared/install/rviz_visual_tools/lib/librviz_visual_tools_gui.so
[34.490s] -- Set runtime path of "/workspaces/shared/install/rviz_visual_tools/lib/librviz_visual_tools_gui.so" to ""
[34.490s] -- Installing: /workspaces/shared/install/rviz_visual_tools/lib/librviz_visual_tools_imarker_simple.so
[34.490s] -- Set runtime path of "/workspaces/shared/install/rviz_visual_tools/lib/librviz_visual_tools_imarker_simple.so" to ""
[34.490s] -- Installing: /workspaces/shared/install/rviz_visual_tools/lib/rviz_visual_tools/rviz_visual_tools_demo
[34.491s] -- Set runtime path of "/workspaces/shared/install/rviz_visual_tools/lib/rviz_visual_tools/rviz_visual_tools_demo" to ""
[34.491s] -- Installing: /workspaces/shared/install/rviz_visual_tools/lib/rviz_visual_tools/rviz_visual_tools_imarker_simple_demo
[34.491s] -- Set runtime path of "/workspaces/shared/install/rviz_visual_tools/lib/rviz_visual_tools/rviz_visual_tools_imarker_simple_demo" to ""
[34.491s] -- Installing: /workspaces/shared/install/rviz_visual_tools/include
[34.491s] -- Installing: /workspaces/shared/install/rviz_visual_tools/include/rviz_visual_tools
[34.491s] -- Installing: /workspaces/shared/install/rviz_visual_tools/include/rviz_visual_tools/remote_reciever.hpp
[34.491s] -- Installing: /workspaces/shared/install/rviz_visual_tools/include/rviz_visual_tools/key_tool.hpp
[34.491s] -- Installing: /workspaces/shared/install/rviz_visual_tools/include/rviz_visual_tools/remote_control.hpp
[34.492s] -- Installing: /workspaces/shared/install/rviz_visual_tools/include/rviz_visual_tools/rviz_visual_tools_gui.hpp
[34.492s] -- Installing: /workspaces/shared/install/rviz_visual_tools/include/rviz_visual_tools/tf_visual_tools.hpp
[34.492s] -- Installing: /workspaces/shared/install/rviz_visual_tools/include/rviz_visual_tools/rviz_visual_tools.hpp
[34.492s] -- Installing: /workspaces/shared/install/rviz_visual_tools/include/rviz_visual_tools/imarker_simple.hpp
[34.492s] -- Installing: /workspaces/shared/install/rviz_visual_tools/share/rviz_visual_tools/launch
[34.492s] -- Installing: /workspaces/shared/install/rviz_visual_tools/share/rviz_visual_tools/launch/demo_combined.launch.py
[34.492s] -- Installing: /workspaces/shared/install/rviz_visual_tools/share/rviz_visual_tools/launch/demo.rviz
[34.492s] -- Installing: /workspaces/shared/install/rviz_visual_tools/share/rviz_visual_tools/launch/demo_rviz.launch.py
[34.492s] -- Installing: /workspaces/shared/install/rviz_visual_tools/share/rviz_visual_tools/launch/rvt_test.launch
[34.493s] -- Installing: /workspaces/shared/install/rviz_visual_tools/share/rviz_visual_tools/environment/library_path.sh
[34.493s] -- Installing: /workspaces/shared/install/rviz_visual_tools/share/rviz_visual_tools/environment/library_path.dsv
[34.493s] -- Installing: /workspaces/shared/install/rviz_visual_tools/share/ament_index/resource_index/package_run_dependencies/rviz_visual_tools
[34.493s] -- Installing: /workspaces/shared/install/rviz_visual_tools/share/ament_index/resource_index/parent_prefix_path/rviz_visual_tools
[34.493s] -- Installing: /workspaces/shared/install/rviz_visual_tools/share/rviz_visual_tools/environment/ament_prefix_path.sh
[34.493s] -- Installing: /workspaces/shared/install/rviz_visual_tools/share/rviz_visual_tools/environment/ament_prefix_path.dsv
[34.494s] -- Installing: /workspaces/shared/install/rviz_visual_tools/share/rviz_visual_tools/environment/path.sh
[34.494s] -- Installing: /workspaces/shared/install/rviz_visual_tools/share/rviz_visual_tools/environment/path.dsv
[34.494s] -- Installing: /workspaces/shared/install/rviz_visual_tools/share/rviz_visual_tools/local_setup.bash
[34.494s] -- Installing: /workspaces/shared/install/rviz_visual_tools/share/rviz_visual_tools/local_setup.sh
[34.494s] -- Installing: /workspaces/shared/install/rviz_visual_tools/share/rviz_visual_tools/local_setup.zsh
[34.494s] -- Installing: /workspaces/shared/install/rviz_visual_tools/share/rviz_visual_tools/local_setup.dsv
[34.494s] -- Installing: /workspaces/shared/install/rviz_visual_tools/share/rviz_visual_tools/package.dsv
[34.495s] -- Installing: /workspaces/shared/install/rviz_visual_tools/share/ament_index/resource_index/packages/rviz_visual_tools
[34.495s] -- Installing: /workspaces/shared/install/rviz_visual_tools/share/ament_index/resource_index/rviz_common__pluginlib__plugin/rviz_visual_tools
[34.495s] -- Installing: /workspaces/shared/install/rviz_visual_tools/share/rviz_visual_tools/cmake/export_rviz_visual_toolsExport.cmake
[34.495s] -- Installing: /workspaces/shared/install/rviz_visual_tools/share/rviz_visual_tools/cmake/export_rviz_visual_toolsExport-release.cmake
[34.495s] -- Installing: /workspaces/shared/install/rviz_visual_tools/share/rviz_visual_tools/cmake/ament_cmake_export_targets-extras.cmake
[34.495s] -- Installing: /workspaces/shared/install/rviz_visual_tools/share/rviz_visual_tools/cmake/ament_cmake_export_dependencies-extras.cmake
[34.495s] -- Installing: /workspaces/shared/install/rviz_visual_tools/share/rviz_visual_tools/cmake/ament_cmake_export_include_directories-extras.cmake
[34.496s] -- Installing: /workspaces/shared/install/rviz_visual_tools/share/rviz_visual_tools/cmake/ament_cmake_export_libraries-extras.cmake
[34.496s] -- Installing: /workspaces/shared/install/rviz_visual_tools/share/rviz_visual_tools/cmake/rviz_visual_toolsConfig.cmake
[34.496s] -- Installing: /workspaces/shared/install/rviz_visual_tools/share/rviz_visual_tools/cmake/rviz_visual_toolsConfig-version.cmake
[34.496s] -- Installing: /workspaces/shared/install/rviz_visual_tools/share/rviz_visual_tools/package.xml
[34.498s] Invoked command in '/workspaces/shared/build/rviz_visual_tools' returned '0': CMAKE_PREFIX_PATH=${CMAKE_PREFIX_PATH}:/workspaces/moveit2_ws/install/moveit_configs_utils:/opt/ros/humble /usr/bin/cmake --install /workspaces/shared/build/rviz_visual_tools
