[0.252s] Invoking command in '/workspaces/shared/build/moveit_resources_prbt_support': CMAKE_PREFIX_PATH=${CMAKE_PREFIX_PATH}:/workspaces/moveit2_ws/install/moveit_configs_utils:/opt/ros/humble /usr/bin/cmake /workspaces/shared/src/moveit2/moveit_planners/test_configs/prbt_support -DCMAKE_BUILD_TYPE=Release -DCMAKE_INSTALL_PREFIX=/workspaces/shared/install/moveit_resources_prbt_support
[0.318s] -- The C compiler identification is GNU 11.4.0
[0.372s] -- The CXX compiler identification is GNU 11.4.0
[0.379s] -- Detecting C compiler ABI info
[0.465s] -- Detecting C compiler ABI info - done
[0.470s] -- Check for working C compiler: /usr/bin/cc - skipped
[0.471s] -- Detecting C compile features
[0.471s] -- Detecting C compile features - done
[0.473s] -- Detecting CXX compiler ABI info
[0.569s] -- Detecting CXX compiler ABI info - done
[0.574s] -- Check for working CXX compiler: /usr/bin/c++ - skipped
[0.574s] -- Detecting CXX compile features
[0.574s] -- Detecting CXX compile features - done
[0.585s] -- Found ament_cmake: 1.3.11 (/opt/ros/humble/share/ament_cmake/cmake)
[0.738s] -- Found Python3: /usr/bin/python3 (found version "3.10.12") found components: Interpreter 
[0.995s] -- Configuring done
[0.999s] -- Generating done
[1.000s] -- Build files have been written to: /workspaces/shared/build/moveit_resources_prbt_support
[1.004s] Invoked command in '/workspaces/shared/build/moveit_resources_prbt_support' returned '0': CMAKE_PREFIX_PATH=${CMAKE_PREFIX_PATH}:/workspaces/moveit2_ws/install/moveit_configs_utils:/opt/ros/humble /usr/bin/cmake /workspaces/shared/src/moveit2/moveit_planners/test_configs/prbt_support -DCMAKE_BUILD_TYPE=Release -DCMAKE_INSTALL_PREFIX=/workspaces/shared/install/moveit_resources_prbt_support
[1.005s] Invoking command in '/workspaces/shared/build/moveit_resources_prbt_support': CMAKE_PREFIX_PATH=${CMAKE_PREFIX_PATH}:/workspaces/moveit2_ws/install/moveit_configs_utils:/opt/ros/humble /usr/bin/cmake --build /workspaces/shared/build/moveit_resources_prbt_support -- -j24 -l24
[1.057s] Invoked command in '/workspaces/shared/build/moveit_resources_prbt_support' returned '0': CMAKE_PREFIX_PATH=${CMAKE_PREFIX_PATH}:/workspaces/moveit2_ws/install/moveit_configs_utils:/opt/ros/humble /usr/bin/cmake --build /workspaces/shared/build/moveit_resources_prbt_support -- -j24 -l24
[1.058s] Invoking command in '/workspaces/shared/build/moveit_resources_prbt_support': CMAKE_PREFIX_PATH=${CMAKE_PREFIX_PATH}:/workspaces/moveit2_ws/install/moveit_configs_utils:/opt/ros/humble /usr/bin/cmake --install /workspaces/shared/build/moveit_resources_prbt_support
[1.069s] -- Install configuration: "Release"
[1.069s] -- Installing: /workspaces/shared/install/moveit_resources_prbt_support/share/ament_index/resource_index/package_run_dependencies/moveit_resources_prbt_support
[1.069s] -- Installing: /workspaces/shared/install/moveit_resources_prbt_support/share/ament_index/resource_index/parent_prefix_path/moveit_resources_prbt_support
[1.070s] -- Installing: /workspaces/shared/install/moveit_resources_prbt_support/share/moveit_resources_prbt_support/environment/ament_prefix_path.sh
[1.070s] -- Installing: /workspaces/shared/install/moveit_resources_prbt_support/share/moveit_resources_prbt_support/environment/ament_prefix_path.dsv
[1.070s] -- Installing: /workspaces/shared/install/moveit_resources_prbt_support/share/moveit_resources_prbt_support/environment/path.sh
[1.070s] -- Installing: /workspaces/shared/install/moveit_resources_prbt_support/share/moveit_resources_prbt_support/environment/path.dsv
[1.070s] -- Installing: /workspaces/shared/install/moveit_resources_prbt_support/share/moveit_resources_prbt_support/local_setup.bash
[1.071s] -- Installing: /workspaces/shared/install/moveit_resources_prbt_support/share/moveit_resources_prbt_support/local_setup.sh
[1.071s] -- Installing: /workspaces/shared/install/moveit_resources_prbt_support/share/moveit_resources_prbt_support/local_setup.zsh
[1.071s] -- Installing: /workspaces/shared/install/moveit_resources_prbt_support/share/moveit_resources_prbt_support/local_setup.dsv
[1.071s] -- Installing: /workspaces/shared/install/moveit_resources_prbt_support/share/moveit_resources_prbt_support/package.dsv
[1.071s] -- Installing: /workspaces/shared/install/moveit_resources_prbt_support/share/ament_index/resource_index/packages/moveit_resources_prbt_support
[1.072s] -- Installing: /workspaces/shared/install/moveit_resources_prbt_support/share/moveit_resources_prbt_support/cmake/moveit_resources_prbt_supportConfig.cmake
[1.072s] -- Installing: /workspaces/shared/install/moveit_resources_prbt_support/share/moveit_resources_prbt_support/cmake/moveit_resources_prbt_supportConfig-version.cmake
[1.072s] -- Installing: /workspaces/shared/install/moveit_resources_prbt_support/share/moveit_resources_prbt_support/package.xml
[1.072s] -- Installing: /workspaces/shared/install/moveit_resources_prbt_support/share/moveit_resources_prbt_support/urdf
[1.073s] -- Installing: /workspaces/shared/install/moveit_resources_prbt_support/share/moveit_resources_prbt_support/urdf/simple_gripper_brackets.urdf.xacro
[1.073s] -- Installing: /workspaces/shared/install/moveit_resources_prbt_support/share/moveit_resources_prbt_support/urdf/prbt.xacro
[1.073s] -- Installing: /workspaces/shared/install/moveit_resources_prbt_support/share/moveit_resources_prbt_support/urdf/prbt_macro.xacro
[1.073s] -- Installing: /workspaces/shared/install/moveit_resources_prbt_support/share/moveit_resources_prbt_support/urdf/prbt.ros2_control.xacro
[1.073s] -- Installing: /workspaces/shared/install/moveit_resources_prbt_support/share/moveit_resources_prbt_support/meshes
[1.073s] -- Installing: /workspaces/shared/install/moveit_resources_prbt_support/share/moveit_resources_prbt_support/meshes/foot.dae
[1.074s] -- Installing: /workspaces/shared/install/moveit_resources_prbt_support/share/moveit_resources_prbt_support/meshes/link_1.dae
[1.074s] -- Installing: /workspaces/shared/install/moveit_resources_prbt_support/share/moveit_resources_prbt_support/meshes/flange.dae
[1.075s] -- Installing: /workspaces/shared/install/moveit_resources_prbt_support/share/moveit_resources_prbt_support/meshes/link_3.stl
[1.075s] -- Installing: /workspaces/shared/install/moveit_resources_prbt_support/share/moveit_resources_prbt_support/meshes/link_1.stl
[1.075s] -- Installing: /workspaces/shared/install/moveit_resources_prbt_support/share/moveit_resources_prbt_support/meshes/link_5.stl
[1.075s] -- Installing: /workspaces/shared/install/moveit_resources_prbt_support/share/moveit_resources_prbt_support/meshes/link_4.dae
[1.076s] -- Installing: /workspaces/shared/install/moveit_resources_prbt_support/share/moveit_resources_prbt_support/meshes/flange.stl
[1.076s] -- Installing: /workspaces/shared/install/moveit_resources_prbt_support/share/moveit_resources_prbt_support/meshes/link_5.dae
[1.076s] -- Installing: /workspaces/shared/install/moveit_resources_prbt_support/share/moveit_resources_prbt_support/meshes/foot.stl
[1.076s] -- Installing: /workspaces/shared/install/moveit_resources_prbt_support/share/moveit_resources_prbt_support/meshes/link_2.stl
[1.077s] -- Installing: /workspaces/shared/install/moveit_resources_prbt_support/share/moveit_resources_prbt_support/meshes/link_4.stl
[1.077s] -- Installing: /workspaces/shared/install/moveit_resources_prbt_support/share/moveit_resources_prbt_support/meshes/link_3.dae
[1.077s] -- Installing: /workspaces/shared/install/moveit_resources_prbt_support/share/moveit_resources_prbt_support/meshes/link_2.dae
[1.079s] -- Installing: /workspaces/shared/install/moveit_resources_prbt_support/share/moveit_resources_prbt_support/config
[1.079s] -- Installing: /workspaces/shared/install/moveit_resources_prbt_support/share/moveit_resources_prbt_support/config/prbt_0_1.dcf
[1.079s] -- Installing: /workspaces/shared/install/moveit_resources_prbt_support/share/moveit_resources_prbt_support/config/manipulator_controller.yaml
[1.079s] -- Installing: /workspaces/shared/install/moveit_resources_prbt_support/share/moveit_resources_prbt_support/config/manipulator_driver.yaml
[1.106s] Invoked command in '/workspaces/shared/build/moveit_resources_prbt_support' returned '0': CMAKE_PREFIX_PATH=${CMAKE_PREFIX_PATH}:/workspaces/moveit2_ws/install/moveit_configs_utils:/opt/ros/humble /usr/bin/cmake --install /workspaces/shared/build/moveit_resources_prbt_support
