[0.233s] Invoking command in '/workspaces/shared/build/serial': CMAKE_PREFIX_PATH=${CMAKE_PREFIX_PATH}:/workspaces/moveit2_ws/install/moveit_configs_utils:/opt/ros/humble /usr/bin/cmake /workspaces/shared/src/serial -DCMAKE_BUILD_TYPE=Release -DCMAKE_INSTALL_PREFIX=/workspaces/shared/install/serial
[0.300s] -- The C compiler identification is GNU 11.4.0
[0.359s] -- The CXX compiler identification is GNU 11.4.0
[0.366s] -- Detecting C compiler ABI info
[0.453s] -- Detecting C compiler ABI info - done
[0.461s] -- Check for working C compiler: /usr/bin/cc - skipped
[0.461s] -- Detecting C compile features
[0.461s] -- Detecting C compile features - done
[0.464s] -- Detecting CXX compiler ABI info
[0.559s] -- Detecting CXX compiler ABI info - done
[0.564s] -- Check for working CXX compiler: /usr/bin/c++ - skipped
[0.564s] -- Detecting CXX compile features
[0.564s] -- Detecting CXX compile features - done
[0.575s] -- Found ament_cmake: 1.3.11 (/opt/ros/humble/share/ament_cmake/cmake)
[0.723s] -- Found Python3: /usr/bin/python3 (found version "3.10.12") found components: Interpreter 
[0.981s] -- Configuring done
[0.985s] -- Generating done
[0.987s] -- Build files have been written to: /workspaces/shared/build/serial
[0.991s] Invoked command in '/workspaces/shared/build/serial' returned '0': CMAKE_PREFIX_PATH=${CMAKE_PREFIX_PATH}:/workspaces/moveit2_ws/install/moveit_configs_utils:/opt/ros/humble /usr/bin/cmake /workspaces/shared/src/serial -DCMAKE_BUILD_TYPE=Release -DCMAKE_INSTALL_PREFIX=/workspaces/shared/install/serial
[0.992s] Invoking command in '/workspaces/shared/build/serial': CMAKE_PREFIX_PATH=${CMAKE_PREFIX_PATH}:/workspaces/moveit2_ws/install/moveit_configs_utils:/opt/ros/humble /usr/bin/cmake --build /workspaces/shared/build/serial -- -j24 -l24
[1.062s] [ 50%] [32mBuilding CXX object CMakeFiles/serial.dir/src/serial.cc.o[0m
[1.063s] [ 50%] [32mBuilding CXX object CMakeFiles/serial.dir/src/impl/unix.cc.o[0m
[1.063s] [ 75%] [32mBuilding CXX object CMakeFiles/serial.dir/src/impl/list_ports/list_ports_linux.cc.o[0m
[1.692s] [100%] [32m[1mLinking CXX static library libserial.a[0m
[1.742s] [100%] Built target serial
[1.757s] Invoked command in '/workspaces/shared/build/serial' returned '0': CMAKE_PREFIX_PATH=${CMAKE_PREFIX_PATH}:/workspaces/moveit2_ws/install/moveit_configs_utils:/opt/ros/humble /usr/bin/cmake --build /workspaces/shared/build/serial -- -j24 -l24
[1.758s] Invoking command in '/workspaces/shared/build/serial': CMAKE_PREFIX_PATH=${CMAKE_PREFIX_PATH}:/workspaces/moveit2_ws/install/moveit_configs_utils:/opt/ros/humble /usr/bin/cmake --install /workspaces/shared/build/serial
[1.769s] -- Install configuration: "Release"
[1.769s] -- Installing: /workspaces/shared/install/serial/lib/libserial.a
[1.769s] -- Installing: /workspaces/shared/install/serial/include
[1.769s] -- Installing: /workspaces/shared/install/serial/include/serial
[1.769s] -- Installing: /workspaces/shared/install/serial/include/serial/impl
[1.769s] -- Installing: /workspaces/shared/install/serial/include/serial/impl/unix.h
[1.770s] -- Installing: /workspaces/shared/install/serial/include/serial/impl/win.h
[1.770s] -- Installing: /workspaces/shared/install/serial/include/serial/v8stdint.h
[1.770s] -- Installing: /workspaces/shared/install/serial/include/serial/serial.h
[1.770s] -- Installing: /workspaces/shared/install/serial/share/serial/environment/library_path.sh
[1.770s] -- Installing: /workspaces/shared/install/serial/share/serial/environment/library_path.dsv
[1.770s] -- Installing: /workspaces/shared/install/serial/share/ament_index/resource_index/package_run_dependencies/serial
[1.771s] -- Installing: /workspaces/shared/install/serial/share/ament_index/resource_index/parent_prefix_path/serial
[1.771s] -- Installing: /workspaces/shared/install/serial/share/serial/environment/ament_prefix_path.sh
[1.771s] -- Installing: /workspaces/shared/install/serial/share/serial/environment/ament_prefix_path.dsv
[1.771s] -- Installing: /workspaces/shared/install/serial/share/serial/environment/path.sh
[1.771s] -- Installing: /workspaces/shared/install/serial/share/serial/environment/path.dsv
[1.772s] -- Installing: /workspaces/shared/install/serial/share/serial/local_setup.bash
[1.772s] -- Installing: /workspaces/shared/install/serial/share/serial/local_setup.sh
[1.772s] -- Installing: /workspaces/shared/install/serial/share/serial/local_setup.zsh
[1.773s] -- Installing: /workspaces/shared/install/serial/share/serial/local_setup.dsv
[1.773s] -- Installing: /workspaces/shared/install/serial/share/serial/package.dsv
[1.773s] -- Installing: /workspaces/shared/install/serial/share/ament_index/resource_index/packages/serial
[1.773s] -- Installing: /workspaces/shared/install/serial/share/serial/cmake/export_serialExport.cmake
[1.773s] -- Installing: /workspaces/shared/install/serial/share/serial/cmake/export_serialExport-release.cmake
[1.773s] -- Installing: /workspaces/shared/install/serial/share/serial/cmake/ament_cmake_export_include_directories-extras.cmake
[1.773s] -- Installing: /workspaces/shared/install/serial/share/serial/cmake/ament_cmake_export_libraries-extras.cmake
[1.773s] -- Installing: /workspaces/shared/install/serial/share/serial/cmake/ament_cmake_export_targets-extras.cmake
[1.773s] -- Installing: /workspaces/shared/install/serial/share/serial/cmake/serialConfig.cmake
[1.774s] -- Installing: /workspaces/shared/install/serial/share/serial/cmake/serialConfig-version.cmake
[1.774s] -- Installing: /workspaces/shared/install/serial/share/serial/package.xml
[1.776s] Invoked command in '/workspaces/shared/build/serial' returned '0': CMAKE_PREFIX_PATH=${CMAKE_PREFIX_PATH}:/workspaces/moveit2_ws/install/moveit_configs_utils:/opt/ros/humble /usr/bin/cmake --install /workspaces/shared/build/serial
