[0.043s] Invoking command in '/workspaces/shared/build/moveit2_tutorials': AMENT_PREFIX_PATH=/workspaces/shared/install/moveit_task_constructor_core:/workspaces/shared/install/kinova_gen3_7dof_robotiq_2f_85_moveit_config:/workspaces/shared/install/moveit_visual_tools:/workspaces/shared/install/moveit_task_constructor_msgs:/workspaces/shared/install/moveit_resources_panda_moveit_config:/workspaces/shared/install/moveit_resources_fanuc_moveit_config:/workspaces/shared/install/kortex_description:/workspaces/shared/install/rviz_visual_tools:/workspaces/shared/install/rviz_marker_tools:/workspaces/shared/install/robotiq_description:/workspaces/shared/install/moveit_resources_panda_description:/workspaces/shared/install/moveit_resources_fanuc_description:/workspaces/shared/install/moveit_msgs:${AMENT_PREFIX_PATH} CMAKE_MODULE_PATH=/workspaces/shared/install/moveit_task_constructor_core/share/moveit_task_constructor_core/cmake CMAKE_PREFIX_PATH=/workspaces/shared/install/moveit_task_constructor_core:/workspaces/shared/install/kinova_gen3_7dof_robotiq_2f_85_moveit_config:/workspaces/shared/install/moveit_visual_tools:/workspaces/shared/install/moveit_task_constructor_msgs:/workspaces/shared/install/moveit_resources_panda_moveit_config:/workspaces/shared/install/moveit_resources_fanuc_moveit_config:/workspaces/shared/install/kortex_description:/workspaces/shared/install/rviz_visual_tools:/workspaces/shared/install/rviz_marker_tools:/workspaces/shared/install/robotiq_description:/workspaces/shared/install/moveit_resources_panda_description:/workspaces/shared/install/moveit_resources_fanuc_description:/workspaces/shared/install/moveit_msgs:/workspaces/moveit2_ws/install/pilz_industrial_motion_planner_testutils:/workspaces/moveit2_ws/install/moveit_runtime:/workspaces/moveit2_ws/install/moveit:/workspaces/moveit2_ws/install/moveit_planners:/workspaces/moveit2_ws/install/pilz_industrial_motion_planner:/workspaces/moveit2_ws/install/moveit_ros_control_interface:/workspaces/moveit2_ws/install/moveit_plugins:/workspaces/moveit2_ws/install/moveit_simple_controller_manager:/workspaces/moveit2_ws/install/moveit_setup_assistant:/workspaces/moveit2_ws/install/moveit_setup_srdf_plugins:/workspaces/moveit2_ws/install/moveit_setup_core_plugins:/workspaces/moveit2_ws/install/moveit_setup_controllers:/workspaces/moveit2_ws/install/moveit_setup_app_plugins:/workspaces/moveit2_ws/install/moveit_setup_framework:/workspaces/moveit2_ws/install/moveit_servo:/workspaces/moveit2_ws/install/moveit_ros_trajectory_cache:/workspaces/moveit2_ws/install/moveit_ros:/workspaces/moveit2_ws/install/moveit_ros_visualization:/workspaces/moveit2_ws/install/moveit_py:/workspaces/moveit2_ws/install/moveit_hybrid_planning:/workspaces/moveit2_ws/install/moveit_ros_planning_interface:/workspaces/moveit2_ws/install/moveit_ros_benchmarks:/workspaces/moveit2_ws/install/moveit_ros_warehouse:/workspaces/moveit2_ws/install/moveit_ros_robot_interaction:/workspaces/moveit2_ws/install/moveit_ros_perception:/workspaces/moveit2_ws/install/moveit_resources_prbt_pg70_support:/workspaces/moveit2_ws/install/moveit_resources_prbt_moveit_config:/workspaces/moveit2_ws/install/moveit_ros_move_group:/workspaces/moveit2_ws/install/moveit_planners_ompl:/workspaces/moveit2_ws/install/moveit_kinematics:/workspaces/moveit2_ws/install/moveit_ros_planning:/workspaces/moveit2_ws/install/moveit_ros_occupancy_map_monitor:/workspaces/moveit2_ws/install/moveit_resources_prbt_support:/workspaces/moveit2_ws/install/moveit_resources_prbt_ikfast_manipulator_plugin:/workspaces/moveit2_ws/install/moveit_resources:/workspaces/moveit2_ws/install/moveit_resources_pr2_description:/workspaces/moveit2_ws/install/moveit_resources_panda_moveit_config:/workspaces/moveit2_ws/install/dual_arm_panda_moveit_config:/workspaces/moveit2_ws/install/moveit_resources_panda_description:/workspaces/moveit2_ws/install/moveit_resources_fanuc_moveit_config:/workspaces/moveit2_ws/install/moveit_resources_fanuc_description:/workspaces/moveit2_ws/install/moveit_planners_stomp:/workspaces/moveit2_ws/install/moveit_planners_chomp:/workspaces/moveit2_ws/install/chomp_motion_planner:/workspaces/moveit2_ws/install/moveit_core:/workspaces/moveit2_ws/install/moveit_msgs:/workspaces/moveit2_ws/install/moveit_common:/workspaces/moveit2_ws/install/moveit_configs_utils:/opt/ros/humble LD_LIBRARY_PATH=/workspaces/shared/install/moveit_task_constructor_core/lib:/workspaces/shared/install/moveit_visual_tools/lib:/workspaces/shared/install/moveit_task_constructor_msgs/lib:/workspaces/shared/install/rviz_visual_tools/lib:/workspaces/shared/install/rviz_marker_tools/lib:/workspaces/shared/install/moveit_msgs/lib:${LD_LIBRARY_PATH} PYTHONPATH=/workspaces/shared/install/moveit_task_constructor_core/local/lib/python3.10/dist-packages:/workspaces/shared/install/moveit_task_constructor_msgs/local/lib/python3.10/dist-packages:/workspaces/shared/install/moveit_msgs/local/lib/python3.10/dist-packages:${PYTHONPATH} /usr/bin/cmake /workspaces/shared/src/moveit2_tutorials -DCMAKE_BUILD_TYPE=Release -DCMAKE_INSTALL_PREFIX=/workspaces/shared/install/moveit2_tutorials
[0.058s] -- Found moveit_common: 2.14.0 (/workspaces/moveit2_ws/install/moveit_common/share/moveit_common/cmake)
[0.058s] -- Found ament_cmake: 1.3.11 (/opt/ros/humble/share/ament_cmake/cmake)
[0.246s] -- Found Boost: /usr/lib/x86_64-linux-gnu/cmake/Boost-1.74.0/BoostConfig.cmake (found version "1.74.0")  
[0.246s] -- Found control_msgs: 4.8.0 (/opt/ros/humble/share/control_msgs/cmake)
[0.270s] -- Found rosidl_generator_c: 3.1.6 (/opt/ros/humble/share/rosidl_generator_c/cmake)
[0.272s] -- Found rosidl_adapter: 3.1.6 (/opt/ros/humble/share/rosidl_adapter/cmake)
[0.277s] -- Found rosidl_generator_cpp: 3.1.6 (/opt/ros/humble/share/rosidl_generator_cpp/cmake)
[0.286s] -- Using all available rosidl_typesupport_c: rosidl_typesupport_fastrtps_c;rosidl_typesupport_introspection_c
[0.297s] -- Using all available rosidl_typesupport_cpp: rosidl_typesupport_fastrtps_cpp;rosidl_typesupport_introspection_cpp
[0.426s] -- Found interactive_markers: 2.3.2 (/opt/ros/humble/share/interactive_markers/cmake)
[0.455s] -- Found rmw_implementation_cmake: 6.1.2 (/opt/ros/humble/share/rmw_implementation_cmake/cmake)
[0.458s] -- Found rmw_fastrtps_cpp: 6.2.7 (/opt/ros/humble/share/rmw_fastrtps_cpp/cmake)
[0.665s] -- Using RMW implementation 'rmw_fastrtps_cpp' as default
[0.742s] -- Found moveit_core: 2.14.0 (/workspaces/moveit2_ws/install/moveit_core/share/moveit_core/cmake)
[0.758s] -- Found Boost: /usr/lib/x86_64-linux-gnu/cmake/Boost-1.74.0/BoostConfig.cmake (found version "1.74.0") found components: chrono date_time filesystem iostreams program_options regex serialization system thread 
[0.796s] -- Found parameter_traits: 0.5.0 (/opt/ros/humble/share/parameter_traits/cmake)
[0.804s] -- Found rclcpp_lifecycle: 16.0.12 (/opt/ros/humble/share/rclcpp_lifecycle/cmake)
[0.828s] -- Found Boost: /usr/lib/x86_64-linux-gnu/cmake/Boost-1.74.0/BoostConfig.cmake (found version "1.74.0") found components: filesystem 
[0.900s] -- library: /usr/lib/x86_64-linux-gnu/libcurl.so
[0.925s] -- Ensuring Eigen3 include directory is part of orocos-kdl CMake target
[1.140s] -- Found moveit_ros_planning: 2.14.0 (/workspaces/moveit2_ws/install/moveit_ros_planning/share/moveit_ros_planning/cmake)
[1.146s] -- Found Boost: /usr/lib/x86_64-linux-gnu/cmake/Boost-1.74.0/BoostConfig.cmake (found version "1.74.0") found components: system filesystem date_time program_options thread chrono 
[1.180s] -- Found moveit_ros_planning_interface: 2.14.0 (/workspaces/moveit2_ws/install/moveit_ros_planning_interface/share/moveit_ros_planning_interface/cmake)
[1.185s] -- Found Boost: /usr/lib/x86_64-linux-gnu/cmake/Boost-1.74.0/BoostConfig.cmake (found version "1.74.0") found components: date_time filesystem program_options system thread 
[1.201s] -- Found Boost: /usr/lib/x86_64-linux-gnu/cmake/Boost-1.74.0/BoostConfig.cmake (found version "1.74.0") found components: thread system filesystem regex date_time program_options 
[1.223s] -- Found Boost: /usr/lib/x86_64-linux-gnu/cmake/Boost-1.74.0/BoostConfig.cmake (found version "1.74.0") found components: system filesystem date_time program_options thread 
[1.251s] -- Found moveit_ros_trajectory_cache: 2.14.0 (/workspaces/moveit2_ws/install/moveit_ros_trajectory_cache/share/moveit_ros_trajectory_cache/cmake)
[1.258s] -- Found moveit_servo: 2.14.0 (/workspaces/moveit2_ws/install/moveit_servo/share/moveit_servo/cmake)
[1.285s] -- Found moveit_task_constructor_core: 0.1.3 (/workspaces/shared/install/moveit_task_constructor_core/share/moveit_task_constructor_core/cmake)
[1.317s] -- Found moveit_visual_tools: 4.1.2 (/workspaces/shared/install/moveit_visual_tools/share/moveit_visual_tools/cmake)
[1.349s] -- Setting assimp_DIR to: '/opt/ros/humble/share/rviz_assimp_vendor/cmake/../../../opt/rviz_assimp_vendor/lib/cmake/assimp-4.1'
[1.361s] -- Setting OGRE_DIR to: '/opt/ros/humble/share/rviz_ogre_vendor/cmake/../../../opt/rviz_ogre_vendor/lib/OGRE/cmake'
[1.362s] -- Found OGRE
[1.362s] --   static     : OFF
[1.362s] --   components : HLMS;MeshLodGenerator;Overlay;Paging;Property;RTShaderSystem;Terrain;Volume
[1.362s] --   plugins    : Plugin_BSPSceneManager;Plugin_OctreeSceneManager;Plugin_PCZSceneManager;Plugin_ParticleFX;RenderSystem_GL;RenderSystem_GL3Plus;Codec_STBI
[1.363s] --   media      : /opt/ros/humble/opt/rviz_ogre_vendor/share/OGRE/Media
[1.363s] -- OGRE_LIBRARIES: OgreHLMS;OgreMeshLodGenerator;OgreOverlay;OgrePaging;OgreProperty;OgreRTShaderSystem;OgreTerrain;OgreVolume;OgreMain
[1.363s] -- OGRE_LIBRARY_DIRS: /opt/ros/humble/opt/rviz_ogre_vendor/lib
[1.363s] -- OGRE_PLUGINS: Plugin_BSPSceneManager;Plugin_OctreeSceneManager;Plugin_PCZSceneManager;Plugin_ParticleFX;RenderSystem_GL;RenderSystem_GL3Plus;Codec_STBI
[1.363s] -- OGRE_PLUGIN_DIR: /opt/ros/humble/opt/rviz_ogre_vendor/lib/OGRE
[1.363s] -- rviz_ogre_vendor::OgreOverlay for IMPORTED_LOCATION_RELEASE: /opt/ros/humble/opt/rviz_ogre_vendor/lib/libOgreOverlay.so
[1.363s] -- rviz_ogre_vendor::OgreOverlay for IMPORTED_LOCATION_DEBUG: /opt/ros/humble/opt/rviz_ogre_vendor/lib/libOgreOverlay.so
[1.363s] -- rviz_ogre_vendor::OgreMain for IMPORTED_LOCATION_RELEASE: /opt/ros/humble/opt/rviz_ogre_vendor/lib/libOgreMain.so
[1.363s] -- rviz_ogre_vendor::OgreMain for IMPORTED_LOCATION_DEBUG: /opt/ros/humble/opt/rviz_ogre_vendor/lib/libOgreMain.so
[1.364s] -- Could not find freeimage library
[1.567s] -- Found warehouse_ros_sqlite: 1.0.5 (/opt/ros/humble/share/warehouse_ros_sqlite/cmake)
[2.449s] -- Found ament_lint_auto: 0.12.12 (/opt/ros/humble/share/ament_lint_auto/cmake)
[2.460s] -- Found ament_cmake_gtest: 1.3.11 (/opt/ros/humble/share/ament_cmake_gtest/cmake)
[2.490s] [31mCMake Error at doc/tutorials/quickstart_in_rviz/CMakeLists.txt:6 (find_package):
[2.490s]   By not providing "Findros_testing.cmake" in CMAKE_MODULE_PATH this project
[2.490s]   has asked CMake to find a package configuration file provided by
[2.490s]   "ros_testing", but CMake did not find one.
[2.490s] 
[2.490s]   Could not find a package configuration file provided by "ros_testing" with
[2.490s]   any of the following names:
[2.490s] 
[2.491s]     ros_testingConfig.cmake
[2.491s]     ros_testing-config.cmake
[2.491s] 
[2.491s]   Add the installation prefix of "ros_testing" to CMAKE_PREFIX_PATH or set
[2.491s]   "ros_testing_DIR" to a directory containing one of the above files.  If
[2.491s]   "ros_testing" provides a separate development package or SDK, be sure it
[2.491s]   has been installed.
[2.491s] 
[2.491s] [0m
[2.491s] -- Configuring incomplete, errors occurred!
[2.491s] See also "/workspaces/shared/build/moveit2_tutorials/CMakeFiles/CMakeOutput.log".
[2.520s] Invoked command in '/workspaces/shared/build/moveit2_tutorials' returned '1': AMENT_PREFIX_PATH=/workspaces/shared/install/moveit_task_constructor_core:/workspaces/shared/install/kinova_gen3_7dof_robotiq_2f_85_moveit_config:/workspaces/shared/install/moveit_visual_tools:/workspaces/shared/install/moveit_task_constructor_msgs:/workspaces/shared/install/moveit_resources_panda_moveit_config:/workspaces/shared/install/moveit_resources_fanuc_moveit_config:/workspaces/shared/install/kortex_description:/workspaces/shared/install/rviz_visual_tools:/workspaces/shared/install/rviz_marker_tools:/workspaces/shared/install/robotiq_description:/workspaces/shared/install/moveit_resources_panda_description:/workspaces/shared/install/moveit_resources_fanuc_description:/workspaces/shared/install/moveit_msgs:${AMENT_PREFIX_PATH} CMAKE_MODULE_PATH=/workspaces/shared/install/moveit_task_constructor_core/share/moveit_task_constructor_core/cmake CMAKE_PREFIX_PATH=/workspaces/shared/install/moveit_task_constructor_core:/workspaces/shared/install/kinova_gen3_7dof_robotiq_2f_85_moveit_config:/workspaces/shared/install/moveit_visual_tools:/workspaces/shared/install/moveit_task_constructor_msgs:/workspaces/shared/install/moveit_resources_panda_moveit_config:/workspaces/shared/install/moveit_resources_fanuc_moveit_config:/workspaces/shared/install/kortex_description:/workspaces/shared/install/rviz_visual_tools:/workspaces/shared/install/rviz_marker_tools:/workspaces/shared/install/robotiq_description:/workspaces/shared/install/moveit_resources_panda_description:/workspaces/shared/install/moveit_resources_fanuc_description:/workspaces/shared/install/moveit_msgs:/workspaces/moveit2_ws/install/pilz_industrial_motion_planner_testutils:/workspaces/moveit2_ws/install/moveit_runtime:/workspaces/moveit2_ws/install/moveit:/workspaces/moveit2_ws/install/moveit_planners:/workspaces/moveit2_ws/install/pilz_industrial_motion_planner:/workspaces/moveit2_ws/install/moveit_ros_control_interface:/workspaces/moveit2_ws/install/moveit_plugins:/workspaces/moveit2_ws/install/moveit_simple_controller_manager:/workspaces/moveit2_ws/install/moveit_setup_assistant:/workspaces/moveit2_ws/install/moveit_setup_srdf_plugins:/workspaces/moveit2_ws/install/moveit_setup_core_plugins:/workspaces/moveit2_ws/install/moveit_setup_controllers:/workspaces/moveit2_ws/install/moveit_setup_app_plugins:/workspaces/moveit2_ws/install/moveit_setup_framework:/workspaces/moveit2_ws/install/moveit_servo:/workspaces/moveit2_ws/install/moveit_ros_trajectory_cache:/workspaces/moveit2_ws/install/moveit_ros:/workspaces/moveit2_ws/install/moveit_ros_visualization:/workspaces/moveit2_ws/install/moveit_py:/workspaces/moveit2_ws/install/moveit_hybrid_planning:/workspaces/moveit2_ws/install/moveit_ros_planning_interface:/workspaces/moveit2_ws/install/moveit_ros_benchmarks:/workspaces/moveit2_ws/install/moveit_ros_warehouse:/workspaces/moveit2_ws/install/moveit_ros_robot_interaction:/workspaces/moveit2_ws/install/moveit_ros_perception:/workspaces/moveit2_ws/install/moveit_resources_prbt_pg70_support:/workspaces/moveit2_ws/install/moveit_resources_prbt_moveit_config:/workspaces/moveit2_ws/install/moveit_ros_move_group:/workspaces/moveit2_ws/install/moveit_planners_ompl:/workspaces/moveit2_ws/install/moveit_kinematics:/workspaces/moveit2_ws/install/moveit_ros_planning:/workspaces/moveit2_ws/install/moveit_ros_occupancy_map_monitor:/workspaces/moveit2_ws/install/moveit_resources_prbt_support:/workspaces/moveit2_ws/install/moveit_resources_prbt_ikfast_manipulator_plugin:/workspaces/moveit2_ws/install/moveit_resources:/workspaces/moveit2_ws/install/moveit_resources_pr2_description:/workspaces/moveit2_ws/install/moveit_resources_panda_moveit_config:/workspaces/moveit2_ws/install/dual_arm_panda_moveit_config:/workspaces/moveit2_ws/install/moveit_resources_panda_description:/workspaces/moveit2_ws/install/moveit_resources_fanuc_moveit_config:/workspaces/moveit2_ws/install/moveit_resources_fanuc_description:/workspaces/moveit2_ws/install/moveit_planners_stomp:/workspaces/moveit2_ws/install/moveit_planners_chomp:/workspaces/moveit2_ws/install/chomp_motion_planner:/workspaces/moveit2_ws/install/moveit_core:/workspaces/moveit2_ws/install/moveit_msgs:/workspaces/moveit2_ws/install/moveit_common:/workspaces/moveit2_ws/install/moveit_configs_utils:/opt/ros/humble LD_LIBRARY_PATH=/workspaces/shared/install/moveit_task_constructor_core/lib:/workspaces/shared/install/moveit_visual_tools/lib:/workspaces/shared/install/moveit_task_constructor_msgs/lib:/workspaces/shared/install/rviz_visual_tools/lib:/workspaces/shared/install/rviz_marker_tools/lib:/workspaces/shared/install/moveit_msgs/lib:${LD_LIBRARY_PATH} PYTHONPATH=/workspaces/shared/install/moveit_task_constructor_core/local/lib/python3.10/dist-packages:/workspaces/shared/install/moveit_task_constructor_msgs/local/lib/python3.10/dist-packages:/workspaces/shared/install/moveit_msgs/local/lib/python3.10/dist-packages:${PYTHONPATH} /usr/bin/cmake /workspaces/shared/src/moveit2_tutorials -DCMAKE_BUILD_TYPE=Release -DCMAKE_INSTALL_PREFIX=/workspaces/shared/install/moveit2_tutorials
