[0.234s] Invoking command in '/workspaces/shared/build/robotiq_controllers': CMAKE_PREFIX_PATH=${CMAKE_PREFIX_PATH}:/workspaces/moveit2_ws/install/moveit_configs_utils:/opt/ros/humble /usr/bin/cmake /workspaces/shared/src/ros2_robotiq_gripper/robotiq_controllers -DCMAKE_BUILD_TYPE=Release -DCMAKE_INSTALL_PREFIX=/workspaces/shared/install/robotiq_controllers
[0.301s] -- The C compiler identification is GNU 11.4.0
[0.359s] -- The CXX compiler identification is GNU 11.4.0
[0.367s] -- Detecting C compiler ABI info
[0.454s] -- Detecting C compiler ABI info - done
[0.463s] -- Check for working C compiler: /usr/bin/cc - skipped
[0.464s] -- Detecting C compile features
[0.464s] -- Detecting C compile features - done
[0.467s] -- Detecting CXX compiler ABI info
[0.561s] -- Detecting CXX compiler ABI info - done
[0.567s] -- Check for working CXX compiler: /usr/bin/c++ - skipped
[0.568s] -- Detecting CXX compile features
[0.568s] -- Detecting CXX compile features - done
[0.580s] -- Found ament_cmake: 1.3.11 (/opt/ros/humble/share/ament_cmake/cmake)
[0.734s] -- Found Python3: /usr/bin/python3 (found version "3.10.12") found components: Interpreter 
[0.939s] -- Found controller_interface: 2.51.0 (/opt/ros/humble/share/controller_interface/cmake)
[1.077s] -- Found rosidl_generator_c: 3.1.6 (/opt/ros/humble/share/rosidl_generator_c/cmake)
[1.102s] -- Found rosidl_adapter: 3.1.6 (/opt/ros/humble/share/rosidl_adapter/cmake)
[1.127s] -- Found rosidl_generator_cpp: 3.1.6 (/opt/ros/humble/share/rosidl_generator_cpp/cmake)
[1.155s] -- Using all available rosidl_typesupport_c: rosidl_typesupport_fastrtps_c;rosidl_typesupport_introspection_c
[1.193s] -- Using all available rosidl_typesupport_cpp: rosidl_typesupport_fastrtps_cpp;rosidl_typesupport_introspection_cpp
[1.579s] -- Found rmw_implementation_cmake: 6.1.2 (/opt/ros/humble/share/rmw_implementation_cmake/cmake)
[1.592s] -- Found rmw_fastrtps_cpp: 6.2.7 (/opt/ros/humble/share/rmw_fastrtps_cpp/cmake)
[1.654s] -- Found TinyXML2 via Config file: TinyXML2_DIR-NOTFOUND
[1.748s] -- Found OpenSSL: /usr/lib/x86_64-linux-gnu/libcrypto.so (found version "3.0.2")  
[1.750s] -- Found TinyXML2 via Config file: TinyXML2_DIR-NOTFOUND
[1.767s] -- Found FastRTPS: /opt/ros/humble/include  
[1.770s] -- Found TinyXML2 via Config file: TinyXML2_DIR-NOTFOUND
[1.779s] -- Found TinyXML2 via Config file: TinyXML2_DIR-NOTFOUND
[1.793s] -- Using RMW implementation 'rmw_fastrtps_cpp' as default
[1.825s] -- Looking for pthread.h
[1.914s] -- Looking for pthread.h - found
[1.915s] -- Performing Test CMAKE_HAVE_LIBC_PTHREAD
[2.011s] -- Performing Test CMAKE_HAVE_LIBC_PTHREAD - Success
[2.012s] -- Found Threads: TRUE  
[2.105s] -- Found std_srvs: 4.9.0 (/opt/ros/humble/share/std_srvs/cmake)
[2.139s] -- Found ament_lint_auto: 0.12.12 (/opt/ros/humble/share/ament_lint_auto/cmake)
[2.248s] -- Added test 'cppcheck' to perform static code analysis on C / C++ code
[2.248s] -- Configured cppcheck include dirs: /workspaces/shared/src/ros2_robotiq_gripper/robotiq_controllers/include
[2.248s] -- Configured cppcheck exclude dirs and/or files: 
[2.250s] -- Added test 'lint_cmake' to check CMake code style
[2.255s] -- Configuring done
[2.282s] -- Generating done
[2.285s] -- Build files have been written to: /workspaces/shared/build/robotiq_controllers
[2.292s] Invoked command in '/workspaces/shared/build/robotiq_controllers' returned '0': CMAKE_PREFIX_PATH=${CMAKE_PREFIX_PATH}:/workspaces/moveit2_ws/install/moveit_configs_utils:/opt/ros/humble /usr/bin/cmake /workspaces/shared/src/ros2_robotiq_gripper/robotiq_controllers -DCMAKE_BUILD_TYPE=Release -DCMAKE_INSTALL_PREFIX=/workspaces/shared/install/robotiq_controllers
[2.294s] Invoking command in '/workspaces/shared/build/robotiq_controllers': CMAKE_PREFIX_PATH=${CMAKE_PREFIX_PATH}:/workspaces/moveit2_ws/install/moveit_configs_utils:/opt/ros/humble /usr/bin/cmake --build /workspaces/shared/build/robotiq_controllers -- -j24 -l24
[2.368s] [ 50%] [32mBuilding CXX object CMakeFiles/robotiq_controllers.dir/src/robotiq_activation_controller.cpp.o[0m
[5.620s] [100%] [32m[1mLinking CXX shared library librobotiq_controllers.so[0m
[5.818s] [100%] Built target robotiq_controllers
[5.839s] Invoked command in '/workspaces/shared/build/robotiq_controllers' returned '0': CMAKE_PREFIX_PATH=${CMAKE_PREFIX_PATH}:/workspaces/moveit2_ws/install/moveit_configs_utils:/opt/ros/humble /usr/bin/cmake --build /workspaces/shared/build/robotiq_controllers -- -j24 -l24
[5.841s] Invoking command in '/workspaces/shared/build/robotiq_controllers': CMAKE_PREFIX_PATH=${CMAKE_PREFIX_PATH}:/workspaces/moveit2_ws/install/moveit_configs_utils:/opt/ros/humble /usr/bin/cmake --install /workspaces/shared/build/robotiq_controllers
[5.857s] -- Install configuration: "Release"
[5.857s] -- Installing: /workspaces/shared/install/robotiq_controllers/share/robotiq_controllers/controller_plugins.xml
[5.858s] -- Installing: /workspaces/shared/install/robotiq_controllers/lib/librobotiq_controllers.so
[5.859s] -- Set runtime path of "/workspaces/shared/install/robotiq_controllers/lib/librobotiq_controllers.so" to ""
[5.859s] -- Installing: /workspaces/shared/install/robotiq_controllers/include
[5.859s] -- Installing: /workspaces/shared/install/robotiq_controllers/include/robotiq_controllers
[5.859s] -- Installing: /workspaces/shared/install/robotiq_controllers/include/robotiq_controllers/robotiq_activation_controller.hpp
[5.859s] -- Installing: /workspaces/shared/install/robotiq_controllers/share/robotiq_controllers/environment/library_path.sh
[5.859s] -- Installing: /workspaces/shared/install/robotiq_controllers/share/robotiq_controllers/environment/library_path.dsv
[5.860s] -- Installing: /workspaces/shared/install/robotiq_controllers/share/ament_index/resource_index/package_run_dependencies/robotiq_controllers
[5.860s] -- Installing: /workspaces/shared/install/robotiq_controllers/share/ament_index/resource_index/parent_prefix_path/robotiq_controllers
[5.860s] -- Installing: /workspaces/shared/install/robotiq_controllers/share/robotiq_controllers/environment/ament_prefix_path.sh
[5.861s] -- Installing: /workspaces/shared/install/robotiq_controllers/share/robotiq_controllers/environment/ament_prefix_path.dsv
[5.861s] -- Installing: /workspaces/shared/install/robotiq_controllers/share/robotiq_controllers/environment/path.sh
[5.861s] -- Installing: /workspaces/shared/install/robotiq_controllers/share/robotiq_controllers/environment/path.dsv
[5.861s] -- Installing: /workspaces/shared/install/robotiq_controllers/share/robotiq_controllers/local_setup.bash
[5.862s] -- Installing: /workspaces/shared/install/robotiq_controllers/share/robotiq_controllers/local_setup.sh
[5.862s] -- Installing: /workspaces/shared/install/robotiq_controllers/share/robotiq_controllers/local_setup.zsh
[5.862s] -- Installing: /workspaces/shared/install/robotiq_controllers/share/robotiq_controllers/local_setup.dsv
[5.862s] -- Installing: /workspaces/shared/install/robotiq_controllers/share/robotiq_controllers/package.dsv
[5.862s] -- Installing: /workspaces/shared/install/robotiq_controllers/share/ament_index/resource_index/packages/robotiq_controllers
[5.863s] -- Installing: /workspaces/shared/install/robotiq_controllers/share/ament_index/resource_index/controller_interface__pluginlib__plugin/robotiq_controllers
[5.863s] -- Installing: /workspaces/shared/install/robotiq_controllers/share/robotiq_controllers/cmake/export_robotiq_controllersExport.cmake
[5.863s] -- Installing: /workspaces/shared/install/robotiq_controllers/share/robotiq_controllers/cmake/export_robotiq_controllersExport-release.cmake
[5.864s] -- Installing: /workspaces/shared/install/robotiq_controllers/share/robotiq_controllers/cmake/ament_cmake_export_include_directories-extras.cmake
[5.864s] -- Installing: /workspaces/shared/install/robotiq_controllers/share/robotiq_controllers/cmake/ament_cmake_export_libraries-extras.cmake
[5.864s] -- Installing: /workspaces/shared/install/robotiq_controllers/share/robotiq_controllers/cmake/ament_cmake_export_targets-extras.cmake
[5.864s] -- Installing: /workspaces/shared/install/robotiq_controllers/share/robotiq_controllers/cmake/ament_cmake_export_dependencies-extras.cmake
[5.865s] -- Installing: /workspaces/shared/install/robotiq_controllers/share/robotiq_controllers/cmake/robotiq_controllersConfig.cmake
[5.865s] -- Installing: /workspaces/shared/install/robotiq_controllers/share/robotiq_controllers/cmake/robotiq_controllersConfig-version.cmake
[5.865s] -- Installing: /workspaces/shared/install/robotiq_controllers/share/robotiq_controllers/package.xml
[5.868s] Invoked command in '/workspaces/shared/build/robotiq_controllers' returned '0': CMAKE_PREFIX_PATH=${CMAKE_PREFIX_PATH}:/workspaces/moveit2_ws/install/moveit_configs_utils:/opt/ros/humble /usr/bin/cmake --install /workspaces/shared/build/robotiq_controllers
