[0.039s] Invoking command in '/workspaces/shared/build/serial': CMAKE_PREFIX_PATH=${CMAKE_PREFIX_PATH}:/workspaces/moveit2_ws/install/moveit_configs_utils:/opt/ros/humble /usr/bin/cmake --build /workspaces/shared/build/serial -- -j24 -l24
[0.129s] [100%] Built target serial
[0.218s] Invoked command in '/workspaces/shared/build/serial' returned '0': CMAKE_PREFIX_PATH=${CMAKE_PREFIX_PATH}:/workspaces/moveit2_ws/install/moveit_configs_utils:/opt/ros/humble /usr/bin/cmake --build /workspaces/shared/build/serial -- -j24 -l24
[0.218s] Invoking command in '/workspaces/shared/build/serial': CMAKE_PREFIX_PATH=${CMAKE_PREFIX_PATH}:/workspaces/moveit2_ws/install/moveit_configs_utils:/opt/ros/humble /usr/bin/cmake --install /workspaces/shared/build/serial
[0.256s] -- Install configuration: "Release"
[0.256s] -- Up-to-date: /workspaces/shared/install/serial/lib/libserial.a
[0.256s] -- Up-to-date: /workspaces/shared/install/serial/include
[0.256s] -- Up-to-date: /workspaces/shared/install/serial/include/serial
[0.257s] -- Up-to-date: /workspaces/shared/install/serial/include/serial/impl
[0.257s] -- Up-to-date: /workspaces/shared/install/serial/include/serial/impl/unix.h
[0.257s] -- Up-to-date: /workspaces/shared/install/serial/include/serial/impl/win.h
[0.257s] -- Up-to-date: /workspaces/shared/install/serial/include/serial/v8stdint.h
[0.257s] -- Up-to-date: /workspaces/shared/install/serial/include/serial/serial.h
[0.257s] -- Up-to-date: /workspaces/shared/install/serial/share/serial/environment/library_path.sh
[0.257s] -- Up-to-date: /workspaces/shared/install/serial/share/serial/environment/library_path.dsv
[0.257s] -- Up-to-date: /workspaces/shared/install/serial/share/ament_index/resource_index/package_run_dependencies/serial
[0.257s] -- Up-to-date: /workspaces/shared/install/serial/share/ament_index/resource_index/parent_prefix_path/serial
[0.257s] -- Up-to-date: /workspaces/shared/install/serial/share/serial/environment/ament_prefix_path.sh
[0.257s] -- Up-to-date: /workspaces/shared/install/serial/share/serial/environment/ament_prefix_path.dsv
[0.257s] -- Up-to-date: /workspaces/shared/install/serial/share/serial/environment/path.sh
[0.257s] -- Up-to-date: /workspaces/shared/install/serial/share/serial/environment/path.dsv
[0.257s] -- Up-to-date: /workspaces/shared/install/serial/share/serial/local_setup.bash
[0.257s] -- Up-to-date: /workspaces/shared/install/serial/share/serial/local_setup.sh
[0.258s] -- Up-to-date: /workspaces/shared/install/serial/share/serial/local_setup.zsh
[0.258s] -- Up-to-date: /workspaces/shared/install/serial/share/serial/local_setup.dsv
[0.258s] -- Installing: /workspaces/shared/install/serial/share/serial/package.dsv
[0.258s] -- Up-to-date: /workspaces/shared/install/serial/share/ament_index/resource_index/packages/serial
[0.259s] -- Up-to-date: /workspaces/shared/install/serial/share/serial/cmake/export_serialExport.cmake
[0.259s] -- Up-to-date: /workspaces/shared/install/serial/share/serial/cmake/export_serialExport-release.cmake
[0.259s] -- Up-to-date: /workspaces/shared/install/serial/share/serial/cmake/ament_cmake_export_include_directories-extras.cmake
[0.259s] -- Up-to-date: /workspaces/shared/install/serial/share/serial/cmake/ament_cmake_export_libraries-extras.cmake
[0.259s] -- Up-to-date: /workspaces/shared/install/serial/share/serial/cmake/ament_cmake_export_targets-extras.cmake
[0.259s] -- Up-to-date: /workspaces/shared/install/serial/share/serial/cmake/serialConfig.cmake
[0.260s] -- Up-to-date: /workspaces/shared/install/serial/share/serial/cmake/serialConfig-version.cmake
[0.260s] -- Up-to-date: /workspaces/shared/install/serial/share/serial/package.xml
[0.283s] Invoked command in '/workspaces/shared/build/serial' returned '0': CMAKE_PREFIX_PATH=${CMAKE_PREFIX_PATH}:/workspaces/moveit2_ws/install/moveit_configs_utils:/opt/ros/humble /usr/bin/cmake --install /workspaces/shared/build/serial
