[0.056s] Invoking command in '/workspaces/shared/build/moveit_task_constructor_demo': AMENT_PREFIX_PATH=/workspaces/shared/install/moveit_task_constructor_capabilities:/workspaces/shared/install/moveit_task_constructor_core:/workspaces/shared/install/moveit_task_constructor_msgs:/workspaces/shared/install/moveit_resources_panda_moveit_config:/workspaces/shared/install/moveit_resources_fanuc_moveit_config:/workspaces/shared/install/rviz_marker_tools:/workspaces/shared/install/moveit_resources_panda_description:/workspaces/shared/install/moveit_resources_fanuc_description:/workspaces/shared/install/moveit_msgs:${AMENT_PREFIX_PATH} CMAKE_MODULE_PATH=/workspaces/shared/install/moveit_task_constructor_core/share/moveit_task_constructor_core/cmake CMAKE_PREFIX_PATH=/workspaces/shared/install/moveit_task_constructor_capabilities:/workspaces/shared/install/moveit_task_constructor_core:/workspaces/shared/install/moveit_task_constructor_msgs:/workspaces/shared/install/moveit_resources_panda_moveit_config:/workspaces/shared/install/moveit_resources_fanuc_moveit_config:/workspaces/shared/install/rviz_marker_tools:/workspaces/shared/install/moveit_resources_panda_description:/workspaces/shared/install/moveit_resources_fanuc_description:/workspaces/shared/install/moveit_msgs:/workspaces/moveit2_ws/install/pilz_industrial_motion_planner_testutils:/workspaces/moveit2_ws/install/moveit_runtime:/workspaces/moveit2_ws/install/moveit:/workspaces/moveit2_ws/install/moveit_planners:/workspaces/moveit2_ws/install/pilz_industrial_motion_planner:/workspaces/moveit2_ws/install/moveit_ros_control_interface:/workspaces/moveit2_ws/install/moveit_plugins:/workspaces/moveit2_ws/install/moveit_simple_controller_manager:/workspaces/moveit2_ws/install/moveit_setup_assistant:/workspaces/moveit2_ws/install/moveit_setup_srdf_plugins:/workspaces/moveit2_ws/install/moveit_setup_core_plugins:/workspaces/moveit2_ws/install/moveit_setup_controllers:/workspaces/moveit2_ws/install/moveit_setup_app_plugins:/workspaces/moveit2_ws/install/moveit_setup_framework:/workspaces/moveit2_ws/install/moveit_servo:/workspaces/moveit2_ws/install/moveit_ros_trajectory_cache:/workspaces/moveit2_ws/install/moveit_ros:/workspaces/moveit2_ws/install/moveit_ros_visualization:/workspaces/moveit2_ws/install/moveit_py:/workspaces/moveit2_ws/install/moveit_hybrid_planning:/workspaces/moveit2_ws/install/moveit_ros_planning_interface:/workspaces/moveit2_ws/install/moveit_ros_benchmarks:/workspaces/moveit2_ws/install/moveit_ros_warehouse:/workspaces/moveit2_ws/install/moveit_ros_robot_interaction:/workspaces/moveit2_ws/install/moveit_ros_perception:/workspaces/moveit2_ws/install/moveit_resources_prbt_pg70_support:/workspaces/moveit2_ws/install/moveit_resources_prbt_moveit_config:/workspaces/moveit2_ws/install/moveit_ros_move_group:/workspaces/moveit2_ws/install/moveit_planners_ompl:/workspaces/moveit2_ws/install/moveit_kinematics:/workspaces/moveit2_ws/install/moveit_ros_planning:/workspaces/moveit2_ws/install/moveit_ros_occupancy_map_monitor:/workspaces/moveit2_ws/install/moveit_resources_prbt_support:/workspaces/moveit2_ws/install/moveit_resources_prbt_ikfast_manipulator_plugin:/workspaces/moveit2_ws/install/moveit_resources:/workspaces/moveit2_ws/install/moveit_resources_pr2_description:/workspaces/moveit2_ws/install/moveit_resources_panda_moveit_config:/workspaces/moveit2_ws/install/dual_arm_panda_moveit_config:/workspaces/moveit2_ws/install/moveit_resources_panda_description:/workspaces/moveit2_ws/install/moveit_resources_fanuc_moveit_config:/workspaces/moveit2_ws/install/moveit_resources_fanuc_description:/workspaces/moveit2_ws/install/moveit_planners_stomp:/workspaces/moveit2_ws/install/moveit_planners_chomp:/workspaces/moveit2_ws/install/chomp_motion_planner:/workspaces/moveit2_ws/install/moveit_core:/workspaces/moveit2_ws/install/moveit_msgs:/workspaces/moveit2_ws/install/moveit_common:/workspaces/moveit2_ws/install/moveit_configs_utils:/opt/ros/humble LD_LIBRARY_PATH=/workspaces/shared/install/moveit_task_constructor_capabilities/lib:/workspaces/shared/install/moveit_task_constructor_core/lib:/workspaces/shared/install/moveit_task_constructor_msgs/lib:/workspaces/shared/install/rviz_marker_tools/lib:/workspaces/shared/install/moveit_msgs/lib:${LD_LIBRARY_PATH} PYTHONPATH=/workspaces/shared/install/moveit_task_constructor_core/local/lib/python3.10/dist-packages:/workspaces/shared/install/moveit_task_constructor_msgs/local/lib/python3.10/dist-packages:/workspaces/shared/install/moveit_msgs/local/lib/python3.10/dist-packages:${PYTHONPATH} /usr/bin/cmake /workspaces/shared/src/moveit_task_constructor/demo -DCMAKE_BUILD_TYPE=Release -DCMAKE_INSTALL_PREFIX=/workspaces/shared/install/moveit_task_constructor_demo
[0.178s] -- The C compiler identification is GNU 11.4.0
[0.267s] -- The CXX compiler identification is GNU 11.4.0
[0.281s] -- Detecting C compiler ABI info
[0.403s] -- Detecting C compiler ABI info - done
[0.408s] -- Check for working C compiler: /usr/bin/cc - skipped
[0.409s] -- Detecting C compile features
[0.409s] -- Detecting C compile features - done
[0.413s] -- Detecting CXX compiler ABI info
[0.565s] -- Detecting CXX compiler ABI info - done
[0.575s] -- Check for working CXX compiler: /usr/bin/c++ - skipped
[0.576s] -- Detecting CXX compile features
[0.577s] -- Detecting CXX compile features - done
[0.603s] -- Found ament_cmake: 1.3.11 (/opt/ros/humble/share/ament_cmake/cmake)
[0.855s] -- Found Python3: /usr/bin/python3 (found version "3.10.12") found components: Interpreter 
[1.180s] -- Found generate_parameter_library: 0.5.0 (/opt/ros/humble/share/generate_parameter_library/cmake)
[1.212s] -- Found parameter_traits: 0.5.0 (/opt/ros/humble/share/parameter_traits/cmake)
[1.433s] -- Found rosidl_generator_c: 3.1.6 (/opt/ros/humble/share/rosidl_generator_c/cmake)
[1.469s] -- Found rosidl_adapter: 3.1.6 (/opt/ros/humble/share/rosidl_adapter/cmake)
[1.510s] -- Found rosidl_generator_cpp: 3.1.6 (/opt/ros/humble/share/rosidl_generator_cpp/cmake)
[1.564s] -- Using all available rosidl_typesupport_c: rosidl_typesupport_fastrtps_c;rosidl_typesupport_introspection_c
[1.633s] -- Using all available rosidl_typesupport_cpp: rosidl_typesupport_fastrtps_cpp;rosidl_typesupport_introspection_cpp
[1.838s] -- Found rmw_implementation_cmake: 6.1.2 (/opt/ros/humble/share/rmw_implementation_cmake/cmake)
[1.861s] -- Found rmw_fastrtps_cpp: 6.2.7 (/opt/ros/humble/share/rmw_fastrtps_cpp/cmake)
[2.148s] -- Found OpenSSL: /usr/lib/x86_64-linux-gnu/libcrypto.so (found version "3.0.2")  
[2.213s] -- Found FastRTPS: /opt/ros/humble/include  
[2.318s] -- Using RMW implementation 'rmw_fastrtps_cpp' as default
[2.372s] -- Looking for pthread.h
[2.504s] -- Looking for pthread.h - found
[2.504s] -- Performing Test CMAKE_HAVE_LIBC_PTHREAD
[2.649s] -- Performing Test CMAKE_HAVE_LIBC_PTHREAD - Success
[2.650s] -- Found Threads: TRUE  
[2.841s] -- Found rclcpp_lifecycle: 16.0.12 (/opt/ros/humble/share/rclcpp_lifecycle/cmake)
[2.903s] -- Found moveit_common: 2.14.0 (/workspaces/moveit2_ws/install/moveit_common/share/moveit_common/cmake)
[3.018s] -- Found moveit_core: 2.14.0 (/workspaces/moveit2_ws/install/moveit_core/share/moveit_core/cmake)
[3.228s] -- Found Boost: /usr/lib/x86_64-linux-gnu/cmake/Boost-1.74.0/BoostConfig.cmake (found version "1.74.0") found components: chrono date_time filesystem iostreams program_options regex serialization system thread 
[3.401s] -- Found Boost: /usr/lib/x86_64-linux-gnu/cmake/Boost-1.74.0/BoostConfig.cmake (found version "1.74.0") found components: filesystem 
[3.684s] -- library: /usr/lib/x86_64-linux-gnu/libcurl.so
[3.822s] -- Found Eigen3: TRUE (found version "3.4.0") 
[3.822s] -- Ensuring Eigen3 include directory is part of orocos-kdl CMake target
[4.385s] -- Found moveit_ros_planning: 2.14.0 (/workspaces/moveit2_ws/install/moveit_ros_planning/share/moveit_ros_planning/cmake)
[4.390s] -- Found Boost: /usr/lib/x86_64-linux-gnu/cmake/Boost-1.74.0/BoostConfig.cmake (found version "1.74.0") found components: system filesystem date_time program_options thread chrono 
[4.424s] -- Found moveit_ros_planning_interface: 2.14.0 (/workspaces/moveit2_ws/install/moveit_ros_planning_interface/share/moveit_ros_planning_interface/cmake)
[4.430s] -- Found Boost: /usr/lib/x86_64-linux-gnu/cmake/Boost-1.74.0/BoostConfig.cmake (found version "1.74.0") found components: date_time filesystem program_options system thread 
[4.452s] -- Found Boost: /usr/lib/x86_64-linux-gnu/cmake/Boost-1.74.0/BoostConfig.cmake (found version "1.74.0") found components: thread system filesystem regex date_time program_options 
[4.496s] -- Found Boost: /usr/lib/x86_64-linux-gnu/cmake/Boost-1.74.0/BoostConfig.cmake (found version "1.74.0") found components: system filesystem date_time program_options thread 
[4.526s] -- Found moveit_task_constructor_core: 0.1.3 (/workspaces/shared/install/moveit_task_constructor_core/share/moveit_task_constructor_core/cmake)
[4.657s] -- Configuring done
[4.857s] -- Generating done
[4.904s] -- Build files have been written to: /workspaces/shared/build/moveit_task_constructor_demo
[4.921s] Invoked command in '/workspaces/shared/build/moveit_task_constructor_demo' returned '0': AMENT_PREFIX_PATH=/workspaces/shared/install/moveit_task_constructor_capabilities:/workspaces/shared/install/moveit_task_constructor_core:/workspaces/shared/install/moveit_task_constructor_msgs:/workspaces/shared/install/moveit_resources_panda_moveit_config:/workspaces/shared/install/moveit_resources_fanuc_moveit_config:/workspaces/shared/install/rviz_marker_tools:/workspaces/shared/install/moveit_resources_panda_description:/workspaces/shared/install/moveit_resources_fanuc_description:/workspaces/shared/install/moveit_msgs:${AMENT_PREFIX_PATH} CMAKE_MODULE_PATH=/workspaces/shared/install/moveit_task_constructor_core/share/moveit_task_constructor_core/cmake CMAKE_PREFIX_PATH=/workspaces/shared/install/moveit_task_constructor_capabilities:/workspaces/shared/install/moveit_task_constructor_core:/workspaces/shared/install/moveit_task_constructor_msgs:/workspaces/shared/install/moveit_resources_panda_moveit_config:/workspaces/shared/install/moveit_resources_fanuc_moveit_config:/workspaces/shared/install/rviz_marker_tools:/workspaces/shared/install/moveit_resources_panda_description:/workspaces/shared/install/moveit_resources_fanuc_description:/workspaces/shared/install/moveit_msgs:/workspaces/moveit2_ws/install/pilz_industrial_motion_planner_testutils:/workspaces/moveit2_ws/install/moveit_runtime:/workspaces/moveit2_ws/install/moveit:/workspaces/moveit2_ws/install/moveit_planners:/workspaces/moveit2_ws/install/pilz_industrial_motion_planner:/workspaces/moveit2_ws/install/moveit_ros_control_interface:/workspaces/moveit2_ws/install/moveit_plugins:/workspaces/moveit2_ws/install/moveit_simple_controller_manager:/workspaces/moveit2_ws/install/moveit_setup_assistant:/workspaces/moveit2_ws/install/moveit_setup_srdf_plugins:/workspaces/moveit2_ws/install/moveit_setup_core_plugins:/workspaces/moveit2_ws/install/moveit_setup_controllers:/workspaces/moveit2_ws/install/moveit_setup_app_plugins:/workspaces/moveit2_ws/install/moveit_setup_framework:/workspaces/moveit2_ws/install/moveit_servo:/workspaces/moveit2_ws/install/moveit_ros_trajectory_cache:/workspaces/moveit2_ws/install/moveit_ros:/workspaces/moveit2_ws/install/moveit_ros_visualization:/workspaces/moveit2_ws/install/moveit_py:/workspaces/moveit2_ws/install/moveit_hybrid_planning:/workspaces/moveit2_ws/install/moveit_ros_planning_interface:/workspaces/moveit2_ws/install/moveit_ros_benchmarks:/workspaces/moveit2_ws/install/moveit_ros_warehouse:/workspaces/moveit2_ws/install/moveit_ros_robot_interaction:/workspaces/moveit2_ws/install/moveit_ros_perception:/workspaces/moveit2_ws/install/moveit_resources_prbt_pg70_support:/workspaces/moveit2_ws/install/moveit_resources_prbt_moveit_config:/workspaces/moveit2_ws/install/moveit_ros_move_group:/workspaces/moveit2_ws/install/moveit_planners_ompl:/workspaces/moveit2_ws/install/moveit_kinematics:/workspaces/moveit2_ws/install/moveit_ros_planning:/workspaces/moveit2_ws/install/moveit_ros_occupancy_map_monitor:/workspaces/moveit2_ws/install/moveit_resources_prbt_support:/workspaces/moveit2_ws/install/moveit_resources_prbt_ikfast_manipulator_plugin:/workspaces/moveit2_ws/install/moveit_resources:/workspaces/moveit2_ws/install/moveit_resources_pr2_description:/workspaces/moveit2_ws/install/moveit_resources_panda_moveit_config:/workspaces/moveit2_ws/install/dual_arm_panda_moveit_config:/workspaces/moveit2_ws/install/moveit_resources_panda_description:/workspaces/moveit2_ws/install/moveit_resources_fanuc_moveit_config:/workspaces/moveit2_ws/install/moveit_resources_fanuc_description:/workspaces/moveit2_ws/install/moveit_planners_stomp:/workspaces/moveit2_ws/install/moveit_planners_chomp:/workspaces/moveit2_ws/install/chomp_motion_planner:/workspaces/moveit2_ws/install/moveit_core:/workspaces/moveit2_ws/install/moveit_msgs:/workspaces/moveit2_ws/install/moveit_common:/workspaces/moveit2_ws/install/moveit_configs_utils:/opt/ros/humble LD_LIBRARY_PATH=/workspaces/shared/install/moveit_task_constructor_capabilities/lib:/workspaces/shared/install/moveit_task_constructor_core/lib:/workspaces/shared/install/moveit_task_constructor_msgs/lib:/workspaces/shared/install/rviz_marker_tools/lib:/workspaces/shared/install/moveit_msgs/lib:${LD_LIBRARY_PATH} PYTHONPATH=/workspaces/shared/install/moveit_task_constructor_core/local/lib/python3.10/dist-packages:/workspaces/shared/install/moveit_task_constructor_msgs/local/lib/python3.10/dist-packages:/workspaces/shared/install/moveit_msgs/local/lib/python3.10/dist-packages:${PYTHONPATH} /usr/bin/cmake /workspaces/shared/src/moveit_task_constructor/demo -DCMAKE_BUILD_TYPE=Release -DCMAKE_INSTALL_PREFIX=/workspaces/shared/install/moveit_task_constructor_demo
[4.922s] Invoking command in '/workspaces/shared/build/moveit_task_constructor_demo': AMENT_PREFIX_PATH=/workspaces/shared/install/moveit_task_constructor_capabilities:/workspaces/shared/install/moveit_task_constructor_core:/workspaces/shared/install/moveit_task_constructor_msgs:/workspaces/shared/install/moveit_resources_panda_moveit_config:/workspaces/shared/install/moveit_resources_fanuc_moveit_config:/workspaces/shared/install/rviz_marker_tools:/workspaces/shared/install/moveit_resources_panda_description:/workspaces/shared/install/moveit_resources_fanuc_description:/workspaces/shared/install/moveit_msgs:${AMENT_PREFIX_PATH} CMAKE_MODULE_PATH=/workspaces/shared/install/moveit_task_constructor_core/share/moveit_task_constructor_core/cmake CMAKE_PREFIX_PATH=/workspaces/shared/install/moveit_task_constructor_capabilities:/workspaces/shared/install/moveit_task_constructor_core:/workspaces/shared/install/moveit_task_constructor_msgs:/workspaces/shared/install/moveit_resources_panda_moveit_config:/workspaces/shared/install/moveit_resources_fanuc_moveit_config:/workspaces/shared/install/rviz_marker_tools:/workspaces/shared/install/moveit_resources_panda_description:/workspaces/shared/install/moveit_resources_fanuc_description:/workspaces/shared/install/moveit_msgs:/workspaces/moveit2_ws/install/pilz_industrial_motion_planner_testutils:/workspaces/moveit2_ws/install/moveit_runtime:/workspaces/moveit2_ws/install/moveit:/workspaces/moveit2_ws/install/moveit_planners:/workspaces/moveit2_ws/install/pilz_industrial_motion_planner:/workspaces/moveit2_ws/install/moveit_ros_control_interface:/workspaces/moveit2_ws/install/moveit_plugins:/workspaces/moveit2_ws/install/moveit_simple_controller_manager:/workspaces/moveit2_ws/install/moveit_setup_assistant:/workspaces/moveit2_ws/install/moveit_setup_srdf_plugins:/workspaces/moveit2_ws/install/moveit_setup_core_plugins:/workspaces/moveit2_ws/install/moveit_setup_controllers:/workspaces/moveit2_ws/install/moveit_setup_app_plugins:/workspaces/moveit2_ws/install/moveit_setup_framework:/workspaces/moveit2_ws/install/moveit_servo:/workspaces/moveit2_ws/install/moveit_ros_trajectory_cache:/workspaces/moveit2_ws/install/moveit_ros:/workspaces/moveit2_ws/install/moveit_ros_visualization:/workspaces/moveit2_ws/install/moveit_py:/workspaces/moveit2_ws/install/moveit_hybrid_planning:/workspaces/moveit2_ws/install/moveit_ros_planning_interface:/workspaces/moveit2_ws/install/moveit_ros_benchmarks:/workspaces/moveit2_ws/install/moveit_ros_warehouse:/workspaces/moveit2_ws/install/moveit_ros_robot_interaction:/workspaces/moveit2_ws/install/moveit_ros_perception:/workspaces/moveit2_ws/install/moveit_resources_prbt_pg70_support:/workspaces/moveit2_ws/install/moveit_resources_prbt_moveit_config:/workspaces/moveit2_ws/install/moveit_ros_move_group:/workspaces/moveit2_ws/install/moveit_planners_ompl:/workspaces/moveit2_ws/install/moveit_kinematics:/workspaces/moveit2_ws/install/moveit_ros_planning:/workspaces/moveit2_ws/install/moveit_ros_occupancy_map_monitor:/workspaces/moveit2_ws/install/moveit_resources_prbt_support:/workspaces/moveit2_ws/install/moveit_resources_prbt_ikfast_manipulator_plugin:/workspaces/moveit2_ws/install/moveit_resources:/workspaces/moveit2_ws/install/moveit_resources_pr2_description:/workspaces/moveit2_ws/install/moveit_resources_panda_moveit_config:/workspaces/moveit2_ws/install/dual_arm_panda_moveit_config:/workspaces/moveit2_ws/install/moveit_resources_panda_description:/workspaces/moveit2_ws/install/moveit_resources_fanuc_moveit_config:/workspaces/moveit2_ws/install/moveit_resources_fanuc_description:/workspaces/moveit2_ws/install/moveit_planners_stomp:/workspaces/moveit2_ws/install/moveit_planners_chomp:/workspaces/moveit2_ws/install/chomp_motion_planner:/workspaces/moveit2_ws/install/moveit_core:/workspaces/moveit2_ws/install/moveit_msgs:/workspaces/moveit2_ws/install/moveit_common:/workspaces/moveit2_ws/install/moveit_configs_utils:/opt/ros/humble LD_LIBRARY_PATH=/workspaces/shared/install/moveit_task_constructor_capabilities/lib:/workspaces/shared/install/moveit_task_constructor_core/lib:/workspaces/shared/install/moveit_task_constructor_msgs/lib:/workspaces/shared/install/rviz_marker_tools/lib:/workspaces/shared/install/moveit_msgs/lib:${LD_LIBRARY_PATH} PYTHONPATH=/workspaces/shared/install/moveit_task_constructor_core/local/lib/python3.10/dist-packages:/workspaces/shared/install/moveit_task_constructor_msgs/local/lib/python3.10/dist-packages:/workspaces/shared/install/moveit_msgs/local/lib/python3.10/dist-packages:${PYTHONPATH} /usr/bin/cmake --build /workspaces/shared/build/moveit_task_constructor_demo -- -j24 -l24
[5.059s] [ 11%] [34m[1mRunning `/opt/ros/humble/bin/generate_parameter_library_cpp /workspaces/shared/build/moveit_task_constructor_demo/include/moveit_task_constructor_demo/ik_clearance_cost_parameters.hpp /workspaces/shared/src/moveit_task_constructor/demo/src/ik_clearance_cost_parameters.yaml `[0m
[5.060s] [ 11%] [32mBuilding CXX object CMakeFiles/moveit_task_constructor_demo_fallbacks_move_to.dir/src/fallbacks_move_to.cpp.o[0m
[5.060s] [ 22%] [32mBuilding CXX object CMakeFiles/moveit_task_constructor_demo_cartesian.dir/src/cartesian.cpp.o[0m
[5.060s] [ 22%] [32mBuilding CXX object CMakeFiles/moveit_task_constructor_demo_alternative_path_costs.dir/src/alternative_path_costs.cpp.o[0m
[5.060s] [ 27%] [34m[1mRunning `/opt/ros/humble/bin/generate_parameter_library_cpp /workspaces/shared/build/moveit_task_constructor_demo/include/moveit_task_constructor_demo/pick_place_demo_parameters.hpp /workspaces/shared/src/moveit_task_constructor/demo/src/pick_place_demo_parameters.yaml `[0m
[5.062s] [ 33%] [32mBuilding CXX object CMakeFiles/moveit_task_constructor_demo_modular.dir/src/modular.cpp.o[0m
[5.252s] [ 38%] [34m[1mCreating deprecated header file /workspaces/shared/build/moveit_task_constructor_demo/include/ik_clearance_cost_parameters.hpp[0m
[5.299s] [ 38%] Built target ik_clearance_cost_parameters
[5.357s] [ 44%] [32mBuilding CXX object CMakeFiles/moveit_task_constructor_demo_ik_clearance_cost.dir/src/ik_clearance_cost.cpp.o[0m
[5.775s] [ 50%] [34m[1mCreating deprecated header file /workspaces/shared/build/moveit_task_constructor_demo/include/pick_place_demo_parameters.hpp[0m
[5.822s] [ 50%] Built target pick_place_demo_parameters
[5.880s] [ 55%] [32mBuilding CXX object CMakeFiles/moveit_task_constructor_demo_pick_place_task.dir/src/pick_place_task.cpp.o[0m
[13.543s] [ 61%] [32m[1mLinking CXX executable cartesian[0m
[13.817s] [ 61%] Built target moveit_task_constructor_demo_cartesian
[14.032s] [ 66%] [32m[1mLinking CXX executable modular[0m
[14.289s] [ 66%] Built target moveit_task_constructor_demo_modular
[14.351s] [ 72%] [32m[1mLinking CXX executable ik_clearance_cost[0m
[14.611s] [ 72%] Built target moveit_task_constructor_demo_ik_clearance_cost
[14.869s] [ 77%] [32m[1mLinking CXX executable fallbacks_move_to[0m
[14.950s] [ 83%] [32m[1mLinking CXX executable alternative_path_costs[0m
[15.123s] [ 83%] Built target moveit_task_constructor_demo_fallbacks_move_to
[15.198s] [ 83%] Built target moveit_task_constructor_demo_alternative_path_costs
[17.173s] [ 88%] [32m[1mLinking CXX shared library libmoveit_task_constructor_demo_pick_place_task.so[0m
[17.345s] [ 88%] Built target moveit_task_constructor_demo_pick_place_task
[17.375s] [ 94%] [32mBuilding CXX object CMakeFiles/moveit_task_constructor_demo_pick_place_demo.dir/src/pick_place_demo.cpp.o[0m
[25.025s] [100%] [32m[1mLinking CXX executable pick_place_demo[0m
[25.236s] [100%] Built target moveit_task_constructor_demo_pick_place_demo
[25.250s] Invoked command in '/workspaces/shared/build/moveit_task_constructor_demo' returned '0': AMENT_PREFIX_PATH=/workspaces/shared/install/moveit_task_constructor_capabilities:/workspaces/shared/install/moveit_task_constructor_core:/workspaces/shared/install/moveit_task_constructor_msgs:/workspaces/shared/install/moveit_resources_panda_moveit_config:/workspaces/shared/install/moveit_resources_fanuc_moveit_config:/workspaces/shared/install/rviz_marker_tools:/workspaces/shared/install/moveit_resources_panda_description:/workspaces/shared/install/moveit_resources_fanuc_description:/workspaces/shared/install/moveit_msgs:${AMENT_PREFIX_PATH} CMAKE_MODULE_PATH=/workspaces/shared/install/moveit_task_constructor_core/share/moveit_task_constructor_core/cmake CMAKE_PREFIX_PATH=/workspaces/shared/install/moveit_task_constructor_capabilities:/workspaces/shared/install/moveit_task_constructor_core:/workspaces/shared/install/moveit_task_constructor_msgs:/workspaces/shared/install/moveit_resources_panda_moveit_config:/workspaces/shared/install/moveit_resources_fanuc_moveit_config:/workspaces/shared/install/rviz_marker_tools:/workspaces/shared/install/moveit_resources_panda_description:/workspaces/shared/install/moveit_resources_fanuc_description:/workspaces/shared/install/moveit_msgs:/workspaces/moveit2_ws/install/pilz_industrial_motion_planner_testutils:/workspaces/moveit2_ws/install/moveit_runtime:/workspaces/moveit2_ws/install/moveit:/workspaces/moveit2_ws/install/moveit_planners:/workspaces/moveit2_ws/install/pilz_industrial_motion_planner:/workspaces/moveit2_ws/install/moveit_ros_control_interface:/workspaces/moveit2_ws/install/moveit_plugins:/workspaces/moveit2_ws/install/moveit_simple_controller_manager:/workspaces/moveit2_ws/install/moveit_setup_assistant:/workspaces/moveit2_ws/install/moveit_setup_srdf_plugins:/workspaces/moveit2_ws/install/moveit_setup_core_plugins:/workspaces/moveit2_ws/install/moveit_setup_controllers:/workspaces/moveit2_ws/install/moveit_setup_app_plugins:/workspaces/moveit2_ws/install/moveit_setup_framework:/workspaces/moveit2_ws/install/moveit_servo:/workspaces/moveit2_ws/install/moveit_ros_trajectory_cache:/workspaces/moveit2_ws/install/moveit_ros:/workspaces/moveit2_ws/install/moveit_ros_visualization:/workspaces/moveit2_ws/install/moveit_py:/workspaces/moveit2_ws/install/moveit_hybrid_planning:/workspaces/moveit2_ws/install/moveit_ros_planning_interface:/workspaces/moveit2_ws/install/moveit_ros_benchmarks:/workspaces/moveit2_ws/install/moveit_ros_warehouse:/workspaces/moveit2_ws/install/moveit_ros_robot_interaction:/workspaces/moveit2_ws/install/moveit_ros_perception:/workspaces/moveit2_ws/install/moveit_resources_prbt_pg70_support:/workspaces/moveit2_ws/install/moveit_resources_prbt_moveit_config:/workspaces/moveit2_ws/install/moveit_ros_move_group:/workspaces/moveit2_ws/install/moveit_planners_ompl:/workspaces/moveit2_ws/install/moveit_kinematics:/workspaces/moveit2_ws/install/moveit_ros_planning:/workspaces/moveit2_ws/install/moveit_ros_occupancy_map_monitor:/workspaces/moveit2_ws/install/moveit_resources_prbt_support:/workspaces/moveit2_ws/install/moveit_resources_prbt_ikfast_manipulator_plugin:/workspaces/moveit2_ws/install/moveit_resources:/workspaces/moveit2_ws/install/moveit_resources_pr2_description:/workspaces/moveit2_ws/install/moveit_resources_panda_moveit_config:/workspaces/moveit2_ws/install/dual_arm_panda_moveit_config:/workspaces/moveit2_ws/install/moveit_resources_panda_description:/workspaces/moveit2_ws/install/moveit_resources_fanuc_moveit_config:/workspaces/moveit2_ws/install/moveit_resources_fanuc_description:/workspaces/moveit2_ws/install/moveit_planners_stomp:/workspaces/moveit2_ws/install/moveit_planners_chomp:/workspaces/moveit2_ws/install/chomp_motion_planner:/workspaces/moveit2_ws/install/moveit_core:/workspaces/moveit2_ws/install/moveit_msgs:/workspaces/moveit2_ws/install/moveit_common:/workspaces/moveit2_ws/install/moveit_configs_utils:/opt/ros/humble LD_LIBRARY_PATH=/workspaces/shared/install/moveit_task_constructor_capabilities/lib:/workspaces/shared/install/moveit_task_constructor_core/lib:/workspaces/shared/install/moveit_task_constructor_msgs/lib:/workspaces/shared/install/rviz_marker_tools/lib:/workspaces/shared/install/moveit_msgs/lib:${LD_LIBRARY_PATH} PYTHONPATH=/workspaces/shared/install/moveit_task_constructor_core/local/lib/python3.10/dist-packages:/workspaces/shared/install/moveit_task_constructor_msgs/local/lib/python3.10/dist-packages:/workspaces/shared/install/moveit_msgs/local/lib/python3.10/dist-packages:${PYTHONPATH} /usr/bin/cmake --build /workspaces/shared/build/moveit_task_constructor_demo -- -j24 -l24
[25.251s] Invoking command in '/workspaces/shared/build/moveit_task_constructor_demo': AMENT_PREFIX_PATH=/workspaces/shared/install/moveit_task_constructor_capabilities:/workspaces/shared/install/moveit_task_constructor_core:/workspaces/shared/install/moveit_task_constructor_msgs:/workspaces/shared/install/moveit_resources_panda_moveit_config:/workspaces/shared/install/moveit_resources_fanuc_moveit_config:/workspaces/shared/install/rviz_marker_tools:/workspaces/shared/install/moveit_resources_panda_description:/workspaces/shared/install/moveit_resources_fanuc_description:/workspaces/shared/install/moveit_msgs:${AMENT_PREFIX_PATH} CMAKE_MODULE_PATH=/workspaces/shared/install/moveit_task_constructor_core/share/moveit_task_constructor_core/cmake CMAKE_PREFIX_PATH=/workspaces/shared/install/moveit_task_constructor_capabilities:/workspaces/shared/install/moveit_task_constructor_core:/workspaces/shared/install/moveit_task_constructor_msgs:/workspaces/shared/install/moveit_resources_panda_moveit_config:/workspaces/shared/install/moveit_resources_fanuc_moveit_config:/workspaces/shared/install/rviz_marker_tools:/workspaces/shared/install/moveit_resources_panda_description:/workspaces/shared/install/moveit_resources_fanuc_description:/workspaces/shared/install/moveit_msgs:/workspaces/moveit2_ws/install/pilz_industrial_motion_planner_testutils:/workspaces/moveit2_ws/install/moveit_runtime:/workspaces/moveit2_ws/install/moveit:/workspaces/moveit2_ws/install/moveit_planners:/workspaces/moveit2_ws/install/pilz_industrial_motion_planner:/workspaces/moveit2_ws/install/moveit_ros_control_interface:/workspaces/moveit2_ws/install/moveit_plugins:/workspaces/moveit2_ws/install/moveit_simple_controller_manager:/workspaces/moveit2_ws/install/moveit_setup_assistant:/workspaces/moveit2_ws/install/moveit_setup_srdf_plugins:/workspaces/moveit2_ws/install/moveit_setup_core_plugins:/workspaces/moveit2_ws/install/moveit_setup_controllers:/workspaces/moveit2_ws/install/moveit_setup_app_plugins:/workspaces/moveit2_ws/install/moveit_setup_framework:/workspaces/moveit2_ws/install/moveit_servo:/workspaces/moveit2_ws/install/moveit_ros_trajectory_cache:/workspaces/moveit2_ws/install/moveit_ros:/workspaces/moveit2_ws/install/moveit_ros_visualization:/workspaces/moveit2_ws/install/moveit_py:/workspaces/moveit2_ws/install/moveit_hybrid_planning:/workspaces/moveit2_ws/install/moveit_ros_planning_interface:/workspaces/moveit2_ws/install/moveit_ros_benchmarks:/workspaces/moveit2_ws/install/moveit_ros_warehouse:/workspaces/moveit2_ws/install/moveit_ros_robot_interaction:/workspaces/moveit2_ws/install/moveit_ros_perception:/workspaces/moveit2_ws/install/moveit_resources_prbt_pg70_support:/workspaces/moveit2_ws/install/moveit_resources_prbt_moveit_config:/workspaces/moveit2_ws/install/moveit_ros_move_group:/workspaces/moveit2_ws/install/moveit_planners_ompl:/workspaces/moveit2_ws/install/moveit_kinematics:/workspaces/moveit2_ws/install/moveit_ros_planning:/workspaces/moveit2_ws/install/moveit_ros_occupancy_map_monitor:/workspaces/moveit2_ws/install/moveit_resources_prbt_support:/workspaces/moveit2_ws/install/moveit_resources_prbt_ikfast_manipulator_plugin:/workspaces/moveit2_ws/install/moveit_resources:/workspaces/moveit2_ws/install/moveit_resources_pr2_description:/workspaces/moveit2_ws/install/moveit_resources_panda_moveit_config:/workspaces/moveit2_ws/install/dual_arm_panda_moveit_config:/workspaces/moveit2_ws/install/moveit_resources_panda_description:/workspaces/moveit2_ws/install/moveit_resources_fanuc_moveit_config:/workspaces/moveit2_ws/install/moveit_resources_fanuc_description:/workspaces/moveit2_ws/install/moveit_planners_stomp:/workspaces/moveit2_ws/install/moveit_planners_chomp:/workspaces/moveit2_ws/install/chomp_motion_planner:/workspaces/moveit2_ws/install/moveit_core:/workspaces/moveit2_ws/install/moveit_msgs:/workspaces/moveit2_ws/install/moveit_common:/workspaces/moveit2_ws/install/moveit_configs_utils:/opt/ros/humble LD_LIBRARY_PATH=/workspaces/shared/install/moveit_task_constructor_capabilities/lib:/workspaces/shared/install/moveit_task_constructor_core/lib:/workspaces/shared/install/moveit_task_constructor_msgs/lib:/workspaces/shared/install/rviz_marker_tools/lib:/workspaces/shared/install/moveit_msgs/lib:${LD_LIBRARY_PATH} PYTHONPATH=/workspaces/shared/install/moveit_task_constructor_core/local/lib/python3.10/dist-packages:/workspaces/shared/install/moveit_task_constructor_msgs/local/lib/python3.10/dist-packages:/workspaces/shared/install/moveit_msgs/local/lib/python3.10/dist-packages:${PYTHONPATH} /usr/bin/cmake --install /workspaces/shared/build/moveit_task_constructor_demo
[25.262s] -- Install configuration: "Release"
[25.262s] -- Installing: /workspaces/shared/install/moveit_task_constructor_demo/lib/libmoveit_task_constructor_demo_pick_place_task.so
[25.262s] -- Set runtime path of "/workspaces/shared/install/moveit_task_constructor_demo/lib/libmoveit_task_constructor_demo_pick_place_task.so" to ""
[25.262s] -- Installing: /workspaces/shared/install/moveit_task_constructor_demo/lib/moveit_task_constructor_demo/cartesian
[25.263s] -- Set runtime path of "/workspaces/shared/install/moveit_task_constructor_demo/lib/moveit_task_constructor_demo/cartesian" to ""
[25.263s] -- Installing: /workspaces/shared/install/moveit_task_constructor_demo/lib/moveit_task_constructor_demo/modular
[25.263s] -- Set runtime path of "/workspaces/shared/install/moveit_task_constructor_demo/lib/moveit_task_constructor_demo/modular" to ""
[25.263s] -- Installing: /workspaces/shared/install/moveit_task_constructor_demo/lib/moveit_task_constructor_demo/alternative_path_costs
[25.264s] -- Set runtime path of "/workspaces/shared/install/moveit_task_constructor_demo/lib/moveit_task_constructor_demo/alternative_path_costs" to ""
[25.264s] -- Installing: /workspaces/shared/install/moveit_task_constructor_demo/include/moveit_task_constructor_demo
[25.264s] -- Installing: /workspaces/shared/install/moveit_task_constructor_demo/include/moveit_task_constructor_demo/ik_clearance_cost_parameters.hpp
[25.264s] -- Installing: /workspaces/shared/install/moveit_task_constructor_demo/include/moveit_task_constructor_demo/pick_place_demo_parameters.hpp
[25.264s] -- Installing: /workspaces/shared/install/moveit_task_constructor_demo/lib/moveit_task_constructor_demo/ik_clearance_cost
[25.265s] -- Set runtime path of "/workspaces/shared/install/moveit_task_constructor_demo/lib/moveit_task_constructor_demo/ik_clearance_cost" to ""
[25.265s] -- Installing: /workspaces/shared/install/moveit_task_constructor_demo/lib/moveit_task_constructor_demo/fallbacks_move_to
[25.265s] -- Set runtime path of "/workspaces/shared/install/moveit_task_constructor_demo/lib/moveit_task_constructor_demo/fallbacks_move_to" to ""
[25.265s] -- Up-to-date: /workspaces/shared/install/moveit_task_constructor_demo/include/moveit_task_constructor_demo
[25.266s] -- Up-to-date: /workspaces/shared/install/moveit_task_constructor_demo/include/moveit_task_constructor_demo/ik_clearance_cost_parameters.hpp
[25.266s] -- Up-to-date: /workspaces/shared/install/moveit_task_constructor_demo/include/moveit_task_constructor_demo/pick_place_demo_parameters.hpp
[25.266s] -- Installing: /workspaces/shared/install/moveit_task_constructor_demo/lib/moveit_task_constructor_demo/pick_place_demo
[25.266s] -- Set runtime path of "/workspaces/shared/install/moveit_task_constructor_demo/lib/moveit_task_constructor_demo/pick_place_demo" to ""
[25.266s] -- Installing: /workspaces/shared/install/moveit_task_constructor_demo/lib/moveit_task_constructor_demo/alternatives.py
[25.266s] -- Installing: /workspaces/shared/install/moveit_task_constructor_demo/lib/moveit_task_constructor_demo/cartesian.py
[25.267s] -- Installing: /workspaces/shared/install/moveit_task_constructor_demo/lib/moveit_task_constructor_demo/compute_ik.py
[25.267s] -- Installing: /workspaces/shared/install/moveit_task_constructor_demo/lib/moveit_task_constructor_demo/constrained.py
[25.267s] -- Installing: /workspaces/shared/install/moveit_task_constructor_demo/lib/moveit_task_constructor_demo/current_state.py
[25.267s] -- Installing: /workspaces/shared/install/moveit_task_constructor_demo/lib/moveit_task_constructor_demo/fallbacks.py
[25.268s] -- Installing: /workspaces/shared/install/moveit_task_constructor_demo/lib/moveit_task_constructor_demo/fix_collision_objects.py
[25.268s] -- Installing: /workspaces/shared/install/moveit_task_constructor_demo/lib/moveit_task_constructor_demo/fixed_state.py
[25.268s] -- Installing: /workspaces/shared/install/moveit_task_constructor_demo/lib/moveit_task_constructor_demo/generate_pose.py
[25.268s] -- Installing: /workspaces/shared/install/moveit_task_constructor_demo/lib/moveit_task_constructor_demo/merger.py
[25.268s] -- Installing: /workspaces/shared/install/moveit_task_constructor_demo/lib/moveit_task_constructor_demo/modify_planning_scene.py
[25.269s] -- Installing: /workspaces/shared/install/moveit_task_constructor_demo/lib/moveit_task_constructor_demo/multi_planner.py
[25.269s] -- Installing: /workspaces/shared/install/moveit_task_constructor_demo/lib/moveit_task_constructor_demo/pickplace.py
[25.269s] -- Installing: /workspaces/shared/install/moveit_task_constructor_demo/lib/moveit_task_constructor_demo/properties.py
[25.269s] -- Installing: /workspaces/shared/install/moveit_task_constructor_demo/share/moveit_task_constructor_demo/launch
[25.269s] -- Installing: /workspaces/shared/install/moveit_task_constructor_demo/share/moveit_task_constructor_demo/launch/demo.launch.py
[25.270s] -- Installing: /workspaces/shared/install/moveit_task_constructor_demo/share/moveit_task_constructor_demo/launch/run.launch.py
[25.270s] -- Installing: /workspaces/shared/install/moveit_task_constructor_demo/share/moveit_task_constructor_demo/config
[25.270s] -- Installing: /workspaces/shared/install/moveit_task_constructor_demo/share/moveit_task_constructor_demo/config/mtc.rviz
[25.270s] -- Installing: /workspaces/shared/install/moveit_task_constructor_demo/share/moveit_task_constructor_demo/config/panda_config.yaml
[25.270s] -- Installing: /workspaces/shared/install/moveit_task_constructor_demo/share/ament_index/resource_index/package_run_dependencies/moveit_task_constructor_demo
[25.271s] -- Installing: /workspaces/shared/install/moveit_task_constructor_demo/share/ament_index/resource_index/parent_prefix_path/moveit_task_constructor_demo
[25.271s] -- Installing: /workspaces/shared/install/moveit_task_constructor_demo/share/moveit_task_constructor_demo/environment/ament_prefix_path.sh
[25.271s] -- Installing: /workspaces/shared/install/moveit_task_constructor_demo/share/moveit_task_constructor_demo/environment/ament_prefix_path.dsv
[25.271s] -- Installing: /workspaces/shared/install/moveit_task_constructor_demo/share/moveit_task_constructor_demo/environment/path.sh
[25.271s] -- Installing: /workspaces/shared/install/moveit_task_constructor_demo/share/moveit_task_constructor_demo/environment/path.dsv
[25.272s] -- Installing: /workspaces/shared/install/moveit_task_constructor_demo/share/moveit_task_constructor_demo/local_setup.bash
[25.272s] -- Installing: /workspaces/shared/install/moveit_task_constructor_demo/share/moveit_task_constructor_demo/local_setup.sh
[25.272s] -- Installing: /workspaces/shared/install/moveit_task_constructor_demo/share/moveit_task_constructor_demo/local_setup.zsh
[25.272s] -- Installing: /workspaces/shared/install/moveit_task_constructor_demo/share/moveit_task_constructor_demo/local_setup.dsv
[25.272s] -- Installing: /workspaces/shared/install/moveit_task_constructor_demo/share/moveit_task_constructor_demo/package.dsv
[25.273s] -- Installing: /workspaces/shared/install/moveit_task_constructor_demo/share/ament_index/resource_index/packages/moveit_task_constructor_demo
[25.273s] -- Installing: /workspaces/shared/install/moveit_task_constructor_demo/share/moveit_task_constructor_demo/cmake/moveit_task_constructor_demoConfig.cmake
[25.273s] -- Installing: /workspaces/shared/install/moveit_task_constructor_demo/share/moveit_task_constructor_demo/cmake/moveit_task_constructor_demoConfig-version.cmake
[25.273s] -- Installing: /workspaces/shared/install/moveit_task_constructor_demo/share/moveit_task_constructor_demo/package.xml
[25.275s] Invoked command in '/workspaces/shared/build/moveit_task_constructor_demo' returned '0': AMENT_PREFIX_PATH=/workspaces/shared/install/moveit_task_constructor_capabilities:/workspaces/shared/install/moveit_task_constructor_core:/workspaces/shared/install/moveit_task_constructor_msgs:/workspaces/shared/install/moveit_resources_panda_moveit_config:/workspaces/shared/install/moveit_resources_fanuc_moveit_config:/workspaces/shared/install/rviz_marker_tools:/workspaces/shared/install/moveit_resources_panda_description:/workspaces/shared/install/moveit_resources_fanuc_description:/workspaces/shared/install/moveit_msgs:${AMENT_PREFIX_PATH} CMAKE_MODULE_PATH=/workspaces/shared/install/moveit_task_constructor_core/share/moveit_task_constructor_core/cmake CMAKE_PREFIX_PATH=/workspaces/shared/install/moveit_task_constructor_capabilities:/workspaces/shared/install/moveit_task_constructor_core:/workspaces/shared/install/moveit_task_constructor_msgs:/workspaces/shared/install/moveit_resources_panda_moveit_config:/workspaces/shared/install/moveit_resources_fanuc_moveit_config:/workspaces/shared/install/rviz_marker_tools:/workspaces/shared/install/moveit_resources_panda_description:/workspaces/shared/install/moveit_resources_fanuc_description:/workspaces/shared/install/moveit_msgs:/workspaces/moveit2_ws/install/pilz_industrial_motion_planner_testutils:/workspaces/moveit2_ws/install/moveit_runtime:/workspaces/moveit2_ws/install/moveit:/workspaces/moveit2_ws/install/moveit_planners:/workspaces/moveit2_ws/install/pilz_industrial_motion_planner:/workspaces/moveit2_ws/install/moveit_ros_control_interface:/workspaces/moveit2_ws/install/moveit_plugins:/workspaces/moveit2_ws/install/moveit_simple_controller_manager:/workspaces/moveit2_ws/install/moveit_setup_assistant:/workspaces/moveit2_ws/install/moveit_setup_srdf_plugins:/workspaces/moveit2_ws/install/moveit_setup_core_plugins:/workspaces/moveit2_ws/install/moveit_setup_controllers:/workspaces/moveit2_ws/install/moveit_setup_app_plugins:/workspaces/moveit2_ws/install/moveit_setup_framework:/workspaces/moveit2_ws/install/moveit_servo:/workspaces/moveit2_ws/install/moveit_ros_trajectory_cache:/workspaces/moveit2_ws/install/moveit_ros:/workspaces/moveit2_ws/install/moveit_ros_visualization:/workspaces/moveit2_ws/install/moveit_py:/workspaces/moveit2_ws/install/moveit_hybrid_planning:/workspaces/moveit2_ws/install/moveit_ros_planning_interface:/workspaces/moveit2_ws/install/moveit_ros_benchmarks:/workspaces/moveit2_ws/install/moveit_ros_warehouse:/workspaces/moveit2_ws/install/moveit_ros_robot_interaction:/workspaces/moveit2_ws/install/moveit_ros_perception:/workspaces/moveit2_ws/install/moveit_resources_prbt_pg70_support:/workspaces/moveit2_ws/install/moveit_resources_prbt_moveit_config:/workspaces/moveit2_ws/install/moveit_ros_move_group:/workspaces/moveit2_ws/install/moveit_planners_ompl:/workspaces/moveit2_ws/install/moveit_kinematics:/workspaces/moveit2_ws/install/moveit_ros_planning:/workspaces/moveit2_ws/install/moveit_ros_occupancy_map_monitor:/workspaces/moveit2_ws/install/moveit_resources_prbt_support:/workspaces/moveit2_ws/install/moveit_resources_prbt_ikfast_manipulator_plugin:/workspaces/moveit2_ws/install/moveit_resources:/workspaces/moveit2_ws/install/moveit_resources_pr2_description:/workspaces/moveit2_ws/install/moveit_resources_panda_moveit_config:/workspaces/moveit2_ws/install/dual_arm_panda_moveit_config:/workspaces/moveit2_ws/install/moveit_resources_panda_description:/workspaces/moveit2_ws/install/moveit_resources_fanuc_moveit_config:/workspaces/moveit2_ws/install/moveit_resources_fanuc_description:/workspaces/moveit2_ws/install/moveit_planners_stomp:/workspaces/moveit2_ws/install/moveit_planners_chomp:/workspaces/moveit2_ws/install/chomp_motion_planner:/workspaces/moveit2_ws/install/moveit_core:/workspaces/moveit2_ws/install/moveit_msgs:/workspaces/moveit2_ws/install/moveit_common:/workspaces/moveit2_ws/install/moveit_configs_utils:/opt/ros/humble LD_LIBRARY_PATH=/workspaces/shared/install/moveit_task_constructor_capabilities/lib:/workspaces/shared/install/moveit_task_constructor_core/lib:/workspaces/shared/install/moveit_task_constructor_msgs/lib:/workspaces/shared/install/rviz_marker_tools/lib:/workspaces/shared/install/moveit_msgs/lib:${LD_LIBRARY_PATH} PYTHONPATH=/workspaces/shared/install/moveit_task_constructor_core/local/lib/python3.10/dist-packages:/workspaces/shared/install/moveit_task_constructor_msgs/local/lib/python3.10/dist-packages:/workspaces/shared/install/moveit_msgs/local/lib/python3.10/dist-packages:${PYTHONPATH} /usr/bin/cmake --install /workspaces/shared/build/moveit_task_constructor_demo
