[0.037s] Invoking command in '/workspaces/shared/build/serial': CMAKE_PREFIX_PATH=${CMAKE_PREFIX_PATH}:/workspaces/moveit2_ws/install/moveit_configs_utils:/opt/ros/humble /usr/bin/cmake --build /workspaces/shared/build/serial -- -j24 -l24
[0.090s] [35m[1mConsolidate compiler generated dependencies of target serial[0m
[0.134s] [100%] Built target serial
[0.246s] Invoked command in '/workspaces/shared/build/serial' returned '0': CMAKE_PREFIX_PATH=${CMAKE_PREFIX_PATH}:/workspaces/moveit2_ws/install/moveit_configs_utils:/opt/ros/humble /usr/bin/cmake --build /workspaces/shared/build/serial -- -j24 -l24
[0.248s] Invoking command in '/workspaces/shared/build/serial': CMAKE_PREFIX_PATH=${CMAKE_PREFIX_PATH}:/workspaces/moveit2_ws/install/moveit_configs_utils:/opt/ros/humble /usr/bin/cmake --install /workspaces/shared/build/serial
[0.261s] -- Install configuration: "Release"
[0.262s] -- Up-to-date: /workspaces/shared/install/serial/lib/libserial.a
[0.263s] -- Up-to-date: /workspaces/shared/install/serial/include
[0.264s] -- Up-to-date: /workspaces/shared/install/serial/include/serial
[0.265s] -- Up-to-date: /workspaces/shared/install/serial/include/serial/impl
[0.265s] -- Up-to-date: /workspaces/shared/install/serial/include/serial/impl/unix.h
[0.265s] -- Up-to-date: /workspaces/shared/install/serial/include/serial/impl/win.h
[0.265s] -- Up-to-date: /workspaces/shared/install/serial/include/serial/v8stdint.h
[0.265s] -- Up-to-date: /workspaces/shared/install/serial/include/serial/serial.h
[0.266s] -- Up-to-date: /workspaces/shared/install/serial/share/serial/environment/library_path.sh
[0.266s] -- Up-to-date: /workspaces/shared/install/serial/share/serial/environment/library_path.dsv
[0.267s] -- Up-to-date: /workspaces/shared/install/serial/share/ament_index/resource_index/package_run_dependencies/serial
[0.267s] -- Up-to-date: /workspaces/shared/install/serial/share/ament_index/resource_index/parent_prefix_path/serial
[0.267s] -- Up-to-date: /workspaces/shared/install/serial/share/serial/environment/ament_prefix_path.sh
[0.267s] -- Up-to-date: /workspaces/shared/install/serial/share/serial/environment/ament_prefix_path.dsv
[0.267s] -- Up-to-date: /workspaces/shared/install/serial/share/serial/environment/path.sh
[0.267s] -- Up-to-date: /workspaces/shared/install/serial/share/serial/environment/path.dsv
[0.269s] -- Up-to-date: /workspaces/shared/install/serial/share/serial/local_setup.bash
[0.269s] -- Up-to-date: /workspaces/shared/install/serial/share/serial/local_setup.sh
[0.271s] -- Up-to-date: /workspaces/shared/install/serial/share/serial/local_setup.zsh
[0.272s] -- Up-to-date: /workspaces/shared/install/serial/share/serial/local_setup.dsv
[0.275s] -- Up-to-date: /workspaces/shared/install/serial/share/serial/package.dsv
[0.275s] -- Up-to-date: /workspaces/shared/install/serial/share/ament_index/resource_index/packages/serial
[0.275s] -- Up-to-date: /workspaces/shared/install/serial/share/serial/cmake/export_serialExport.cmake
[0.275s] -- Up-to-date: /workspaces/shared/install/serial/share/serial/cmake/export_serialExport-release.cmake
[0.275s] -- Up-to-date: /workspaces/shared/install/serial/share/serial/cmake/ament_cmake_export_include_directories-extras.cmake
[0.275s] -- Up-to-date: /workspaces/shared/install/serial/share/serial/cmake/ament_cmake_export_libraries-extras.cmake
[0.275s] -- Up-to-date: /workspaces/shared/install/serial/share/serial/cmake/ament_cmake_export_targets-extras.cmake
[0.275s] -- Up-to-date: /workspaces/shared/install/serial/share/serial/cmake/serialConfig.cmake
[0.275s] -- Up-to-date: /workspaces/shared/install/serial/share/serial/cmake/serialConfig-version.cmake
[0.275s] -- Up-to-date: /workspaces/shared/install/serial/share/serial/package.xml
[0.278s] Invoked command in '/workspaces/shared/build/serial' returned '0': CMAKE_PREFIX_PATH=${CMAKE_PREFIX_PATH}:/workspaces/moveit2_ws/install/moveit_configs_utils:/opt/ros/humble /usr/bin/cmake --install /workspaces/shared/build/serial
