[0.056s] Invoking command in '/workspaces/shared/build/rviz_marker_tools': CMAKE_PREFIX_PATH=${CMAKE_PREFIX_PATH}:/workspaces/moveit2_ws/install/moveit_configs_utils:/opt/ros/humble /usr/bin/cmake --build /workspaces/shared/build/rviz_marker_tools -- -j24 -l24
[0.168s] [100%] Built target rviz_marker_tools
[0.238s] Invoked command in '/workspaces/shared/build/rviz_marker_tools' returned '0': CMAKE_PREFIX_PATH=${CMAKE_PREFIX_PATH}:/workspaces/moveit2_ws/install/moveit_configs_utils:/opt/ros/humble /usr/bin/cmake --build /workspaces/shared/build/rviz_marker_tools -- -j24 -l24
[0.238s] Invoking command in '/workspaces/shared/build/rviz_marker_tools': CMAKE_PREFIX_PATH=${CMAKE_PREFIX_PATH}:/workspaces/moveit2_ws/install/moveit_configs_utils:/opt/ros/humble /usr/bin/cmake --install /workspaces/shared/build/rviz_marker_tools
[0.278s] -- Install configuration: "Release"
[0.278s] -- Up-to-date: /workspaces/shared/install/rviz_marker_tools/include
[0.278s] -- Up-to-date: /workspaces/shared/install/rviz_marker_tools/include/rviz_marker_tools
[0.278s] -- Up-to-date: /workspaces/shared/install/rviz_marker_tools/include/rviz_marker_tools/marker_creation.h
[0.279s] -- Up-to-date: /workspaces/shared/install/rviz_marker_tools/lib/librviz_marker_tools.so
[0.279s] -- Up-to-date: /workspaces/shared/install/rviz_marker_tools/share/rviz_marker_tools/environment/library_path.sh
[0.279s] -- Up-to-date: /workspaces/shared/install/rviz_marker_tools/share/rviz_marker_tools/environment/library_path.dsv
[0.279s] -- Up-to-date: /workspaces/shared/install/rviz_marker_tools/share/ament_index/resource_index/package_run_dependencies/rviz_marker_tools
[0.279s] -- Up-to-date: /workspaces/shared/install/rviz_marker_tools/share/ament_index/resource_index/parent_prefix_path/rviz_marker_tools
[0.279s] -- Up-to-date: /workspaces/shared/install/rviz_marker_tools/share/rviz_marker_tools/environment/ament_prefix_path.sh
[0.279s] -- Up-to-date: /workspaces/shared/install/rviz_marker_tools/share/rviz_marker_tools/environment/ament_prefix_path.dsv
[0.279s] -- Up-to-date: /workspaces/shared/install/rviz_marker_tools/share/rviz_marker_tools/environment/path.sh
[0.279s] -- Up-to-date: /workspaces/shared/install/rviz_marker_tools/share/rviz_marker_tools/environment/path.dsv
[0.279s] -- Up-to-date: /workspaces/shared/install/rviz_marker_tools/share/rviz_marker_tools/local_setup.bash
[0.279s] -- Up-to-date: /workspaces/shared/install/rviz_marker_tools/share/rviz_marker_tools/local_setup.sh
[0.279s] -- Up-to-date: /workspaces/shared/install/rviz_marker_tools/share/rviz_marker_tools/local_setup.zsh
[0.279s] -- Up-to-date: /workspaces/shared/install/rviz_marker_tools/share/rviz_marker_tools/local_setup.dsv
[0.280s] -- Installing: /workspaces/shared/install/rviz_marker_tools/share/rviz_marker_tools/package.dsv
[0.280s] -- Up-to-date: /workspaces/shared/install/rviz_marker_tools/share/ament_index/resource_index/packages/rviz_marker_tools
[0.280s] -- Up-to-date: /workspaces/shared/install/rviz_marker_tools/share/rviz_marker_tools/cmake/rviz_marker_toolsTargetsExport.cmake
[0.280s] -- Up-to-date: /workspaces/shared/install/rviz_marker_tools/share/rviz_marker_tools/cmake/rviz_marker_toolsTargetsExport-release.cmake
[0.280s] -- Up-to-date: /workspaces/shared/install/rviz_marker_tools/share/rviz_marker_tools/cmake/ament_cmake_export_targets-extras.cmake
[0.280s] -- Up-to-date: /workspaces/shared/install/rviz_marker_tools/share/rviz_marker_tools/cmake/ament_cmake_export_dependencies-extras.cmake
[0.280s] -- Up-to-date: /workspaces/shared/install/rviz_marker_tools/share/rviz_marker_tools/cmake/rviz_marker_toolsConfig.cmake
[0.280s] -- Up-to-date: /workspaces/shared/install/rviz_marker_tools/share/rviz_marker_tools/cmake/rviz_marker_toolsConfig-version.cmake
[0.280s] -- Up-to-date: /workspaces/shared/install/rviz_marker_tools/share/rviz_marker_tools/package.xml
[0.287s] Invoked command in '/workspaces/shared/build/rviz_marker_tools' returned '0': CMAKE_PREFIX_PATH=${CMAKE_PREFIX_PATH}:/workspaces/moveit2_ws/install/moveit_configs_utils:/opt/ros/humble /usr/bin/cmake --install /workspaces/shared/build/rviz_marker_tools
