[0.257s] Invoking command in '/workspaces/shared/build/moveit_resources_fanuc_description': CMAKE_PREFIX_PATH=${CMAKE_PREFIX_PATH}:/workspaces/moveit2_ws/install/moveit_configs_utils:/opt/ros/humble /usr/bin/cmake /workspaces/shared/src/moveit_resources/fanuc_description -DCMAKE_BUILD_TYPE=Release -DCMAKE_INSTALL_PREFIX=/workspaces/shared/install/moveit_resources_fanuc_description
[0.322s] -- The C compiler identification is GNU 11.4.0
[0.380s] -- The CXX compiler identification is GNU 11.4.0
[0.387s] -- Detecting C compiler ABI info
[0.471s] -- Detecting C compiler ABI info - done
[0.476s] -- Check for working C compiler: /usr/bin/cc - skipped
[0.477s] -- Detecting C compile features
[0.477s] -- Detecting C compile features - done
[0.480s] -- Detecting CXX compiler ABI info
[0.577s] -- Detecting CXX compiler ABI info - done
[0.582s] -- Check for working CXX compiler: /usr/bin/c++ - skipped
[0.583s] -- Detecting CXX compile features
[0.583s] -- Detecting CXX compile features - done
[0.596s] -- Found ament_cmake: 1.3.11 (/opt/ros/humble/share/ament_cmake/cmake)
[0.751s] -- Found Python3: /usr/bin/python3 (found version "3.10.12") found components: Interpreter 
[0.993s] -- Configuring done
[0.996s] -- Generating done
[0.997s] -- Build files have been written to: /workspaces/shared/build/moveit_resources_fanuc_description
[1.002s] Invoked command in '/workspaces/shared/build/moveit_resources_fanuc_description' returned '0': CMAKE_PREFIX_PATH=${CMAKE_PREFIX_PATH}:/workspaces/moveit2_ws/install/moveit_configs_utils:/opt/ros/humble /usr/bin/cmake /workspaces/shared/src/moveit_resources/fanuc_description -DCMAKE_BUILD_TYPE=Release -DCMAKE_INSTALL_PREFIX=/workspaces/shared/install/moveit_resources_fanuc_description
[1.004s] Invoking command in '/workspaces/shared/build/moveit_resources_fanuc_description': CMAKE_PREFIX_PATH=${CMAKE_PREFIX_PATH}:/workspaces/moveit2_ws/install/moveit_configs_utils:/opt/ros/humble /usr/bin/cmake --build /workspaces/shared/build/moveit_resources_fanuc_description -- -j24 -l24
[1.058s] Invoked command in '/workspaces/shared/build/moveit_resources_fanuc_description' returned '0': CMAKE_PREFIX_PATH=${CMAKE_PREFIX_PATH}:/workspaces/moveit2_ws/install/moveit_configs_utils:/opt/ros/humble /usr/bin/cmake --build /workspaces/shared/build/moveit_resources_fanuc_description -- -j24 -l24
[1.059s] Invoking command in '/workspaces/shared/build/moveit_resources_fanuc_description': CMAKE_PREFIX_PATH=${CMAKE_PREFIX_PATH}:/workspaces/moveit2_ws/install/moveit_configs_utils:/opt/ros/humble /usr/bin/cmake --install /workspaces/shared/build/moveit_resources_fanuc_description
[1.069s] -- Install configuration: "Release"
[1.069s] -- Installing: /workspaces/shared/install/moveit_resources_fanuc_description/share/ament_index/resource_index/package_run_dependencies/moveit_resources_fanuc_description
[1.070s] -- Installing: /workspaces/shared/install/moveit_resources_fanuc_description/share/ament_index/resource_index/parent_prefix_path/moveit_resources_fanuc_description
[1.070s] -- Installing: /workspaces/shared/install/moveit_resources_fanuc_description/share/moveit_resources_fanuc_description/environment/ament_prefix_path.sh
[1.070s] -- Installing: /workspaces/shared/install/moveit_resources_fanuc_description/share/moveit_resources_fanuc_description/environment/ament_prefix_path.dsv
[1.070s] -- Installing: /workspaces/shared/install/moveit_resources_fanuc_description/share/moveit_resources_fanuc_description/environment/path.sh
[1.071s] -- Installing: /workspaces/shared/install/moveit_resources_fanuc_description/share/moveit_resources_fanuc_description/environment/path.dsv
[1.071s] -- Installing: /workspaces/shared/install/moveit_resources_fanuc_description/share/moveit_resources_fanuc_description/local_setup.bash
[1.071s] -- Installing: /workspaces/shared/install/moveit_resources_fanuc_description/share/moveit_resources_fanuc_description/local_setup.sh
[1.072s] -- Installing: /workspaces/shared/install/moveit_resources_fanuc_description/share/moveit_resources_fanuc_description/local_setup.zsh
[1.073s] -- Installing: /workspaces/shared/install/moveit_resources_fanuc_description/share/moveit_resources_fanuc_description/local_setup.dsv
[1.073s] -- Installing: /workspaces/shared/install/moveit_resources_fanuc_description/share/moveit_resources_fanuc_description/package.dsv
[1.073s] -- Installing: /workspaces/shared/install/moveit_resources_fanuc_description/share/ament_index/resource_index/packages/moveit_resources_fanuc_description
[1.073s] -- Installing: /workspaces/shared/install/moveit_resources_fanuc_description/share/moveit_resources_fanuc_description/cmake/moveit_resources_fanuc_descriptionConfig.cmake
[1.073s] -- Installing: /workspaces/shared/install/moveit_resources_fanuc_description/share/moveit_resources_fanuc_description/cmake/moveit_resources_fanuc_descriptionConfig-version.cmake
[1.073s] -- Installing: /workspaces/shared/install/moveit_resources_fanuc_description/share/moveit_resources_fanuc_description/package.xml
[1.073s] -- Installing: /workspaces/shared/install/moveit_resources_fanuc_description/share/moveit_resources_fanuc_description/meshes
[1.073s] -- Installing: /workspaces/shared/install/moveit_resources_fanuc_description/share/moveit_resources_fanuc_description/meshes/collision
[1.073s] -- Installing: /workspaces/shared/install/moveit_resources_fanuc_description/share/moveit_resources_fanuc_description/meshes/collision/base_link.stl
[1.073s] -- Installing: /workspaces/shared/install/moveit_resources_fanuc_description/share/moveit_resources_fanuc_description/meshes/collision/link_3.stl
[1.074s] -- Installing: /workspaces/shared/install/moveit_resources_fanuc_description/share/moveit_resources_fanuc_description/meshes/collision/link_1.stl
[1.074s] -- Installing: /workspaces/shared/install/moveit_resources_fanuc_description/share/moveit_resources_fanuc_description/meshes/collision/link_5.stl
[1.074s] -- Installing: /workspaces/shared/install/moveit_resources_fanuc_description/share/moveit_resources_fanuc_description/meshes/collision/link_6.stl
[1.074s] -- Installing: /workspaces/shared/install/moveit_resources_fanuc_description/share/moveit_resources_fanuc_description/meshes/collision/link_2.stl
[1.074s] -- Installing: /workspaces/shared/install/moveit_resources_fanuc_description/share/moveit_resources_fanuc_description/meshes/collision/link_4.stl
[1.074s] -- Installing: /workspaces/shared/install/moveit_resources_fanuc_description/share/moveit_resources_fanuc_description/meshes/visual
[1.074s] -- Installing: /workspaces/shared/install/moveit_resources_fanuc_description/share/moveit_resources_fanuc_description/meshes/visual/base_link.stl
[1.074s] -- Installing: /workspaces/shared/install/moveit_resources_fanuc_description/share/moveit_resources_fanuc_description/meshes/visual/link_3.stl
[1.074s] -- Installing: /workspaces/shared/install/moveit_resources_fanuc_description/share/moveit_resources_fanuc_description/meshes/visual/link_1.stl
[1.074s] -- Installing: /workspaces/shared/install/moveit_resources_fanuc_description/share/moveit_resources_fanuc_description/meshes/visual/link_5.stl
[1.075s] -- Installing: /workspaces/shared/install/moveit_resources_fanuc_description/share/moveit_resources_fanuc_description/meshes/visual/link_6.stl
[1.075s] -- Installing: /workspaces/shared/install/moveit_resources_fanuc_description/share/moveit_resources_fanuc_description/meshes/visual/link_2.stl
[1.075s] -- Installing: /workspaces/shared/install/moveit_resources_fanuc_description/share/moveit_resources_fanuc_description/meshes/visual/link_4.stl
[1.075s] -- Installing: /workspaces/shared/install/moveit_resources_fanuc_description/share/moveit_resources_fanuc_description/urdf
[1.075s] -- Installing: /workspaces/shared/install/moveit_resources_fanuc_description/share/moveit_resources_fanuc_description/urdf/fanuc.urdf
[1.078s] Invoked command in '/workspaces/shared/build/moveit_resources_fanuc_description' returned '0': CMAKE_PREFIX_PATH=${CMAKE_PREFIX_PATH}:/workspaces/moveit2_ws/install/moveit_configs_utils:/opt/ros/humble /usr/bin/cmake --install /workspaces/shared/build/moveit_resources_fanuc_description
