[0.042s] Invoking command in '/workspaces/shared/build/rviz_visual_tools': CMAKE_PREFIX_PATH=${CMAKE_PREFIX_PATH}:/workspaces/moveit2_ws/install/moveit_configs_utils:/opt/ros/humble /usr/bin/cmake --build /workspaces/shared/build/rviz_visual_tools -- -j24 -l24
[0.141s] [  2%] [34m[1mAutomatic MOC for target rviz_visual_tools_gui[0m
[0.142s] [  5%] [34m[1mAutomatic MOC for target gtest[0m
[0.145s] [  7%] [34m[1mAutomatic MOC for target gtest_main[0m
[0.146s] [ 10%] [34m[1mAutomatic MOC for target rviz_visual_tools_remote_control[0m
[0.163s] [ 10%] Built target rviz_visual_tools_remote_control_autogen
[0.163s] [ 10%] Built target gtest_main_autogen
[0.163s] [ 10%] Built target gtest_autogen
[0.163s] [ 10%] Built target rviz_visual_tools_gui_autogen
[0.163s] [35m[1mConsolidate compiler generated dependencies of target gtest_main[0m
[0.164s] [35m[1mConsolidate compiler generated dependencies of target rviz_visual_tools_remote_control[0m
[0.164s] [35m[1mConsolidate compiler generated dependencies of target gtest[0m
[0.170s] [35m[1mConsolidate compiler generated dependencies of target rviz_visual_tools_gui[0m
[0.185s] [ 17%] Built target gtest
[0.186s] [ 25%] Built target gtest_main
[0.190s] [ 33%] Built target rviz_visual_tools_remote_control
[0.207s] [ 46%] Built target rviz_visual_tools_gui
[0.223s] [ 48%] [34m[1mAutomatic MOC for target rviz_visual_tools[0m
[0.251s] [ 48%] Built target rviz_visual_tools_autogen
[0.282s] [35m[1mConsolidate compiler generated dependencies of target rviz_visual_tools[0m
[0.309s] [ 58%] Built target rviz_visual_tools
[0.347s] [ 61%] [34m[1mAutomatic MOC for target rviz_visual_tools_demo[0m
[0.347s] [ 64%] [34m[1mAutomatic MOC for target rviz_visual_tools_imarker_simple[0m
[0.357s] [ 66%] [34m[1mAutomatic MOC for target rviz_visual_tools_rvt_test[0m
[0.367s] [ 66%] Built target rviz_visual_tools_demo_autogen
[0.368s] [ 66%] Built target rviz_visual_tools_imarker_simple_autogen
[0.374s] [ 66%] Built target rviz_visual_tools_rvt_test_autogen
[0.383s] [35m[1mConsolidate compiler generated dependencies of target rviz_visual_tools_demo[0m
[0.386s] [35m[1mConsolidate compiler generated dependencies of target rviz_visual_tools_imarker_simple[0m
[0.390s] [35m[1mConsolidate compiler generated dependencies of target rviz_visual_tools_rvt_test[0m
[0.412s] [ 74%] Built target rviz_visual_tools_demo
[0.414s] [ 82%] Built target rviz_visual_tools_imarker_simple
[0.419s] [ 89%] Built target rviz_visual_tools_rvt_test
[0.446s] [ 92%] [34m[1mAutomatic MOC for target rviz_visual_tools_imarker_simple_demo[0m
[0.475s] [ 92%] Built target rviz_visual_tools_imarker_simple_demo_autogen
[0.493s] [35m[1mConsolidate compiler generated dependencies of target rviz_visual_tools_imarker_simple_demo[0m
[0.522s] [100%] Built target rviz_visual_tools_imarker_simple_demo
[0.542s] Invoked command in '/workspaces/shared/build/rviz_visual_tools' returned '0': CMAKE_PREFIX_PATH=${CMAKE_PREFIX_PATH}:/workspaces/moveit2_ws/install/moveit_configs_utils:/opt/ros/humble /usr/bin/cmake --build /workspaces/shared/build/rviz_visual_tools -- -j24 -l24
[0.543s] Invoking command in '/workspaces/shared/build/rviz_visual_tools': CMAKE_PREFIX_PATH=${CMAKE_PREFIX_PATH}:/workspaces/moveit2_ws/install/moveit_configs_utils:/opt/ros/humble /usr/bin/cmake --install /workspaces/shared/build/rviz_visual_tools
[0.554s] -- Install configuration: "Release"
[0.554s] -- Up-to-date: /workspaces/shared/install/rviz_visual_tools/share/rviz_visual_tools/plugin_description.xml
[0.554s] -- Up-to-date: /workspaces/shared/install/rviz_visual_tools/lib/librviz_visual_tools.so
[0.554s] -- Up-to-date: /workspaces/shared/install/rviz_visual_tools/lib/librviz_visual_tools_remote_control.so
[0.555s] -- Up-to-date: /workspaces/shared/install/rviz_visual_tools/lib/librviz_visual_tools_gui.so
[0.556s] -- Up-to-date: /workspaces/shared/install/rviz_visual_tools/lib/librviz_visual_tools_imarker_simple.so
[0.556s] -- Up-to-date: /workspaces/shared/install/rviz_visual_tools/lib/rviz_visual_tools/rviz_visual_tools_demo
[0.556s] -- Up-to-date: /workspaces/shared/install/rviz_visual_tools/lib/rviz_visual_tools/rviz_visual_tools_imarker_simple_demo
[0.556s] -- Up-to-date: /workspaces/shared/install/rviz_visual_tools/include
[0.556s] -- Up-to-date: /workspaces/shared/install/rviz_visual_tools/include/rviz_visual_tools
[0.556s] -- Up-to-date: /workspaces/shared/install/rviz_visual_tools/include/rviz_visual_tools/remote_reciever.hpp
[0.556s] -- Up-to-date: /workspaces/shared/install/rviz_visual_tools/include/rviz_visual_tools/key_tool.hpp
[0.556s] -- Up-to-date: /workspaces/shared/install/rviz_visual_tools/include/rviz_visual_tools/remote_control.hpp
[0.556s] -- Up-to-date: /workspaces/shared/install/rviz_visual_tools/include/rviz_visual_tools/rviz_visual_tools_gui.hpp
[0.556s] -- Up-to-date: /workspaces/shared/install/rviz_visual_tools/include/rviz_visual_tools/tf_visual_tools.hpp
[0.556s] -- Up-to-date: /workspaces/shared/install/rviz_visual_tools/include/rviz_visual_tools/rviz_visual_tools.hpp
[0.557s] -- Up-to-date: /workspaces/shared/install/rviz_visual_tools/include/rviz_visual_tools/imarker_simple.hpp
[0.557s] -- Up-to-date: /workspaces/shared/install/rviz_visual_tools/share/rviz_visual_tools/launch
[0.557s] -- Up-to-date: /workspaces/shared/install/rviz_visual_tools/share/rviz_visual_tools/launch/demo_combined.launch.py
[0.557s] -- Up-to-date: /workspaces/shared/install/rviz_visual_tools/share/rviz_visual_tools/launch/demo.rviz
[0.557s] -- Up-to-date: /workspaces/shared/install/rviz_visual_tools/share/rviz_visual_tools/launch/demo_rviz.launch.py
[0.557s] -- Up-to-date: /workspaces/shared/install/rviz_visual_tools/share/rviz_visual_tools/launch/rvt_test.launch
[0.557s] -- Up-to-date: /workspaces/shared/install/rviz_visual_tools/share/rviz_visual_tools/environment/library_path.sh
[0.557s] -- Up-to-date: /workspaces/shared/install/rviz_visual_tools/share/rviz_visual_tools/environment/library_path.dsv
[0.557s] -- Up-to-date: /workspaces/shared/install/rviz_visual_tools/share/ament_index/resource_index/package_run_dependencies/rviz_visual_tools
[0.557s] -- Up-to-date: /workspaces/shared/install/rviz_visual_tools/share/ament_index/resource_index/parent_prefix_path/rviz_visual_tools
[0.557s] -- Up-to-date: /workspaces/shared/install/rviz_visual_tools/share/rviz_visual_tools/environment/ament_prefix_path.sh
[0.557s] -- Up-to-date: /workspaces/shared/install/rviz_visual_tools/share/rviz_visual_tools/environment/ament_prefix_path.dsv
[0.557s] -- Up-to-date: /workspaces/shared/install/rviz_visual_tools/share/rviz_visual_tools/environment/path.sh
[0.557s] -- Up-to-date: /workspaces/shared/install/rviz_visual_tools/share/rviz_visual_tools/environment/path.dsv
[0.557s] -- Up-to-date: /workspaces/shared/install/rviz_visual_tools/share/rviz_visual_tools/local_setup.bash
[0.557s] -- Up-to-date: /workspaces/shared/install/rviz_visual_tools/share/rviz_visual_tools/local_setup.sh
[0.557s] -- Up-to-date: /workspaces/shared/install/rviz_visual_tools/share/rviz_visual_tools/local_setup.zsh
[0.557s] -- Up-to-date: /workspaces/shared/install/rviz_visual_tools/share/rviz_visual_tools/local_setup.dsv
[0.557s] -- Installing: /workspaces/shared/install/rviz_visual_tools/share/rviz_visual_tools/package.dsv
[0.557s] -- Up-to-date: /workspaces/shared/install/rviz_visual_tools/share/ament_index/resource_index/packages/rviz_visual_tools
[0.558s] -- Up-to-date: /workspaces/shared/install/rviz_visual_tools/share/ament_index/resource_index/rviz_common__pluginlib__plugin/rviz_visual_tools
[0.558s] -- Up-to-date: /workspaces/shared/install/rviz_visual_tools/share/rviz_visual_tools/cmake/export_rviz_visual_toolsExport.cmake
[0.558s] -- Up-to-date: /workspaces/shared/install/rviz_visual_tools/share/rviz_visual_tools/cmake/export_rviz_visual_toolsExport-release.cmake
[0.558s] -- Up-to-date: /workspaces/shared/install/rviz_visual_tools/share/rviz_visual_tools/cmake/ament_cmake_export_targets-extras.cmake
[0.558s] -- Up-to-date: /workspaces/shared/install/rviz_visual_tools/share/rviz_visual_tools/cmake/ament_cmake_export_dependencies-extras.cmake
[0.558s] -- Up-to-date: /workspaces/shared/install/rviz_visual_tools/share/rviz_visual_tools/cmake/ament_cmake_export_include_directories-extras.cmake
[0.558s] -- Up-to-date: /workspaces/shared/install/rviz_visual_tools/share/rviz_visual_tools/cmake/ament_cmake_export_libraries-extras.cmake
[0.558s] -- Up-to-date: /workspaces/shared/install/rviz_visual_tools/share/rviz_visual_tools/cmake/rviz_visual_toolsConfig.cmake
[0.558s] -- Up-to-date: /workspaces/shared/install/rviz_visual_tools/share/rviz_visual_tools/cmake/rviz_visual_toolsConfig-version.cmake
[0.558s] -- Up-to-date: /workspaces/shared/install/rviz_visual_tools/share/rviz_visual_tools/package.xml
[0.571s] Invoked command in '/workspaces/shared/build/rviz_visual_tools' returned '0': CMAKE_PREFIX_PATH=${CMAKE_PREFIX_PATH}:/workspaces/moveit2_ws/install/moveit_configs_utils:/opt/ros/humble /usr/bin/cmake --install /workspaces/shared/build/rviz_visual_tools
