[0.084s] Invoking command in '/workspaces/shared/build/moveit_resources_panda_description': CMAKE_PREFIX_PATH=${CMAKE_PREFIX_PATH}:/workspaces/moveit2_ws/install/moveit_configs_utils:/opt/ros/humble /usr/bin/cmake /workspaces/shared/src/moveit_resources/panda_description -DCMAKE_BUILD_TYPE=Release -DCMAKE_INSTALL_PREFIX=/workspaces/shared/install/moveit_resources_panda_description
[0.301s] -- The C compiler identification is GNU 11.4.0
[0.301s] -- The CXX compiler identification is GNU 11.4.0
[0.301s] -- Detecting C compiler ABI info
[0.302s] -- Detecting C compiler ABI info - done
[0.302s] -- Check for working C compiler: /usr/bin/cc - skipped
[0.302s] -- Detecting C compile features
[0.302s] -- Detecting C compile features - done
[0.303s] -- Detecting CXX compiler ABI info
[0.393s] -- Detecting CXX compiler ABI info - done
[0.400s] -- Check for working CXX compiler: /usr/bin/c++ - skipped
[0.400s] -- Detecting CXX compile features
[0.401s] -- Detecting CXX compile features - done
[0.413s] -- Found ament_cmake: 1.3.11 (/opt/ros/humble/share/ament_cmake/cmake)
[0.567s] -- Found Python3: /usr/bin/python3 (found version "3.10.12") found components: Interpreter 
[0.813s] -- Configuring done
[0.815s] -- Generating done
[0.818s] -- Build files have been written to: /workspaces/shared/build/moveit_resources_panda_description
[0.822s] Invoked command in '/workspaces/shared/build/moveit_resources_panda_description' returned '0': CMAKE_PREFIX_PATH=${CMAKE_PREFIX_PATH}:/workspaces/moveit2_ws/install/moveit_configs_utils:/opt/ros/humble /usr/bin/cmake /workspaces/shared/src/moveit_resources/panda_description -DCMAKE_BUILD_TYPE=Release -DCMAKE_INSTALL_PREFIX=/workspaces/shared/install/moveit_resources_panda_description
[0.824s] Invoking command in '/workspaces/shared/build/moveit_resources_panda_description': CMAKE_PREFIX_PATH=${CMAKE_PREFIX_PATH}:/workspaces/moveit2_ws/install/moveit_configs_utils:/opt/ros/humble /usr/bin/cmake --build /workspaces/shared/build/moveit_resources_panda_description -- -j24 -l24
[0.885s] Invoked command in '/workspaces/shared/build/moveit_resources_panda_description' returned '0': CMAKE_PREFIX_PATH=${CMAKE_PREFIX_PATH}:/workspaces/moveit2_ws/install/moveit_configs_utils:/opt/ros/humble /usr/bin/cmake --build /workspaces/shared/build/moveit_resources_panda_description -- -j24 -l24
[0.887s] Invoking command in '/workspaces/shared/build/moveit_resources_panda_description': CMAKE_PREFIX_PATH=${CMAKE_PREFIX_PATH}:/workspaces/moveit2_ws/install/moveit_configs_utils:/opt/ros/humble /usr/bin/cmake --install /workspaces/shared/build/moveit_resources_panda_description
[0.897s] -- Install configuration: "Release"
[0.897s] -- Installing: /workspaces/shared/install/moveit_resources_panda_description/share/ament_index/resource_index/package_run_dependencies/moveit_resources_panda_description
[0.898s] -- Installing: /workspaces/shared/install/moveit_resources_panda_description/share/ament_index/resource_index/parent_prefix_path/moveit_resources_panda_description
[0.898s] -- Installing: /workspaces/shared/install/moveit_resources_panda_description/share/moveit_resources_panda_description/environment/ament_prefix_path.sh
[0.898s] -- Installing: /workspaces/shared/install/moveit_resources_panda_description/share/moveit_resources_panda_description/environment/ament_prefix_path.dsv
[0.898s] -- Installing: /workspaces/shared/install/moveit_resources_panda_description/share/moveit_resources_panda_description/environment/path.sh
[0.898s] -- Installing: /workspaces/shared/install/moveit_resources_panda_description/share/moveit_resources_panda_description/environment/path.dsv
[0.899s] -- Installing: /workspaces/shared/install/moveit_resources_panda_description/share/moveit_resources_panda_description/local_setup.bash
[0.899s] -- Installing: /workspaces/shared/install/moveit_resources_panda_description/share/moveit_resources_panda_description/local_setup.sh
[0.899s] -- Installing: /workspaces/shared/install/moveit_resources_panda_description/share/moveit_resources_panda_description/local_setup.zsh
[0.899s] -- Installing: /workspaces/shared/install/moveit_resources_panda_description/share/moveit_resources_panda_description/local_setup.dsv
[0.899s] -- Installing: /workspaces/shared/install/moveit_resources_panda_description/share/moveit_resources_panda_description/package.dsv
[0.899s] -- Installing: /workspaces/shared/install/moveit_resources_panda_description/share/ament_index/resource_index/packages/moveit_resources_panda_description
[0.900s] -- Installing: /workspaces/shared/install/moveit_resources_panda_description/share/moveit_resources_panda_description/cmake/moveit_resources_panda_descriptionConfig.cmake
[0.900s] -- Installing: /workspaces/shared/install/moveit_resources_panda_description/share/moveit_resources_panda_description/cmake/moveit_resources_panda_descriptionConfig-version.cmake
[0.900s] -- Installing: /workspaces/shared/install/moveit_resources_panda_description/share/moveit_resources_panda_description/package.xml
[0.900s] -- Installing: /workspaces/shared/install/moveit_resources_panda_description/share/moveit_resources_panda_description/meshes
[0.900s] -- Installing: /workspaces/shared/install/moveit_resources_panda_description/share/moveit_resources_panda_description/meshes/collision
[0.900s] -- Installing: /workspaces/shared/install/moveit_resources_panda_description/share/moveit_resources_panda_description/meshes/collision/link1.stl
[0.900s] -- Installing: /workspaces/shared/install/moveit_resources_panda_description/share/moveit_resources_panda_description/meshes/collision/link2.stl
[0.900s] -- Installing: /workspaces/shared/install/moveit_resources_panda_description/share/moveit_resources_panda_description/meshes/collision/hand.stl
[0.901s] -- Installing: /workspaces/shared/install/moveit_resources_panda_description/share/moveit_resources_panda_description/meshes/collision/link7.stl
[0.901s] -- Installing: /workspaces/shared/install/moveit_resources_panda_description/share/moveit_resources_panda_description/meshes/collision/link6.stl
[0.901s] -- Installing: /workspaces/shared/install/moveit_resources_panda_description/share/moveit_resources_panda_description/meshes/collision/link0.stl
[0.901s] -- Installing: /workspaces/shared/install/moveit_resources_panda_description/share/moveit_resources_panda_description/meshes/collision/link4.stl
[0.901s] -- Installing: /workspaces/shared/install/moveit_resources_panda_description/share/moveit_resources_panda_description/meshes/collision/finger.stl
[0.901s] -- Installing: /workspaces/shared/install/moveit_resources_panda_description/share/moveit_resources_panda_description/meshes/collision/link3.stl
[0.901s] -- Installing: /workspaces/shared/install/moveit_resources_panda_description/share/moveit_resources_panda_description/meshes/collision/link5.stl
[0.902s] -- Installing: /workspaces/shared/install/moveit_resources_panda_description/share/moveit_resources_panda_description/meshes/visual
[0.902s] -- Installing: /workspaces/shared/install/moveit_resources_panda_description/share/moveit_resources_panda_description/meshes/visual/link1.dae
[0.903s] -- Installing: /workspaces/shared/install/moveit_resources_panda_description/share/moveit_resources_panda_description/meshes/visual/finger.dae
[0.903s] -- Installing: /workspaces/shared/install/moveit_resources_panda_description/share/moveit_resources_panda_description/meshes/visual/link6.dae
[0.905s] -- Installing: /workspaces/shared/install/moveit_resources_panda_description/share/moveit_resources_panda_description/meshes/visual/link3.dae
[0.906s] -- Installing: /workspaces/shared/install/moveit_resources_panda_description/share/moveit_resources_panda_description/meshes/visual/link7.dae
[0.907s] -- Installing: /workspaces/shared/install/moveit_resources_panda_description/share/moveit_resources_panda_description/meshes/visual/hand.dae
[0.907s] -- Installing: /workspaces/shared/install/moveit_resources_panda_description/share/moveit_resources_panda_description/meshes/visual/link4.dae
[0.908s] -- Installing: /workspaces/shared/install/moveit_resources_panda_description/share/moveit_resources_panda_description/meshes/visual/link2.dae
[0.910s] -- Installing: /workspaces/shared/install/moveit_resources_panda_description/share/moveit_resources_panda_description/meshes/visual/link0.dae
[0.911s] -- Installing: /workspaces/shared/install/moveit_resources_panda_description/share/moveit_resources_panda_description/meshes/visual/link5.dae
[0.913s] -- Installing: /workspaces/shared/install/moveit_resources_panda_description/share/moveit_resources_panda_description/urdf
[0.913s] -- Installing: /workspaces/shared/install/moveit_resources_panda_description/share/moveit_resources_panda_description/urdf/panda.urdf.xacro
[0.913s] -- Installing: /workspaces/shared/install/moveit_resources_panda_description/share/moveit_resources_panda_description/urdf/panda.urdf
[0.916s] Invoked command in '/workspaces/shared/build/moveit_resources_panda_description' returned '0': CMAKE_PREFIX_PATH=${CMAKE_PREFIX_PATH}:/workspaces/moveit2_ws/install/moveit_configs_utils:/opt/ros/humble /usr/bin/cmake --install /workspaces/shared/build/moveit_resources_panda_description
