[0.576s] Invoking command in '/workspaces/shared/src/moveit2/moveit_configs_utils': PYTHONPATH=/workspaces/shared/build/moveit_configs_utils/prefix_override:/usr/lib/python3/dist-packages/colcon_core/task/python/colcon_distutils_commands:/workspaces/shared/install/moveit_configs_utils/lib/python3.10/site-packages:${PYTHONPATH} /usr/bin/python3 -W ignore:setup.py install is deprecated -W ignore:easy_install command is deprecated setup.py egg_info --egg-base ../../../build/moveit_configs_utils build --build-base /workspaces/shared/build/moveit_configs_utils/build install --record /workspaces/shared/build/moveit_configs_utils/install.log --single-version-externally-managed install_data
[0.771s] running egg_info
[0.772s] creating ../../../build/moveit_configs_utils/moveit_configs_utils.egg-info
[0.772s] writing ../../../build/moveit_configs_utils/moveit_configs_utils.egg-info/PKG-INFO
[0.772s] writing dependency_links to ../../../build/moveit_configs_utils/moveit_configs_utils.egg-info/dependency_links.txt
[0.772s] writing entry points to ../../../build/moveit_configs_utils/moveit_configs_utils.egg-info/entry_points.txt
[0.772s] writing requirements to ../../../build/moveit_configs_utils/moveit_configs_utils.egg-info/requires.txt
[0.772s] writing top-level names to ../../../build/moveit_configs_utils/moveit_configs_utils.egg-info/top_level.txt
[0.773s] writing manifest file '../../../build/moveit_configs_utils/moveit_configs_utils.egg-info/SOURCES.txt'
[0.774s] reading manifest file '../../../build/moveit_configs_utils/moveit_configs_utils.egg-info/SOURCES.txt'
[0.775s] writing manifest file '../../../build/moveit_configs_utils/moveit_configs_utils.egg-info/SOURCES.txt'
[0.775s] running build
[0.775s] running build_py
[0.775s] creating /workspaces/shared/build/moveit_configs_utils/build
[0.776s] creating /workspaces/shared/build/moveit_configs_utils/build/lib
[0.776s] creating /workspaces/shared/build/moveit_configs_utils/build/lib/moveit_configs_utils
[0.776s] copying moveit_configs_utils/launches.py -> /workspaces/shared/build/moveit_configs_utils/build/lib/moveit_configs_utils
[0.776s] copying moveit_configs_utils/moveit_configs_builder.py -> /workspaces/shared/build/moveit_configs_utils/build/lib/moveit_configs_utils
[0.776s] copying moveit_configs_utils/launch_utils.py -> /workspaces/shared/build/moveit_configs_utils/build/lib/moveit_configs_utils
[0.776s] copying moveit_configs_utils/__init__.py -> /workspaces/shared/build/moveit_configs_utils/build/lib/moveit_configs_utils
[0.776s] creating /workspaces/shared/build/moveit_configs_utils/build/lib/moveit_configs_utils/substitutions
[0.776s] copying moveit_configs_utils/substitutions/xacro.py -> /workspaces/shared/build/moveit_configs_utils/build/lib/moveit_configs_utils/substitutions
[0.776s] copying moveit_configs_utils/substitutions/__init__.py -> /workspaces/shared/build/moveit_configs_utils/build/lib/moveit_configs_utils/substitutions
[0.777s] running install
[0.777s] running install_lib
[0.778s] creating /workspaces/shared/install/moveit_configs_utils/lib/python3.10/site-packages/moveit_configs_utils
[0.779s] copying /workspaces/shared/build/moveit_configs_utils/build/lib/moveit_configs_utils/launches.py -> /workspaces/shared/install/moveit_configs_utils/lib/python3.10/site-packages/moveit_configs_utils
[0.779s] creating /workspaces/shared/install/moveit_configs_utils/lib/python3.10/site-packages/moveit_configs_utils/substitutions
[0.779s] copying /workspaces/shared/build/moveit_configs_utils/build/lib/moveit_configs_utils/substitutions/xacro.py -> /workspaces/shared/install/moveit_configs_utils/lib/python3.10/site-packages/moveit_configs_utils/substitutions
[0.779s] copying /workspaces/shared/build/moveit_configs_utils/build/lib/moveit_configs_utils/substitutions/__init__.py -> /workspaces/shared/install/moveit_configs_utils/lib/python3.10/site-packages/moveit_configs_utils/substitutions
[0.779s] copying /workspaces/shared/build/moveit_configs_utils/build/lib/moveit_configs_utils/moveit_configs_builder.py -> /workspaces/shared/install/moveit_configs_utils/lib/python3.10/site-packages/moveit_configs_utils
[0.779s] copying /workspaces/shared/build/moveit_configs_utils/build/lib/moveit_configs_utils/launch_utils.py -> /workspaces/shared/install/moveit_configs_utils/lib/python3.10/site-packages/moveit_configs_utils
[0.779s] copying /workspaces/shared/build/moveit_configs_utils/build/lib/moveit_configs_utils/__init__.py -> /workspaces/shared/install/moveit_configs_utils/lib/python3.10/site-packages/moveit_configs_utils
[0.779s] byte-compiling /workspaces/shared/install/moveit_configs_utils/lib/python3.10/site-packages/moveit_configs_utils/launches.py to launches.cpython-310.pyc
[0.781s] byte-compiling /workspaces/shared/install/moveit_configs_utils/lib/python3.10/site-packages/moveit_configs_utils/substitutions/xacro.py to xacro.cpython-310.pyc
[0.782s] byte-compiling /workspaces/shared/install/moveit_configs_utils/lib/python3.10/site-packages/moveit_configs_utils/substitutions/__init__.py to __init__.cpython-310.pyc
[0.782s] byte-compiling /workspaces/shared/install/moveit_configs_utils/lib/python3.10/site-packages/moveit_configs_utils/moveit_configs_builder.py to moveit_configs_builder.cpython-310.pyc
[0.784s] byte-compiling /workspaces/shared/install/moveit_configs_utils/lib/python3.10/site-packages/moveit_configs_utils/launch_utils.py to launch_utils.cpython-310.pyc
[0.785s] byte-compiling /workspaces/shared/install/moveit_configs_utils/lib/python3.10/site-packages/moveit_configs_utils/__init__.py to __init__.cpython-310.pyc
[0.785s] running install_data
[0.785s] creating /workspaces/shared/install/moveit_configs_utils/share/ament_index
[0.785s] creating /workspaces/shared/install/moveit_configs_utils/share/ament_index/resource_index
[0.785s] creating /workspaces/shared/install/moveit_configs_utils/share/ament_index/resource_index/packages
[0.786s] copying resource/moveit_configs_utils -> /workspaces/shared/install/moveit_configs_utils/share/ament_index/resource_index/packages
[0.786s] copying package.xml -> /workspaces/shared/install/moveit_configs_utils/share/moveit_configs_utils
[0.786s] creating /workspaces/shared/install/moveit_configs_utils/share/moveit_configs_utils/default_configs
[0.786s] copying default_configs/pilz_industrial_motion_planner_planning.yaml -> /workspaces/shared/install/moveit_configs_utils/share/moveit_configs_utils/default_configs
[0.786s] copying default_configs/chomp_planning.yaml -> /workspaces/shared/install/moveit_configs_utils/share/moveit_configs_utils/default_configs
[0.786s] copying default_configs/stomp_planning.yaml -> /workspaces/shared/install/moveit_configs_utils/share/moveit_configs_utils/default_configs
[0.786s] copying default_configs/ompl_defaults.yaml -> /workspaces/shared/install/moveit_configs_utils/share/moveit_configs_utils/default_configs
[0.786s] copying default_configs/ompl_planning.yaml -> /workspaces/shared/install/moveit_configs_utils/share/moveit_configs_utils/default_configs
[0.786s] running install_egg_info
[0.788s] Copying ../../../build/moveit_configs_utils/moveit_configs_utils.egg-info to /workspaces/shared/install/moveit_configs_utils/lib/python3.10/site-packages/moveit_configs_utils-2.14.0-py3.10.egg-info
[0.789s] running install_scripts
[0.810s] writing list of installed files to '/workspaces/shared/build/moveit_configs_utils/install.log'
[0.833s] Invoked command in '/workspaces/shared/src/moveit2/moveit_configs_utils' returned '0': PYTHONPATH=/workspaces/shared/build/moveit_configs_utils/prefix_override:/usr/lib/python3/dist-packages/colcon_core/task/python/colcon_distutils_commands:/workspaces/shared/install/moveit_configs_utils/lib/python3.10/site-packages:${PYTHONPATH} /usr/bin/python3 -W ignore:setup.py install is deprecated -W ignore:easy_install command is deprecated setup.py egg_info --egg-base ../../../build/moveit_configs_utils build --build-base /workspaces/shared/build/moveit_configs_utils/build install --record /workspaces/shared/build/moveit_configs_utils/install.log --single-version-externally-managed install_data
