[0.016s] Invoking command in '/workspaces/shared/build/robotiq_driver': AMENT_PREFIX_PATH=/workspaces/shared/install/serial:${AMENT_PREFIX_PATH} CMAKE_PREFIX_PATH=/workspaces/shared/install/serial:/workspaces/moveit2_ws/install/pilz_industrial_motion_planner_testutils:/workspaces/moveit2_ws/install/moveit_runtime:/workspaces/moveit2_ws/install/moveit:/workspaces/moveit2_ws/install/moveit_planners:/workspaces/moveit2_ws/install/pilz_industrial_motion_planner:/workspaces/moveit2_ws/install/moveit_ros_control_interface:/workspaces/moveit2_ws/install/moveit_plugins:/workspaces/moveit2_ws/install/moveit_simple_controller_manager:/workspaces/moveit2_ws/install/moveit_setup_assistant:/workspaces/moveit2_ws/install/moveit_setup_srdf_plugins:/workspaces/moveit2_ws/install/moveit_setup_core_plugins:/workspaces/moveit2_ws/install/moveit_setup_controllers:/workspaces/moveit2_ws/install/moveit_setup_app_plugins:/workspaces/moveit2_ws/install/moveit_setup_framework:/workspaces/moveit2_ws/install/moveit_servo:/workspaces/moveit2_ws/install/moveit_ros_trajectory_cache:/workspaces/moveit2_ws/install/moveit_ros:/workspaces/moveit2_ws/install/moveit_ros_visualization:/workspaces/moveit2_ws/install/moveit_py:/workspaces/moveit2_ws/install/moveit_hybrid_planning:/workspaces/moveit2_ws/install/moveit_ros_planning_interface:/workspaces/moveit2_ws/install/moveit_ros_benchmarks:/workspaces/moveit2_ws/install/moveit_ros_warehouse:/workspaces/moveit2_ws/install/moveit_ros_robot_interaction:/workspaces/moveit2_ws/install/moveit_ros_perception:/workspaces/moveit2_ws/install/moveit_resources_prbt_pg70_support:/workspaces/moveit2_ws/install/moveit_resources_prbt_moveit_config:/workspaces/moveit2_ws/install/moveit_ros_move_group:/workspaces/moveit2_ws/install/moveit_planners_ompl:/workspaces/moveit2_ws/install/moveit_kinematics:/workspaces/moveit2_ws/install/moveit_ros_planning:/workspaces/moveit2_ws/install/moveit_ros_occupancy_map_monitor:/workspaces/moveit2_ws/install/moveit_resources_prbt_support:/workspaces/moveit2_ws/install/moveit_resources_prbt_ikfast_manipulator_plugin:/workspaces/moveit2_ws/install/moveit_resources:/workspaces/moveit2_ws/install/moveit_resources_pr2_description:/workspaces/moveit2_ws/install/moveit_resources_panda_moveit_config:/workspaces/moveit2_ws/install/dual_arm_panda_moveit_config:/workspaces/moveit2_ws/install/moveit_resources_panda_description:/workspaces/moveit2_ws/install/moveit_resources_fanuc_moveit_config:/workspaces/moveit2_ws/install/moveit_resources_fanuc_description:/workspaces/moveit2_ws/install/moveit_planners_stomp:/workspaces/moveit2_ws/install/moveit_planners_chomp:/workspaces/moveit2_ws/install/chomp_motion_planner:/workspaces/moveit2_ws/install/moveit_core:/workspaces/moveit2_ws/install/moveit_msgs:/workspaces/moveit2_ws/install/moveit_common:/workspaces/moveit2_ws/install/moveit_configs_utils:/opt/ros/humble LD_LIBRARY_PATH=/workspaces/shared/install/serial/lib:${LD_LIBRARY_PATH} /usr/bin/cmake /workspaces/shared/src/ros2_robotiq_gripper/robotiq_driver -DCMAKE_BUILD_TYPE=Release -DCMAKE_INSTALL_PREFIX=/workspaces/shared/install/robotiq_driver
[0.092s] -- The CXX compiler identification is GNU 11.4.0
[0.100s] -- Detecting CXX compiler ABI info
[0.193s] -- Detecting CXX compiler ABI info - done
[0.201s] -- Check for working CXX compiler: /usr/bin/c++ - skipped
[0.201s] -- Detecting CXX compile features
[0.201s] -- Detecting CXX compile features - done
[0.215s] -- Found ament_cmake: 1.3.11 (/opt/ros/humble/share/ament_cmake/cmake)
[0.381s] -- Found Python3: /usr/bin/python3 (found version "3.10.12") found components: Interpreter 
[0.569s] -- Found hardware_interface: 2.51.0 (/opt/ros/humble/share/hardware_interface/cmake)
[0.686s] -- Found rosidl_generator_c: 3.1.6 (/opt/ros/humble/share/rosidl_generator_c/cmake)
[0.706s] -- Found rosidl_adapter: 3.1.6 (/opt/ros/humble/share/rosidl_adapter/cmake)
[0.729s] -- Found rosidl_generator_cpp: 3.1.6 (/opt/ros/humble/share/rosidl_generator_cpp/cmake)
[0.757s] -- Using all available rosidl_typesupport_c: rosidl_typesupport_fastrtps_c;rosidl_typesupport_introspection_c
[0.803s] -- Using all available rosidl_typesupport_cpp: rosidl_typesupport_fastrtps_cpp;rosidl_typesupport_introspection_cpp
[1.191s] -- Found rmw_implementation_cmake: 6.1.2 (/opt/ros/humble/share/rmw_implementation_cmake/cmake)
[1.201s] -- Found rmw_fastrtps_cpp: 6.2.7 (/opt/ros/humble/share/rmw_fastrtps_cpp/cmake)
[1.258s] -- Found TinyXML2 via Config file: TinyXML2_DIR-NOTFOUND
[1.353s] -- Found OpenSSL: /usr/lib/x86_64-linux-gnu/libcrypto.so (found version "3.0.2")  
[1.356s] -- Found TinyXML2 via Config file: TinyXML2_DIR-NOTFOUND
[1.375s] -- Found FastRTPS: /opt/ros/humble/include  
[1.378s] -- Found TinyXML2 via Config file: TinyXML2_DIR-NOTFOUND
[1.389s] -- Found TinyXML2 via Config file: TinyXML2_DIR-NOTFOUND
[1.403s] -- Using RMW implementation 'rmw_fastrtps_cpp' as default
[1.438s] -- Looking for C++ include pthread.h
[1.543s] -- Looking for C++ include pthread.h - found
[1.543s] -- Performing Test CMAKE_HAVE_LIBC_PTHREAD
[1.649s] -- Performing Test CMAKE_HAVE_LIBC_PTHREAD - Success
[1.650s] -- Found Threads: TRUE  
[1.726s] -- Found serial: 1.2.1 (/workspaces/shared/install/serial/share/serial/cmake)
[1.765s] -- Found ament_cmake_gtest: 1.3.11 (/opt/ros/humble/share/ament_cmake_gtest/cmake)
[1.774s] -- Found ament_cmake_gmock: 1.3.11 (/opt/ros/humble/share/ament_cmake_gmock/cmake)
[1.783s] -- Found ament_lint_auto: 0.12.12 (/opt/ros/humble/share/ament_lint_auto/cmake)
[1.968s] -- Found gmock sources under '/opt/ros/humble/src/gmock_vendor': C++ tests using 'Google Mock' will be built
[2.012s] -- The C compiler identification is GNU 11.4.0
[2.021s] -- Detecting C compiler ABI info
[2.141s] -- Detecting C compiler ABI info - done
[2.151s] -- Check for working C compiler: /usr/bin/cc - skipped
[2.152s] -- Detecting C compile features
[2.152s] -- Detecting C compile features - done
[2.169s] -- Found gtest sources under '/opt/ros/humble/src/gtest_vendor': C++ tests using 'Google Test' will be built
[2.240s] -- Configuring done
[2.417s] -- Generating done
[2.447s] -- Build files have been written to: /workspaces/shared/build/robotiq_driver
[2.462s] Invoked command in '/workspaces/shared/build/robotiq_driver' returned '0': AMENT_PREFIX_PATH=/workspaces/shared/install/serial:${AMENT_PREFIX_PATH} CMAKE_PREFIX_PATH=/workspaces/shared/install/serial:/workspaces/moveit2_ws/install/pilz_industrial_motion_planner_testutils:/workspaces/moveit2_ws/install/moveit_runtime:/workspaces/moveit2_ws/install/moveit:/workspaces/moveit2_ws/install/moveit_planners:/workspaces/moveit2_ws/install/pilz_industrial_motion_planner:/workspaces/moveit2_ws/install/moveit_ros_control_interface:/workspaces/moveit2_ws/install/moveit_plugins:/workspaces/moveit2_ws/install/moveit_simple_controller_manager:/workspaces/moveit2_ws/install/moveit_setup_assistant:/workspaces/moveit2_ws/install/moveit_setup_srdf_plugins:/workspaces/moveit2_ws/install/moveit_setup_core_plugins:/workspaces/moveit2_ws/install/moveit_setup_controllers:/workspaces/moveit2_ws/install/moveit_setup_app_plugins:/workspaces/moveit2_ws/install/moveit_setup_framework:/workspaces/moveit2_ws/install/moveit_servo:/workspaces/moveit2_ws/install/moveit_ros_trajectory_cache:/workspaces/moveit2_ws/install/moveit_ros:/workspaces/moveit2_ws/install/moveit_ros_visualization:/workspaces/moveit2_ws/install/moveit_py:/workspaces/moveit2_ws/install/moveit_hybrid_planning:/workspaces/moveit2_ws/install/moveit_ros_planning_interface:/workspaces/moveit2_ws/install/moveit_ros_benchmarks:/workspaces/moveit2_ws/install/moveit_ros_warehouse:/workspaces/moveit2_ws/install/moveit_ros_robot_interaction:/workspaces/moveit2_ws/install/moveit_ros_perception:/workspaces/moveit2_ws/install/moveit_resources_prbt_pg70_support:/workspaces/moveit2_ws/install/moveit_resources_prbt_moveit_config:/workspaces/moveit2_ws/install/moveit_ros_move_group:/workspaces/moveit2_ws/install/moveit_planners_ompl:/workspaces/moveit2_ws/install/moveit_kinematics:/workspaces/moveit2_ws/install/moveit_ros_planning:/workspaces/moveit2_ws/install/moveit_ros_occupancy_map_monitor:/workspaces/moveit2_ws/install/moveit_resources_prbt_support:/workspaces/moveit2_ws/install/moveit_resources_prbt_ikfast_manipulator_plugin:/workspaces/moveit2_ws/install/moveit_resources:/workspaces/moveit2_ws/install/moveit_resources_pr2_description:/workspaces/moveit2_ws/install/moveit_resources_panda_moveit_config:/workspaces/moveit2_ws/install/dual_arm_panda_moveit_config:/workspaces/moveit2_ws/install/moveit_resources_panda_description:/workspaces/moveit2_ws/install/moveit_resources_fanuc_moveit_config:/workspaces/moveit2_ws/install/moveit_resources_fanuc_description:/workspaces/moveit2_ws/install/moveit_planners_stomp:/workspaces/moveit2_ws/install/moveit_planners_chomp:/workspaces/moveit2_ws/install/chomp_motion_planner:/workspaces/moveit2_ws/install/moveit_core:/workspaces/moveit2_ws/install/moveit_msgs:/workspaces/moveit2_ws/install/moveit_common:/workspaces/moveit2_ws/install/moveit_configs_utils:/opt/ros/humble LD_LIBRARY_PATH=/workspaces/shared/install/serial/lib:${LD_LIBRARY_PATH} /usr/bin/cmake /workspaces/shared/src/ros2_robotiq_gripper/robotiq_driver -DCMAKE_BUILD_TYPE=Release -DCMAKE_INSTALL_PREFIX=/workspaces/shared/install/robotiq_driver
[2.464s] Invoking command in '/workspaces/shared/build/robotiq_driver': AMENT_PREFIX_PATH=/workspaces/shared/install/serial:${AMENT_PREFIX_PATH} CMAKE_PREFIX_PATH=/workspaces/shared/install/serial:/workspaces/moveit2_ws/install/pilz_industrial_motion_planner_testutils:/workspaces/moveit2_ws/install/moveit_runtime:/workspaces/moveit2_ws/install/moveit:/workspaces/moveit2_ws/install/moveit_planners:/workspaces/moveit2_ws/install/pilz_industrial_motion_planner:/workspaces/moveit2_ws/install/moveit_ros_control_interface:/workspaces/moveit2_ws/install/moveit_plugins:/workspaces/moveit2_ws/install/moveit_simple_controller_manager:/workspaces/moveit2_ws/install/moveit_setup_assistant:/workspaces/moveit2_ws/install/moveit_setup_srdf_plugins:/workspaces/moveit2_ws/install/moveit_setup_core_plugins:/workspaces/moveit2_ws/install/moveit_setup_controllers:/workspaces/moveit2_ws/install/moveit_setup_app_plugins:/workspaces/moveit2_ws/install/moveit_setup_framework:/workspaces/moveit2_ws/install/moveit_servo:/workspaces/moveit2_ws/install/moveit_ros_trajectory_cache:/workspaces/moveit2_ws/install/moveit_ros:/workspaces/moveit2_ws/install/moveit_ros_visualization:/workspaces/moveit2_ws/install/moveit_py:/workspaces/moveit2_ws/install/moveit_hybrid_planning:/workspaces/moveit2_ws/install/moveit_ros_planning_interface:/workspaces/moveit2_ws/install/moveit_ros_benchmarks:/workspaces/moveit2_ws/install/moveit_ros_warehouse:/workspaces/moveit2_ws/install/moveit_ros_robot_interaction:/workspaces/moveit2_ws/install/moveit_ros_perception:/workspaces/moveit2_ws/install/moveit_resources_prbt_pg70_support:/workspaces/moveit2_ws/install/moveit_resources_prbt_moveit_config:/workspaces/moveit2_ws/install/moveit_ros_move_group:/workspaces/moveit2_ws/install/moveit_planners_ompl:/workspaces/moveit2_ws/install/moveit_kinematics:/workspaces/moveit2_ws/install/moveit_ros_planning:/workspaces/moveit2_ws/install/moveit_ros_occupancy_map_monitor:/workspaces/moveit2_ws/install/moveit_resources_prbt_support:/workspaces/moveit2_ws/install/moveit_resources_prbt_ikfast_manipulator_plugin:/workspaces/moveit2_ws/install/moveit_resources:/workspaces/moveit2_ws/install/moveit_resources_pr2_description:/workspaces/moveit2_ws/install/moveit_resources_panda_moveit_config:/workspaces/moveit2_ws/install/dual_arm_panda_moveit_config:/workspaces/moveit2_ws/install/moveit_resources_panda_description:/workspaces/moveit2_ws/install/moveit_resources_fanuc_moveit_config:/workspaces/moveit2_ws/install/moveit_resources_fanuc_description:/workspaces/moveit2_ws/install/moveit_planners_stomp:/workspaces/moveit2_ws/install/moveit_planners_chomp:/workspaces/moveit2_ws/install/chomp_motion_planner:/workspaces/moveit2_ws/install/moveit_core:/workspaces/moveit2_ws/install/moveit_msgs:/workspaces/moveit2_ws/install/moveit_common:/workspaces/moveit2_ws/install/moveit_configs_utils:/opt/ros/humble LD_LIBRARY_PATH=/workspaces/shared/install/serial/lib:${LD_LIBRARY_PATH} /usr/bin/cmake --build /workspaces/shared/build/robotiq_driver -- -j24 -l24
[2.570s] [  4%] [32mBuilding CXX object gmock/CMakeFiles/gmock_main.dir/src/gmock_main.cc.o[0m
[2.583s] [  8%] [32mBuilding CXX object CMakeFiles/robotiq_driver.dir/src/data_utils.cpp.o[0m
[2.583s] [ 16%] [32mBuilding CXX object CMakeFiles/robotiq_driver.dir/src/default_driver.cpp.o[0m
[2.583s] [ 16%] [32mBuilding CXX object CMakeFiles/robotiq_driver.dir/src/crc_utils.cpp.o[0m
[2.583s] [ 29%] [32mBuilding CXX object CMakeFiles/robotiq_driver.dir/src/hardware_interface.cpp.o[0m
[2.583s] [ 29%] [32mBuilding CXX object CMakeFiles/robotiq_driver.dir/src/default_driver_factory.cpp.o[0m
[2.583s] [ 29%] [32mBuilding CXX object CMakeFiles/robotiq_driver.dir/src/default_serial_factory.cpp.o[0m
[2.583s] [ 33%] [32mBuilding CXX object CMakeFiles/robotiq_driver.dir/src/default_serial.cpp.o[0m
[2.584s] [ 37%] [32mBuilding CXX object gmock/CMakeFiles/gmock.dir/src/gmock-all.cc.o[0m
[2.585s] [ 41%] [32mBuilding CXX object gmock/CMakeFiles/gmock.dir/opt/ros/humble/src/gtest_vendor/src/gtest-all.cc.o[0m
[2.589s] [ 45%] [32mBuilding CXX object CMakeFiles/robotiq_driver.dir/src/fake/fake_driver.cpp.o[0m
[4.053s] [ 50%] [32m[1mLinking CXX static library libgmock_main.a[0m
[4.124s] [ 50%] Built target gmock_main
[6.643s] [ 54%] [32m[1mLinking CXX shared library librobotiq_driver.so[0m
[6.769s] [ 54%] Built target robotiq_driver
[8.324s] [ 58%] [32m[1mLinking CXX static library libgmock.a[0m
[8.435s] [ 58%] Built target gmock
[8.497s] [ 62%] [32mBuilding CXX object tests/CMakeFiles/test_robotiq_gripper_hardware_interface.dir/test_robotiq_gripper_hardware_interface.cpp.o[0m
[8.500s] [ 70%] [32mBuilding CXX object tests/CMakeFiles/test_data_utils.dir/test_data_utils.cpp.o[0m
[8.501s] [ 70%] [32mBuilding CXX object tests/CMakeFiles/test_default_driver_factory.dir/test_default_driver_factory.cpp.o[0m
[8.503s] [ 75%] [32mBuilding CXX object tests/CMakeFiles/test_default_serial_factory.dir/test_default_serial_factory.cpp.o[0m
[8.504s] [ 79%] [32mBuilding CXX object tests/CMakeFiles/test_crc_utils.dir/test_crc_utils.cpp.o[0m
[10.150s] [ 83%] [32m[1mLinking CXX executable test_crc_utils[0m
[10.278s] [ 87%] [32m[1mLinking CXX executable test_data_utils[0m
[10.287s] [ 87%] Built target test_crc_utils
[10.458s] [ 87%] Built target test_data_utils
[11.266s] [ 91%] [32m[1mLinking CXX executable test_robotiq_gripper_hardware_interface[0m
[11.413s] [ 91%] Built target test_robotiq_gripper_hardware_interface
[12.385s] [ 95%] [32m[1mLinking CXX executable test_default_serial_factory[0m
[12.533s] [ 95%] Built target test_default_serial_factory
[13.408s] [100%] [32m[1mLinking CXX executable test_default_driver_factory[0m
[13.542s] [100%] Built target test_default_driver_factory
[13.557s] Invoked command in '/workspaces/shared/build/robotiq_driver' returned '0': AMENT_PREFIX_PATH=/workspaces/shared/install/serial:${AMENT_PREFIX_PATH} CMAKE_PREFIX_PATH=/workspaces/shared/install/serial:/workspaces/moveit2_ws/install/pilz_industrial_motion_planner_testutils:/workspaces/moveit2_ws/install/moveit_runtime:/workspaces/moveit2_ws/install/moveit:/workspaces/moveit2_ws/install/moveit_planners:/workspaces/moveit2_ws/install/pilz_industrial_motion_planner:/workspaces/moveit2_ws/install/moveit_ros_control_interface:/workspaces/moveit2_ws/install/moveit_plugins:/workspaces/moveit2_ws/install/moveit_simple_controller_manager:/workspaces/moveit2_ws/install/moveit_setup_assistant:/workspaces/moveit2_ws/install/moveit_setup_srdf_plugins:/workspaces/moveit2_ws/install/moveit_setup_core_plugins:/workspaces/moveit2_ws/install/moveit_setup_controllers:/workspaces/moveit2_ws/install/moveit_setup_app_plugins:/workspaces/moveit2_ws/install/moveit_setup_framework:/workspaces/moveit2_ws/install/moveit_servo:/workspaces/moveit2_ws/install/moveit_ros_trajectory_cache:/workspaces/moveit2_ws/install/moveit_ros:/workspaces/moveit2_ws/install/moveit_ros_visualization:/workspaces/moveit2_ws/install/moveit_py:/workspaces/moveit2_ws/install/moveit_hybrid_planning:/workspaces/moveit2_ws/install/moveit_ros_planning_interface:/workspaces/moveit2_ws/install/moveit_ros_benchmarks:/workspaces/moveit2_ws/install/moveit_ros_warehouse:/workspaces/moveit2_ws/install/moveit_ros_robot_interaction:/workspaces/moveit2_ws/install/moveit_ros_perception:/workspaces/moveit2_ws/install/moveit_resources_prbt_pg70_support:/workspaces/moveit2_ws/install/moveit_resources_prbt_moveit_config:/workspaces/moveit2_ws/install/moveit_ros_move_group:/workspaces/moveit2_ws/install/moveit_planners_ompl:/workspaces/moveit2_ws/install/moveit_kinematics:/workspaces/moveit2_ws/install/moveit_ros_planning:/workspaces/moveit2_ws/install/moveit_ros_occupancy_map_monitor:/workspaces/moveit2_ws/install/moveit_resources_prbt_support:/workspaces/moveit2_ws/install/moveit_resources_prbt_ikfast_manipulator_plugin:/workspaces/moveit2_ws/install/moveit_resources:/workspaces/moveit2_ws/install/moveit_resources_pr2_description:/workspaces/moveit2_ws/install/moveit_resources_panda_moveit_config:/workspaces/moveit2_ws/install/dual_arm_panda_moveit_config:/workspaces/moveit2_ws/install/moveit_resources_panda_description:/workspaces/moveit2_ws/install/moveit_resources_fanuc_moveit_config:/workspaces/moveit2_ws/install/moveit_resources_fanuc_description:/workspaces/moveit2_ws/install/moveit_planners_stomp:/workspaces/moveit2_ws/install/moveit_planners_chomp:/workspaces/moveit2_ws/install/chomp_motion_planner:/workspaces/moveit2_ws/install/moveit_core:/workspaces/moveit2_ws/install/moveit_msgs:/workspaces/moveit2_ws/install/moveit_common:/workspaces/moveit2_ws/install/moveit_configs_utils:/opt/ros/humble LD_LIBRARY_PATH=/workspaces/shared/install/serial/lib:${LD_LIBRARY_PATH} /usr/bin/cmake --build /workspaces/shared/build/robotiq_driver -- -j24 -l24
[13.558s] Invoking command in '/workspaces/shared/build/robotiq_driver': AMENT_PREFIX_PATH=/workspaces/shared/install/serial:${AMENT_PREFIX_PATH} CMAKE_PREFIX_PATH=/workspaces/shared/install/serial:/workspaces/moveit2_ws/install/pilz_industrial_motion_planner_testutils:/workspaces/moveit2_ws/install/moveit_runtime:/workspaces/moveit2_ws/install/moveit:/workspaces/moveit2_ws/install/moveit_planners:/workspaces/moveit2_ws/install/pilz_industrial_motion_planner:/workspaces/moveit2_ws/install/moveit_ros_control_interface:/workspaces/moveit2_ws/install/moveit_plugins:/workspaces/moveit2_ws/install/moveit_simple_controller_manager:/workspaces/moveit2_ws/install/moveit_setup_assistant:/workspaces/moveit2_ws/install/moveit_setup_srdf_plugins:/workspaces/moveit2_ws/install/moveit_setup_core_plugins:/workspaces/moveit2_ws/install/moveit_setup_controllers:/workspaces/moveit2_ws/install/moveit_setup_app_plugins:/workspaces/moveit2_ws/install/moveit_setup_framework:/workspaces/moveit2_ws/install/moveit_servo:/workspaces/moveit2_ws/install/moveit_ros_trajectory_cache:/workspaces/moveit2_ws/install/moveit_ros:/workspaces/moveit2_ws/install/moveit_ros_visualization:/workspaces/moveit2_ws/install/moveit_py:/workspaces/moveit2_ws/install/moveit_hybrid_planning:/workspaces/moveit2_ws/install/moveit_ros_planning_interface:/workspaces/moveit2_ws/install/moveit_ros_benchmarks:/workspaces/moveit2_ws/install/moveit_ros_warehouse:/workspaces/moveit2_ws/install/moveit_ros_robot_interaction:/workspaces/moveit2_ws/install/moveit_ros_perception:/workspaces/moveit2_ws/install/moveit_resources_prbt_pg70_support:/workspaces/moveit2_ws/install/moveit_resources_prbt_moveit_config:/workspaces/moveit2_ws/install/moveit_ros_move_group:/workspaces/moveit2_ws/install/moveit_planners_ompl:/workspaces/moveit2_ws/install/moveit_kinematics:/workspaces/moveit2_ws/install/moveit_ros_planning:/workspaces/moveit2_ws/install/moveit_ros_occupancy_map_monitor:/workspaces/moveit2_ws/install/moveit_resources_prbt_support:/workspaces/moveit2_ws/install/moveit_resources_prbt_ikfast_manipulator_plugin:/workspaces/moveit2_ws/install/moveit_resources:/workspaces/moveit2_ws/install/moveit_resources_pr2_description:/workspaces/moveit2_ws/install/moveit_resources_panda_moveit_config:/workspaces/moveit2_ws/install/dual_arm_panda_moveit_config:/workspaces/moveit2_ws/install/moveit_resources_panda_description:/workspaces/moveit2_ws/install/moveit_resources_fanuc_moveit_config:/workspaces/moveit2_ws/install/moveit_resources_fanuc_description:/workspaces/moveit2_ws/install/moveit_planners_stomp:/workspaces/moveit2_ws/install/moveit_planners_chomp:/workspaces/moveit2_ws/install/chomp_motion_planner:/workspaces/moveit2_ws/install/moveit_core:/workspaces/moveit2_ws/install/moveit_msgs:/workspaces/moveit2_ws/install/moveit_common:/workspaces/moveit2_ws/install/moveit_configs_utils:/opt/ros/humble LD_LIBRARY_PATH=/workspaces/shared/install/serial/lib:${LD_LIBRARY_PATH} /usr/bin/cmake --install /workspaces/shared/build/robotiq_driver
[13.568s] -- Install configuration: "Release"
[13.568s] -- Installing: /workspaces/shared/install/robotiq_driver/share/robotiq_driver/hardware_interface_plugin.xml
[13.568s] -- Installing: /workspaces/shared/install/robotiq_driver/share/robotiq_driver/environment/library_path.sh
[13.568s] -- Installing: /workspaces/shared/install/robotiq_driver/share/robotiq_driver/environment/library_path.dsv
[13.568s] -- Installing: /workspaces/shared/install/robotiq_driver/include
[13.568s] -- Installing: /workspaces/shared/install/robotiq_driver/include/robotiq_driver
[13.568s] -- Installing: /workspaces/shared/install/robotiq_driver/include/robotiq_driver/serial.hpp
[13.569s] -- Installing: /workspaces/shared/install/robotiq_driver/include/robotiq_driver/crc_utils.hpp
[13.569s] -- Installing: /workspaces/shared/install/robotiq_driver/include/robotiq_driver/default_driver.hpp
[13.569s] -- Installing: /workspaces/shared/install/robotiq_driver/include/robotiq_driver/serial_factory.hpp
[13.569s] -- Installing: /workspaces/shared/install/robotiq_driver/include/robotiq_driver/default_driver_factory.hpp
[13.569s] -- Installing: /workspaces/shared/install/robotiq_driver/include/robotiq_driver/driver_factory.hpp
[13.569s] -- Installing: /workspaces/shared/install/robotiq_driver/include/robotiq_driver/default_serial_factory.hpp
[13.569s] -- Installing: /workspaces/shared/install/robotiq_driver/include/robotiq_driver/driver_exception.hpp
[13.569s] -- Installing: /workspaces/shared/install/robotiq_driver/include/robotiq_driver/fake
[13.569s] -- Installing: /workspaces/shared/install/robotiq_driver/include/robotiq_driver/fake/fake_driver.hpp
[13.570s] -- Installing: /workspaces/shared/install/robotiq_driver/include/robotiq_driver/default_serial.hpp
[13.570s] -- Installing: /workspaces/shared/install/robotiq_driver/include/robotiq_driver/driver.hpp
[13.570s] -- Installing: /workspaces/shared/install/robotiq_driver/include/robotiq_driver/data_utils.hpp
[13.570s] -- Installing: /workspaces/shared/install/robotiq_driver/include/robotiq_driver/hardware_interface.hpp
[13.570s] -- Installing: /workspaces/shared/install/robotiq_driver/include/robotiq_driver/visibility_control.hpp
[13.570s] -- Installing: /workspaces/shared/install/robotiq_driver/lib/librobotiq_driver.so
[13.571s] -- Set runtime path of "/workspaces/shared/install/robotiq_driver/lib/librobotiq_driver.so" to ""
[13.571s] -- Installing: /workspaces/shared/install/robotiq_driver/share/ament_index/resource_index/package_run_dependencies/robotiq_driver
[13.571s] -- Installing: /workspaces/shared/install/robotiq_driver/share/ament_index/resource_index/parent_prefix_path/robotiq_driver
[13.571s] -- Installing: /workspaces/shared/install/robotiq_driver/share/robotiq_driver/environment/ament_prefix_path.sh
[13.571s] -- Installing: /workspaces/shared/install/robotiq_driver/share/robotiq_driver/environment/ament_prefix_path.dsv
[13.572s] -- Installing: /workspaces/shared/install/robotiq_driver/share/robotiq_driver/environment/path.sh
[13.572s] -- Installing: /workspaces/shared/install/robotiq_driver/share/robotiq_driver/environment/path.dsv
[13.572s] -- Installing: /workspaces/shared/install/robotiq_driver/share/robotiq_driver/local_setup.bash
[13.572s] -- Installing: /workspaces/shared/install/robotiq_driver/share/robotiq_driver/local_setup.sh
[13.572s] -- Installing: /workspaces/shared/install/robotiq_driver/share/robotiq_driver/local_setup.zsh
[13.572s] -- Installing: /workspaces/shared/install/robotiq_driver/share/robotiq_driver/local_setup.dsv
[13.572s] -- Installing: /workspaces/shared/install/robotiq_driver/share/robotiq_driver/package.dsv
[13.573s] -- Installing: /workspaces/shared/install/robotiq_driver/share/ament_index/resource_index/packages/robotiq_driver
[13.573s] -- Installing: /workspaces/shared/install/robotiq_driver/share/ament_index/resource_index/hardware_interface__pluginlib__plugin/robotiq_driver
[13.573s] -- Installing: /workspaces/shared/install/robotiq_driver/share/robotiq_driver/cmake/robotiq_driver_targetsExport.cmake
[13.573s] -- Installing: /workspaces/shared/install/robotiq_driver/share/robotiq_driver/cmake/robotiq_driver_targetsExport-release.cmake
[13.573s] -- Installing: /workspaces/shared/install/robotiq_driver/share/robotiq_driver/cmake/ament_cmake_export_targets-extras.cmake
[13.573s] -- Installing: /workspaces/shared/install/robotiq_driver/share/robotiq_driver/cmake/ament_cmake_export_dependencies-extras.cmake
[13.574s] -- Installing: /workspaces/shared/install/robotiq_driver/share/robotiq_driver/cmake/ament_cmake_export_include_directories-extras.cmake
[13.574s] -- Installing: /workspaces/shared/install/robotiq_driver/share/robotiq_driver/cmake/ament_cmake_export_libraries-extras.cmake
[13.574s] -- Installing: /workspaces/shared/install/robotiq_driver/share/robotiq_driver/cmake/robotiq_driverConfig.cmake
[13.574s] -- Installing: /workspaces/shared/install/robotiq_driver/share/robotiq_driver/cmake/robotiq_driverConfig-version.cmake
[13.574s] -- Installing: /workspaces/shared/install/robotiq_driver/share/robotiq_driver/package.xml
[13.576s] Invoked command in '/workspaces/shared/build/robotiq_driver' returned '0': AMENT_PREFIX_PATH=/workspaces/shared/install/serial:${AMENT_PREFIX_PATH} CMAKE_PREFIX_PATH=/workspaces/shared/install/serial:/workspaces/moveit2_ws/install/pilz_industrial_motion_planner_testutils:/workspaces/moveit2_ws/install/moveit_runtime:/workspaces/moveit2_ws/install/moveit:/workspaces/moveit2_ws/install/moveit_planners:/workspaces/moveit2_ws/install/pilz_industrial_motion_planner:/workspaces/moveit2_ws/install/moveit_ros_control_interface:/workspaces/moveit2_ws/install/moveit_plugins:/workspaces/moveit2_ws/install/moveit_simple_controller_manager:/workspaces/moveit2_ws/install/moveit_setup_assistant:/workspaces/moveit2_ws/install/moveit_setup_srdf_plugins:/workspaces/moveit2_ws/install/moveit_setup_core_plugins:/workspaces/moveit2_ws/install/moveit_setup_controllers:/workspaces/moveit2_ws/install/moveit_setup_app_plugins:/workspaces/moveit2_ws/install/moveit_setup_framework:/workspaces/moveit2_ws/install/moveit_servo:/workspaces/moveit2_ws/install/moveit_ros_trajectory_cache:/workspaces/moveit2_ws/install/moveit_ros:/workspaces/moveit2_ws/install/moveit_ros_visualization:/workspaces/moveit2_ws/install/moveit_py:/workspaces/moveit2_ws/install/moveit_hybrid_planning:/workspaces/moveit2_ws/install/moveit_ros_planning_interface:/workspaces/moveit2_ws/install/moveit_ros_benchmarks:/workspaces/moveit2_ws/install/moveit_ros_warehouse:/workspaces/moveit2_ws/install/moveit_ros_robot_interaction:/workspaces/moveit2_ws/install/moveit_ros_perception:/workspaces/moveit2_ws/install/moveit_resources_prbt_pg70_support:/workspaces/moveit2_ws/install/moveit_resources_prbt_moveit_config:/workspaces/moveit2_ws/install/moveit_ros_move_group:/workspaces/moveit2_ws/install/moveit_planners_ompl:/workspaces/moveit2_ws/install/moveit_kinematics:/workspaces/moveit2_ws/install/moveit_ros_planning:/workspaces/moveit2_ws/install/moveit_ros_occupancy_map_monitor:/workspaces/moveit2_ws/install/moveit_resources_prbt_support:/workspaces/moveit2_ws/install/moveit_resources_prbt_ikfast_manipulator_plugin:/workspaces/moveit2_ws/install/moveit_resources:/workspaces/moveit2_ws/install/moveit_resources_pr2_description:/workspaces/moveit2_ws/install/moveit_resources_panda_moveit_config:/workspaces/moveit2_ws/install/dual_arm_panda_moveit_config:/workspaces/moveit2_ws/install/moveit_resources_panda_description:/workspaces/moveit2_ws/install/moveit_resources_fanuc_moveit_config:/workspaces/moveit2_ws/install/moveit_resources_fanuc_description:/workspaces/moveit2_ws/install/moveit_planners_stomp:/workspaces/moveit2_ws/install/moveit_planners_chomp:/workspaces/moveit2_ws/install/chomp_motion_planner:/workspaces/moveit2_ws/install/moveit_core:/workspaces/moveit2_ws/install/moveit_msgs:/workspaces/moveit2_ws/install/moveit_common:/workspaces/moveit2_ws/install/moveit_configs_utils:/opt/ros/humble LD_LIBRARY_PATH=/workspaces/shared/install/serial/lib:${LD_LIBRARY_PATH} /usr/bin/cmake --install /workspaces/shared/build/robotiq_driver
