[0.065s] Invoking command in '/workspaces/shared/build/moveit_resources_panda_description': CMAKE_PREFIX_PATH=${CMAKE_PREFIX_PATH}:/workspaces/moveit2_ws/install/moveit_configs_utils:/opt/ros/humble /usr/bin/cmake --build /workspaces/shared/build/moveit_resources_panda_description -- -j24 -l24
[0.130s] Invoked command in '/workspaces/shared/build/moveit_resources_panda_description' returned '0': CMAKE_PREFIX_PATH=${CMAKE_PREFIX_PATH}:/workspaces/moveit2_ws/install/moveit_configs_utils:/opt/ros/humble /usr/bin/cmake --build /workspaces/shared/build/moveit_resources_panda_description -- -j24 -l24
[0.131s] Invoking command in '/workspaces/shared/build/moveit_resources_panda_description': CMAKE_PREFIX_PATH=${CMAKE_PREFIX_PATH}:/workspaces/moveit2_ws/install/moveit_configs_utils:/opt/ros/humble /usr/bin/cmake --install /workspaces/shared/build/moveit_resources_panda_description
[0.149s] -- Install configuration: "Release"
[0.150s] -- Up-to-date: /workspaces/shared/install/moveit_resources_panda_description/share/ament_index/resource_index/package_run_dependencies/moveit_resources_panda_description
[0.151s] -- Up-to-date: /workspaces/shared/install/moveit_resources_panda_description/share/ament_index/resource_index/parent_prefix_path/moveit_resources_panda_description
[0.152s] -- Up-to-date: /workspaces/shared/install/moveit_resources_panda_description/share/moveit_resources_panda_description/environment/ament_prefix_path.sh
[0.152s] -- Up-to-date: /workspaces/shared/install/moveit_resources_panda_description/share/moveit_resources_panda_description/environment/ament_prefix_path.dsv
[0.152s] -- Up-to-date: /workspaces/shared/install/moveit_resources_panda_description/share/moveit_resources_panda_description/environment/path.sh
[0.152s] -- Up-to-date: /workspaces/shared/install/moveit_resources_panda_description/share/moveit_resources_panda_description/environment/path.dsv
[0.152s] -- Up-to-date: /workspaces/shared/install/moveit_resources_panda_description/share/moveit_resources_panda_description/local_setup.bash
[0.152s] -- Up-to-date: /workspaces/shared/install/moveit_resources_panda_description/share/moveit_resources_panda_description/local_setup.sh
[0.153s] -- Up-to-date: /workspaces/shared/install/moveit_resources_panda_description/share/moveit_resources_panda_description/local_setup.zsh
[0.153s] -- Up-to-date: /workspaces/shared/install/moveit_resources_panda_description/share/moveit_resources_panda_description/local_setup.dsv
[0.153s] -- Installing: /workspaces/shared/install/moveit_resources_panda_description/share/moveit_resources_panda_description/package.dsv
[0.153s] -- Up-to-date: /workspaces/shared/install/moveit_resources_panda_description/share/ament_index/resource_index/packages/moveit_resources_panda_description
[0.153s] -- Up-to-date: /workspaces/shared/install/moveit_resources_panda_description/share/moveit_resources_panda_description/cmake/moveit_resources_panda_descriptionConfig.cmake
[0.153s] -- Up-to-date: /workspaces/shared/install/moveit_resources_panda_description/share/moveit_resources_panda_description/cmake/moveit_resources_panda_descriptionConfig-version.cmake
[0.153s] -- Up-to-date: /workspaces/shared/install/moveit_resources_panda_description/share/moveit_resources_panda_description/package.xml
[0.153s] -- Up-to-date: /workspaces/shared/install/moveit_resources_panda_description/share/moveit_resources_panda_description/meshes
[0.153s] -- Up-to-date: /workspaces/shared/install/moveit_resources_panda_description/share/moveit_resources_panda_description/meshes/collision
[0.154s] -- Up-to-date: /workspaces/shared/install/moveit_resources_panda_description/share/moveit_resources_panda_description/meshes/collision/link1.stl
[0.154s] -- Up-to-date: /workspaces/shared/install/moveit_resources_panda_description/share/moveit_resources_panda_description/meshes/collision/link2.stl
[0.155s] -- Up-to-date: /workspaces/shared/install/moveit_resources_panda_description/share/moveit_resources_panda_description/meshes/collision/hand.stl
[0.155s] -- Up-to-date: /workspaces/shared/install/moveit_resources_panda_description/share/moveit_resources_panda_description/meshes/collision/link7.stl
[0.155s] -- Up-to-date: /workspaces/shared/install/moveit_resources_panda_description/share/moveit_resources_panda_description/meshes/collision/link6.stl
[0.155s] -- Up-to-date: /workspaces/shared/install/moveit_resources_panda_description/share/moveit_resources_panda_description/meshes/collision/link0.stl
[0.155s] -- Up-to-date: /workspaces/shared/install/moveit_resources_panda_description/share/moveit_resources_panda_description/meshes/collision/link4.stl
[0.155s] -- Up-to-date: /workspaces/shared/install/moveit_resources_panda_description/share/moveit_resources_panda_description/meshes/collision/finger.stl
[0.155s] -- Up-to-date: /workspaces/shared/install/moveit_resources_panda_description/share/moveit_resources_panda_description/meshes/collision/link3.stl
[0.155s] -- Up-to-date: /workspaces/shared/install/moveit_resources_panda_description/share/moveit_resources_panda_description/meshes/collision/link5.stl
[0.155s] -- Up-to-date: /workspaces/shared/install/moveit_resources_panda_description/share/moveit_resources_panda_description/meshes/visual
[0.155s] -- Up-to-date: /workspaces/shared/install/moveit_resources_panda_description/share/moveit_resources_panda_description/meshes/visual/link1.dae
[0.156s] -- Up-to-date: /workspaces/shared/install/moveit_resources_panda_description/share/moveit_resources_panda_description/meshes/visual/finger.dae
[0.156s] -- Up-to-date: /workspaces/shared/install/moveit_resources_panda_description/share/moveit_resources_panda_description/meshes/visual/link6.dae
[0.156s] -- Up-to-date: /workspaces/shared/install/moveit_resources_panda_description/share/moveit_resources_panda_description/meshes/visual/link3.dae
[0.156s] -- Up-to-date: /workspaces/shared/install/moveit_resources_panda_description/share/moveit_resources_panda_description/meshes/visual/link7.dae
[0.157s] -- Up-to-date: /workspaces/shared/install/moveit_resources_panda_description/share/moveit_resources_panda_description/meshes/visual/hand.dae
[0.157s] -- Up-to-date: /workspaces/shared/install/moveit_resources_panda_description/share/moveit_resources_panda_description/meshes/visual/link4.dae
[0.157s] -- Up-to-date: /workspaces/shared/install/moveit_resources_panda_description/share/moveit_resources_panda_description/meshes/visual/link2.dae
[0.157s] -- Up-to-date: /workspaces/shared/install/moveit_resources_panda_description/share/moveit_resources_panda_description/meshes/visual/link0.dae
[0.158s] -- Up-to-date: /workspaces/shared/install/moveit_resources_panda_description/share/moveit_resources_panda_description/meshes/visual/link5.dae
[0.158s] -- Up-to-date: /workspaces/shared/install/moveit_resources_panda_description/share/moveit_resources_panda_description/urdf
[0.158s] -- Up-to-date: /workspaces/shared/install/moveit_resources_panda_description/share/moveit_resources_panda_description/urdf/panda.urdf.xacro
[0.158s] -- Up-to-date: /workspaces/shared/install/moveit_resources_panda_description/share/moveit_resources_panda_description/urdf/panda.urdf
[0.238s] Invoked command in '/workspaces/shared/build/moveit_resources_panda_description' returned '0': CMAKE_PREFIX_PATH=${CMAKE_PREFIX_PATH}:/workspaces/moveit2_ws/install/moveit_configs_utils:/opt/ros/humble /usr/bin/cmake --install /workspaces/shared/build/moveit_resources_panda_description
