[0.247s] Invoking command in '/workspaces/shared/build/robotiq_description': CMAKE_PREFIX_PATH=${CMAKE_PREFIX_PATH}:/workspaces/moveit2_ws/install/moveit_configs_utils:/opt/ros/humble /usr/bin/cmake /workspaces/shared/src/ros2_robotiq_gripper/robotiq_description -DCMAKE_BUILD_TYPE=Release -DCMAKE_INSTALL_PREFIX=/workspaces/shared/install/robotiq_description
[0.311s] -- The C compiler identification is GNU 11.4.0
[0.366s] -- The CXX compiler identification is GNU 11.4.0
[0.373s] -- Detecting C compiler ABI info
[0.458s] -- Detecting C compiler ABI info - done
[0.463s] -- Check for working C compiler: /usr/bin/cc - skipped
[0.464s] -- Detecting C compile features
[0.464s] -- Detecting C compile features - done
[0.466s] -- Detecting CXX compiler ABI info
[0.563s] -- Detecting CXX compiler ABI info - done
[0.572s] -- Check for working CXX compiler: /usr/bin/c++ - skipped
[0.572s] -- Detecting CXX compile features
[0.572s] -- Detecting CXX compile features - done
[0.584s] -- Found ament_cmake: 1.3.11 (/opt/ros/humble/share/ament_cmake/cmake)
[0.735s] -- Found Python3: /usr/bin/python3 (found version "3.10.12") found components: Interpreter 
[0.994s] -- Configuring done
[0.997s] -- Generating done
[0.999s] -- Build files have been written to: /workspaces/shared/build/robotiq_description
[1.002s] Invoked command in '/workspaces/shared/build/robotiq_description' returned '0': CMAKE_PREFIX_PATH=${CMAKE_PREFIX_PATH}:/workspaces/moveit2_ws/install/moveit_configs_utils:/opt/ros/humble /usr/bin/cmake /workspaces/shared/src/ros2_robotiq_gripper/robotiq_description -DCMAKE_BUILD_TYPE=Release -DCMAKE_INSTALL_PREFIX=/workspaces/shared/install/robotiq_description
[1.003s] Invoking command in '/workspaces/shared/build/robotiq_description': CMAKE_PREFIX_PATH=${CMAKE_PREFIX_PATH}:/workspaces/moveit2_ws/install/moveit_configs_utils:/opt/ros/humble /usr/bin/cmake --build /workspaces/shared/build/robotiq_description -- -j24 -l24
[1.057s] Invoked command in '/workspaces/shared/build/robotiq_description' returned '0': CMAKE_PREFIX_PATH=${CMAKE_PREFIX_PATH}:/workspaces/moveit2_ws/install/moveit_configs_utils:/opt/ros/humble /usr/bin/cmake --build /workspaces/shared/build/robotiq_description -- -j24 -l24
[1.059s] Invoking command in '/workspaces/shared/build/robotiq_description': CMAKE_PREFIX_PATH=${CMAKE_PREFIX_PATH}:/workspaces/moveit2_ws/install/moveit_configs_utils:/opt/ros/humble /usr/bin/cmake --install /workspaces/shared/build/robotiq_description
[1.069s] -- Install configuration: "Release"
[1.069s] -- Installing: /workspaces/shared/install/robotiq_description/share/robotiq_description/config
[1.069s] -- Installing: /workspaces/shared/install/robotiq_description/share/robotiq_description/config/robotiq_controllers.yaml
[1.069s] -- Installing: /workspaces/shared/install/robotiq_description/share/robotiq_description/launch
[1.069s] -- Installing: /workspaces/shared/install/robotiq_description/share/robotiq_description/launch/robotiq_control.launch.py
[1.070s] -- Installing: /workspaces/shared/install/robotiq_description/share/robotiq_description/launch/view_gripper.launch.py
[1.070s] -- Installing: /workspaces/shared/install/robotiq_description/share/robotiq_description/meshes
[1.070s] -- Installing: /workspaces/shared/install/robotiq_description/share/robotiq_description/meshes/collision
[1.070s] -- Installing: /workspaces/shared/install/robotiq_description/share/robotiq_description/meshes/collision/2f_140
[1.071s] -- Installing: /workspaces/shared/install/robotiq_description/share/robotiq_description/meshes/collision/2f_140/robotiq_2f_140_inner_knuckle.stl
[1.071s] -- Installing: /workspaces/shared/install/robotiq_description/share/robotiq_description/meshes/collision/2f_140/robotiq_2f_140_base_link.stl
[1.072s] -- Installing: /workspaces/shared/install/robotiq_description/share/robotiq_description/meshes/collision/2f_140/robotiq_2f_140_outer_finger.stl
[1.072s] -- Installing: /workspaces/shared/install/robotiq_description/share/robotiq_description/meshes/collision/2f_140/robotiq_2f_140_outer_knuckle.stl
[1.072s] -- Installing: /workspaces/shared/install/robotiq_description/share/robotiq_description/meshes/collision/2f_140/robotiq_2f_140_coupling.stl
[1.072s] -- Installing: /workspaces/shared/install/robotiq_description/share/robotiq_description/meshes/collision/2f_140/robotiq_2f_140_inner_finger.stl
[1.072s] -- Installing: /workspaces/shared/install/robotiq_description/share/robotiq_description/meshes/collision/2f_85
[1.072s] -- Installing: /workspaces/shared/install/robotiq_description/share/robotiq_description/meshes/collision/2f_85/robotiq_base.stl
[1.073s] -- Installing: /workspaces/shared/install/robotiq_description/share/robotiq_description/meshes/collision/2f_85/right_finger.stl
[1.073s] -- Installing: /workspaces/shared/install/robotiq_description/share/robotiq_description/meshes/collision/2f_85/left_finger.stl
[1.073s] -- Installing: /workspaces/shared/install/robotiq_description/share/robotiq_description/meshes/collision/2f_85/left_inner_knuckle.stl
[1.073s] -- Installing: /workspaces/shared/install/robotiq_description/share/robotiq_description/meshes/collision/2f_85/right_inner_knuckle.stl
[1.073s] -- Installing: /workspaces/shared/install/robotiq_description/share/robotiq_description/meshes/collision/2f_85/left_finger_tip.stl
[1.073s] -- Installing: /workspaces/shared/install/robotiq_description/share/robotiq_description/meshes/collision/2f_85/right_knuckle.stl
[1.073s] -- Installing: /workspaces/shared/install/robotiq_description/share/robotiq_description/meshes/collision/2f_85/ur_to_robotiq_adapter.stl
[1.073s] -- Installing: /workspaces/shared/install/robotiq_description/share/robotiq_description/meshes/collision/2f_85/right_finger_tip.stl
[1.074s] -- Installing: /workspaces/shared/install/robotiq_description/share/robotiq_description/meshes/collision/2f_85/left_knuckle.stl
[1.074s] -- Installing: /workspaces/shared/install/robotiq_description/share/robotiq_description/meshes/visual
[1.074s] -- Installing: /workspaces/shared/install/robotiq_description/share/robotiq_description/meshes/visual/2f_140
[1.074s] -- Installing: /workspaces/shared/install/robotiq_description/share/robotiq_description/meshes/visual/2f_140/robotiq_2f_140_inner_knuckle.stl
[1.074s] -- Installing: /workspaces/shared/install/robotiq_description/share/robotiq_description/meshes/visual/2f_140/robotiq_2f_140_base_link.stl
[1.074s] -- Installing: /workspaces/shared/install/robotiq_description/share/robotiq_description/meshes/visual/2f_140/robotiq_2f_140_outer_finger.stl
[1.075s] -- Installing: /workspaces/shared/install/robotiq_description/share/robotiq_description/meshes/visual/2f_140/robotiq_2f_140_outer_knuckle.stl
[1.075s] -- Installing: /workspaces/shared/install/robotiq_description/share/robotiq_description/meshes/visual/2f_140/robotiq_2f_140_coupling.stl
[1.075s] -- Installing: /workspaces/shared/install/robotiq_description/share/robotiq_description/meshes/visual/2f_140/robotiq_2f_140_inner_finger.stl
[1.075s] -- Installing: /workspaces/shared/install/robotiq_description/share/robotiq_description/meshes/visual/2f_85
[1.075s] -- Installing: /workspaces/shared/install/robotiq_description/share/robotiq_description/meshes/visual/2f_85/left_finger_tip.dae
[1.076s] -- Installing: /workspaces/shared/install/robotiq_description/share/robotiq_description/meshes/visual/2f_85/left_finger.dae
[1.076s] -- Installing: /workspaces/shared/install/robotiq_description/share/robotiq_description/meshes/visual/2f_85/left_knuckle.dae
[1.077s] -- Installing: /workspaces/shared/install/robotiq_description/share/robotiq_description/meshes/visual/2f_85/right_knuckle.dae
[1.077s] -- Installing: /workspaces/shared/install/robotiq_description/share/robotiq_description/meshes/visual/2f_85/left_inner_knuckle.dae
[1.077s] -- Installing: /workspaces/shared/install/robotiq_description/share/robotiq_description/meshes/visual/2f_85/robotiq_base.dae
[1.080s] -- Installing: /workspaces/shared/install/robotiq_description/share/robotiq_description/meshes/visual/2f_85/right_inner_knuckle.dae
[1.080s] -- Installing: /workspaces/shared/install/robotiq_description/share/robotiq_description/meshes/visual/2f_85/right_finger_tip.dae
[1.080s] -- Installing: /workspaces/shared/install/robotiq_description/share/robotiq_description/meshes/visual/2f_85/ur_to_robotiq_adapter.dae
[1.080s] -- Installing: /workspaces/shared/install/robotiq_description/share/robotiq_description/meshes/visual/2f_85/right_finger.dae
[1.080s] -- Installing: /workspaces/shared/install/robotiq_description/share/robotiq_description/rviz
[1.080s] -- Installing: /workspaces/shared/install/robotiq_description/share/robotiq_description/rviz/view_urdf.rviz
[1.080s] -- Installing: /workspaces/shared/install/robotiq_description/share/robotiq_description/urdf
[1.081s] -- Installing: /workspaces/shared/install/robotiq_description/share/robotiq_description/urdf/robotiq_2f_140.xacro
[1.081s] -- Installing: /workspaces/shared/install/robotiq_description/share/robotiq_description/urdf/robotiq_2f_140_gripper.urdf.xacro
[1.081s] -- Installing: /workspaces/shared/install/robotiq_description/share/robotiq_description/urdf/robotiq_2f_140_macro.urdf.xacro
[1.081s] -- Installing: /workspaces/shared/install/robotiq_description/share/robotiq_description/urdf/2f_85.ros2_control.xacro
[1.081s] -- Installing: /workspaces/shared/install/robotiq_description/share/robotiq_description/urdf/robotiq_2f_85_gripper.urdf.xacro
[1.081s] -- Installing: /workspaces/shared/install/robotiq_description/share/robotiq_description/urdf/ur_to_robotiq_adapter.urdf.xacro
[1.082s] -- Installing: /workspaces/shared/install/robotiq_description/share/robotiq_description/urdf/2f_140.ros2_control.xacro
[1.082s] -- Installing: /workspaces/shared/install/robotiq_description/share/robotiq_description/urdf/robotiq_2f_85_macro.urdf.xacro
[1.082s] -- Installing: /workspaces/shared/install/robotiq_description/share/ament_index/resource_index/package_run_dependencies/robotiq_description
[1.082s] -- Installing: /workspaces/shared/install/robotiq_description/share/ament_index/resource_index/parent_prefix_path/robotiq_description
[1.083s] -- Installing: /workspaces/shared/install/robotiq_description/share/robotiq_description/environment/ament_prefix_path.sh
[1.083s] -- Installing: /workspaces/shared/install/robotiq_description/share/robotiq_description/environment/ament_prefix_path.dsv
[1.083s] -- Installing: /workspaces/shared/install/robotiq_description/share/robotiq_description/environment/path.sh
[1.083s] -- Installing: /workspaces/shared/install/robotiq_description/share/robotiq_description/environment/path.dsv
[1.083s] -- Installing: /workspaces/shared/install/robotiq_description/share/robotiq_description/local_setup.bash
[1.083s] -- Installing: /workspaces/shared/install/robotiq_description/share/robotiq_description/local_setup.sh
[1.084s] -- Installing: /workspaces/shared/install/robotiq_description/share/robotiq_description/local_setup.zsh
[1.084s] -- Installing: /workspaces/shared/install/robotiq_description/share/robotiq_description/local_setup.dsv
[1.084s] -- Installing: /workspaces/shared/install/robotiq_description/share/robotiq_description/package.dsv
[1.084s] -- Installing: /workspaces/shared/install/robotiq_description/share/ament_index/resource_index/packages/robotiq_description
[1.084s] -- Installing: /workspaces/shared/install/robotiq_description/share/robotiq_description/cmake/robotiq_descriptionConfig.cmake
[1.084s] -- Installing: /workspaces/shared/install/robotiq_description/share/robotiq_description/cmake/robotiq_descriptionConfig-version.cmake
[1.085s] -- Installing: /workspaces/shared/install/robotiq_description/share/robotiq_description/package.xml
[1.111s] Invoked command in '/workspaces/shared/build/robotiq_description' returned '0': CMAKE_PREFIX_PATH=${CMAKE_PREFIX_PATH}:/workspaces/moveit2_ws/install/moveit_configs_utils:/opt/ros/humble /usr/bin/cmake --install /workspaces/shared/build/robotiq_description
