[0.043s] Invoking command in '/workspaces/shared/build/rviz_visual_tools': CMAKE_PREFIX_PATH=${CMAKE_PREFIX_PATH}:/workspaces/moveit2_ws/install/moveit_configs_utils:/opt/ros/humble /usr/bin/cmake --build /workspaces/shared/build/rviz_visual_tools -- -j24 -l24
[0.146s] [  2%] [34m[1mAutomatic MOC for target gtest_main[0m
[0.147s] [  5%] [34m[1mAutomatic MOC for target rviz_visual_tools_remote_control[0m
[0.149s] [  7%] [34m[1mAutomatic MOC for target rviz_visual_tools_gui[0m
[0.155s] [ 10%] [34m[1mAutomatic MOC for target gtest[0m
[0.163s] [ 10%] Built target gtest_main_autogen
[0.163s] [ 10%] Built target rviz_visual_tools_remote_control_autogen
[0.163s] [ 10%] Built target gtest_autogen
[0.163s] [ 10%] Built target rviz_visual_tools_gui_autogen
[0.179s] [ 17%] Built target gtest_main
[0.182s] [ 25%] Built target gtest
[0.187s] [ 33%] Built target rviz_visual_tools_remote_control
[0.197s] [ 46%] Built target rviz_visual_tools_gui
[0.219s] [ 48%] [34m[1mAutomatic MOC for target rviz_visual_tools[0m
[0.245s] [ 48%] Built target rviz_visual_tools_autogen
[0.291s] [ 58%] Built target rviz_visual_tools
[0.321s] [ 61%] [34m[1mAutomatic MOC for target rviz_visual_tools_rvt_test[0m
[0.321s] [ 64%] [34m[1mAutomatic MOC for target rviz_visual_tools_demo[0m
[0.321s] [ 66%] [34m[1mAutomatic MOC for target rviz_visual_tools_imarker_simple[0m
[0.347s] [ 66%] Built target rviz_visual_tools_imarker_simple_autogen
[0.348s] [ 66%] Built target rviz_visual_tools_demo_autogen
[0.349s] [ 66%] Built target rviz_visual_tools_rvt_test_autogen
[0.396s] [ 74%] Built target rviz_visual_tools_demo
[0.396s] [ 82%] Built target rviz_visual_tools_imarker_simple
[0.396s] [ 89%] Built target rviz_visual_tools_rvt_test
[0.421s] [ 92%] [34m[1mAutomatic MOC for target rviz_visual_tools_imarker_simple_demo[0m
[0.452s] [ 92%] Built target rviz_visual_tools_imarker_simple_demo_autogen
[0.509s] [100%] Built target rviz_visual_tools_imarker_simple_demo
[0.617s] Invoked command in '/workspaces/shared/build/rviz_visual_tools' returned '0': CMAKE_PREFIX_PATH=${CMAKE_PREFIX_PATH}:/workspaces/moveit2_ws/install/moveit_configs_utils:/opt/ros/humble /usr/bin/cmake --build /workspaces/shared/build/rviz_visual_tools -- -j24 -l24
[0.618s] Invoking command in '/workspaces/shared/build/rviz_visual_tools': CMAKE_PREFIX_PATH=${CMAKE_PREFIX_PATH}:/workspaces/moveit2_ws/install/moveit_configs_utils:/opt/ros/humble /usr/bin/cmake --install /workspaces/shared/build/rviz_visual_tools
[0.630s] -- Install configuration: "Release"
[0.630s] -- Up-to-date: /workspaces/shared/install/rviz_visual_tools/share/rviz_visual_tools/plugin_description.xml
[0.630s] -- Up-to-date: /workspaces/shared/install/rviz_visual_tools/lib/librviz_visual_tools.so
[0.630s] -- Up-to-date: /workspaces/shared/install/rviz_visual_tools/lib/librviz_visual_tools_remote_control.so
[0.630s] -- Up-to-date: /workspaces/shared/install/rviz_visual_tools/lib/librviz_visual_tools_gui.so
[0.630s] -- Up-to-date: /workspaces/shared/install/rviz_visual_tools/lib/librviz_visual_tools_imarker_simple.so
[0.631s] -- Up-to-date: /workspaces/shared/install/rviz_visual_tools/lib/rviz_visual_tools/rviz_visual_tools_demo
[0.631s] -- Up-to-date: /workspaces/shared/install/rviz_visual_tools/lib/rviz_visual_tools/rviz_visual_tools_imarker_simple_demo
[0.632s] -- Up-to-date: /workspaces/shared/install/rviz_visual_tools/include
[0.632s] -- Up-to-date: /workspaces/shared/install/rviz_visual_tools/include/rviz_visual_tools
[0.632s] -- Up-to-date: /workspaces/shared/install/rviz_visual_tools/include/rviz_visual_tools/remote_reciever.hpp
[0.632s] -- Up-to-date: /workspaces/shared/install/rviz_visual_tools/include/rviz_visual_tools/key_tool.hpp
[0.632s] -- Up-to-date: /workspaces/shared/install/rviz_visual_tools/include/rviz_visual_tools/remote_control.hpp
[0.632s] -- Up-to-date: /workspaces/shared/install/rviz_visual_tools/include/rviz_visual_tools/rviz_visual_tools_gui.hpp
[0.632s] -- Up-to-date: /workspaces/shared/install/rviz_visual_tools/include/rviz_visual_tools/tf_visual_tools.hpp
[0.632s] -- Up-to-date: /workspaces/shared/install/rviz_visual_tools/include/rviz_visual_tools/rviz_visual_tools.hpp
[0.632s] -- Up-to-date: /workspaces/shared/install/rviz_visual_tools/include/rviz_visual_tools/imarker_simple.hpp
[0.632s] -- Up-to-date: /workspaces/shared/install/rviz_visual_tools/share/rviz_visual_tools/launch
[0.633s] -- Up-to-date: /workspaces/shared/install/rviz_visual_tools/share/rviz_visual_tools/launch/demo_combined.launch.py
[0.633s] -- Up-to-date: /workspaces/shared/install/rviz_visual_tools/share/rviz_visual_tools/launch/demo.rviz
[0.633s] -- Up-to-date: /workspaces/shared/install/rviz_visual_tools/share/rviz_visual_tools/launch/demo_rviz.launch.py
[0.635s] -- Up-to-date: /workspaces/shared/install/rviz_visual_tools/share/rviz_visual_tools/launch/rvt_test.launch
[0.636s] -- Up-to-date: /workspaces/shared/install/rviz_visual_tools/share/rviz_visual_tools/environment/library_path.sh
[0.636s] -- Up-to-date: /workspaces/shared/install/rviz_visual_tools/share/rviz_visual_tools/environment/library_path.dsv
[0.636s] -- Up-to-date: /workspaces/shared/install/rviz_visual_tools/share/ament_index/resource_index/package_run_dependencies/rviz_visual_tools
[0.636s] -- Up-to-date: /workspaces/shared/install/rviz_visual_tools/share/ament_index/resource_index/parent_prefix_path/rviz_visual_tools
[0.636s] -- Up-to-date: /workspaces/shared/install/rviz_visual_tools/share/rviz_visual_tools/environment/ament_prefix_path.sh
[0.636s] -- Up-to-date: /workspaces/shared/install/rviz_visual_tools/share/rviz_visual_tools/environment/ament_prefix_path.dsv
[0.636s] -- Up-to-date: /workspaces/shared/install/rviz_visual_tools/share/rviz_visual_tools/environment/path.sh
[0.636s] -- Up-to-date: /workspaces/shared/install/rviz_visual_tools/share/rviz_visual_tools/environment/path.dsv
[0.636s] -- Up-to-date: /workspaces/shared/install/rviz_visual_tools/share/rviz_visual_tools/local_setup.bash
[0.636s] -- Up-to-date: /workspaces/shared/install/rviz_visual_tools/share/rviz_visual_tools/local_setup.sh
[0.636s] -- Up-to-date: /workspaces/shared/install/rviz_visual_tools/share/rviz_visual_tools/local_setup.zsh
[0.636s] -- Up-to-date: /workspaces/shared/install/rviz_visual_tools/share/rviz_visual_tools/local_setup.dsv
[0.637s] -- Installing: /workspaces/shared/install/rviz_visual_tools/share/rviz_visual_tools/package.dsv
[0.637s] -- Up-to-date: /workspaces/shared/install/rviz_visual_tools/share/ament_index/resource_index/packages/rviz_visual_tools
[0.637s] -- Up-to-date: /workspaces/shared/install/rviz_visual_tools/share/ament_index/resource_index/rviz_common__pluginlib__plugin/rviz_visual_tools
[0.637s] -- Up-to-date: /workspaces/shared/install/rviz_visual_tools/share/rviz_visual_tools/cmake/export_rviz_visual_toolsExport.cmake
[0.637s] -- Up-to-date: /workspaces/shared/install/rviz_visual_tools/share/rviz_visual_tools/cmake/export_rviz_visual_toolsExport-release.cmake
[0.637s] -- Up-to-date: /workspaces/shared/install/rviz_visual_tools/share/rviz_visual_tools/cmake/ament_cmake_export_targets-extras.cmake
[0.637s] -- Up-to-date: /workspaces/shared/install/rviz_visual_tools/share/rviz_visual_tools/cmake/ament_cmake_export_dependencies-extras.cmake
[0.637s] -- Up-to-date: /workspaces/shared/install/rviz_visual_tools/share/rviz_visual_tools/cmake/ament_cmake_export_include_directories-extras.cmake
[0.637s] -- Up-to-date: /workspaces/shared/install/rviz_visual_tools/share/rviz_visual_tools/cmake/ament_cmake_export_libraries-extras.cmake
[0.637s] -- Up-to-date: /workspaces/shared/install/rviz_visual_tools/share/rviz_visual_tools/cmake/rviz_visual_toolsConfig.cmake
[0.637s] -- Up-to-date: /workspaces/shared/install/rviz_visual_tools/share/rviz_visual_tools/cmake/rviz_visual_toolsConfig-version.cmake
[0.637s] -- Up-to-date: /workspaces/shared/install/rviz_visual_tools/share/rviz_visual_tools/package.xml
[0.677s] Invoked command in '/workspaces/shared/build/rviz_visual_tools' returned '0': CMAKE_PREFIX_PATH=${CMAKE_PREFIX_PATH}:/workspaces/moveit2_ws/install/moveit_configs_utils:/opt/ros/humble /usr/bin/cmake --install /workspaces/shared/build/rviz_visual_tools
