[0.043s] Invoking command in '/workspaces/shared/build/moveit2_tutorials': AMENT_PREFIX_PATH=/workspaces/shared/install/moveit_task_constructor_core:/workspaces/shared/install/kinova_gen3_7dof_robotiq_2f_85_moveit_config:/workspaces/shared/install/moveit_visual_tools:/workspaces/shared/install/moveit_task_constructor_msgs:/workspaces/shared/install/moveit_resources_panda_moveit_config:/workspaces/shared/install/moveit_resources_fanuc_moveit_config:/workspaces/shared/install/kortex_description:/workspaces/shared/install/rviz_visual_tools:/workspaces/shared/install/rviz_marker_tools:/workspaces/shared/install/robotiq_description:/workspaces/shared/install/moveit_resources_panda_description:/workspaces/shared/install/moveit_resources_fanuc_description:/workspaces/shared/install/moveit_msgs:${AMENT_PREFIX_PATH} CMAKE_MODULE_PATH=/workspaces/shared/install/moveit_task_constructor_core/share/moveit_task_constructor_core/cmake CMAKE_PREFIX_PATH=/workspaces/shared/install/moveit_task_constructor_core:/workspaces/shared/install/kinova_gen3_7dof_robotiq_2f_85_moveit_config:/workspaces/shared/install/moveit_visual_tools:/workspaces/shared/install/moveit_task_constructor_msgs:/workspaces/shared/install/moveit_resources_panda_moveit_config:/workspaces/shared/install/moveit_resources_fanuc_moveit_config:/workspaces/shared/install/kortex_description:/workspaces/shared/install/rviz_visual_tools:/workspaces/shared/install/rviz_marker_tools:/workspaces/shared/install/robotiq_description:/workspaces/shared/install/moveit_resources_panda_description:/workspaces/shared/install/moveit_resources_fanuc_description:/workspaces/shared/install/moveit_msgs:/workspaces/moveit2_ws/install/pilz_industrial_motion_planner_testutils:/workspaces/moveit2_ws/install/moveit_runtime:/workspaces/moveit2_ws/install/moveit:/workspaces/moveit2_ws/install/moveit_planners:/workspaces/moveit2_ws/install/pilz_industrial_motion_planner:/workspaces/moveit2_ws/install/moveit_ros_control_interface:/workspaces/moveit2_ws/install/moveit_plugins:/workspaces/moveit2_ws/install/moveit_simple_controller_manager:/workspaces/moveit2_ws/install/moveit_setup_assistant:/workspaces/moveit2_ws/install/moveit_setup_srdf_plugins:/workspaces/moveit2_ws/install/moveit_setup_core_plugins:/workspaces/moveit2_ws/install/moveit_setup_controllers:/workspaces/moveit2_ws/install/moveit_setup_app_plugins:/workspaces/moveit2_ws/install/moveit_setup_framework:/workspaces/moveit2_ws/install/moveit_servo:/workspaces/moveit2_ws/install/moveit_ros_trajectory_cache:/workspaces/moveit2_ws/install/moveit_ros:/workspaces/moveit2_ws/install/moveit_ros_visualization:/workspaces/moveit2_ws/install/moveit_py:/workspaces/moveit2_ws/install/moveit_hybrid_planning:/workspaces/moveit2_ws/install/moveit_ros_planning_interface:/workspaces/moveit2_ws/install/moveit_ros_benchmarks:/workspaces/moveit2_ws/install/moveit_ros_warehouse:/workspaces/moveit2_ws/install/moveit_ros_robot_interaction:/workspaces/moveit2_ws/install/moveit_ros_perception:/workspaces/moveit2_ws/install/moveit_resources_prbt_pg70_support:/workspaces/moveit2_ws/install/moveit_resources_prbt_moveit_config:/workspaces/moveit2_ws/install/moveit_ros_move_group:/workspaces/moveit2_ws/install/moveit_planners_ompl:/workspaces/moveit2_ws/install/moveit_kinematics:/workspaces/moveit2_ws/install/moveit_ros_planning:/workspaces/moveit2_ws/install/moveit_ros_occupancy_map_monitor:/workspaces/moveit2_ws/install/moveit_resources_prbt_support:/workspaces/moveit2_ws/install/moveit_resources_prbt_ikfast_manipulator_plugin:/workspaces/moveit2_ws/install/moveit_resources:/workspaces/moveit2_ws/install/moveit_resources_pr2_description:/workspaces/moveit2_ws/install/moveit_resources_panda_moveit_config:/workspaces/moveit2_ws/install/dual_arm_panda_moveit_config:/workspaces/moveit2_ws/install/moveit_resources_panda_description:/workspaces/moveit2_ws/install/moveit_resources_fanuc_moveit_config:/workspaces/moveit2_ws/install/moveit_resources_fanuc_description:/workspaces/moveit2_ws/install/moveit_planners_stomp:/workspaces/moveit2_ws/install/moveit_planners_chomp:/workspaces/moveit2_ws/install/chomp_motion_planner:/workspaces/moveit2_ws/install/moveit_core:/workspaces/moveit2_ws/install/moveit_msgs:/workspaces/moveit2_ws/install/moveit_common:/workspaces/moveit2_ws/install/moveit_configs_utils:/opt/ros/humble LD_LIBRARY_PATH=/workspaces/shared/install/moveit_task_constructor_core/lib:/workspaces/shared/install/moveit_visual_tools/lib:/workspaces/shared/install/moveit_task_constructor_msgs/lib:/workspaces/shared/install/rviz_visual_tools/lib:/workspaces/shared/install/rviz_marker_tools/lib:/workspaces/shared/install/moveit_msgs/lib:${LD_LIBRARY_PATH} PYTHONPATH=/workspaces/shared/install/moveit_task_constructor_core/local/lib/python3.10/dist-packages:/workspaces/shared/install/moveit_task_constructor_msgs/local/lib/python3.10/dist-packages:/workspaces/shared/install/moveit_msgs/local/lib/python3.10/dist-packages:${PYTHONPATH} /usr/bin/cmake /workspaces/shared/src/moveit2_tutorials -DCMAKE_BUILD_TYPE=Release -DCMAKE_INSTALL_PREFIX=/workspaces/shared/install/moveit2_tutorials
[0.107s] -- The C compiler identification is GNU 11.4.0
[0.160s] -- The CXX compiler identification is GNU 11.4.0
[0.168s] -- Detecting C compiler ABI info
[0.253s] -- Detecting C compiler ABI info - done
[0.258s] -- Check for working C compiler: /usr/bin/cc - skipped
[0.258s] -- Detecting C compile features
[0.258s] -- Detecting C compile features - done
[0.261s] -- Detecting CXX compiler ABI info
[0.352s] -- Detecting CXX compiler ABI info - done
[0.358s] -- Check for working CXX compiler: /usr/bin/c++ - skipped
[0.358s] -- Detecting CXX compile features
[0.358s] -- Detecting CXX compile features - done
[0.368s] -- Found moveit_common: 2.14.0 (/workspaces/moveit2_ws/install/moveit_common/share/moveit_common/cmake)
[0.381s] -- Found ament_cmake: 1.3.11 (/opt/ros/humble/share/ament_cmake/cmake)
[0.532s] -- Found Python3: /usr/bin/python3 (found version "3.10.12") found components: Interpreter 
[0.816s] -- Found Boost: /usr/lib/x86_64-linux-gnu/cmake/Boost-1.74.0/BoostConfig.cmake (found version "1.74.0")  
[0.827s] -- Found control_msgs: 4.8.0 (/opt/ros/humble/share/control_msgs/cmake)
[0.953s] -- Found rosidl_generator_c: 3.1.6 (/opt/ros/humble/share/rosidl_generator_c/cmake)
[0.976s] -- Found rosidl_adapter: 3.1.6 (/opt/ros/humble/share/rosidl_adapter/cmake)
[1.001s] -- Found rosidl_generator_cpp: 3.1.6 (/opt/ros/humble/share/rosidl_generator_cpp/cmake)
[1.030s] -- Using all available rosidl_typesupport_c: rosidl_typesupport_fastrtps_c;rosidl_typesupport_introspection_c
[1.072s] -- Using all available rosidl_typesupport_cpp: rosidl_typesupport_fastrtps_cpp;rosidl_typesupport_introspection_cpp
[1.261s] -- Found interactive_markers: 2.3.2 (/opt/ros/humble/share/interactive_markers/cmake)
[1.401s] -- Found rmw_implementation_cmake: 6.1.2 (/opt/ros/humble/share/rmw_implementation_cmake/cmake)
[1.415s] -- Found rmw_fastrtps_cpp: 6.2.7 (/opt/ros/humble/share/rmw_fastrtps_cpp/cmake)
[1.599s] -- Found OpenSSL: /usr/lib/x86_64-linux-gnu/libcrypto.so (found version "3.0.2")  
[1.641s] -- Found FastRTPS: /opt/ros/humble/include  
[1.708s] -- Using RMW implementation 'rmw_fastrtps_cpp' as default
[1.743s] -- Looking for pthread.h
[1.850s] -- Looking for pthread.h - found
[1.850s] -- Performing Test CMAKE_HAVE_LIBC_PTHREAD
[1.959s] -- Performing Test CMAKE_HAVE_LIBC_PTHREAD - Success
[1.960s] -- Found Threads: TRUE  
[2.094s] -- Found moveit_core: 2.14.0 (/workspaces/moveit2_ws/install/moveit_core/share/moveit_core/cmake)
[2.234s] -- Found Boost: /usr/lib/x86_64-linux-gnu/cmake/Boost-1.74.0/BoostConfig.cmake (found version "1.74.0") found components: chrono date_time filesystem iostreams program_options regex serialization system thread 
[2.357s] -- Found parameter_traits: 0.5.0 (/opt/ros/humble/share/parameter_traits/cmake)
[2.404s] -- Found rclcpp_lifecycle: 16.0.12 (/opt/ros/humble/share/rclcpp_lifecycle/cmake)
[2.451s] -- Found Boost: /usr/lib/x86_64-linux-gnu/cmake/Boost-1.74.0/BoostConfig.cmake (found version "1.74.0") found components: filesystem 
[2.630s] -- library: /usr/lib/x86_64-linux-gnu/libcurl.so
[2.689s] -- Found Eigen3: TRUE (found version "3.4.0") 
[2.689s] -- Ensuring Eigen3 include directory is part of orocos-kdl CMake target
[3.058s] -- Found moveit_ros_planning: 2.14.0 (/workspaces/moveit2_ws/install/moveit_ros_planning/share/moveit_ros_planning/cmake)
[3.062s] -- Found Boost: /usr/lib/x86_64-linux-gnu/cmake/Boost-1.74.0/BoostConfig.cmake (found version "1.74.0") found components: system filesystem date_time program_options thread chrono 
[3.094s] -- Found moveit_ros_planning_interface: 2.14.0 (/workspaces/moveit2_ws/install/moveit_ros_planning_interface/share/moveit_ros_planning_interface/cmake)
[3.098s] -- Found Boost: /usr/lib/x86_64-linux-gnu/cmake/Boost-1.74.0/BoostConfig.cmake (found version "1.74.0") found components: date_time filesystem program_options system thread 
[3.113s] -- Found Boost: /usr/lib/x86_64-linux-gnu/cmake/Boost-1.74.0/BoostConfig.cmake (found version "1.74.0") found components: thread system filesystem regex date_time program_options 
[3.143s] -- Found Boost: /usr/lib/x86_64-linux-gnu/cmake/Boost-1.74.0/BoostConfig.cmake (found version "1.74.0") found components: system filesystem date_time program_options thread 
[3.174s] -- Found moveit_ros_trajectory_cache: 2.14.0 (/workspaces/moveit2_ws/install/moveit_ros_trajectory_cache/share/moveit_ros_trajectory_cache/cmake)
[3.183s] -- Found moveit_servo: 2.14.0 (/workspaces/moveit2_ws/install/moveit_servo/share/moveit_servo/cmake)
[3.210s] -- Found moveit_task_constructor_core: 0.1.3 (/workspaces/shared/install/moveit_task_constructor_core/share/moveit_task_constructor_core/cmake)
[3.255s] -- Found moveit_visual_tools: 4.1.2 (/workspaces/shared/install/moveit_visual_tools/share/moveit_visual_tools/cmake)
[3.342s] -- Setting assimp_DIR to: '/opt/ros/humble/share/rviz_assimp_vendor/cmake/../../../opt/rviz_assimp_vendor/lib/cmake/assimp-4.1'
[3.376s] -- Setting OGRE_DIR to: '/opt/ros/humble/share/rviz_ogre_vendor/cmake/../../../opt/rviz_ogre_vendor/lib/OGRE/cmake'
[3.377s] -- Found OGRE
[3.377s] --   static     : OFF
[3.377s] --   components : HLMS;MeshLodGenerator;Overlay;Paging;Property;RTShaderSystem;Terrain;Volume
[3.377s] --   plugins    : Plugin_BSPSceneManager;Plugin_OctreeSceneManager;Plugin_PCZSceneManager;Plugin_ParticleFX;RenderSystem_GL;RenderSystem_GL3Plus;Codec_STBI
[3.377s] --   media      : /opt/ros/humble/opt/rviz_ogre_vendor/share/OGRE/Media
[3.377s] -- OGRE_LIBRARIES: OgreHLMS;OgreMeshLodGenerator;OgreOverlay;OgrePaging;OgreProperty;OgreRTShaderSystem;OgreTerrain;OgreVolume;OgreMain
[3.377s] -- OGRE_LIBRARY_DIRS: /opt/ros/humble/opt/rviz_ogre_vendor/lib
[3.377s] -- OGRE_PLUGINS: Plugin_BSPSceneManager;Plugin_OctreeSceneManager;Plugin_PCZSceneManager;Plugin_ParticleFX;RenderSystem_GL;RenderSystem_GL3Plus;Codec_STBI
[3.377s] -- OGRE_PLUGIN_DIR: /opt/ros/humble/opt/rviz_ogre_vendor/lib/OGRE
[3.377s] -- rviz_ogre_vendor::OgreOverlay for IMPORTED_LOCATION_RELEASE: /opt/ros/humble/opt/rviz_ogre_vendor/lib/libOgreOverlay.so
[3.377s] -- rviz_ogre_vendor::OgreOverlay for IMPORTED_LOCATION_DEBUG: /opt/ros/humble/opt/rviz_ogre_vendor/lib/libOgreOverlay.so
[3.378s] -- rviz_ogre_vendor::OgreMain for IMPORTED_LOCATION_RELEASE: /opt/ros/humble/opt/rviz_ogre_vendor/lib/libOgreMain.so
[3.378s] -- rviz_ogre_vendor::OgreMain for IMPORTED_LOCATION_DEBUG: /opt/ros/humble/opt/rviz_ogre_vendor/lib/libOgreMain.so
[3.379s] -- Could not find freeimage library
[3.409s] -- Found ZLIB: /usr/lib/x86_64-linux-gnu/libz.so (found version "1.2.11") 
[3.416s] -- Found OpenGL: /usr/lib/x86_64-linux-gnu/libOpenGL.so   
[3.575s] -- Found X11: /usr/include   
[3.576s] -- Looking for XOpenDisplay in /usr/lib/x86_64-linux-gnu/libX11.so;/usr/lib/x86_64-linux-gnu/libXext.so
[3.697s] -- Looking for XOpenDisplay in /usr/lib/x86_64-linux-gnu/libX11.so;/usr/lib/x86_64-linux-gnu/libXext.so - found
[3.697s] -- Looking for gethostbyname
[3.817s] -- Looking for gethostbyname - found
[3.817s] -- Looking for connect
[3.939s] -- Looking for connect - found
[3.939s] -- Looking for remove
[4.057s] -- Looking for remove - found
[4.057s] -- Looking for shmat
[4.172s] -- Looking for shmat - found
[4.172s] -- Looking for IceConnectionNumber in ICE
[4.288s] -- Looking for IceConnectionNumber in ICE - found
[4.472s] [31mCMake Error at CMakeLists.txt:37 (find_package):
[4.472s]   By not providing "Findwarehouse_ros_sqlite.cmake" in CMAKE_MODULE_PATH this
[4.472s]   project has asked CMake to find a package configuration file provided by
[4.472s]   "warehouse_ros_sqlite", but CMake did not find one.
[4.472s] 
[4.472s]   Could not find a package configuration file provided by
[4.472s]   "warehouse_ros_sqlite" with any of the following names:
[4.472s] 
[4.472s]     warehouse_ros_sqliteConfig.cmake
[4.472s]     warehouse_ros_sqlite-config.cmake
[4.472s] 
[4.472s]   Add the installation prefix of "warehouse_ros_sqlite" to CMAKE_PREFIX_PATH
[4.472s]   or set "warehouse_ros_sqlite_DIR" to a directory containing one of the
[4.472s]   above files.  If "warehouse_ros_sqlite" provides a separate development
[4.472s]   package or SDK, be sure it has been installed.
[4.472s] 
[4.472s] [0m
[4.472s] -- Configuring incomplete, errors occurred!
[4.472s] See also "/workspaces/shared/build/moveit2_tutorials/CMakeFiles/CMakeOutput.log".
[4.482s] Invoked command in '/workspaces/shared/build/moveit2_tutorials' returned '1': AMENT_PREFIX_PATH=/workspaces/shared/install/moveit_task_constructor_core:/workspaces/shared/install/kinova_gen3_7dof_robotiq_2f_85_moveit_config:/workspaces/shared/install/moveit_visual_tools:/workspaces/shared/install/moveit_task_constructor_msgs:/workspaces/shared/install/moveit_resources_panda_moveit_config:/workspaces/shared/install/moveit_resources_fanuc_moveit_config:/workspaces/shared/install/kortex_description:/workspaces/shared/install/rviz_visual_tools:/workspaces/shared/install/rviz_marker_tools:/workspaces/shared/install/robotiq_description:/workspaces/shared/install/moveit_resources_panda_description:/workspaces/shared/install/moveit_resources_fanuc_description:/workspaces/shared/install/moveit_msgs:${AMENT_PREFIX_PATH} CMAKE_MODULE_PATH=/workspaces/shared/install/moveit_task_constructor_core/share/moveit_task_constructor_core/cmake CMAKE_PREFIX_PATH=/workspaces/shared/install/moveit_task_constructor_core:/workspaces/shared/install/kinova_gen3_7dof_robotiq_2f_85_moveit_config:/workspaces/shared/install/moveit_visual_tools:/workspaces/shared/install/moveit_task_constructor_msgs:/workspaces/shared/install/moveit_resources_panda_moveit_config:/workspaces/shared/install/moveit_resources_fanuc_moveit_config:/workspaces/shared/install/kortex_description:/workspaces/shared/install/rviz_visual_tools:/workspaces/shared/install/rviz_marker_tools:/workspaces/shared/install/robotiq_description:/workspaces/shared/install/moveit_resources_panda_description:/workspaces/shared/install/moveit_resources_fanuc_description:/workspaces/shared/install/moveit_msgs:/workspaces/moveit2_ws/install/pilz_industrial_motion_planner_testutils:/workspaces/moveit2_ws/install/moveit_runtime:/workspaces/moveit2_ws/install/moveit:/workspaces/moveit2_ws/install/moveit_planners:/workspaces/moveit2_ws/install/pilz_industrial_motion_planner:/workspaces/moveit2_ws/install/moveit_ros_control_interface:/workspaces/moveit2_ws/install/moveit_plugins:/workspaces/moveit2_ws/install/moveit_simple_controller_manager:/workspaces/moveit2_ws/install/moveit_setup_assistant:/workspaces/moveit2_ws/install/moveit_setup_srdf_plugins:/workspaces/moveit2_ws/install/moveit_setup_core_plugins:/workspaces/moveit2_ws/install/moveit_setup_controllers:/workspaces/moveit2_ws/install/moveit_setup_app_plugins:/workspaces/moveit2_ws/install/moveit_setup_framework:/workspaces/moveit2_ws/install/moveit_servo:/workspaces/moveit2_ws/install/moveit_ros_trajectory_cache:/workspaces/moveit2_ws/install/moveit_ros:/workspaces/moveit2_ws/install/moveit_ros_visualization:/workspaces/moveit2_ws/install/moveit_py:/workspaces/moveit2_ws/install/moveit_hybrid_planning:/workspaces/moveit2_ws/install/moveit_ros_planning_interface:/workspaces/moveit2_ws/install/moveit_ros_benchmarks:/workspaces/moveit2_ws/install/moveit_ros_warehouse:/workspaces/moveit2_ws/install/moveit_ros_robot_interaction:/workspaces/moveit2_ws/install/moveit_ros_perception:/workspaces/moveit2_ws/install/moveit_resources_prbt_pg70_support:/workspaces/moveit2_ws/install/moveit_resources_prbt_moveit_config:/workspaces/moveit2_ws/install/moveit_ros_move_group:/workspaces/moveit2_ws/install/moveit_planners_ompl:/workspaces/moveit2_ws/install/moveit_kinematics:/workspaces/moveit2_ws/install/moveit_ros_planning:/workspaces/moveit2_ws/install/moveit_ros_occupancy_map_monitor:/workspaces/moveit2_ws/install/moveit_resources_prbt_support:/workspaces/moveit2_ws/install/moveit_resources_prbt_ikfast_manipulator_plugin:/workspaces/moveit2_ws/install/moveit_resources:/workspaces/moveit2_ws/install/moveit_resources_pr2_description:/workspaces/moveit2_ws/install/moveit_resources_panda_moveit_config:/workspaces/moveit2_ws/install/dual_arm_panda_moveit_config:/workspaces/moveit2_ws/install/moveit_resources_panda_description:/workspaces/moveit2_ws/install/moveit_resources_fanuc_moveit_config:/workspaces/moveit2_ws/install/moveit_resources_fanuc_description:/workspaces/moveit2_ws/install/moveit_planners_stomp:/workspaces/moveit2_ws/install/moveit_planners_chomp:/workspaces/moveit2_ws/install/chomp_motion_planner:/workspaces/moveit2_ws/install/moveit_core:/workspaces/moveit2_ws/install/moveit_msgs:/workspaces/moveit2_ws/install/moveit_common:/workspaces/moveit2_ws/install/moveit_configs_utils:/opt/ros/humble LD_LIBRARY_PATH=/workspaces/shared/install/moveit_task_constructor_core/lib:/workspaces/shared/install/moveit_visual_tools/lib:/workspaces/shared/install/moveit_task_constructor_msgs/lib:/workspaces/shared/install/rviz_visual_tools/lib:/workspaces/shared/install/rviz_marker_tools/lib:/workspaces/shared/install/moveit_msgs/lib:${LD_LIBRARY_PATH} PYTHONPATH=/workspaces/shared/install/moveit_task_constructor_core/local/lib/python3.10/dist-packages:/workspaces/shared/install/moveit_task_constructor_msgs/local/lib/python3.10/dist-packages:/workspaces/shared/install/moveit_msgs/local/lib/python3.10/dist-packages:${PYTHONPATH} /usr/bin/cmake /workspaces/shared/src/moveit2_tutorials -DCMAKE_BUILD_TYPE=Release -DCMAKE_INSTALL_PREFIX=/workspaces/shared/install/moveit2_tutorials
