[0.046s] Invoking command in '/workspaces/shared/build/rviz_visual_tools': CMAKE_PREFIX_PATH=${CMAKE_PREFIX_PATH}:/workspaces/moveit2_ws/install/moveit_configs_utils:/opt/ros/humble /usr/bin/cmake --build /workspaces/shared/build/rviz_visual_tools -- -j24 -l24
[0.151s] [  5%] [34m[1mAutomatic MOC for target gtest_main[0m
[0.151s] [  5%] [34m[1mAutomatic MOC for target rviz_visual_tools_gui[0m
[0.153s] [  7%] [34m[1mAutomatic MOC for target rviz_visual_tools_remote_control[0m
[0.158s] [ 10%] [34m[1mAutomatic MOC for target gtest[0m
[0.166s] [ 10%] Built target gtest_main_autogen
[0.166s] [ 10%] Built target rviz_visual_tools_remote_control_autogen
[0.166s] [ 10%] Built target gtest_autogen
[0.166s] [ 10%] Built target rviz_visual_tools_gui_autogen
[0.184s] [ 17%] Built target gtest_main
[0.187s] [ 25%] Built target gtest
[0.188s] [ 33%] Built target rviz_visual_tools_remote_control
[0.201s] [ 46%] Built target rviz_visual_tools_gui
[0.220s] [ 48%] [34m[1mAutomatic MOC for target rviz_visual_tools[0m
[0.248s] [ 48%] Built target rviz_visual_tools_autogen
[0.289s] [ 58%] Built target rviz_visual_tools
[0.322s] [ 61%] [34m[1mAutomatic MOC for target rviz_visual_tools_imarker_simple[0m
[0.325s] [ 64%] [34m[1mAutomatic MOC for target rviz_visual_tools_rvt_test[0m
[0.325s] [ 66%] [34m[1mAutomatic MOC for target rviz_visual_tools_demo[0m
[0.348s] [ 66%] Built target rviz_visual_tools_imarker_simple_autogen
[0.350s] [ 66%] Built target rviz_visual_tools_demo_autogen
[0.351s] [ 66%] Built target rviz_visual_tools_rvt_test_autogen
[0.392s] [ 74%] Built target rviz_visual_tools_imarker_simple
[0.394s] [ 82%] Built target rviz_visual_tools_demo
[0.396s] [ 89%] Built target rviz_visual_tools_rvt_test
[0.421s] [ 92%] [34m[1mAutomatic MOC for target rviz_visual_tools_imarker_simple_demo[0m
[0.450s] [ 92%] Built target rviz_visual_tools_imarker_simple_demo_autogen
[0.506s] [100%] Built target rviz_visual_tools_imarker_simple_demo
[0.611s] Invoked command in '/workspaces/shared/build/rviz_visual_tools' returned '0': CMAKE_PREFIX_PATH=${CMAKE_PREFIX_PATH}:/workspaces/moveit2_ws/install/moveit_configs_utils:/opt/ros/humble /usr/bin/cmake --build /workspaces/shared/build/rviz_visual_tools -- -j24 -l24
[0.613s] Invoking command in '/workspaces/shared/build/rviz_visual_tools': CMAKE_PREFIX_PATH=${CMAKE_PREFIX_PATH}:/workspaces/moveit2_ws/install/moveit_configs_utils:/opt/ros/humble /usr/bin/cmake --install /workspaces/shared/build/rviz_visual_tools
[0.634s] -- Install configuration: "Release"
[0.634s] -- Up-to-date: /workspaces/shared/install/rviz_visual_tools/share/rviz_visual_tools/plugin_description.xml
[0.634s] -- Up-to-date: /workspaces/shared/install/rviz_visual_tools/lib/librviz_visual_tools.so
[0.634s] -- Up-to-date: /workspaces/shared/install/rviz_visual_tools/lib/librviz_visual_tools_remote_control.so
[0.634s] -- Up-to-date: /workspaces/shared/install/rviz_visual_tools/lib/librviz_visual_tools_gui.so
[0.634s] -- Up-to-date: /workspaces/shared/install/rviz_visual_tools/lib/librviz_visual_tools_imarker_simple.so
[0.634s] -- Up-to-date: /workspaces/shared/install/rviz_visual_tools/lib/rviz_visual_tools/rviz_visual_tools_demo
[0.634s] -- Up-to-date: /workspaces/shared/install/rviz_visual_tools/lib/rviz_visual_tools/rviz_visual_tools_imarker_simple_demo
[0.634s] -- Up-to-date: /workspaces/shared/install/rviz_visual_tools/include
[0.635s] -- Up-to-date: /workspaces/shared/install/rviz_visual_tools/include/rviz_visual_tools
[0.635s] -- Up-to-date: /workspaces/shared/install/rviz_visual_tools/include/rviz_visual_tools/remote_reciever.hpp
[0.635s] -- Up-to-date: /workspaces/shared/install/rviz_visual_tools/include/rviz_visual_tools/key_tool.hpp
[0.635s] -- Up-to-date: /workspaces/shared/install/rviz_visual_tools/include/rviz_visual_tools/remote_control.hpp
[0.635s] -- Up-to-date: /workspaces/shared/install/rviz_visual_tools/include/rviz_visual_tools/rviz_visual_tools_gui.hpp
[0.635s] -- Up-to-date: /workspaces/shared/install/rviz_visual_tools/include/rviz_visual_tools/tf_visual_tools.hpp
[0.635s] -- Up-to-date: /workspaces/shared/install/rviz_visual_tools/include/rviz_visual_tools/rviz_visual_tools.hpp
[0.635s] -- Up-to-date: /workspaces/shared/install/rviz_visual_tools/include/rviz_visual_tools/imarker_simple.hpp
[0.635s] -- Up-to-date: /workspaces/shared/install/rviz_visual_tools/share/rviz_visual_tools/launch
[0.635s] -- Up-to-date: /workspaces/shared/install/rviz_visual_tools/share/rviz_visual_tools/launch/demo_combined.launch.py
[0.635s] -- Up-to-date: /workspaces/shared/install/rviz_visual_tools/share/rviz_visual_tools/launch/demo.rviz
[0.635s] -- Up-to-date: /workspaces/shared/install/rviz_visual_tools/share/rviz_visual_tools/launch/demo_rviz.launch.py
[0.635s] -- Up-to-date: /workspaces/shared/install/rviz_visual_tools/share/rviz_visual_tools/launch/rvt_test.launch
[0.635s] -- Up-to-date: /workspaces/shared/install/rviz_visual_tools/share/rviz_visual_tools/environment/library_path.sh
[0.635s] -- Up-to-date: /workspaces/shared/install/rviz_visual_tools/share/rviz_visual_tools/environment/library_path.dsv
[0.636s] -- Up-to-date: /workspaces/shared/install/rviz_visual_tools/share/ament_index/resource_index/package_run_dependencies/rviz_visual_tools
[0.636s] -- Up-to-date: /workspaces/shared/install/rviz_visual_tools/share/ament_index/resource_index/parent_prefix_path/rviz_visual_tools
[0.636s] -- Up-to-date: /workspaces/shared/install/rviz_visual_tools/share/rviz_visual_tools/environment/ament_prefix_path.sh
[0.636s] -- Up-to-date: /workspaces/shared/install/rviz_visual_tools/share/rviz_visual_tools/environment/ament_prefix_path.dsv
[0.636s] -- Up-to-date: /workspaces/shared/install/rviz_visual_tools/share/rviz_visual_tools/environment/path.sh
[0.636s] -- Up-to-date: /workspaces/shared/install/rviz_visual_tools/share/rviz_visual_tools/environment/path.dsv
[0.636s] -- Up-to-date: /workspaces/shared/install/rviz_visual_tools/share/rviz_visual_tools/local_setup.bash
[0.636s] -- Up-to-date: /workspaces/shared/install/rviz_visual_tools/share/rviz_visual_tools/local_setup.sh
[0.636s] -- Up-to-date: /workspaces/shared/install/rviz_visual_tools/share/rviz_visual_tools/local_setup.zsh
[0.636s] -- Up-to-date: /workspaces/shared/install/rviz_visual_tools/share/rviz_visual_tools/local_setup.dsv
[0.636s] -- Installing: /workspaces/shared/install/rviz_visual_tools/share/rviz_visual_tools/package.dsv
[0.636s] -- Up-to-date: /workspaces/shared/install/rviz_visual_tools/share/ament_index/resource_index/packages/rviz_visual_tools
[0.636s] -- Up-to-date: /workspaces/shared/install/rviz_visual_tools/share/ament_index/resource_index/rviz_common__pluginlib__plugin/rviz_visual_tools
[0.636s] -- Up-to-date: /workspaces/shared/install/rviz_visual_tools/share/rviz_visual_tools/cmake/export_rviz_visual_toolsExport.cmake
[0.636s] -- Up-to-date: /workspaces/shared/install/rviz_visual_tools/share/rviz_visual_tools/cmake/export_rviz_visual_toolsExport-release.cmake
[0.636s] -- Up-to-date: /workspaces/shared/install/rviz_visual_tools/share/rviz_visual_tools/cmake/ament_cmake_export_targets-extras.cmake
[0.637s] -- Up-to-date: /workspaces/shared/install/rviz_visual_tools/share/rviz_visual_tools/cmake/ament_cmake_export_dependencies-extras.cmake
[0.637s] -- Up-to-date: /workspaces/shared/install/rviz_visual_tools/share/rviz_visual_tools/cmake/ament_cmake_export_include_directories-extras.cmake
[0.637s] -- Up-to-date: /workspaces/shared/install/rviz_visual_tools/share/rviz_visual_tools/cmake/ament_cmake_export_libraries-extras.cmake
[0.637s] -- Up-to-date: /workspaces/shared/install/rviz_visual_tools/share/rviz_visual_tools/cmake/rviz_visual_toolsConfig.cmake
[0.637s] -- Up-to-date: /workspaces/shared/install/rviz_visual_tools/share/rviz_visual_tools/cmake/rviz_visual_toolsConfig-version.cmake
[0.637s] -- Up-to-date: /workspaces/shared/install/rviz_visual_tools/share/rviz_visual_tools/package.xml
[0.698s] Invoked command in '/workspaces/shared/build/rviz_visual_tools' returned '0': CMAKE_PREFIX_PATH=${CMAKE_PREFIX_PATH}:/workspaces/moveit2_ws/install/moveit_configs_utils:/opt/ros/humble /usr/bin/cmake --install /workspaces/shared/build/rviz_visual_tools
