[0.032s] Invoking command in '/workspaces/shared/build/robotiq_controllers': CMAKE_PREFIX_PATH=${CMAKE_PREFIX_PATH}:/workspaces/moveit2_ws/install/moveit_configs_utils:/opt/ros/humble /usr/bin/cmake --build /workspaces/shared/build/robotiq_controllers -- -j24 -l24
[0.147s] [100%] Built target robotiq_controllers
[0.233s] Invoked command in '/workspaces/shared/build/robotiq_controllers' returned '0': CMAKE_PREFIX_PATH=${CMAKE_PREFIX_PATH}:/workspaces/moveit2_ws/install/moveit_configs_utils:/opt/ros/humble /usr/bin/cmake --build /workspaces/shared/build/robotiq_controllers -- -j24 -l24
[0.234s] Invoking command in '/workspaces/shared/build/robotiq_controllers': CMAKE_PREFIX_PATH=${CMAKE_PREFIX_PATH}:/workspaces/moveit2_ws/install/moveit_configs_utils:/opt/ros/humble /usr/bin/cmake --install /workspaces/shared/build/robotiq_controllers
[0.245s] -- Install configuration: "Release"
[0.245s] -- Up-to-date: /workspaces/shared/install/robotiq_controllers/share/robotiq_controllers/controller_plugins.xml
[0.245s] -- Up-to-date: /workspaces/shared/install/robotiq_controllers/lib/librobotiq_controllers.so
[0.245s] -- Up-to-date: /workspaces/shared/install/robotiq_controllers/include
[0.246s] -- Up-to-date: /workspaces/shared/install/robotiq_controllers/include/robotiq_controllers
[0.246s] -- Up-to-date: /workspaces/shared/install/robotiq_controllers/include/robotiq_controllers/robotiq_activation_controller.hpp
[0.246s] -- Up-to-date: /workspaces/shared/install/robotiq_controllers/share/robotiq_controllers/environment/library_path.sh
[0.246s] -- Up-to-date: /workspaces/shared/install/robotiq_controllers/share/robotiq_controllers/environment/library_path.dsv
[0.246s] -- Up-to-date: /workspaces/shared/install/robotiq_controllers/share/ament_index/resource_index/package_run_dependencies/robotiq_controllers
[0.246s] -- Up-to-date: /workspaces/shared/install/robotiq_controllers/share/ament_index/resource_index/parent_prefix_path/robotiq_controllers
[0.246s] -- Up-to-date: /workspaces/shared/install/robotiq_controllers/share/robotiq_controllers/environment/ament_prefix_path.sh
[0.246s] -- Up-to-date: /workspaces/shared/install/robotiq_controllers/share/robotiq_controllers/environment/ament_prefix_path.dsv
[0.246s] -- Up-to-date: /workspaces/shared/install/robotiq_controllers/share/robotiq_controllers/environment/path.sh
[0.246s] -- Up-to-date: /workspaces/shared/install/robotiq_controllers/share/robotiq_controllers/environment/path.dsv
[0.246s] -- Up-to-date: /workspaces/shared/install/robotiq_controllers/share/robotiq_controllers/local_setup.bash
[0.246s] -- Up-to-date: /workspaces/shared/install/robotiq_controllers/share/robotiq_controllers/local_setup.sh
[0.247s] -- Up-to-date: /workspaces/shared/install/robotiq_controllers/share/robotiq_controllers/local_setup.zsh
[0.247s] -- Up-to-date: /workspaces/shared/install/robotiq_controllers/share/robotiq_controllers/local_setup.dsv
[0.247s] -- Installing: /workspaces/shared/install/robotiq_controllers/share/robotiq_controllers/package.dsv
[0.247s] -- Up-to-date: /workspaces/shared/install/robotiq_controllers/share/ament_index/resource_index/packages/robotiq_controllers
[0.247s] -- Up-to-date: /workspaces/shared/install/robotiq_controllers/share/ament_index/resource_index/controller_interface__pluginlib__plugin/robotiq_controllers
[0.247s] -- Up-to-date: /workspaces/shared/install/robotiq_controllers/share/robotiq_controllers/cmake/export_robotiq_controllersExport.cmake
[0.247s] -- Up-to-date: /workspaces/shared/install/robotiq_controllers/share/robotiq_controllers/cmake/export_robotiq_controllersExport-release.cmake
[0.247s] -- Up-to-date: /workspaces/shared/install/robotiq_controllers/share/robotiq_controllers/cmake/ament_cmake_export_include_directories-extras.cmake
[0.247s] -- Up-to-date: /workspaces/shared/install/robotiq_controllers/share/robotiq_controllers/cmake/ament_cmake_export_libraries-extras.cmake
[0.247s] -- Up-to-date: /workspaces/shared/install/robotiq_controllers/share/robotiq_controllers/cmake/ament_cmake_export_targets-extras.cmake
[0.247s] -- Up-to-date: /workspaces/shared/install/robotiq_controllers/share/robotiq_controllers/cmake/ament_cmake_export_dependencies-extras.cmake
[0.247s] -- Up-to-date: /workspaces/shared/install/robotiq_controllers/share/robotiq_controllers/cmake/robotiq_controllersConfig.cmake
[0.247s] -- Up-to-date: /workspaces/shared/install/robotiq_controllers/share/robotiq_controllers/cmake/robotiq_controllersConfig-version.cmake
[0.247s] -- Up-to-date: /workspaces/shared/install/robotiq_controllers/share/robotiq_controllers/package.xml
[0.281s] Invoked command in '/workspaces/shared/build/robotiq_controllers' returned '0': CMAKE_PREFIX_PATH=${CMAKE_PREFIX_PATH}:/workspaces/moveit2_ws/install/moveit_configs_utils:/opt/ros/humble /usr/bin/cmake --install /workspaces/shared/build/robotiq_controllers
